0.5885
('character_grams-3-47', 0.043133861385508079)
('character_grams-2-8', 0.033469004638597394)
('character_grams-4-27', 0.03141690551465328)
('postag_grams-3-2', 0.025637622482968386)
('character_grams-2-9', 0.023469624571011885)
('character_grams-5-12', 0.020020081707192827)
('character_grams-5-29', 0.018988921844960056)
('special_character_grams-2-1', 0.017698542431282951)
('postag_grams-2-25', 0.015902130926208707)
('character_grams-3-41', 0.012095489494766593)
('postag_grams-3-6', 0.010366438820226229)
('character_grams-3-45', 0.0099903967929029468)
('postag_grams-4-13', 0.0089869073274943759)
('character_grams-3-9', 0.0084074534376663238)
('character_grams-4-36', 0.008236168576025632)
('character_grams-5-48', 0.0077948303020333619)
('postag_grams-2-37', 0.0075848099214887365)
('postag_grams-2-33', 0.0074915868056147569)
('character_grams-4-43', 0.006586578196365973)
('postag_grams-4-30', 0.0065612051699165518)
('character_grams-3-38', 0.0064398810656601958)
('character_grams-5-37', 0.0061641527935737917)
('special_character_grams-2-3', 0.0061636745933148175)
('character_grams-4-35', 0.0061496263216233174)
('postag_grams-3-31', 0.0059520121323024863)
('postag_grams-2-32', 0.0058281700804360794)
('word_frequencies-44', 0.0057905874101215867)
('character_grams-4-18', 0.0057469136661301243)
('word_frequencies-43', 0.005653562020389853)
('word_frequencies-33', 0.0055575691284241455)
('character_grams-3-14', 0.0054349709198049708)
('postag_grams-3-17', 0.0053853303580692572)
('character_grams-4-17', 0.0051716534382619597)
('postag_grams-2-40', 0.0051593047846895494)
('word_frequencies-25', 0.0050335586191611655)
('postag_grams-3-33', 0.0049142130619706124)
('postag_grams-3-39', 0.0048818210937354896)
('postag_grams-4-28', 0.0047922873651492582)
('character_grams-2-28', 0.004460228199805052)
('postag_grams-4-10', 0.0044577518477008369)
('postag_grams-3-44', 0.0044270206622772732)
('character_grams-5-19', 0.004393226512094079)
('word_frequencies-10', 0.0043727768125183183)
('character_grams-5-33', 0.0043462411347544392)
('postag_grams-3-29', 0.0043403131551961625)
('character_grams-3-31', 0.0042836553777057)
('postag_grams-3-15', 0.0041444174670153969)
('postag_grams-2-44', 0.0040261636717193842)
('character_grams-3-40', 0.0038430796886823487)
('postag_grams-3-27', 0.0037115102951594372)
('character_grams-2-46', 0.0034525943712009764)
('character_grams-2-50', 0.0034485068283613874)
('word_frequencies-28', 0.0034434275607640023)
('special_character_grams-3-2', 0.0033637002997958655)
('special_character_grams-3-4', 0.0032955935733391512)
('postag_grams-2-15', 0.0032447817739532604)
('postag_grams-2-31', 0.0032404263556583884)
('special_character_grams-2-5', 0.0032396103366722786)
('postag_grams-3-18', 0.003225136224103703)
('character_grams-2-23', 0.0031571818398942421)
('character_grams-3-17', 0.0031255724550125399)
('character_grams-4-7', 0.0031099474261334498)
('character_grams-4-21', 0.0030657723377871312)
('character_grams-2-39', 0.0030508495744503549)
('character_grams-2-26', 0.003026014395430902)
('postag_grams-3-4', 0.0029703222387138834)
('postag_grams-4-38', 0.0029567005140216291)
('word_frequencies-36', 0.0029249332306967336)
('character_grams-2-43', 0.0028751001093314256)
('character_grams-3-44', 0.0028367921593913507)
('character_grams-2-15', 0.0028007242448232551)
('postag_grams-2-16', 0.0026980471890923931)
('postag_grams-2-1', 0.0026963509771242592)
('character_grams-5-10', 0.0026842784206445492)
('character_grams-5-15', 0.0026739933028435518)
('word_frequencies-17', 0.0026465112068772044)
('character_grams-3-48', 0.0026234956191890785)
('character_grams-5-39', 0.0026119698715698827)
('postag_grams-5-40', 0.0025970793268469579)
('character_grams-3-30', 0.0025968699388003902)
('postag_grams-5-16', 0.0025963069750826536)
('postag_grams-5-35', 0.0025842102147834349)
('character_grams-5-38', 0.0025272746309363877)
('character_grams-2-17', 0.0024975531987386753)
('postag_grams-2-6', 0.0024032063125260469)
('postag_grams-2-30', 0.0023950090616063854)
('character_grams-3-37', 0.0023717371954654672)
('character_grams-2-25', 0.0023415949491661175)
('character_grams-3-1', 0.0023353202758349852)
('character_grams-2-48', 0.0022863447870469754)
('character_grams-2-22', 0.0022822049894875877)
('character_grams-5-1', 0.0022810435915351221)
('postag_grams-2-14', 0.0022780963733138437)
('character_grams-4-39', 0.0022728488157420955)
('postag_grams-2-12', 0.0022548754581151278)
('character_grams-2-11', 0.0022223676420209133)
('word_frequencies-48', 0.002214814932304336)
('character_grams-3-32', 0.0021938915535069611)
('postag_grams-2-47', 0.0021913128013008915)
('postag_grams-2-24', 0.0021812601678684504)
('character_grams-4-31', 0.0021624471612889133)
('postag_grams-2-35', 0.002161121347912685)
('postag_grams-4-48', 0.0021598165017922004)
('character_grams-3-18', 0.0021594700051466064)
('character_grams-5-50', 0.0021438078688674356)
('word_frequencies-46', 0.0020847933086898898)
('character_grams-4-8', 0.0020781502470443008)
('character_grams-2-33', 0.0020591204093481611)
('character_grams-3-2', 0.0020230398690747513)
('postag_grams-3-23', 0.0020186515195411443)
('special_character_grams-2-4', 0.0020047668263635252)
('character_grams-2-27', 0.0019991193747751794)
('character_grams-3-5', 0.0019815735406284478)
('postag_grams-2-10', 0.001978523590423322)
('character_grams-3-35', 0.0019761975194369169)
('postag_grams-2-46', 0.0019594737721533857)
('character_grams-5-4', 0.0019564078081962416)
('character_grams-2-18', 0.0019532257048826278)
('character_grams-4-25', 0.0019250497274453421)
('postag_grams-4-41', 0.0019180537580779206)
('postag_grams-2-36', 0.0019169728480849615)
('word_frequencies-26', 0.001916373609983384)
('character_grams-5-16', 0.0019141984906248372)
('postag_grams-5-14', 0.0019055308469606393)
('postag_grams-4-37', 0.0018976745782621365)
('word_frequencies-13', 0.001891832658363253)
('character_grams-5-18', 0.0018912096116674424)
('postag_grams-3-45', 0.0018796801799010696)
('postag_grams-3-10', 0.0018770820758804271)
('postag_grams-4-9', 0.0018767460680233052)
('postag_grams-3-12', 0.0018652745410867829)
('character_grams-4-3', 0.001863950025212455)
('word_frequencies-6', 0.0018613306056396378)
('word_frequencies-27', 0.0018513716513790526)
('postag_grams-3-8', 0.001848720787014651)
('postag_grams-2-26', 0.0018453435480103282)
('postag_grams-3-11', 0.0018393478672594035)
('character_grams-3-3', 0.0018330018146196772)
('postag_grams-2-21', 0.0018032206448940213)
('word_frequencies-29', 0.0017800598617123901)
('special_character_grams-3-3', 0.001771420932687633)
('word_grams-2-2', 0.0017228043317105931)
('character_grams-3-42', 0.0017203614818086593)
('postag_grams-3-25', 0.0017103166183471609)
('word_grams-2-1', 0.0016923043026358922)
('postag_grams-3-42', 0.0016878230968223199)
('character_grams-3-36', 0.001682538912755569)
('word_grams-2-5', 0.0016778864382589551)
('postag_grams-3-35', 0.0016640419622177196)
('postag_grams-2-28', 0.0016543103969475534)
('word_grams-2-37', 0.0016477923567527154)
('character_grams-3-43', 0.0016451964260634886)
('character_grams-2-20', 0.0016392705991494379)
('word_frequencies-32', 0.0016157979036019636)
('word_frequencies-47', 0.0016111265877717345)
('character_grams-3-39', 0.0016042484162676262)
('character_grams-5-35', 0.0016034348633175621)
('character_grams-5-36', 0.0016009066717555414)
('character_grams-4-40', 0.0015958155885405475)
('character_grams-3-16', 0.0015762413924294435)
('postag_grams-4-43', 0.0015704363180839087)
('postag_grams-3-3', 0.0015698261236317562)
('character_grams-3-46', 0.0015635481709125264)
('postag_grams-2-45', 0.0015606141769291099)
('postag_grams-3-50', 0.0015596205809134409)
('character_grams-3-12', 0.0015366900518829002)
('postag_grams-5-34', 0.0015322394860244159)
('character_grams-4-2', 0.0015261014149596389)
('character_grams-4-48', 0.0015189768547115858)
('postag_grams-5-29', 0.0015129306758869931)
('character_grams-5-32', 0.0015028535006870675)
('postag_grams-3-22', 0.0015016550900556641)
('word_frequencies-5', 0.0014916212368235615)
('postag_grams-2-13', 0.0014882632331723827)
('character_grams-2-5', 0.0014735493335560664)
('character_grams-3-15', 0.0014689946993627942)
('character_grams-5-26', 0.001467570407499138)
('postag_grams-4-26', 0.0014624401476042192)
('postag_grams-3-5', 0.0014537006272314734)
('postag_grams-2-11', 0.0014527525797144844)
('postag_grams-2-19', 0.0014520007259644721)
('character_grams-4-41', 0.0014451836403941935)
('postag_grams-2-5', 0.0014384518258007306)
('character_grams-4-28', 0.0014376358510887672)
('character_grams-4-1', 0.0014323536557596223)
('postag_grams-4-8', 0.001423553542877255)
('character_grams-2-34', 0.001423127005916944)
('character_grams-3-8', 0.001414739516981172)
('postag_grams-3-1', 0.0014092419457411743)
('character_grams-3-21', 0.0014050189232696897)
('character_grams-5-49', 0.0014034277623535113)
('character_grams-2-32', 0.0013961744593496707)
('postag_grams-3-24', 0.0013920875856608583)
('character_grams-5-22', 0.0013858061474299763)
('postag_grams-2-18', 0.0013754035520468194)
('character_grams-2-42', 0.0013698076456402932)
('character_grams-2-19', 0.0013529085515725087)
('character_grams-5-24', 0.0013507780743902608)
('word_frequencies-37', 0.0013481941683034502)
('character_grams-2-31', 0.0013452524501819576)
('character_grams-2-2', 0.001337936995806613)
('character_grams-5-8', 0.0013317518401908784)
('special_character_grams-3-1', 0.0013231092580721069)
('word_frequencies-4', 0.001322694604530726)
('postag_grams-5-2', 0.0013191722246778392)
('postag_grams-3-14', 0.0013188586624149398)
('character_grams-2-30', 0.0013181119261718793)
('character_grams-3-6', 0.0013125187595030947)
('character_grams-5-44', 0.0012849564042353135)
('character_grams-2-10', 0.0012796476893331874)
('character_grams-2-36', 0.0012737993842799049)
('postag_grams-3-43', 0.0012629130139798258)
('character_grams-4-6', 0.0012599841794367834)
('word_frequencies-2', 0.0012567679894861837)
('postag_grams-4-1', 0.0012456991974022598)
('character_grams-2-7', 0.0012417410688070802)
('postag_grams-2-48', 0.0012381651760334236)
('character_grams-3-24', 0.001237297336264781)
('postag_grams-2-22', 0.001220484580126055)
('postag_grams-4-29', 0.0012141552220195394)
('character_grams-2-37', 0.0012134676992682362)
('postag_grams-4-33', 0.0012116868726901996)
('postag_grams-2-50', 0.0012095069560564876)
('postag_grams-3-48', 0.0012087728016653408)
('postag_grams-2-41', 0.0012087339716671478)
('character_grams-2-38', 0.0012059406539460676)
('word_frequencies-7', 0.0012000412581157779)
('word_grams-2-22', 0.0011975247160670257)
('character_grams-4-26', 0.0011759724361562812)
('word_frequencies-18', 0.0011727711295267571)
('character_grams-3-10', 0.0011674743371715916)
('character_grams-2-12', 0.0011666038845805718)
('postag_grams-4-21', 0.0011664913386314395)
('postag_grams-2-29', 0.0011628772356632202)
('postag_grams-3-36', 0.0011617037934119553)
('character_grams-2-24', 0.0011606565478749986)
('postag_grams-3-19', 0.0011600064308723609)
('character_grams-4-33', 0.0011559390026637684)
('character_grams-5-45', 0.0011507701671550426)
('postag_grams-4-17', 0.0011480690563969605)
('character_grams-3-49', 0.0011457073607043734)
('character_grams-5-17', 0.0011440189145020126)
('character_grams-2-21', 0.0011393519058935991)
('character_grams-3-13', 0.0011365065249865558)
('character_grams-5-34', 0.0011337430673344008)
('character_grams-2-14', 0.0011314936296387941)
('word_frequencies-19', 0.0011296976491308882)
('postag_grams-2-9', 0.0011213001991477499)
('character_grams-2-1', 0.0011197401059749583)
('character_grams-5-41', 0.0011167823735405411)
('character_grams-5-20', 0.0011155868250676507)
('character_grams-3-20', 0.0011080452599787959)
('word_frequencies-15', 0.0011051344054169414)
('word_frequencies-38', 0.0010940591698076685)
('character_grams-3-22', 0.0010859384265660072)
('postag_grams-3-20', 0.0010855415041755064)
('postag_grams-3-41', 0.0010831092697660245)
('character_grams-3-11', 0.0010771916638771073)
('character_grams-4-10', 0.0010632817542956016)
('word_frequencies-8', 0.0010602219012187854)
('postag_grams-3-37', 0.0010494119207198681)
('word_frequencies-24', 0.0010450755426133498)
('postag_grams-2-8', 0.0010411669945892511)
('postag_grams-4-18', 0.0010349302912031526)
('postag_grams-2-38', 0.001025084826595293)
('character_grams-2-47', 0.0010177401160474482)
('word_frequencies-16', 0.0010176706924745337)
('character_grams-4-47', 0.0010166374441605206)
('word_frequencies-23', 0.0010148990637230985)
('special_character_grams-2-2', 0.0010122781081460836)
('postag_grams-2-23', 0.0010109779517883288)
('character_grams-2-35', 0.0010092692512706841)
('postag_grams-4-3', 0.0010077340261295433)
('postag_grams-3-38', 0.0010065955175453604)
('character_grams-3-34', 0.001004744684954957)
('character_grams-2-45', 0.0010031967587166789)
('character_grams-2-4', 0.00099980435413310714)
('character_grams-2-41', 0.00099166994911492287)
('postag_grams-2-7', 0.0009869574362053931)
('postag_grams-3-7', 0.00098261302891664948)
('word_grams-3-19', 0.00098152601780214835)
('character_grams-5-27', 0.00097420196877973011)
('postag_grams-4-36', 0.00096848229948557252)
('postag_grams-2-34', 0.00096585389768171436)
('character_grams-5-5', 0.00096528807474477896)
('postag_grams-2-27', 0.00094934213274844173)
('character_grams-4-15', 0.00094800707390453641)
('postag_grams-4-4', 0.0009475043505518065)
('postag_grams-2-2', 0.00094357382916444713)
('character_grams-3-25', 0.00094315868458982031)
('character_grams-3-29', 0.00094160231837215876)
('character_grams-5-14', 0.00092944108947621369)
('character_grams-4-46', 0.00092662888550627484)
('postag_grams-2-49', 0.00091300799928568791)
('postag_grams-2-43', 0.00090493891133865329)
('character_grams-5-47', 0.00090302646049995189)
('character_grams-3-19', 0.00090204651645012083)
('character_grams-4-49', 0.00089659574488925144)
('character_grams-4-16', 0.00089146489062163201)
('character_grams-3-33', 0.00088768949585264518)
('postag_grams-3-30', 0.00088489473278399245)
('postag_grams-3-26', 0.00087413122650911181)
('character_grams-4-14', 0.00087371119855731349)
('character_grams-4-22', 0.00087370557688043037)
('character_grams-4-24', 0.00085946733693754746)
('postag_grams-2-4', 0.00085228833633550273)
('character_grams-5-28', 0.00085057881090687989)
('character_grams-5-43', 0.00085029508139344758)
('postag_grams-2-39', 0.0008500269608355662)
('word_frequencies-42', 0.00084776224219552379)
('character_grams-2-40', 0.00084495816485367827)
('character_grams-3-26', 0.00084355731486402189)
('postag_grams-4-11', 0.00083862371322626595)
('character_grams-5-7', 0.00082748051569284998)
('character_grams-4-11', 0.00082668318897067411)
('postag_grams-5-25', 0.00082218626213198)
('word_frequencies-14', 0.00082210728661498574)
('postag_grams-3-21', 0.00082202443976056876)
('character_grams-4-32', 0.00082137389457556827)
('character_grams-4-13', 0.00082074006721875089)
('character_grams-4-44', 0.00081234959742562522)
('character_grams-4-20', 0.00081063840208137766)
('character_grams-2-44', 0.00081004324009089203)
('character_grams-2-3', 0.00080651969852448186)
('character_grams-3-23', 0.00080569463923060652)
('character_grams-4-30', 0.00079947659682680263)
('character_grams-4-4', 0.00079536577266586014)
('postag_grams-2-42', 0.00079068093234113549)
('word_grams-2-12', 0.00079009857537724719)
('postag_grams-3-40', 0.0007869869858451935)
('character_grams-3-4', 0.00078475236222596526)
('postag_grams-4-32', 0.00078434591478633293)
('character_grams-2-16', 0.0007842381474594016)
('postag_grams-3-28', 0.0007832171233978127)
('character_grams-2-49', 0.0007799071661277932)
('postag_grams-2-3', 0.00077472105303082097)
('character_grams-5-11', 0.00077328089367643472)
('character_grams-4-19', 0.00076834165775708455)
('character_grams-5-3', 0.00076510215240738601)
('character_grams-5-42', 0.00076475771331864799)
('postag_grams-4-16', 0.00076439959450958351)
('postag_grams-3-9', 0.00076307611632716525)
('word_frequencies-50', 0.00076175902087651252)
('special_character_grams-3-5', 0.00076134666637332326)
('character_grams-4-37', 0.00075299416989280262)
('character_grams-2-13', 0.00074789506825225199)
('postag_grams-5-18', 0.00074708178882133347)
('word_frequencies-1', 0.0007374514522815916)
('character_grams-5-21', 0.00073339389762893227)
('word_grams-2-3', 0.00073172510690989654)
('postag_grams-4-12', 0.00072960888739542567)
('character_grams-2-6', 0.00072737964460957362)
('character_grams-3-7', 0.00072263373123045149)
('postag_grams-4-23', 0.00071681343475100338)
('word_frequencies-12', 0.00070891835379233463)
('postag_grams-2-17', 0.0007083232101181197)
('postag_grams-3-49', 0.00070668907171180558)
('character_grams-4-34', 0.00069765987869295411)
('word_grams-2-41', 0.00068955657875613419)
('word_grams-2-7', 0.00068710301361806999)
('postag_grams-4-7', 0.00068006873515902256)
('postag_grams-4-14', 0.00067933939872920107)
('character_grams-3-50', 0.00067715240416595308)
('character_grams-5-13', 0.00067200238829529825)
('character_grams-5-2', 0.00066161416128666104)
('postag_grams-5-6', 0.00066087734280533353)
('postag_grams-3-13', 0.00066004883752390124)
('word_frequencies-3', 0.0006597153766429131)
('character_grams-4-9', 0.00065672544814463385)
('postag_grams-2-20', 0.0006496378257460643)
('character_grams-4-5', 0.00064882570443384644)
('character_grams-2-29', 0.0006475968614313869)
('postag_grams-5-3', 0.00064611152516069845)
('postag_grams-3-16', 0.00064326725713205067)
('character_grams-5-46', 0.00064204006170258008)
('postag_grams-4-25', 0.00063637141590170397)
('postag_grams-3-46', 0.00063627874596855819)
('character_grams-5-30', 0.00063098902728989353)
('word_frequencies-39', 0.00062997015058965109)
('word_grams-2-50', 0.00062579930369513535)
('postag_grams-4-15', 0.00062573877668770182)
('postag_grams-5-38', 0.00062446919231922771)
('word_grams-2-45', 0.00062389989871106805)
('postag_grams-4-24', 0.0006222207886875682)
('postag_grams-3-47', 0.00061360788836904733)
('word_frequencies-49', 0.00061263136540567825)
('character_grams-5-25', 0.00060916580832431205)
('postag_grams-4-5', 0.00060577410775159238)
('postag_grams-5-7', 0.00060384922826288846)
('word_frequencies-31', 0.00059565357550591595)
('word_frequencies-34', 0.00059420631775768877)
('postag_grams-3-32', 0.00059409790508920337)
('character_grams-5-31', 0.00058972760830864452)
('postag_grams-4-40', 0.00058964058455562179)
('postag_grams-5-28', 0.0005768181843835824)
('word_frequencies-40', 0.00057224277074265778)
('postag_grams-5-46', 0.00056765168133596233)
('character_grams-5-40', 0.00054726182432765546)
('character_grams-3-28', 0.00054064973860612172)
('word_grams-2-8', 0.00053962319054508896)
('character_grams-4-23', 0.00053824351325566506)
('word_grams-2-24', 0.00053356805548492937)
('word_grams-2-43', 0.0005212270683360847)
('postag_grams-4-45', 0.00051292975981259963)
('character_grams-4-12', 0.00051135140200131923)
('word_grams-2-4', 0.00051134579121181294)
('postag_grams-5-12', 0.00050760995558893319)
('word_grams-2-44', 0.00050699786875395335)
('word_grams-2-11', 0.00050678041769905836)
('word_grams-2-21', 0.00050486633427990126)
('character_grams-5-6', 0.00050402494588537995)
('word_grams-2-48', 0.00049222618620027917)
('postag_grams-5-9', 0.00048945523491875792)
('postag_grams-4-22', 0.00047765340463226842)
('character_grams-3-27', 0.00046899364041873)
('character_grams-4-29', 0.00045984100338217632)
('word_grams-2-6', 0.00045457010269639859)
('postag_grams-3-34', 0.0004480874251298654)
('character_grams-5-23', 0.00044228935991748645)
('postag_grams-4-19', 0.00043899127915244558)
('word_frequencies-9', 0.0004389089487603272)
('character_grams-4-42', 0.00043509913588689819)
('word_frequencies-35', 0.00043450639523353327)
('postag_grams-5-20', 0.00042808622396848324)
('postag_grams-5-13', 0.00042740599955225672)
('postag_grams-5-8', 0.00042733811046275259)
('postag_grams-4-42', 0.00042175982951418169)
('word_grams-2-16', 0.00041856572392050625)
('word_frequencies-41', 0.00040786156378506635)
('postag_grams-5-43', 0.00040267256878879354)
('word_frequencies-22', 0.00040234261401132679)
('postag_grams-4-39', 0.00040136202498998371)
('word_grams-3-1', 0.00040133306600266116)
('postag_grams-5-15', 0.00040133000975572789)
('postag_grams-5-10', 0.00039901360323638292)
('postag_grams-4-35', 0.0003940262712837052)
('character_grams-5-9', 0.00039313542831681298)
('character_grams-4-38', 0.00039070874270843222)
('postag_grams-4-50', 0.00038843709693470852)
('word_frequencies-21', 0.00038472955401676703)
('word_grams-2-10', 0.00038303389453671864)
('word_frequencies-45', 0.00036862896903502396)
('postag_grams-5-49', 0.00036777855140109278)
('postag_grams-5-41', 0.00036354474624745233)
('postag_grams-5-39', 0.00036045361425983695)
('word_grams-2-9', 0.00035455071713916389)
('postag_grams-5-27', 0.00035380228359704267)
('word_grams-2-19', 0.00035378425045383231)
('postag_grams-4-44', 0.00035303713905877101)
('word_grams-2-23', 0.00035195800997276527)
('postag_grams-5-36', 0.00035059094638559149)
('postag_grams-4-27', 0.00034569834856852888)
('postag_grams-5-1', 0.00034287615567063609)
('postag_grams-5-5', 0.00034240754046076482)
('postag_grams-4-6', 0.00034175237772130813)
('word_frequencies-20', 0.00033916404469915582)
('word_grams-2-33', 0.00032768095851485538)
('postag_grams-5-31', 0.00032378672273374249)
('postag_grams-5-23', 0.00032010502662326739)
('word_grams-2-25', 0.0003173275162725146)
('word_grams-2-30', 0.00031315929377593714)
('word_grams-2-13', 0.00031300233577264845)
('postag_grams-4-2', 0.0003101544335623576)
('word_grams-2-42', 0.00030663460539309667)
('postag_grams-5-30', 0.00030655749368969936)
('postag_grams-5-26', 0.00030426764604476352)
('word_grams-2-32', 0.00029860234309111847)
('character_grams-4-45', 0.0002960259855852665)
('postag_grams-4-47', 0.0002934765979273349)
('postag_grams-5-48', 0.00028973046280734624)
('postag_grams-4-34', 0.000286998231561814)
('postag_grams-4-20', 0.00027827125605151985)
('postag_grams-5-11', 0.00027454084142328482)
('word_grams-3-12', 0.00026796899066487603)
('word_frequencies-11', 0.00026633819868624771)
('postag_grams-5-42', 0.00026433426114370342)
('word_grams-2-18', 0.00026325238569837965)
('postag_grams-4-31', 0.00026147114823326474)
('postag_grams-5-21', 0.00026059491994929844)
('word_grams-2-34', 0.00023820349119608764)
('word_grams-3-25', 0.00023741455697373469)
('postag_grams-5-22', 0.00023586980142092267)
('postag_grams-4-46', 0.0002355503433928069)
('word_grams-3-15', 0.00022716417845006182)
('word_grams-2-28', 0.00022159037585513336)
('postag_grams-5-17', 0.00022039263208222223)
('postag_grams-5-33', 0.00019987927090540206)
('postag_grams-5-45', 0.00019758269879590885)
('word_grams-2-47', 0.00019650837965992735)
('word_grams-2-14', 0.00018863877156218137)
('postag_grams-5-32', 0.00018839968350397164)
('word_grams-2-31', 0.0001831892073431397)
('postag_grams-5-19', 0.0001764263001264888)
('word_grams-2-15', 0.00017173518866630847)
('word_grams-2-36', 0.00016641971295971794)
('word_grams-2-35', 0.00016608203490123648)
('word_grams-3-36', 0.00016240195285781254)
('postag_grams-5-44', 0.00016101673400469195)
('word_grams-2-46', 0.00015381670036735773)
('postag_grams-5-24', 0.00014595066348228449)
('word_grams-3-9', 0.00014545711081004196)
('postag_grams-5-50', 0.00014509114105110078)
('postag_grams-5-47', 0.00014383228284797677)
('postag_grams-5-4', 0.00013441718733675002)
('word_grams-2-39', 0.00011082214658380246)
('postag_grams-4-49', 0.0001072642260413528)
('word_grams-2-38', 9.2865850820275154e-05)
('postag_grams-5-37', 8.9993067928646829e-05)
('word_grams-2-49', 7.719451886893517e-05)
('word_grams-4-13', 7.4693828246888023e-05)
('word_grams-4-23', 7.3934584979489112e-05)
('word_grams-3-42', 7.3420020381066191e-05)
('word_grams-2-29', 6.1642504634147231e-05)
('word_frequencies-30', 6.1619237463336979e-05)
('word_grams-3-43', 6.1500996770898829e-05)
('word_grams-2-40', 6.065969100686031e-05)
('word_grams-4-35', 5.8463256967573142e-05)
('word_grams-3-39', 5.3378746680368078e-05)
('word_grams-2-17', 5.1330436040215495e-05)
('word_grams-3-48', 5.0850769043529009e-05)
('word_grams-3-44', 5.0633956673888784e-05)
('word_grams-3-34', 4.6984150014121164e-05)
('word_grams-3-30', 4.3320037287827155e-05)
('word_grams-2-27', 3.7943695181359451e-05)
('word_grams-3-8', 3.6230027206415747e-05)
('word_grams-3-10', 2.9484497151834387e-05)
('word_grams-3-4', 2.8814683933309068e-05)
('word_grams-3-45', 2.717022639115595e-05)
('word_grams-3-7', 2.6979634534604805e-05)
('word_grams-4-5', 2.5986716898862179e-05)
('word_grams-3-21', 2.378237006392892e-05)
('word_grams-4-6', 2.358140205536351e-05)
('word_grams-3-11', 2.1488846438986425e-05)
('word_grams-5-15', 2.1223288383319191e-05)
('word_grams-3-41', 1.9701084923024704e-05)
('word_grams-5-45', 1.9603425428142271e-05)
('word_grams-3-46', 1.8658928232025088e-05)
('word_grams-3-5', 1.3511835009112686e-05)
('word_grams-4-3', 1.0011167910104076e-05)
('word_grams-4-30', 9.8193710725933665e-06)
('word_grams-3-40', 9.0359828141783031e-06)
('word_grams-3-22', 8.5053158223889953e-06)
('word_grams-3-18', 4.9256417542862535e-06)
('word_grams-4-8', 4.8732943469785577e-06)
('character_grams-4-50', 0.0)
('word_grams-2-20', 0.0)
('word_grams-2-26', 0.0)
('word_grams-3-2', 0.0)
('word_grams-3-3', 0.0)
('word_grams-3-6', 0.0)
('word_grams-3-13', 0.0)
('word_grams-3-14', 0.0)
('word_grams-3-16', 0.0)
('word_grams-3-17', 0.0)
('word_grams-3-20', 0.0)
('word_grams-3-23', 0.0)
('word_grams-3-24', 0.0)
('word_grams-3-26', 0.0)
('word_grams-3-27', 0.0)
('word_grams-3-28', 0.0)
('word_grams-3-29', 0.0)
('word_grams-3-31', 0.0)
('word_grams-3-32', 0.0)
('word_grams-3-33', 0.0)
('word_grams-3-35', 0.0)
('word_grams-3-37', 0.0)
('word_grams-3-38', 0.0)
('word_grams-3-47', 0.0)
('word_grams-3-49', 0.0)
('word_grams-3-50', 0.0)
('word_grams-4-1', 0.0)
('word_grams-4-2', 0.0)
('word_grams-4-4', 0.0)
('word_grams-4-7', 0.0)
('word_grams-4-9', 0.0)
('word_grams-4-10', 0.0)
('word_grams-4-11', 0.0)
('word_grams-4-12', 0.0)
('word_grams-4-14', 0.0)
('word_grams-4-15', 0.0)
('word_grams-4-16', 0.0)
('word_grams-4-17', 0.0)
('word_grams-4-18', 0.0)
('word_grams-4-19', 0.0)
('word_grams-4-20', 0.0)
('word_grams-4-21', 0.0)
('word_grams-4-22', 0.0)
('word_grams-4-24', 0.0)
('word_grams-4-25', 0.0)
('word_grams-4-26', 0.0)
('word_grams-4-27', 0.0)
('word_grams-4-28', 0.0)
('word_grams-4-29', 0.0)
('word_grams-4-31', 0.0)
('word_grams-4-32', 0.0)
('word_grams-4-33', 0.0)
('word_grams-4-34', 0.0)
('word_grams-4-36', 0.0)
('word_grams-4-37', 0.0)
('word_grams-4-38', 0.0)
('word_grams-4-39', 0.0)
('word_grams-4-40', 0.0)
('word_grams-4-41', 0.0)
('word_grams-4-42', 0.0)
('word_grams-4-43', 0.0)
('word_grams-4-44', 0.0)
('word_grams-4-45', 0.0)
('word_grams-4-46', 0.0)
('word_grams-4-47', 0.0)
('word_grams-4-48', 0.0)
('word_grams-4-49', 0.0)
('word_grams-4-50', 0.0)
('word_grams-5-1', 0.0)
('word_grams-5-2', 0.0)
('word_grams-5-3', 0.0)
('word_grams-5-4', 0.0)
('word_grams-5-5', 0.0)
('word_grams-5-6', 0.0)
('word_grams-5-7', 0.0)
('word_grams-5-8', 0.0)
('word_grams-5-9', 0.0)
('word_grams-5-10', 0.0)
('word_grams-5-11', 0.0)
('word_grams-5-12', 0.0)
('word_grams-5-13', 0.0)
('word_grams-5-14', 0.0)
('word_grams-5-16', 0.0)
('word_grams-5-17', 0.0)
('word_grams-5-18', 0.0)
('word_grams-5-19', 0.0)
('word_grams-5-20', 0.0)
('word_grams-5-21', 0.0)
('word_grams-5-22', 0.0)
('word_grams-5-23', 0.0)
('word_grams-5-24', 0.0)
('word_grams-5-25', 0.0)
('word_grams-5-26', 0.0)
('word_grams-5-27', 0.0)
('word_grams-5-28', 0.0)
('word_grams-5-29', 0.0)
('word_grams-5-30', 0.0)
('word_grams-5-31', 0.0)
('word_grams-5-32', 0.0)
('word_grams-5-33', 0.0)
('word_grams-5-34', 0.0)
('word_grams-5-35', 0.0)
('word_grams-5-36', 0.0)
('word_grams-5-37', 0.0)
('word_grams-5-38', 0.0)
('word_grams-5-39', 0.0)
('word_grams-5-40', 0.0)
('word_grams-5-41', 0.0)
('word_grams-5-42', 0.0)
('word_grams-5-43', 0.0)
('word_grams-5-44', 0.0)
('word_grams-5-46', 0.0)
('word_grams-5-47', 0.0)
('word_grams-5-48', 0.0)
('word_grams-5-49', 0.0)
('word_grams-5-50', 0.0)
