0.525
('postag_grams-5-2', 0.059885043227692947)
('special_character_grams-2-1', 0.027922682687688515)
('character_grams-3-35', 0.0233153931619423)
('postag_grams-3-45', 0.017762161004323516)
('postag_grams-2-32', 0.014471307113207803)
('postag_grams-3-17', 0.013613748198109028)
('postag_grams-4-1', 0.013051229464053328)
('special_character_grams-2-3', 0.012350173212491378)
('postag_grams-2-46', 0.010549747324252784)
('postag_grams-4-3', 0.010503645216778969)
('postag_grams-2-18', 0.01009724396258793)
('character_grams-3-18', 0.0098034810334596198)
('character_grams-2-24', 0.0094860771316664632)
('character_grams-5-46', 0.0093894376526032046)
('word_frequencies-19', 0.0085643746194579012)
('postag_grams-2-45', 0.0082048355763820139)
('postag_grams-3-44', 0.0081323044823800213)
('word_grams-2-2', 0.0080389923178796428)
('character_grams-2-17', 0.0077005182203262147)
('word_frequencies-37', 0.0074544829624268779)
('character_grams-3-9', 0.0070955446969857786)
('character_grams-2-28', 0.0070393033621219793)
('postag_grams-2-6', 0.0066896644318135646)
('character_grams-5-41', 0.0058022858637090512)
('postag_grams-2-34', 0.0057883994849389775)
('special_character_grams-3-3', 0.0056848134400944135)
('character_grams-3-42', 0.0056030397622136132)
('character_grams-4-37', 0.0055486733721312916)
('word_frequencies-26', 0.0055040587738493128)
('word_frequencies-38', 0.0053949673946159238)
('postag_grams-2-16', 0.0053276299705621545)
('special_character_grams-3-4', 0.0052779514741626401)
('postag_grams-3-2', 0.0048194059737751618)
('character_grams-3-5', 0.0044806117394131937)
('word_frequencies-43', 0.0043925739494249313)
('postag_grams-2-47', 0.0043311497850928478)
('special_character_grams-3-2', 0.0043224203293871456)
('character_grams-2-8', 0.0042522977850721587)
('character_grams-2-48', 0.0042485196505045886)
('special_character_grams-2-2', 0.0042349265048850062)
('character_grams-4-44', 0.0041627387334321067)
('character_grams-5-35', 0.0041185739388832129)
('character_grams-3-49', 0.0041113317047401423)
('postag_grams-2-12', 0.0040290373721139933)
('postag_grams-2-33', 0.003983368312158753)
('postag_grams-2-21', 0.0039212648313965036)
('postag_grams-2-15', 0.003916138199794598)
('word_frequencies-46', 0.0039096852493452064)
('word_frequencies-13', 0.0038944985989887043)
('character_grams-2-18', 0.0038856119547954655)
('word_grams-2-1', 0.0038676396527806312)
('character_grams-2-9', 0.0038407550661934344)
('character_grams-5-39', 0.0037599685455685043)
('word_frequencies-22', 0.0037092839919656779)
('character_grams-4-36', 0.0036785805800101773)
('character_grams-3-47', 0.0035868036009853795)
('character_grams-5-29', 0.0035494488765546919)
('word_frequencies-32', 0.003536671843278591)
('word_frequencies-44', 0.0034687033506558785)
('postag_grams-2-44', 0.0033680725535685709)
('postag_grams-2-37', 0.0033472209919720207)
('character_grams-4-17', 0.0033406261340672683)
('postag_grams-2-30', 0.0033057946932352205)
('postag_grams-3-29', 0.0032911285352365083)
('character_grams-2-20', 0.0031705127781540159)
('postag_grams-5-40', 0.0031464315482949957)
('character_grams-3-44', 0.0031441902784425605)
('special_character_grams-3-5', 0.0030987610607234937)
('word_frequencies-35', 0.0030797996010687163)
('character_grams-5-48', 0.0029376015125227029)
('postag_grams-2-40', 0.0029341048942625163)
('postag_grams-3-33', 0.0028899114118654712)
('word_frequencies-40', 0.0028629279719807003)
('postag_grams-4-48', 0.0028397688427641253)
('character_grams-3-13', 0.0027814256161378418)
('character_grams-2-6', 0.0027777940907822377)
('character_grams-4-34', 0.002741785530315473)
('postag_grams-2-11', 0.0027299562670988335)
('character_grams-3-41', 0.0027084803931698349)
('postag_grams-4-38', 0.0027079115180513088)
('postag_grams-2-23', 0.0026996756556311803)
('character_grams-5-18', 0.0026952530338773401)
('character_grams-4-6', 0.0025764981647620464)
('postag_grams-2-31', 0.0025404326688802078)
('character_grams-5-37', 0.0025381112670245132)
('character_grams-3-43', 0.0025209804969275169)
('character_grams-3-4', 0.0025112758081388032)
('postag_grams-2-25', 0.0024887023241711359)
('postag_grams-3-18', 0.0024695511494030511)
('character_grams-4-27', 0.0024111298017859802)
('character_grams-2-39', 0.0024026275486070284)
('postag_grams-3-8', 0.0023948886595327634)
('postag_grams-5-34', 0.0023417037709498492)
('word_frequencies-17', 0.0023248601392860048)
('postag_grams-2-28', 0.0023137064904248635)
('postag_grams-2-41', 0.0023088521986692656)
('character_grams-3-32', 0.0023081441774397814)
('character_grams-2-40', 0.0022950562570645712)
('postag_grams-3-11', 0.002289565280560867)
('postag_grams-2-3', 0.0022822985106878096)
('character_grams-2-12', 0.002275002953418084)
('postag_grams-3-30', 0.0022630458888418946)
('character_grams-3-30', 0.002258119928632037)
('postag_grams-3-39', 0.0022329258685552761)
('character_grams-3-26', 0.0022265503870137087)
('character_grams-5-15', 0.0022098823580426461)
('postag_grams-2-43', 0.0022070481434919714)
('character_grams-2-43', 0.0021805040581564118)
('character_grams-4-31', 0.0021711032601285083)
('character_grams-2-2', 0.0021667869676764884)
('word_frequencies-24', 0.0021662741531608223)
('character_grams-2-45', 0.0021463679732239647)
('character_grams-4-28', 0.0021367028398291011)
('postag_grams-3-27', 0.0021105348763736233)
('postag_grams-2-29', 0.0021046598951792346)
('postag_grams-4-6', 0.0021029233356819857)
('character_grams-5-34', 0.0020769777607752469)
('postag_grams-3-5', 0.0020706533110827264)
('character_grams-5-32', 0.0020581614725607628)
('character_grams-3-38', 0.0020395564604722433)
('postag_grams-4-13', 0.0019862622741105467)
('character_grams-3-33', 0.0019736190457696925)
('character_grams-3-28', 0.0019715968777236632)
('word_frequencies-29', 0.0019486450703391914)
('word_grams-2-13', 0.0019190718358835311)
('character_grams-4-22', 0.001914996512445793)
('postag_grams-3-41', 0.0019129207347016004)
('character_grams-5-12', 0.0019067248305694718)
('character_grams-3-10', 0.0018994711509200443)
('character_grams-5-23', 0.0018893220078825773)
('character_grams-4-24', 0.0018858689852488068)
('character_grams-2-33', 0.0018844368101472455)
('character_grams-5-47', 0.0018447542253692264)
('postag_grams-2-17', 0.0018409310537403798)
('word_grams-2-50', 0.0018397568800647697)
('character_grams-3-17', 0.0018293790947977919)
('character_grams-2-46', 0.0018286061638723083)
('character_grams-2-14', 0.0017973226386376199)
('character_grams-3-23', 0.0017916407200703288)
('character_grams-3-46', 0.0017882082277757769)
('postag_grams-3-42', 0.0017692489049308336)
('character_grams-5-33', 0.0017660412701965068)
('character_grams-4-29', 0.0017604571226654251)
('word_frequencies-25', 0.0017520883903264185)
('word_grams-2-7', 0.0017483391543257891)
('postag_grams-3-40', 0.0017247634382415533)
('postag_grams-4-37', 0.0017215796174450879)
('word_frequencies-28', 0.0017177430260767587)
('character_grams-4-21', 0.001710033290401221)
('postag_grams-3-15', 0.0016937641807349601)
('word_frequencies-47', 0.0016897561298519967)
('word_frequencies-7', 0.0016883686594332686)
('postag_grams-2-24', 0.001687013568298023)
('word_grams-2-4', 0.0016738553877815715)
('character_grams-2-32', 0.0016601475159234197)
('character_grams-5-50', 0.0016467439341119523)
('character_grams-2-15', 0.0016386759863923398)
('postag_grams-4-43', 0.001634509634440304)
('postag_grams-4-26', 0.00163431267006386)
('character_grams-3-31', 0.0016328648087707931)
('postag_grams-2-26', 0.001629456078646189)
('postag_grams-3-43', 0.0016282027272569403)
('character_grams-3-16', 0.0016186247644384508)
('postag_grams-4-24', 0.00161372556933844)
('character_grams-2-31', 0.001611840312449357)
('character_grams-3-39', 0.0016113751212096172)
('character_grams-4-35', 0.001605117887727254)
('word_frequencies-50', 0.0015884358228533907)
('character_grams-3-37', 0.0015835621175681305)
('character_grams-4-39', 0.0015818850921773778)
('character_grams-3-12', 0.0015815548292005682)
('word_frequencies-4', 0.0015784632371655363)
('word_frequencies-1', 0.0015754536566655033)
('character_grams-3-50', 0.0015746211525194192)
('character_grams-3-40', 0.0015604155939037999)
('postag_grams-2-10', 0.0015483970854318046)
('postag_grams-3-6', 0.0015340386918022476)
('postag_grams-3-48', 0.0015337537010895873)
('word_frequencies-8', 0.0015327763086253792)
('postag_grams-4-30', 0.0015285983328396546)
('postag_grams-4-46', 0.0015250972910895834)
('postag_grams-2-50', 0.0015161775445968599)
('character_grams-2-50', 0.0015095786760896547)
('character_grams-2-1', 0.0015091100662733995)
('word_frequencies-16', 0.0015013669594416243)
('postag_grams-3-14', 0.0014961698244675878)
('character_grams-5-20', 0.0014805670525226083)
('postag_grams-4-41', 0.0014765956430481217)
('word_frequencies-10', 0.001473952546653838)
('character_grams-5-2', 0.0014664074227474253)
('postag_grams-2-14', 0.0014584205359299217)
('character_grams-3-22', 0.0014576421614578914)
('postag_grams-2-20', 0.0014568057650026578)
('character_grams-2-27', 0.0014540419479087835)
('character_grams-4-10', 0.0014507715820202907)
('postag_grams-4-28', 0.0014487449594270502)
('character_grams-2-26', 0.0014483116952818229)
('character_grams-2-41', 0.0014456904760517177)
('character_grams-3-34', 0.0014355631418776643)
('postag_grams-2-7', 0.0014327621839088608)
('word_frequencies-45', 0.0014210264475029407)
('word_frequencies-6', 0.0014194604030209614)
('postag_grams-3-28', 0.0014155566052185965)
('postag_grams-4-18', 0.0014114645020328988)
('character_grams-2-16', 0.0014097421114837513)
('character_grams-4-47', 0.0014061140831134564)
('character_grams-5-28', 0.0013993209427958814)
('word_grams-2-5', 0.0013975028555527386)
('word_frequencies-41', 0.0013923017338558061)
('character_grams-5-8', 0.0013666207527183085)
('character_grams-2-7', 0.0013585061647404788)
('postag_grams-3-32', 0.0013581943578209448)
('postag_grams-5-15', 0.0013568256928200265)
('postag_grams-2-9', 0.001348442050152677)
('character_grams-2-21', 0.0013426056255770324)
('postag_grams-3-50', 0.0013385993803576174)
('character_grams-5-24', 0.0013324328628466328)
('postag_grams-3-38', 0.0013173630433929938)
('postag_grams-2-19', 0.0013150558565719033)
('postag_grams-2-38', 0.0013149317599086569)
('word_frequencies-48', 0.0013066779688202604)
('character_grams-2-23', 0.0012974695529065533)
('character_grams-2-29', 0.0012879799527369337)
('postag_grams-5-43', 0.0012817709320577897)
('postag_grams-5-38', 0.0012739044362184747)
('special_character_grams-2-5', 0.0012669516074246168)
('character_grams-2-37', 0.0012667602254149801)
('character_grams-2-42', 0.0012657395559040412)
('character_grams-2-47', 0.0012624968218569784)
('postag_grams-4-29', 0.0012554800889005885)
('postag_grams-3-26', 0.0012466220047517023)
('character_grams-2-44', 0.0012457400752566236)
('character_grams-4-9', 0.0012450804277703855)
('character_grams-2-38', 0.0012439524412123032)
('character_grams-3-36', 0.0012393275551773946)
('character_grams-3-15', 0.001239219580214216)
('word_grams-2-43', 0.0012384354006634611)
('character_grams-5-17', 0.001237743310101596)
('postag_grams-2-2', 0.0012372935854122026)
('postag_grams-4-39', 0.0012361679059940788)
('postag_grams-4-7', 0.0012352287731324703)
('character_grams-3-6', 0.0012276667036120164)
('postag_grams-3-31', 0.0012271550978689069)
('character_grams-4-5', 0.0012259596238996283)
('character_grams-2-19', 0.0012229764944001239)
('postag_grams-2-13', 0.0012184472003214121)
('character_grams-4-32', 0.0012158812646233107)
('postag_grams-2-22', 0.0012057714297364934)
('character_grams-3-24', 0.0012040344967902906)
('postag_grams-3-34', 0.0011924582106391645)
('character_grams-2-13', 0.0011918145198061877)
('character_grams-5-40', 0.001190826987154776)
('postag_grams-3-36', 0.0011866763953163634)
('postag_grams-4-23', 0.0011866516340097242)
('postag_grams-3-21', 0.001174668626517886)
('character_grams-2-25', 0.0011710276290982232)
('word_grams-2-24', 0.0011650267021656707)
('word_frequencies-3', 0.0011624996252293733)
('postag_grams-5-6', 0.0011558551403512589)
('character_grams-3-8', 0.0011549125235602023)
('postag_grams-2-27', 0.0011528449495298275)
('postag_grams-2-1', 0.0011459275258097407)
('character_grams-4-26', 0.0011443871966222035)
('postag_grams-2-5', 0.0011300185398381072)
('character_grams-4-7', 0.0011264526168562594)
('word_frequencies-2', 0.0011211135285175801)
('character_grams-5-30', 0.0011201027572470201)
('postag_grams-3-46', 0.001115841127874945)
('character_grams-4-13', 0.0011113730491163543)
('character_grams-5-27', 0.0010979071679942207)
('postag_grams-2-39', 0.0010957773164710547)
('postag_grams-2-48', 0.0010946270825442244)
('postag_grams-3-37', 0.0010944827889539492)
('character_grams-5-25', 0.0010895090581093648)
('character_grams-5-13', 0.0010867632311445344)
('postag_grams-4-8', 0.0010863259413794167)
('postag_grams-3-20', 0.0010782946745191615)
('character_grams-2-5', 0.0010776956409622742)
('postag_grams-2-36', 0.0010719203385716565)
('special_character_grams-3-1', 0.0010672234642164751)
('character_grams-5-26', 0.0010634830839273452)
('word_frequencies-18', 0.0010506716397276456)
('character_grams-5-10', 0.0010497402879429756)
('postag_grams-5-30', 0.0010483147614752291)
('word_frequencies-23', 0.0010460986073310683)
('character_grams-4-15', 0.0010448511287210226)
('word_frequencies-14', 0.0010446932976000776)
('character_grams-2-34', 0.0010437771441891557)
('word_frequencies-33', 0.0010231650561030306)
('character_grams-4-46', 0.0010227426355911302)
('character_grams-4-14', 0.0010065371602677661)
('postag_grams-4-17', 0.0010016022664090848)
('character_grams-2-11', 0.0009851872153115854)
('character_grams-2-30', 0.0009839055233107066)
('postag_grams-3-13', 0.00098030736222592322)
('character_grams-3-14', 0.00096618621732923074)
('character_grams-2-36', 0.00096359725727676159)
('character_grams-2-22', 0.0009545199711347357)
('postag_grams-4-25', 0.0009539136678794074)
('postag_grams-4-10', 0.00095011456966409428)
('character_grams-5-44', 0.00094897392853026817)
('word_grams-2-3', 0.00094029081471722509)
('word_grams-2-37', 0.00093823193516000877)
('postag_grams-3-23', 0.00093391014038994591)
('postag_grams-4-27', 0.00092218523215359925)
('word_grams-2-10', 0.00091975680579888365)
('character_grams-3-21', 0.00091591668768084957)
('postag_grams-2-8', 0.00091446589781956364)
('character_grams-3-25', 0.00091424471283034156)
('character_grams-5-36', 0.00091408066574745071)
('character_grams-4-4', 0.00091302293100771665)
('character_grams-3-11', 0.00091072278550980118)
('character_grams-3-20', 0.00090848709642428525)
('word_grams-2-6', 0.00090161977983695379)
('postag_grams-4-45', 0.00089947490180375205)
('character_grams-5-38', 0.00089776902798737487)
('character_grams-5-42', 0.00089606653065077825)
('postag_grams-4-11', 0.00089308780208862781)
('character_grams-5-22', 0.0008865765391363724)
('word_grams-2-8', 0.00088472223617971869)
('character_grams-4-8', 0.00088450060246731885)
('character_grams-4-11', 0.00088411190558442584)
('postag_grams-4-40', 0.00087468501098778028)
('character_grams-4-19', 0.00087158532661372383)
('character_grams-4-41', 0.00087105460701000683)
('postag_grams-3-7', 0.00087095129654135507)
('character_grams-2-3', 0.00086615772617848127)
('word_grams-2-44', 0.00086508640431868665)
('character_grams-5-7', 0.00086469633542103966)
('word_frequencies-42', 0.00086415423071447206)
('special_character_grams-2-4', 0.0008632013707862477)
('postag_grams-2-49', 0.00086250528614535043)
('word_frequencies-49', 0.00086084873186923773)
('character_grams-5-45', 0.0008597363803300854)
('postag_grams-4-2', 0.00085413296181104732)
('character_grams-4-48', 0.00083926565028132419)
('character_grams-4-3', 0.00083887519968241339)
('postag_grams-5-11', 0.00083844479492284753)
('character_grams-4-2', 0.00083769258533174674)
('character_grams-2-49', 0.00083700184602422873)
('postag_grams-4-21', 0.00083648861511251271)
('character_grams-4-40', 0.0008358617679685461)
('character_grams-4-25', 0.00082743021138664168)
('postag_grams-3-24', 0.00082497494023890379)
('postag_grams-5-29', 0.00082306080096791929)
('character_grams-5-31', 0.0008224932711100567)
('character_grams-5-49', 0.00082169374332403792)
('postag_grams-4-33', 0.00081777335838513422)
('character_grams-4-18', 0.0008164382716248583)
('character_grams-2-10', 0.00081383799764308737)
('postag_grams-3-9', 0.00080909985191413198)
('word_grams-2-12', 0.00080861215626386307)
('postag_grams-4-44', 0.00080815353614958798)
('word_frequencies-34', 0.00080732359908999591)
('postag_grams-3-3', 0.00080650927343799876)
('character_grams-5-11', 0.000806253469138165)
('postag_grams-2-35', 0.00080504454684786786)
('postag_grams-3-22', 0.00080099871946037098)
('word_frequencies-31', 0.0007976868171984835)
('character_grams-5-14', 0.00079551257110827142)
('postag_grams-3-49', 0.00079441490946040305)
('character_grams-3-29', 0.00079425905387953415)
('word_frequencies-36', 0.00079265405956555459)
('postag_grams-4-36', 0.00078848125126071552)
('character_grams-5-21', 0.0007883860816539699)
('character_grams-3-2', 0.00078774570759297452)
('word_frequencies-12', 0.00078438130956091088)
('character_grams-5-19', 0.00077626287285246088)
('character_grams-3-27', 0.00076535471150229988)
('word_grams-2-48', 0.00075942771695084431)
('character_grams-2-35', 0.00075786450956644299)
('word_frequencies-15', 0.00074470003988903678)
('postag_grams-4-5', 0.00073798387874452419)
('character_grams-3-19', 0.00073611645123346334)
('word_frequencies-20', 0.00073037303594460047)
('character_grams-5-6', 0.0007285561177348607)
('word_grams-2-19', 0.00071554801145349829)
('character_grams-4-20', 0.00071485140128062078)
('postag_grams-5-46', 0.00070469587258949478)
('character_grams-3-45', 0.00070085983624600025)
('postag_grams-3-16', 0.00070058242096517206)
('postag_grams-5-49', 0.00069774992464564326)
('postag_grams-3-12', 0.00068900600297576756)
('character_grams-4-1', 0.00068843892181095665)
('character_grams-4-23', 0.00068699123485888752)
('postag_grams-4-4', 0.00068033781495139634)
('character_grams-5-43', 0.00067709681859986549)
('postag_grams-5-35', 0.00067596010126461505)
('word_grams-2-9', 0.00066491515250112878)
('postag_grams-3-35', 0.00065917180349728678)
('postag_grams-2-42', 0.00065772570408546935)
('character_grams-3-48', 0.00065354163253859626)
('postag_grams-5-9', 0.00065112342419353802)
('character_grams-4-33', 0.00065107722997092155)
('postag_grams-5-1', 0.00065082573554916157)
('postag_grams-5-18', 0.00064861958442495008)
('character_grams-4-49', 0.0006424724660915737)
('word_frequencies-39', 0.00064085726644365197)
('postag_grams-4-42', 0.00063578622047260334)
('postag_grams-5-8', 0.00063529149780940195)
('postag_grams-3-4', 0.00063528811537754261)
('postag_grams-3-1', 0.00063108219667159528)
('character_grams-5-16', 0.00063098716680897132)
('character_grams-2-4', 0.00063054043264806057)
('postag_grams-5-14', 0.00063007652819585774)
('postag_grams-4-15', 0.00062508037955195635)
('postag_grams-4-31', 0.00062406180034697866)
('postag_grams-3-19', 0.00061744574369630007)
('postag_grams-3-10', 0.00061723036996183588)
('postag_grams-4-12', 0.00061657271402914117)
('postag_grams-3-47', 0.00061342694024942468)
('character_grams-4-30', 0.00061044619667688675)
('character_grams-5-4', 0.00060925525738818645)
('postag_grams-5-10', 0.00060908180213268821)
('word_grams-2-11', 0.00060851290522824573)
('character_grams-5-1', 0.00060752725581106521)
('word_grams-2-22', 0.0006032246086387713)
('character_grams-5-3', 0.00060306769032585712)
('character_grams-3-1', 0.00060134473929313948)
('character_grams-4-12', 0.00059982410317810668)
('character_grams-4-43', 0.00059945879976460793)
('postag_grams-4-20', 0.00059934653704860248)
('character_grams-4-16', 0.00058282651336732374)
('word_frequencies-9', 0.00058091564348037705)
('postag_grams-5-17', 0.0005761241383239478)
('word_frequencies-27', 0.00056496438109892807)
('word_grams-2-21', 0.00056320695158202652)
('postag_grams-2-4', 0.00056100003969124018)
('postag_grams-5-7', 0.00056062256241756563)
('postag_grams-3-25', 0.00055991783315170003)
('postag_grams-4-32', 0.00055071698722609019)
('word_grams-2-23', 0.00054410395921614769)
('postag_grams-5-28', 0.00053855780990458952)
('postag_grams-4-9', 0.00052430278282826221)
('postag_grams-4-35', 0.00052390444412246597)
('postag_grams-5-16', 0.00051567340573113231)
('word_grams-3-19', 0.00051565019179313182)
('character_grams-5-5', 0.00050889620833494825)
('word_frequencies-5', 0.00050609393556321088)
('character_grams-3-3', 0.00050482988989761625)
('word_frequencies-11', 0.00049089545775281523)
('postag_grams-5-13', 0.00049014325913431596)
('character_grams-3-7', 0.00048433226961504369)
('word_grams-2-32', 0.00047846490014908456)
('character_grams-4-42', 0.0004592453394600073)
('postag_grams-4-34', 0.00044389633671052718)
('word_grams-2-33', 0.00043542156273815899)
('postag_grams-5-31', 0.00043375208500993077)
('postag_grams-5-25', 0.00043314784600127115)
('word_grams-2-15', 0.00042625896335808926)
('postag_grams-5-26', 0.00042055117994834178)
('character_grams-5-9', 0.00042041101754607525)
('character_grams-4-45', 0.00041934851702168094)
('word_grams-2-14', 0.00041170490055982527)
('word_grams-2-18', 0.00041084766224508374)
('postag_grams-4-16', 0.00040530384655029046)
('postag_grams-4-50', 0.00039568808621458592)
('postag_grams-5-3', 0.00038137025074092197)
('postag_grams-4-14', 0.00037385037629597903)
('word_grams-2-25', 0.0003691329516409879)
('word_grams-2-30', 0.00036128577137944045)
('word_frequencies-21', 0.00035680884843047341)
('postag_grams-5-47', 0.0003451166940172217)
('postag_grams-5-41', 0.00034496382000956768)
('postag_grams-5-48', 0.00033016448795295623)
('postag_grams-4-22', 0.00032757404810323994)
('word_grams-2-42', 0.00032645800855972835)
('word_grams-2-31', 0.00031117491909863991)
('postag_grams-5-36', 0.0003041699733424537)
('postag_grams-4-19', 0.00029842373556677749)
('postag_grams-4-47', 0.00029306278332343077)
('word_grams-2-28', 0.00028724322834692179)
('word_grams-2-16', 0.00028112200306688688)
('postag_grams-5-27', 0.00027878875658329067)
('postag_grams-5-5', 0.00026692951109798962)
('postag_grams-5-4', 0.00026566933512409114)
('word_grams-2-45', 0.00026336950884311815)
('postag_grams-5-20', 0.0002603712855128663)
('postag_grams-5-50', 0.00025629784089832336)
('postag_grams-5-21', 0.0002247585669656587)
('character_grams-4-38', 0.00022417725373750685)
('postag_grams-5-23', 0.00021631845468308492)
('postag_grams-5-42', 0.00021224468656113406)
('word_grams-2-47', 0.00021191646313845449)
('word_grams-3-1', 0.00021017242596272457)
('word_grams-2-34', 0.00020997658550060195)
('word_grams-2-41', 0.00020965544948081482)
('postag_grams-5-44', 0.00020658001154025868)
('postag_grams-5-45', 0.00020198113804251853)
('word_grams-2-49', 0.00018281032102577299)
('word_grams-2-35', 0.0001756171881989792)
('postag_grams-5-39', 0.00017327503219623184)
('word_grams-2-36', 0.00016861977881585743)
('word_frequencies-30', 0.00016765049607454912)
('postag_grams-5-12', 0.00016600691455180731)
('word_grams-2-39', 0.00016258303270064498)
('postag_grams-5-32', 0.00016105334223302467)
('word_grams-2-40', 0.00016017052325474141)
('word_grams-2-46', 0.00014205102792129494)
('postag_grams-5-37', 0.00013097135795905559)
('postag_grams-5-22', 0.00012865750616936446)
('word_grams-3-12', 0.00012819103713999897)
('word_grams-3-25', 0.00012774164640359803)
('word_grams-2-29', 0.00012653559728175183)
('postag_grams-4-49', 0.00012208749002221622)
('word_grams-4-13', 0.00010621447195354929)
('word_grams-3-39', 0.00010441042617954375)
('word_grams-2-17', 0.00010246054155212295)
('word_grams-3-15', 9.8477207332551571e-05)
('word_grams-3-36', 9.731643154500416e-05)
('postag_grams-5-19', 9.6749987473877005e-05)
('postag_grams-5-24', 9.3768551201897887e-05)
('postag_grams-5-33', 8.8721408305083272e-05)
('word_grams-3-42', 8.7155997446553685e-05)
('word_grams-2-38', 7.5317842232510308e-05)
('word_grams-3-43', 6.8891458119901946e-05)
('word_grams-4-5', 5.8797455967926034e-05)
('word_grams-3-30', 5.8143527688339465e-05)
('word_grams-2-26', 5.1708287776346047e-05)
('word_grams-2-20', 5.1323579683508582e-05)
('word_grams-4-30', 4.394403799572855e-05)
('word_grams-4-38', 4.3264027053035103e-05)
('word_grams-3-22', 4.3111778744119626e-05)
('word_grams-3-21', 4.3008541618768944e-05)
('word_grams-3-9', 3.8380948308849377e-05)
('word_grams-3-35', 3.7873792393291026e-05)
('word_grams-3-11', 3.5010457633240458e-05)
('word_grams-3-10', 3.4514341598548048e-05)
('word_grams-3-41', 3.4173495065513445e-05)
('word_grams-3-44', 2.7959084710614694e-05)
('word_grams-4-8', 2.727779592671534e-05)
('word_grams-3-7', 2.4776117098386144e-05)
('word_grams-3-34', 2.4308466861032474e-05)
('word_grams-3-40', 2.4135000759773123e-05)
('word_grams-4-35', 2.3688242414782794e-05)
('word_grams-3-4', 2.2876174033855763e-05)
('word_grams-3-18', 1.9613671165723879e-05)
('word_grams-5-45', 1.9517192416808293e-05)
('word_grams-4-23', 1.9466872890766697e-05)
('word_grams-3-8', 1.9431252341398818e-05)
('word_grams-2-27', 1.9392351761242381e-05)
('word_grams-4-43', 1.8933785305027505e-05)
('word_grams-3-48', 1.4659590260727375e-05)
('word_grams-4-3', 1.4000562411501066e-05)
('word_grams-3-5', 1.3426848775685988e-05)
('word_grams-3-29', 1.1592988337174381e-05)
('word_grams-4-37', 1.0231394621638527e-05)
('word_grams-3-46', 9.8806434872859361e-06)
('word_grams-3-45', 9.8640603635995397e-06)
('word_grams-4-26', 9.3746993746993721e-06)
('word_grams-4-6', 8.9208791208791237e-06)
('word_grams-3-49', 8.0861809585213847e-06)
('word_grams-4-2', 4.9102132435465784e-06)
('word_grams-4-28', 4.2964554242749735e-06)
('character_grams-4-50', 0.0)
('word_grams-3-2', 0.0)
('word_grams-3-3', 0.0)
('word_grams-3-6', 0.0)
('word_grams-3-13', 0.0)
('word_grams-3-14', 0.0)
('word_grams-3-16', 0.0)
('word_grams-3-17', 0.0)
('word_grams-3-20', 0.0)
('word_grams-3-23', 0.0)
('word_grams-3-24', 0.0)
('word_grams-3-26', 0.0)
('word_grams-3-27', 0.0)
('word_grams-3-28', 0.0)
('word_grams-3-31', 0.0)
('word_grams-3-32', 0.0)
('word_grams-3-33', 0.0)
('word_grams-3-37', 0.0)
('word_grams-3-38', 0.0)
('word_grams-3-47', 0.0)
('word_grams-3-50', 0.0)
('word_grams-4-1', 0.0)
('word_grams-4-4', 0.0)
('word_grams-4-7', 0.0)
('word_grams-4-9', 0.0)
('word_grams-4-10', 0.0)
('word_grams-4-11', 0.0)
('word_grams-4-12', 0.0)
('word_grams-4-14', 0.0)
('word_grams-4-15', 0.0)
('word_grams-4-16', 0.0)
('word_grams-4-17', 0.0)
('word_grams-4-18', 0.0)
('word_grams-4-19', 0.0)
('word_grams-4-20', 0.0)
('word_grams-4-21', 0.0)
('word_grams-4-22', 0.0)
('word_grams-4-24', 0.0)
('word_grams-4-25', 0.0)
('word_grams-4-27', 0.0)
('word_grams-4-29', 0.0)
('word_grams-4-31', 0.0)
('word_grams-4-32', 0.0)
('word_grams-4-33', 0.0)
('word_grams-4-34', 0.0)
('word_grams-4-36', 0.0)
('word_grams-4-39', 0.0)
('word_grams-4-40', 0.0)
('word_grams-4-41', 0.0)
('word_grams-4-42', 0.0)
('word_grams-4-44', 0.0)
('word_grams-4-45', 0.0)
('word_grams-4-46', 0.0)
('word_grams-4-47', 0.0)
('word_grams-4-48', 0.0)
('word_grams-4-49', 0.0)
('word_grams-4-50', 0.0)
('word_grams-5-1', 0.0)
('word_grams-5-2', 0.0)
('word_grams-5-3', 0.0)
('word_grams-5-4', 0.0)
('word_grams-5-5', 0.0)
('word_grams-5-6', 0.0)
('word_grams-5-7', 0.0)
('word_grams-5-8', 0.0)
('word_grams-5-9', 0.0)
('word_grams-5-10', 0.0)
('word_grams-5-11', 0.0)
('word_grams-5-12', 0.0)
('word_grams-5-13', 0.0)
('word_grams-5-14', 0.0)
('word_grams-5-15', 0.0)
('word_grams-5-16', 0.0)
('word_grams-5-17', 0.0)
('word_grams-5-18', 0.0)
('word_grams-5-19', 0.0)
('word_grams-5-20', 0.0)
('word_grams-5-21', 0.0)
('word_grams-5-22', 0.0)
('word_grams-5-23', 0.0)
('word_grams-5-24', 0.0)
('word_grams-5-25', 0.0)
('word_grams-5-26', 0.0)
('word_grams-5-27', 0.0)
('word_grams-5-28', 0.0)
('word_grams-5-29', 0.0)
('word_grams-5-30', 0.0)
('word_grams-5-31', 0.0)
('word_grams-5-32', 0.0)
('word_grams-5-33', 0.0)
('word_grams-5-34', 0.0)
('word_grams-5-35', 0.0)
('word_grams-5-36', 0.0)
('word_grams-5-37', 0.0)
('word_grams-5-38', 0.0)
('word_grams-5-39', 0.0)
('word_grams-5-40', 0.0)
('word_grams-5-41', 0.0)
('word_grams-5-42', 0.0)
('word_grams-5-43', 0.0)
('word_grams-5-44', 0.0)
('word_grams-5-46', 0.0)
('word_grams-5-47', 0.0)
('word_grams-5-48', 0.0)
('word_grams-5-49', 0.0)
('word_grams-5-50', 0.0)
