("char-4-gram 'for '", 0.012304707681833147)
("char-2-gram 'in'", 0.010567552013049913)
("char-5-gram ' for '", 0.0098494548635195897)
("char-3-gram 'e o'", 0.0096712416504452069)
("special-char-2-gram ',,'", 0.0088710298767333273)
('postag-3-gram "(b\'NOUN\', b\'ADP\', b\'DET\')"', 0.0086379187566423075)
("char-5-gram 'ould '", 0.0080045534749071598)
("char-2-gram 't '", 0.0078855548828104267)
('postag-2-gram "(b\'NOUN\', b\'CONJ\')"', 0.0073957161255732498)
("char-3-gram 'for'", 0.0070053430631279827)
("char-3-gram ' fo'", 0.0062321452330397339)
('postag-3-gram "(b\'DET\', b\'NOUN\', b\'PUNCT\')"', 0.0058206856854185187)
('postag-2-gram "(b\'VERB\', b\'ADJ\')"', 0.0056393447178875464)
('word-1-gram "for"', 0.0055734649727182829)
('postag-4-gram "(b\'VERB\', b\'DET\', b\'ADJ\', b\'NOUN\')"', 0.0055604020290170482)
("char-4-gram ' for'", 0.005383228605802484)
("char-4-gram '. Th'", 0.0049905966629201579)
("char-5-gram 'here '", 0.0049669760361221883)
("char-3-gram 'ng '", 0.0049319388581314863)
("char-3-gram 'or '", 0.0048013616784987828)
("char-3-gram 'and'", 0.004791534426204805)
("special-char-2-gram '.,'", 0.0046001386323508012)
('postag-2-gram "(b\'ADJ\', b\'PUNCT\')"', 0.0045024315604690508)
("char-4-gram 's of'", 0.0043635215064416486)
('postag-4-gram "(b\'PUNCT\', b\'PRON\', b\'AUX\', b\'VERB\')"', 0.0043393718815803381)
('postag-2-gram "(b\'VERB\', b\'NOUN\')"', 0.0043333146676260868)
('postag-3-gram "(b\'NOUN\', b\'PUNCT\', b\'NOUN\')"', 0.0042364770763960021)
("char-3-gram ' re'", 0.0041791092767462382)
("char-5-gram 'and t'", 0.0041777623326745943)
("char-4-gram 's th'", 0.0040920356854923659)
('postag-4-gram "(b\'VERB\', b\'DET\', b\'NOUN\', b\'PUNCT\')"', 0.0039366321159697024)
("char-2-gram 'r '", 0.0039233407097760513)
('word-1-gram "has"', 0.0039046575991464449)
("special-char-3-gram ',,,'", 0.0039029090870834273)
('word-1-gram "will"', 0.0038463760748722771)
('postag-2-gram "(b\'NOUN\', b\'VERB\')"', 0.0037969853593809973)
('postag-2-gram "(b\'ADV\', b\'VERB\')"', 0.0037543223533294985)
('postag-3-gram "(b\'ADP\', b\'NOUN\', b\'PUNCT\')"', 0.0037456745384577615)
('word-1-gram "He"', 0.0037417912170597382)
('postag-3-gram "(b\'ADP\', b\'PRON\', b\'NOUN\')"', 0.0037360629851806372)
("char-4-gram 'his '", 0.0037202623444168546)
('word-1-gram "from"', 0.0036366334287422342)
("char-5-gram 'with '", 0.0036208381435058161)
('postag-3-gram "(b\'PUNCT\', b\'DET\', b\'NOUN\')"', 0.003613459520244599)
("char-2-gram 'or'", 0.0036134411290810998)
("char-3-gram 'e s'", 0.0035797148460348983)
('postag-3-gram "(b\'NOUN\', b\'PUNCT\', b\'CONJ\')"', 0.0034563498867893642)
("special-char-3-gram ',,.'", 0.0034549070282129525)
('postag-3-gram "(b\'NOUN\', b\'NOUN\', b\'ADP\')"', 0.0034369498422225845)
('postag-3-gram "(b\'NOUN\', b\'PUNCT\', b\'VERB\')"', 0.0034343184653830572)
("char-2-gram ' f'", 0.0033729528070153645)
('postag-2-gram "(b\'NUM\', b\'NOUN\')"', 0.003360207787053416)
("char-2-gram ', '", 0.0033426467488098339)
("char-2-gram 'on'", 0.0033113073073277482)
("char-2-gram ' m'", 0.003168881464058968)
("char-4-gram 'ing '", 0.0031645598335010628)
('word-1-gram "have"', 0.0031473597353678323)
("char-4-gram 'e of'", 0.0031398324974564028)
('postag-2-gram "(b\'PRON\', b\'VERB\')"', 0.0031208114396480968)
('postag-3-gram "(b\'NOUN\', b\'ADP\', b\'PROPN\')"', 0.0030959896601563956)
('special-char-2-gram "\'\'"', 0.0030794384049848689)
("char-5-gram ' to t'", 0.0030467991255777676)
('postag-3-gram "(b\'AUX\', b\'VERB\', b\'ADP\')"', 0.0030417051447362746)
('postag-2-gram "(b\'PROPN\', b\'PUNCT\')"', 0.0030109937350039865)
("char-4-gram ' is '", 0.0029929743216796528)
("char-3-gram 'es '", 0.002950146765305469)
("char-2-gram 'nd'", 0.0029497004439974026)
("char-2-gram 'it'", 0.0029390947979564576)
("char-4-gram 'the '", 0.0029284396544652707)
("char-5-gram ' the '", 0.0028970718417718642)
('postag-2-gram "(b\'PUNCT\', b\'CONJ\')"', 0.002882324301820457)
("char-3-gram 'is '", 0.0028695554623800346)
('word-1-gram "It"', 0.0028694672865621253)
('word-1-gram "on"', 0.002843335774598681)
('postag-3-gram "(b\'DET\', b\'ADJ\', b\'NOUN\')"', 0.0028411236363169523)
('postag-3-gram "(b\'PUNCT\', b\'PROPN\', b\'PUNCT\')"', 0.002792881865000344)
("special-char-2-gram '..'", 0.0027546846937740775)
('postag-2-gram "(b\'ADV\', b\'ADJ\')"', 0.0027368679429458)
("char-2-gram ' h'", 0.0027174101114828897)
('postag-2-gram "(b\'PUNCT\', b\'ADP\')"', 0.0027100224329013752)
('word-1-gram "they"', 0.0027066758442662758)
('postag-2-gram "(b\'NOUN\', b\'PUNCT\')"', 0.0026725455987796059)
('postag-3-gram "(b\'ADP\', b\'DET\', b\'ADJ\')"', 0.0026405606420422754)
("char-4-gram ' to '", 0.0026280464292741629)
('postag-2-gram "(b\'NOUN\', b\'AUX\')"', 0.0026119521320721534)
("char-3-gram 'ion'", 0.0026106067218995988)
("char-2-gram 'er'", 0.0026076802408444679)
('postag-2-gram "(b\'PUNCT\', b\'PUNCT\')"', 0.0026033058521847314)
('word-1-gram "in"', 0.0026006955876475869)
("char-3-gram 'her'", 0.0025844364066238707)
("char-3-gram 't t'", 0.0025788820006289914)
("char-2-gram ' p'", 0.0025749974669378472)
("char-5-gram ', and'", 0.0025703144014797303)
('postag-4-gram "(b\'DET\', b\'ADJ\', b\'NOUN\', b\'PUNCT\')"', 0.0025659140516406404)
("char-5-gram 'r the'", 0.0025501966194609984)
("char-3-gram 'he '", 0.002544780296705755)
("char-4-gram ', an'", 0.0025346828045048507)
("char-2-gram 'ed'", 0.0025311917317026177)
('word-1-gram "out"', 0.0025192713687508111)
("char-3-gram 'e a'", 0.0025114294190740553)
("char-3-gram ' th'", 0.0025082290468113428)
("char-3-gram 'nd '", 0.0024917027060217764)
("char-2-gram ' i'", 0.0024819013867885971)
('postag-3-gram "(b\'DET\', b\'NOUN\', b\'ADP\')"', 0.0024813886810096698)
('postag-5-gram "(b\'VERB\', b\'DET\', b\'ADJ\', b\'NOUN\', b\'PUNCT\')"', 0.0024777414450225261)
("char-4-gram ' in '", 0.0024670760851052079)
("char-2-gram 'al'", 0.0024457824798574199)
('postag-2-gram "(b\'DET\', b\'PROPN\')"', 0.0024248753271105769)
("char-5-gram 'n the'", 0.0024181008503278726)
("char-5-gram 't the'", 0.0024165190104323275)
("char-2-gram 'en'", 0.0024142636974432991)
('postag-3-gram "(b\'NOUN\', b\'ADP\', b\'NOUN\')"', 0.0024115976781270646)
("char-2-gram ' c'", 0.0023861581427127949)
('postag-2-gram "(b\'PROPN\', b\'VERB\')"', 0.0023634810036630215)
("char-3-gram 'd t'", 0.0023440879674136491)
('postag-4-gram "(b\'NOUN\', b\'AUX\', b\'VERB\', b\'ADP\')"', 0.0023376044915979052)
("char-4-gram ' of '", 0.0023274086549332253)
("char-5-gram ' in t'", 0.0023239465832095734)
("char-5-gram 's of '", 0.0023237933210335719)
("char-3-gram 'the'", 0.0023224494534094401)
('postag-2-gram "(b\'ADP\', b\'PRON\')"', 0.0023142095495866928)
("char-5-gram 'to th'", 0.0023102174867028953)
('postag-3-gram "(b\'NOUN\', b\'PUNCT\', b\'ADP\')"', 0.0022970344173521202)
("char-4-gram 'ith '", 0.0022838977079197918)
("char-3-gram 'ed '", 0.0022788492061815227)
('postag-2-gram "(b\'AUX\', b\'VERB\')"', 0.002278233296175007)
('postag-4-gram "(b\'DET\', b\'NOUN\', b\'NOUN\', b\'PUNCT\')"', 0.0022668723723517628)
("char-2-gram 'is'", 0.0022614695841934956)
("char-2-gram '. '", 0.0022494455345331826)
('word-1-gram "it"', 0.00223804101141161)
("char-5-gram ' this'", 0.002237547884380632)
("special-char-3-gram ',.,'", 0.0022358365916236734)
("special-char-2-gram ',.'", 0.0022346901040983642)
("char-4-gram ' The'", 0.0022306935906971806)
('postag-2-gram "(b\'PRON\', b\'AUX\')"', 0.0022287674047266003)
("char-3-gram 'f t'", 0.0022171332164302032)
('word-2-gram "(\'in\', \'the\')"', 0.002211492243241357)
("char-3-gram 'er '", 0.0021944680007098881)
('word-1-gram "this"', 0.0021918708401176836)
('word-1-gram "a"', 0.0021854801286569285)
('postag-2-gram "(b\'VERB\', b\'PRON\')"', 0.002181944631019647)
("char-3-gram 'to '", 0.0021765069037356722)
("char-3-gram ' wa'", 0.0021756856900465565)
('postag-3-gram "(b\'VERB\', b\'ADP\', b\'DET\')"', 0.0021729711939603401)
("char-3-gram 'ly '", 0.0021682168369896986)
("char-5-gram 'the c'", 0.0021626408325985673)
("char-4-gram ' the'", 0.0021498854821699314)
('postag-5-gram "(b\'ADP\', b\'DET\', b\'NOUN\', b\'PUNCT\', b\'PRON\')"', 0.0021498064357781334)
("special-char-3-gram '.,,'", 0.0021385279934866331)
("char-5-gram ' from'", 0.002133001642296736)
("char-4-gram 'atio'", 0.0021302196646874835)
("char-5-gram 'ation'", 0.0021256372343075873)
("char-2-gram 'y '", 0.0021230961828176214)
("char-5-gram 'nd th'", 0.0021163051762286716)
("char-3-gram ' to'", 0.0021160441970326351)
("char-5-gram 's the'", 0.002104014522525479)
("char-3-gram 'in '", 0.0021015784177060418)
('postag-5-gram "(b\'PUNCT\', b\'PRON\', b\'VERB\', b\'DET\', b\'NOUN\')"', 0.002092730690416511)
('postag-2-gram "(b\'VERB\', b\'PUNCT\')"', 0.0020898074252947937)
('postag-3-gram "(b\'VERB\', b\'DET\', b\'NOUN\')"', 0.002088876089068251)
('postag-3-gram "(b\'ADP\', b\'DET\', b\'NOUN\')"', 0.0020876176029028682)
("char-2-gram 'an'", 0.0020852366916722072)
('postag-3-gram "(b\'VERB\', b\'DET\', b\'ADJ\')"', 0.0020710641399805576)
('word-1-gram "to"', 0.0020678245589629079)
("char-4-gram 'ere '", 0.0020634895873683072)
('postag-3-gram "(b\'NOUN\', b\'CONJ\', b\'NOUN\')"', 0.0020622515364952976)
('postag-2-gram "(b\'ADV\', b\'PUNCT\')"', 0.0020496860334461658)
("char-3-gram '. \\n'", 0.0020410160170765217)
('postag-2-gram "(b\'ADJ\', b\'NOUN\')"', 0.0020394978852651181)
("char-2-gram 'e '", 0.0020326391808298989)
("char-2-gram 'n '", 0.0020294028774754721)
("char-2-gram 're'", 0.0020272012908731751)
('postag-3-gram "(b\'NOUN\', b\'VERB\', b\'ADP\')"', 0.0020191218143362573)
('postag-5-gram "(b\'NOUN\', b\'ADP\', b\'DET\', b\'NOUN\', b\'PUNCT\')"', 0.0020148110236266939)
('word-1-gram "be"', 0.0020141426934444195)
('postag-3-gram "(b\'PUNCT\', b\'DET\', b\'ADJ\')"', 0.0020134832412748382)
('postag-2-gram "(b\'NOUN\', b\'NOUN\')"', 0.0020125054329316727)
('postag-3-gram "(b\'PRON\', b\'AUX\', b\'VERB\')"', 0.0019850067363878297)
("char-5-gram 'the s'", 0.0019843950428116721)
("char-3-gram 'of '", 0.0019826058687422081)
('postag-2-gram "(b\'PUNCT\', b\'VERB\')"', 0.0019815333869137486)
('word-1-gram "is"', 0.0019795751497221569)
('postag-4-gram "(b\'ADP\', b\'PRON\', b\'NOUN\', b\'PUNCT\')"', 0.0019785556492388934)
('postag-4-gram "(b\'DET\', b\'NOUN\', b\'PUNCT\', b\'PUNCT\')"', 0.001976021286382525)
('postag-3-gram "(b\'ADP\', b\'DET\', b\'PROPN\')"', 0.0019719196829508807)
("char-5-gram ' that'", 0.001962090819053451)
('postag-5-gram "(b\'AUX\', b\'VERB\', b\'ADP\', b\'DET\', b\'NOUN\')"', 0.0019593167845780345)
("char-2-gram ' b'", 0.0019523981031677662)
("char-3-gram ' in'", 0.0019491547046834117)
('postag-4-gram "(b\'NOUN\', b\'ADP\', b\'DET\', b\'NOUN\')"', 0.0019400652257606957)
('postag-2-gram "(b\'PART\', b\'VERB\')"', 0.0019398083402956897)
("char-3-gram ' he'", 0.0019373482336196232)
('word-1-gram "you"', 0.0019321247284742465)
("char-2-gram 'at'", 0.0019275101144185039)
('postag-3-gram "(b\'ADJ\', b\'NOUN\', b\'PUNCT\')"', 0.0019217368957086902)
("char-2-gram 'ou'", 0.0019130657873306851)
("char-2-gram 'he'", 0.0019126404806256922)
('postag-2-gram "(b\'PUNCT\', b\'NUM\')"', 0.0019078664882065848)
("char-3-gram 'hat'", 0.0019011389581566139)
("char-2-gram 'to'", 0.0018997832421778619)
("char-2-gram 'ng'", 0.0018949274376772098)
("char-4-gram 'with'", 0.0018901468020042279)
("char-3-gram 'as '", 0.0018895734427569894)
('postag-2-gram "(b\'PUNCT\', b\'DET\')"', 0.001882006130647965)
('postag-4-gram "(b\'PUNCT\', b\'PUNCT\', b\'PRON\', b\'VERB\')"', 0.0018819100551198658)
('word-1-gram "of"', 0.0018817116746668446)
('word-1-gram "the"', 0.0018812187629372295)
('postag-3-gram "(b\'NOUN\', b\'NOUN\', b\'PUNCT\')"', 0.0018790694669329774)
("char-2-gram ' w'", 0.0018774734149485919)
("char-5-gram 'in th'", 0.0018772405342044815)
("char-5-gram 'o the'", 0.0018731913478967799)
('postag-3-gram "(b\'PUNCT\', b\'NOUN\', b\'PUNCT\')"', 0.001869163344982924)
("char-3-gram ' ha'", 0.0018682013180376649)
('postag-3-gram "(b\'ADP\', b\'NOUN\', b\'ADP\')"', 0.001866384919204182)
('postag-3-gram "(b\'NOUN\', b\'AUX\', b\'VERB\')"', 0.0018657373304091032)
("char-2-gram ' t'", 0.0018603728667619035)
('postag-3-gram "(b\'PRON\', b\'VERB\', b\'DET\')"', 0.0018587761230263551)
('postag-2-gram "(b\'PUNCT\', b\'NOUN\')"', 0.0018576861624233396)
('postag-4-gram "(b\'ADP\', b\'DET\', b\'NOUN\', b\'PUNCT\')"', 0.0018529743028595535)
("char-5-gram 'from '", 0.0018504504182280659)
("char-5-gram 'the p'", 0.0018447209547492608)
('postag-4-gram "(b\'ADJ\', b\'NOUN\', b\'ADP\', b\'DET\')"', 0.0018435638974844942)
("char-4-gram ' tha'", 0.001839261859126037)
("char-3-gram ' co'", 0.001838156443161382)
('postag-4-gram "(b\'NOUN\', b\'PUNCT\', b\'PRON\', b\'VERB\')"', 0.0018336845408176597)
("char-2-gram 'ti'", 0.0018273820990080136)
("char-2-gram 'o '", 0.0018243633411781398)
('postag-2-gram "(b\'DET\', b\'VERB\')"', 0.0018232910627091175)
("char-4-gram 'and '", 0.0018219919458343622)
('postag-3-gram "(b\'PUNCT\', b\'PRON\', b\'VERB\')"', 0.0018164662853020167)
('word-1-gram "all"', 0.001816316785780969)
('postag-2-gram "(b\'ADV\', b\'ADP\')"', 0.0018046222575365059)
('postag-3-gram "(b\'NOUN\', b\'ADP\', b\'PRON\')"', 0.0018044036331245957)
("char-5-gram 't of '", 0.0018041301025821742)
("char-2-gram ' s'", 0.001799655776230886)
('postag-4-gram "(b\'ADJ\', b\'NOUN\', b\'PUNCT\', b\'PUNCT\')"', 0.0017908465798687292)
("char-4-gram 'ther'", 0.0017901212293778489)
("char-3-gram 'n t'", 0.001789949175820145)
("char-2-gram 'd '", 0.0017898787087001393)
('postag-2-gram "(b\'ADP\', b\'NOUN\')"', 0.0017854743948781768)
("char-4-gram ' he '", 0.0017819647151956425)
("char-5-gram 'd the'", 0.0017800730540684559)
('word-2-gram "(\'of\', \'the\')"', 0.001777913368224322)
('postag-2-gram "(b\'VERB\', b\'ADV\')"', 0.0017758277793299179)
("char-4-gram 'in t'", 0.001769621446692465)
('postag-2-gram "(b\'PUNCT\', b\'ADV\')"', 0.0017691885717427988)
('postag-4-gram "(b\'VERB\', b\'DET\', b\'NOUN\', b\'ADP\')"', 0.0017662336385256309)
("char-4-gram 'd th'", 0.0017601351082855666)
("char-4-gram 'that'", 0.0017594316517046376)
("char-3-gram 'at '", 0.0017551602826463295)
("char-4-gram 'e th'", 0.0017547379883931246)
("char-3-gram ' \\n\\n'", 0.001752555525180525)
('postag-2-gram "(b\'PUNCT\', b\'PROPN\')"', 0.0017494627024938487)
('word-1-gram "but"', 0.0017494530542631281)
("char-3-gram 're '", 0.0017478579576853182)
('postag-2-gram "(b\'NUM\', b\'PUNCT\')"', 0.0017455016605223673)
("char-2-gram 'as'", 0.0017451016184908039)
('word-1-gram "he"', 0.0017448893096773607)
("char-4-gram ' as '", 0.0017399626217599786)
('postag-3-gram "(b\'DET\', b\'NOUN\', b\'VERB\')"', 0.0017248882087512454)
("char-3-gram ' a '", 0.0017200697978937409)
('postag-2-gram "(b\'VERB\', b\'PART\')"', 0.0017087043120648628)
("char-3-gram 'ing'", 0.0017064768247701855)
("char-4-gram ' wit'", 0.0017003952751557488)
("char-2-gram 'st'", 0.0016944630346036398)
('word-1-gram "with"', 0.0016928749783077324)
('word-1-gram "that"', 0.0016830839151766286)
("char-4-gram 'her '", 0.0016812953222923896)
('postag-2-gram "(b\'ADP\', b\'PROPN\')"', 0.0016811521850048972)
("char-5-gram ' with'", 0.0016793896285340279)
('postag-2-gram "(b\'DET\', b\'ADJ\')"', 0.0016755737318369685)
('postag-4-gram "(b\'ADP\', b\'DET\', b\'ADJ\', b\'NOUN\')"', 0.0016755675665533348)
('word-1-gram "and"', 0.0016755244353893035)
('postag-4-gram "(b\'PRON\', b\'VERB\', b\'DET\', b\'NOUN\')"', 0.0016738593743081266)
('word-1-gram "are"', 0.0016691457462246109)
('postag-2-gram "(b\'VERB\', b\'ADP\')"', 0.0016671343637055449)
("char-4-gram ' his'", 0.0016662905026088048)
('postag-3-gram "(b\'PUNCT\', b\'PUNCT\', b\'PUNCT\')"', 0.0016606923502940779)
('word-1-gram "at"', 0.0016586533692169851)
("char-5-gram ' and '", 0.0016559327404923111)
('word-1-gram "I"', 0.0016557021083652402)
("char-4-gram '. \\n\\n'", 0.0016551539534839419)
("char-2-gram 'ar'", 0.0016543924916861783)
("char-2-gram 'es'", 0.0016506087811357254)
("char-3-gram ' an'", 0.001645114366038651)
("char-3-gram 'e t'", 0.0016407017288548062)
("char-2-gram 'nt'", 0.0016383687373561614)
("char-5-gram ' The '", 0.0016350802337247727)
("char-2-gram ' o'", 0.0016324237023660195)
("char-2-gram 'of'", 0.0016309995482174653)
("char-2-gram ' a'", 0.0016228657212901043)
('word-1-gram "an"', 0.0016171189109866239)
('postag-2-gram "(b\'VERB\', b\'DET\')"', 0.001616554639682675)
('word-1-gram "as"', 0.0016108878826660924)
("char-5-gram 'that '", 0.0015994835526544193)
('postag-2-gram "(b\'PUNCT\', b\'PRON\')"', 0.0015968553457451793)
("special-char-3-gram '.,.'", 0.0015895869268602377)
("char-2-gram 's '", 0.0015878821827396048)
('postag-4-gram "(b\'ADJ\', b\'NOUN\', b\'PUNCT\', b\'DET\')"', 0.0015860041254904943)
('postag-3-gram "(b\'VERB\', b\'PART\', b\'VERB\')"', 0.0015842122791423013)
('word-1-gram "not"', 0.0015834209375813089)
("char-3-gram ' of'", 0.0015824570862212561)
("char-2-gram 'te'", 0.0015745762721395538)
('postag-2-gram "(b\'ADP\', b\'DET\')"', 0.0015704267327261213)
('postag-3-gram "(b\'NOUN\', b\'PUNCT\', b\'PRON\')"', 0.0015700464581614073)
('word-1-gram "or"', 0.0015695052306166058)
('word-1-gram "his"', 0.0015627484576250048)
('word-2-gram "(\'and\', \'the\')"', 0.0015568021391790629)
("char-2-gram 'ha'", 0.0015505289652998765)
('postag-2-gram "(b\'NOUN\', b\'ADP\')"', 0.0015504921918680788)
('postag-2-gram "(b\'PRON\', b\'NOUN\')"', 0.0015482640432714868)
('word-1-gram "more"', 0.0015461887646099804)
("char-3-gram 's a'", 0.0015425325466592072)
("char-2-gram 'f '", 0.0015421601756845291)
("char-4-gram ' and'", 0.0015407508830355041)
('postag-4-gram "(b\'PUNCT\', b\'DET\', b\'NOUN\', b\'VERB\')"', 0.001540129099004422)
('postag-2-gram "(b\'DET\', b\'NOUN\')"', 0.0015276814430971396)
("char-5-gram 's and'", 0.0015267262525459349)
("char-5-gram ' are '", 0.0015247490275396795)
("char-5-gram 'e the'", 0.0015135645975141922)
("char-4-gram 'he s'", 0.0015112126561630892)
("char-3-gram 'on '", 0.0015047055576761655)
("char-3-gram 'ent'", 0.0014974360525337122)
('postag-5-gram "(b\'DET\', b\'NOUN\', b\'ADP\', b\'NOUN\', b\'PUNCT\')"', 0.001491254426345058)
("char-5-gram 'at th'", 0.0014911085379590292)
("char-4-gram ' was'", 0.0014791886953265795)
("char-5-gram 'e of '", 0.0014734340380444216)
("char-4-gram 'n th'", 0.0014698386490730709)
("char-5-gram ' of t'", 0.0014683417549783378)
("char-2-gram 'th'", 0.0014674077327906339)
('postag-3-gram "(b\'ADJ\', b\'NOUN\', b\'ADP\')"', 0.0014652537330130822)
('word-1-gram "him"', 0.0014604838508457383)
("char-4-gram 'hat '", 0.0014552310827319909)
('postag-2-gram "(b\'PROPN\', b\'PROPN\')"', 0.0014516413120519989)
("char-3-gram 'en '", 0.0014220410089229286)
("char-3-gram ' be'", 0.001419783723500135)
('postag-3-gram "(b\'PRON\', b\'NOUN\', b\'PUNCT\')"', 0.0014177671905600384)
('postag-3-gram "(b\'PROPN\', b\'PROPN\', b\'PUNCT\')"', 0.0014134501676076347)
('postag-3-gram "(b\'DET\', b\'NOUN\', b\'NOUN\')"', 0.0014103388236514395)
('postag-4-gram "(b\'VERB\', b\'ADP\', b\'DET\', b\'ADJ\')"', 0.0014075725121975016)
("char-4-gram 't th'", 0.0014054087404802335)
("char-5-gram ' not '", 0.0014047074949288983)
("char-5-gram 'of th'", 0.0014034315416984349)
('postag-4-gram "(b\'DET\', b\'NOUN\', b\'ADP\', b\'DET\')"', 0.0013971158678063944)
("char-4-gram 'f th'", 0.00139497186888725)
("char-3-gram 'tio'", 0.0013818677162536425)
("char-4-gram 'The '", 0.0013758085171537485)
('postag-3-gram "(b\'NOUN\', b\'PUNCT\', b\'PUNCT\')"', 0.0013645095434506799)
("char-4-gram 'of t'", 0.0013633472089698286)
("char-5-gram 'ing t'", 0.0013514363762919541)
('postag-4-gram "(b\'DET\', b\'ADJ\', b\'NOUN\', b\'ADP\')"', 0.0013501471795367309)
('word-2-gram "(\'at\', \'the\')"', 0.001344617018775423)
("char-5-gram ', the'", 0.0013431453394264336)
('postag-2-gram "(b\'ADP\', b\'NUM\')"', 0.0013393923319028383)
("char-4-gram 'tion'", 0.0013390918643971272)
('postag-2-gram "(b\'ADP\', b\'ADJ\')"', 0.001328621001085973)
('postag-3-gram "(b\'NOUN\', b\'PUNCT\', b\'DET\')"', 0.0013151917014265586)
("char-5-gram ' his '", 0.0013036732511030368)
('word-1-gram "we"', 0.001297629187536173)
('postag-4-gram "(b\'AUX\', b\'VERB\', b\'ADP\', b\'DET\')"', 0.0012975977899541988)
('word-2-gram "(\'of\', \'his\')"', 0.0012929752371370119)
('postag-5-gram "(b\'ADP\', b\'DET\', b\'ADJ\', b\'NOUN\', b\'PUNCT\')"', 0.0012860342966926252)
('postag-4-gram "(b\'DET\', b\'NOUN\', b\'ADP\', b\'NOUN\')"', 0.0012853923447505968)
('postag-4-gram "(b\'NOUN\', b\'ADP\', b\'NOUN\', b\'PUNCT\')"', 0.0012797163605393165)
('postag-4-gram "(b\'NOUN\', b\'ADP\', b\'DET\', b\'ADJ\')"', 0.001279234296713471)
('postag-4-gram "(b\'PUNCT\', b\'PUNCT\', b\'PUNCT\', b\'PUNCT\')"', 0.0012602585834255225)
("char-5-gram 'tion '", 0.0012561242364255256)
('postag-3-gram "(b\'PROPN\', b\'PUNCT\', b\'PROPN\')"', 0.001252076315048752)
('word-1-gram "can"', 0.0012517326677821835)
('postag-5-gram "(b\'VERB\', b\'ADP\', b\'DET\', b\'ADJ\', b\'NOUN\')"', 0.0012474043466220019)
('word-1-gram "was"', 0.0012382917455307926)
('word-2-gram "(\'to\', \'the\')"', 0.0012356570664993126)
('word-1-gram "her"', 0.0012252816689279926)
('postag-4-gram "(b\'ADP\', b\'DET\', b\'NOUN\', b\'ADP\')"', 0.0012231876743460323)
("char-5-gram 'ther '", 0.0012141160090197768)
('postag-4-gram "(b\'PUNCT\', b\'DET\', b\'ADJ\', b\'NOUN\')"', 0.0012112319007403056)
('postag-3-gram "(b\'PUNCT\', b\'PUNCT\', b\'PROPN\')"', 0.0012031892645526104)
('postag-3-gram "(b\'PUNCT\', b\'ADP\', b\'DET\')"', 0.0012010513530938136)
("char-4-gram 'was '", 0.0011983124787676254)
('postag-5-gram "(b\'NOUN\', b\'PUNCT\', b\'PRON\', b\'AUX\', b\'VERB\')"', 0.0011967175763124989)
("char-5-gram 'd to '", 0.0011914488107115163)
("char-5-gram 'f the'", 0.00117940899959566)
("char-4-gram 'ion '", 0.0011741885054446463)
('word-2-gram "(\'to\', \'be\')"', 0.0011707388253103153)
('postag-4-gram "(b\'VERB\', b\'ADP\', b\'DET\', b\'NOUN\')"', 0.0011695056952749036)
('word-1-gram "been"', 0.0011668451672083554)
("char-4-gram 'ed t'", 0.0011592462586995894)
("char-5-gram ' was '", 0.0011570107565559114)
('postag-5-gram "(b\'ADJ\', b\'NOUN\', b\'ADP\', b\'DET\', b\'NOUN\')"', 0.0010973842358054724)
("char-4-gram 'ent '", 0.0010966678009559055)
('word-1-gram "The"', 0.0010886081920065413)
('word-1-gram "one"', 0.0010877883315164264)
('word-2-gram "(\'all\', \'the\')"', 0.0010841064041919068)
('postag-4-gram "(b\'PUNCT\', b\'ADP\', b\'DET\', b\'NOUN\')"', 0.0010754873800463479)
('postag-3-gram "(b\'ADJ\', b\'NOUN\', b\'VERB\')"', 0.0010712454832186903)
('word-2-gram "(\'will\', \'be\')"', 0.0010670605408870171)
('postag-5-gram "(b\'NOUN\', b\'PUNCT\', b\'DET\', b\'ADJ\', b\'NOUN\')"', 0.0010654160453656945)
('word-1-gram "would"', 0.0010418518242537012)
('word-1-gram "had"', 0.0010322724505993149)
('postag-3-gram "(b\'ADP\', b\'ADJ\', b\'NOUN\')"', 0.0010232336608335655)
("char-5-gram '. The'", 0.0010226253717413119)
('postag-5-gram "(b\'VERB\', b\'ADP\', b\'DET\', b\'NOUN\', b\'PUNCT\')"', 0.0010162312929337947)
('word-1-gram "were"', 0.0010118967752595239)
('postag-5-gram "(b\'VERB\', b\'DET\', b\'NOUN\', b\'ADP\', b\'NOUN\')"', 0.0010092550434537058)
('word-2-gram "(\'on\', \'the\')"', 0.0010038420494410611)
('postag-4-gram "(b\'NOUN\', b\'PUNCT\', b\'PUNCT\', b\'PUNCT\')"', 0.0010032180010328359)
('postag-4-gram "(b\'NOUN\', b\'PUNCT\', b\'DET\', b\'NOUN\')"', 0.0010008280208024911)
('postag-5-gram "(b\'DET\', b\'ADJ\', b\'NOUN\', b\'ADP\', b\'DET\')"', 0.00098999900476155474)
('postag-4-gram "(b\'ADJ\', b\'NOUN\', b\'ADP\', b\'NOUN\')"', 0.00098901118841207753)
('word-3-gram "(\'it\', \'is\', \'a\')"', 0.00098617306003249625)
('postag-5-gram "(b\'ADP\', b\'DET\', b\'NOUN\', b\'ADP\', b\'DET\')"', 0.00096416910172769557)
('postag-4-gram "(b\'DET\', b\'NOUN\', b\'PUNCT\', b\'DET\')"', 0.00096270361957759667)
('postag-5-gram "(b\'DET\', b\'NOUN\', b\'ADP\', b\'DET\', b\'NOUN\')"', 0.00095713380552449887)
('word-2-gram "(\'it\', \'was\')"', 0.00094273628263950263)
('postag-4-gram "(b\'NOUN\', b\'ADP\', b\'PRON\', b\'NOUN\')"', 0.00094204385245322264)
('word-2-gram "(\'it\', \'is\')"', 0.0009144461041110791)
('word-1-gram "who"', 0.00091321123609069531)
('postag-4-gram "(b\'ADP\', b\'DET\', b\'NOUN\', b\'NOUN\')"', 0.00090457684661544749)
("char-5-gram ' had '", 0.00089638207265936023)
('postag-5-gram "(b\'DET\', b\'NOUN\', b\'PUNCT\', b\'PRON\', b\'VERB\')"', 0.00088379220225783201)
("char-4-gram 'ted '", 0.00088306985245962773)
('postag-4-gram "(b\'NOUN\', b\'PUNCT\', b\'ADP\', b\'DET\')"', 0.00088081824897789799)
('word-1-gram "their"', 0.00088062088285372517)
('postag-4-gram "(b\'PART\', b\'VERB\', b\'DET\', b\'NOUN\')"', 0.00087993990167477786)
('postag-5-gram "(b\'ADP\', b\'DET\', b\'ADJ\', b\'NOUN\', b\'ADP\')"', 0.00087355958403024462)
('word-2-gram "(\'of\', \'a\')"', 0.00086879587142185688)
('word-2-gram "(\'for\', \'a\')"', 0.00086729829192358412)
('postag-5-gram "(b\'NOUN\', b\'ADP\', b\'PRON\', b\'NOUN\', b\'PUNCT\')"', 0.00085434409373384755)
('postag-4-gram "(b\'ADP\', b\'ADJ\', b\'NOUN\', b\'PUNCT\')"', 0.00085201366015993777)
('postag-3-gram "(b\'NOUN\', b\'ADP\', b\'ADJ\')"', 0.00084313685654386554)
('word-2-gram "(\'for\', \'the\')"', 0.00082368962630349405)
('word-1-gram "by"', 0.00081982120742951625)
('postag-4-gram "(b\'DET\', b\'NOUN\', b\'AUX\', b\'VERB\')"', 0.00081644068507817505)
('word-2-gram "(\'is\', \'the\')"', 0.00080965443489267237)
('word-2-gram "(\'is\', \'a\')"', 0.0008007206799792412)
('postag-5-gram "(b\'VERB\', b\'DET\', b\'ADJ\', b\'NOUN\', b\'ADP\')"', 0.00079661670786312141)
('word-2-gram "(\'out\', \'of\')"', 0.00078288088487056139)
('postag-4-gram "(b\'PUNCT\', b\'DET\', b\'NOUN\', b\'ADP\')"', 0.00077006363538869433)
("char-4-gram ' con'", 0.00076883914183712484)
('word-2-gram "(\'from\', \'the\')"', 0.00074338060559349839)
('postag-5-gram "(b\'VERB\', b\'DET\', b\'NOUN\', b\'ADP\', b\'DET\')"', 0.00072618205609904383)
('postag-4-gram "(b\'NOUN\', b\'ADP\', b\'ADJ\', b\'NOUN\')"', 0.00071713231680418379)
('postag-5-gram "(b\'PUNCT\', b\'PUNCT\', b\'PUNCT\', b\'PUNCT\', b\'PUNCT\')"', 0.00070242979464736307)
('word-2-gram "(\'in\', \'this\')"', 0.00070033824213221532)
('postag-5-gram "(b\'PUNCT\', b\'ADP\', b\'DET\', b\'ADJ\', b\'NOUN\')"', 0.00069649221480579018)
('postag-4-gram "(b\'PUNCT\', b\'PUNCT\', b\'PUNCT\', b\'PRON\')"', 0.00069257539373928951)
('word-2-gram "(\'was\', \'the\')"', 0.00068654746784024628)
('word-2-gram "(\'of\', \'this\')"', 0.00068457300731861767)
('postag-4-gram "(b\'ADP\', b\'NOUN\', b\'ADP\', b\'DET\')"', 0.00068205927137168732)
('word-2-gram "(\'with\', \'a\')"', 0.00068199944313530251)
('word-2-gram "(\'in\', \'a\')"', 0.00068151395974433188)
('word-2-gram "(\'with\', \'the\')"', 0.00067691242247895438)
('postag-5-gram "(b\'ADP\', b\'DET\', b\'NOUN\', b\'NOUN\', b\'PUNCT\')"', 0.00064846427134468518)
('postag-4-gram "(b\'NOUN\', b\'ADP\', b\'NOUN\', b\'ADP\')"', 0.00063783859929916341)
('postag-5-gram "(b\'ADP\', b\'DET\', b\'NOUN\', b\'ADP\', b\'NOUN\')"', 0.00063129039163508022)
('postag-5-gram "(b\'ADJ\', b\'NOUN\', b\'ADP\', b\'NOUN\', b\'PUNCT\')"', 0.0006287256671751952)
('postag-5-gram "(b\'ADP\', b\'DET\', b\'NOUN\', b\'PUNCT\', b\'PUNCT\')"', 0.00062690055648185821)
('word-2-gram "(\'on\', \'a\')"', 0.00061133229049338122)
('postag-5-gram "(b\'NOUN\', b\'ADP\', b\'DET\', b\'ADJ\', b\'NOUN\')"', 0.00061068061767104382)
('postag-5-gram "(b\'NOUN\', b\'ADP\', b\'DET\', b\'NOUN\', b\'ADP\')"', 0.00060927305880774992)
('postag-4-gram "(b\'DET\', b\'NOUN\', b\'ADP\', b\'ADJ\')"', 0.00057682641988772334)
('postag-5-gram "(b\'VERB\', b\'ADP\', b\'DET\', b\'NOUN\', b\'ADP\')"', 0.0005634240860054651)
('postag-5-gram "(b\'NOUN\', b\'ADP\', b\'DET\', b\'NOUN\', b\'NOUN\')"', 0.00053582880493197233)
('postag-5-gram "(b\'ADP\', b\'NOUN\', b\'ADP\', b\'DET\', b\'NOUN\')"', 0.00053118558588307143)
('word-2-gram "(\'the\', \'same\')"', 0.00052918046393153043)
('postag-5-gram "(b\'DET\', b\'NOUN\', b\'ADP\', b\'DET\', b\'ADJ\')"', 0.00052482449198552157)
('word-2-gram "(\'and\', \'a\')"', 0.00051099657539104676)
('word-2-gram "(\'was\', \'a\')"', 0.00050360174816356908)
('postag-4-gram "(b\'NOUN\', b\'VERB\', b\'ADP\', b\'DET\')"', 0.00049927000539511579)
('postag-5-gram "(b\'DET\', b\'NOUN\', b\'ADP\', b\'ADJ\', b\'NOUN\')"', 0.00049924326620387136)
('postag-5-gram "(b\'DET\', b\'NOUN\', b\'PUNCT\', b\'DET\', b\'NOUN\')"', 0.00049515687755060593)
('postag-5-gram "(b\'NOUN\', b\'PUNCT\', b\'DET\', b\'NOUN\', b\'VERB\')"', 0.00048723221698323394)
('postag-5-gram "(b\'DET\', b\'ADJ\', b\'NOUN\', b\'ADP\', b\'NOUN\')"', 0.00048511015641887928)
('word-2-gram "(\'one\', \'of\')"', 0.00048419601618351042)
('word-3-gram "(\'one\', \'of\', \'the\')"', 0.00045748620034032246)
('postag-5-gram "(b\'ADJ\', b\'NOUN\', b\'ADP\', b\'DET\', b\'ADJ\')"', 0.00045616769611883976)
('postag-5-gram "(b\'PUNCT\', b\'DET\', b\'NOUN\', b\'ADP\', b\'DET\')"', 0.00045587724695222759)
('word-2-gram "(\'have\', \'been\')"', 0.00045442983119694066)
('word-3-gram "(\'to\', \'be\', \'a\')"', 0.00045298250550764518)
('word-2-gram "(\'there\', \'is\')"', 0.00045207308417800603)
('postag-4-gram "(b\'NOUN\', b\'ADP\', b\'DET\', b\'PROPN\')"', 0.00044561668105257834)
('word-2-gram "(\'to\', \'a\')"', 0.00043832694166982963)
('postag-5-gram "(b\'ADP\', b\'DET\', b\'NOUN\', b\'PUNCT\', b\'DET\')"', 0.00043167397035648108)
('word-2-gram "(\'as\', \'a\')"', 0.00041954741870035617)
('word-2-gram "(\'by\', \'the\')"', 0.00039880934151195307)
('word-2-gram "(\'the\', \'first\')"', 0.00039652690641916094)
('postag-5-gram "(b\'NOUN\', b\'ADP\', b\'NOUN\', b\'ADP\', b\'DET\')"', 0.00038907425716296735)
('postag-5-gram "(b\'NOUN\', b\'PUNCT\', b\'DET\', b\'NOUN\', b\'ADP\')"', 0.00038446934656070073)
('word-2-gram "(\'is\', \'not\')"', 0.00038098667278194451)
('postag-5-gram "(b\'NOUN\', b\'ADP\', b\'ADJ\', b\'NOUN\', b\'PUNCT\')"', 0.00037635713323762304)
('postag-5-gram "(b\'NOUN\', b\'PUNCT\', b\'ADP\', b\'DET\', b\'NOUN\')"', 0.00037123065659045503)
('postag-5-gram "(b\'NOUN\', b\'ADP\', b\'DET\', b\'NOUN\', b\'VERB\')"', 0.00036209442624900845)
('word-2-gram "(\'would\', \'be\')"', 0.00033109376773732334)
('word-2-gram "(\'that\', \'the\')"', 0.00032423009537805078)
('word-3-gram "(\'in\', \'the\', \'world\')"', 0.00031992148774612471)
('postag-5-gram "(b\'PUNCT\', b\'PUNCT\', b\'PUNCT\', b\'PRON\', b\'VERB\')"', 0.00030741773550548425)
('postag-4-gram "(b\'PUNCT\', b\'PUNCT\', b\'PUNCT\', b\'PROPN\')"', 0.00030712633934595093)
('postag-5-gram "(b\'NOUN\', b\'NOUN\', b\'ADP\', b\'DET\', b\'NOUN\')"', 0.00030038326381862129)
('word-3-gram "(\'the\', \'use\', \'of\')"', 0.00029469018928152748)
('postag-5-gram "(b\'PUNCT\', b\'ADP\', b\'DET\', b\'NOUN\', b\'ADP\')"', 0.00029425264749914268)
('postag-5-gram "(b\'NOUN\', b\'VERB\', b\'ADP\', b\'DET\', b\'NOUN\')"', 0.00025847062006254483)
('word-2-gram "(\'in\', \'his\')"', 0.00025580223686009866)
('word-3-gram "(\'there\', \'is\', \'a\')"', 0.0002473628640543605)
('postag-5-gram "(b\'ADJ\', b\'NOUN\', b\'PUNCT\', b\'DET\', b\'NOUN\')"', 0.00024082346120319898)
('word-2-gram "(\'has\', \'been\')"', 0.00023694107123222482)
('word-1-gram "which"', 0.00023559896974943294)
('word-2-gram "(\'into\', \'the\')"', 0.00022621688598587226)
('word-2-gram "(\'can\', \'be\')"', 0.00021996564676991998)
('word-3-gram "(\'of\', \'the\', \'most\')"', 0.0002191192709752212)
('word-2-gram "(\'there\', \'was\')"', 0.00020171612599961881)
('word-3-gram "(\'it\', \'was\', \'a\')"', 0.00019394982921938571)
('word-4-gram "(\'was\', \'one\', \'of\', \'the\')"', 0.00017613947209783805)
('word-2-gram "(\'may\', \'be\')"', 0.0001559763366489444)
('word-2-gram "(\'that\', \'he\')"', 0.00014982676818075377)
('word-2-gram "(\'he\', \'was\')"', 0.00014793279252895807)
('word-3-gram "(\'that\', \'it\', \'was\')"', 0.00012855217536843002)
('word-4-gram "(\'to\', \'be\', \'able\', \'to\')"', 0.00012555284371226392)
('word-3-gram "(\'it\', \'is\', \'not\')"', 0.00012226879460720057)
('word-3-gram "(\'some\', \'of\', \'the\')"', 0.00011314577837334371)
('word-4-gram "(\'one\', \'of\', \'the\', \'most\')"', 0.00011091116601166182)
('word-3-gram "(\'the\', \'rest\', \'of\')"', 0.00010901725496547)
('word-3-gram "(\'that\', \'it\', \'is\')"', 9.5534604196784344e-05)
('word-3-gram "(\'on\', \'the\', \'other\')"', 8.8862811847949616e-05)
('word-3-gram "(\'most\', \'of\', \'the\')"', 8.8821948283217909e-05)
('word-3-gram "(\'the\', \'end\', \'of\')"', 8.8510768342617535e-05)
('word-3-gram "(\'to\', \'be\', \'the\')"', 8.2449348781856799e-05)
('word-3-gram "(\'there\', \'was\', \'a\')"', 8.224258723259777e-05)
('word-3-gram "(\'end\', \'of\', \'the\')"', 8.0112523748336348e-05)
('word-4-gram "(\'in\', \'front\', \'of\', \'the\')"', 7.6717629574887141e-05)
('word-2-gram "(\'as\', \'the\')"', 7.2228175920871187e-05)
('word-3-gram "(\'side\', \'of\', \'the\')"', 6.9803612489961604e-05)
('word-2-gram "(\'had\', \'been\')"', 6.9706617923382817e-05)
('word-3-gram "(\'it\', \'is\', \'the\')"', 6.8781499788384321e-05)
('word-3-gram "(\'because\', \'of\', \'the\')"', 6.8524342614219151e-05)
('word-4-gram "(\'the\', \'side\', \'of\', \'the\')"', 6.6717117694739078e-05)
('word-4-gram "(\'at\', \'the\', \'end\', \'of\')"', 6.5035751197378854e-05)
('word-3-gram "(\'in\', \'front\', \'of\')"', 6.4365283259472774e-05)
('word-3-gram "(\'out\', \'of\', \'the\')"', 6.1128648656707057e-05)
('word-5-gram "(\'the\', \'other\', \'end\', \'of\', \'the\')"', 5.4918157600328992e-05)
('word-3-gram "(\'it\', \'would\', \'be\')"', 5.0866982117857157e-05)
('word-4-gram "(\'the\', \'rest\', \'of\', \'the\')"', 4.9750749124681243e-05)
('word-3-gram "(\'part\', \'of\', \'the\')"', 4.2032438903449683e-05)
('word-3-gram "(\'he\', \'was\', \'a\')"', 3.3568960740026625e-05)
('word-5-gram "(\'the\', \'other\', \'side\', \'of\', \'the\')"', 2.3499091597170681e-05)
('word-4-gram "(\'on\', \'the\', \'part\', \'of\')"', 2.3002872456701937e-05)
('word-4-gram "(\'the\', \'end\', \'of\', \'the\')"', 2.2372745631470296e-05)
("char-4-gram ' `` '", 0.0)
('word-2-gram "(\'he\', \'had\')"', 0.0)
('word-3-gram "(\'the\', \'united\', \'states\')"', 0.0)
('word-3-gram "(\'as\', \'well\', \'as\')"', 0.0)
('word-3-gram "(\'the\', \'fact\', \'that\')"', 0.0)
('word-3-gram "(\'there\', \'was\', \'no\')"', 0.0)
('word-3-gram "(\'of\', \'the\', \'united\')"', 0.0)
('word-3-gram "(\'a\', \'number\', \'of\')"', 0.0)
('word-3-gram "(\'in\', \'order\', \'to\')"', 0.0)
('word-3-gram "(\'members\', \'of\', \'the\')"', 0.0)
('word-3-gram "(\'of\', \'the\', \'new\')"', 0.0)
('word-3-gram "(\'there\', \'is\', \'no\')"', 0.0)
('word-3-gram "(\'the\', \'number\', \'of\')"', 0.0)
('word-3-gram "(\'and\', \'in\', \'the\')"', 0.0)
('word-3-gram "(\'he\', \'did\', \'not\')"', 0.0)
('word-3-gram "(\'at\', \'the\', \'same\')"', 0.0)
('word-3-gram "(\'that\', \'he\', \'had\')"', 0.0)
('word-3-gram "(\'that\', \'he\', \'was\')"', 0.0)
('word-3-gram "(\'it\', \'was\', \'the\')"', 0.0)
('word-3-gram "(\'the\', \'same\', \'time\')"', 0.0)
('word-3-gram "(\'he\', \'had\', \'been\')"', 0.0)
('word-3-gram "(\'in\', \'the\', \'first\')"', 0.0)
('word-3-gram "(\'back\', \'to\', \'the\')"', 0.0)
('word-3-gram "(\'can\', \'not\', \'be\')"', 0.0)
('word-3-gram "(\'a\', \'matter\', \'of\')"', 0.0)
('word-4-gram "(\'of\', \'the\', \'united\', \'states\')"', 0.0)
('word-4-gram "(\'at\', \'the\', \'same\', \'time\')"', 0.0)
('word-4-gram "(\'in\', \'the\', \'united\', \'states\')"', 0.0)
('word-4-gram "(\'on\', \'the\', \'other\', \'hand\')"', 0.0)
('word-4-gram "(\'on\', \'the\', \'basis\', \'of\')"', 0.0)
('word-4-gram "(\'as\', \'well\', \'as\', \'the\')"', 0.0)
('word-4-gram "(\'is\', \'one\', \'of\', \'the\')"', 0.0)
('word-4-gram "(\'for\', \'the\', \'first\', \'time\')"', 0.0)
('word-4-gram "(\'the\', \'united\', \'states\', \'and\')"', 0.0)
('word-4-gram "(\'per\', \'cent\', \'of\', \'the\')"', 0.0)
('word-4-gram "(\'the\', \'fact\', \'that\', \'the\')"', 0.0)
('word-4-gram "(\'the\', \'center\', \'of\', \'the\')"', 0.0)
('word-4-gram "(\'as\', \'a\', \'result\', \'of\')"', 0.0)
('word-4-gram "(\'a\', \'member\', \'of\', \'the\')"', 0.0)
('word-4-gram "(\'the\', \'united\', \'states\', \'of\')"', 0.0)
('word-4-gram "(\'united\', \'states\', \'of\', \'america\')"', 0.0)
('word-4-gram "(\'in\', \'the\', \'case\', \'of\')"', 0.0)
('word-4-gram "(\'at\', \'the\', \'time\', \'of\')"', 0.0)
('word-4-gram "(\'the\', \'government\', \'of\', \'the\')"', 0.0)
('word-4-gram "(\'the\', \'top\', \'of\', \'the\')"', 0.0)
('word-4-gram "(\'in\', \'the\', \'first\', \'place\')"', 0.0)
('word-4-gram "(\'in\', \'addition\', \'to\', \'the\')"', 0.0)
('word-4-gram "(\'on\', \'the\', \'other\', \'side\')"', 0.0)
('word-4-gram "(\'in\', \'the\', \'form\', \'of\')"', 0.0)
('word-4-gram "(\'government\', \'of\', \'the\', \'united\')"', 0.0)
('word-4-gram "(\'from\', \'time\', \'to\', \'time\')"', 0.0)
('word-4-gram "(\'in\', \'the\', \'middle\', \'of\')"', 0.0)
('word-4-gram "(\'in\', \'the\', \'face\', \'of\')"', 0.0)
('word-4-gram "(\'with\', \'respect\', \'to\', \'the\')"', 0.0)
('word-4-gram "(\'was\', \'going\', \'to\', \'be\')"', 0.0)
('word-4-gram "(\'turned\', \'out\', \'to\', \'be\')"', 0.0)
('word-4-gram "(\'the\', \'use\', \'of\', \'the\')"', 0.0)
('word-4-gram "(\'the\', \'secretary\', \'of\', \'the\')"', 0.0)
('word-4-gram "(\'the\', \'nature\', \'of\', \'the\')"', 0.0)
('word-4-gram "(\'the\', \'middle\', \'of\', \'the\')"', 0.0)
('word-4-gram "(\'the\', \'edge\', \'of\', \'the\')"', 0.0)
('word-4-gram "(\'of\', \'the\', \'new\', \'york\')"', 0.0)
('word-4-gram "(\'the\', \'editor\', \'of\', \'the\')"', 0.0)
('word-4-gram "(\'for\', \'the\', \'most\', \'part\')"', 0.0)
('word-4-gram "(\'as\', \'a\', \'matter\', \'of\')"', 0.0)
('word-4-gram "(\'of\', \'the\', \'fact\', \'that\')"', 0.0)
('word-5-gram "(\'at\', \'the\', \'end\', \'of\', \'the\')"', 0.0)
('word-5-gram "(\'the\', \'united\', \'states\', \'of\', \'america\')"', 0.0)
('word-5-gram "(\'the\', \'government\', \'of\', \'the\', \'united\')"', 0.0)
('word-5-gram "(\'government\', \'of\', \'the\', \'united\', \'states\')"', 0.0)
('word-5-gram "(\'of\', \'the\', \'united\', \'states\', \'of\')"', 0.0)
('word-5-gram "(\'to\', \'the\', \'editor\', \'of\', \'the\')"', 0.0)
('word-5-gram "(\'as\', \'a\', \'matter\', \'of\', \'fact\')"', 0.0)
('word-5-gram "(\'on\', \'the\', \'part\', \'of\', \'the\')"', 0.0)
('word-5-gram "(\'john\', \'a\', \'notte\', \'jr\', \'governor\')"', 0.0)
('word-5-gram "(\'in\', \'the\', \'middle\', \'of\', \'the\')"', 0.0)
('word-5-gram "(\'the\', \'secretary\', \'of\', \'the\', \'treasury\')"', 0.0)
('word-5-gram "(\'the\', \'editor\', \'of\', \'the\', \'inquirer\')"', 0.0)
('word-5-gram "(\'for\', \'the\', \'first\', \'time\', \'in\')"', 0.0)
('word-5-gram "(\'and\', \'at\', \'the\', \'same\', \'time\')"', 0.0)
('word-5-gram "(\'at\', \'the\', \'beginning\', \'of\', \'the\')"', 0.0)
('word-5-gram "(\'on\', \'the\', \'other\', \'side\', \'of\')"', 0.0)
('word-5-gram "(\'on\', \'the\', \'basis\', \'of\', \'the\')"', 0.0)
('word-5-gram "(\'of\', \'the\', \'new\', \'york\', \'times\')"', 0.0)
('word-5-gram "(\'index\', \'word\', \'or\', \'electronic\', \'switch\')"', 0.0)
('word-5-gram "(\'in\', \'the\', \'form\', \'of\', \'a\')"', 0.0)
('word-5-gram "(\'in\', \'the\', \'case\', \'of\', \'the\')"', 0.0)
('word-5-gram "(\'in\', \'the\', \'basic\', \'wage\', \'rate\')"', 0.0)
('word-5-gram "(\'at\', \'the\', \'same\', \'time\', \'the\')"', 0.0)
('word-5-gram "(\'as\', \'a\', \'result\', \'of\', \'the\')"', 0.0)
('word-5-gram "(\'on\', \'the\', \'side\', \'of\', \'the\')"', 0.0)
('word-5-gram "(\'there\', \'are\', \'a\', \'number\', \'of\')"', 0.0)
('word-5-gram "(\'the\', \'department\', \'of\', \'economic\', \'affairs\')"', 0.0)
('word-5-gram "(\'on\', \'the\', \'other\', \'hand\', \'the\')"', 0.0)
('word-5-gram "(\'is\', \'one\', \'of\', \'the\', \'most\')"', 0.0)
('word-5-gram "(\'index\', \'words\', \'and\', \'electronic\', \'switches\')"', 0.0)
('word-5-gram "(\'in\', \'the\', \'united\', \'states\', \'and\')"', 0.0)
('word-5-gram "(\'at\', \'the\', \'foot\', \'of\', \'the\')"', 0.0)
('word-5-gram "(\'we\', \'are\', \'born\', \'of\', \'god\')"', 0.0)
('word-5-gram "(\'turned\', \'out\', \'to\', \'be\', \'a\')"', 0.0)
('word-5-gram "(\'the\', \'state\', \'of\', \'rhode\', \'island\')"', 0.0)
('word-5-gram "(\'the\', \'secretary\', \'of\', \'the\', \'interior\')"', 0.0)
('word-5-gram "(\'the\', \'second\', \'half\', \'of\', \'the\')"', 0.0)
('word-5-gram "(\'the\', \'first\', \'half\', \'of\', \'the\')"', 0.0)
('word-5-gram "(\'the\', \'far\', \'end\', \'of\', \'the\')"', 0.0)
('word-5-gram "(\'president\', \'of\', \'the\', \'united\', \'states\')"', 0.0)
('word-5-gram "(\'of\', \'the\', \'state\', \'of\', \'rhode\')"', 0.0)
('word-5-gram "(\'of\', \'the\', \'government\', \'of\', \'the\')"', 0.0)
('word-5-gram "(\'if\', \'we\', \'are\', \'born\', \'of\')"', 0.0)
('word-5-gram "(\'for\', \'the\', \'rest\', \'of\', \'the\')"', 0.0)
('word-5-gram "(\'for\', \'a\', \'number\', \'of\', \'years\')"', 0.0)
('word-5-gram "(\'at\', \'the\', \'time\', \'of\', \'the\')"', 0.0)
('word-5-gram "(\'are\', \'born\', \'of\', \'god\', \'we\')"', 0.0)
('word-5-gram "(\'year\', \'of\', \'our\', \'lord\', \'one\')"', 0.0)
