('postag-5-gram "(b\'NOUN\', b\'ADP\', b\'DET\', b\'NOUN\', b\'PUNCT\')"', 0.012350126751363275)
("special-char-2-gram ',,'", 0.0090723886337405694)
("char-3-gram 'her'", 0.0080297241967373142)
("special-char-2-gram '.,'", 0.0073476826764177442)
('postag-3-gram "(b\'PUNCT\', b\'PROPN\', b\'PUNCT\')"', 0.0072098440663442833)
('postag-4-gram "(b\'NOUN\', b\'ADP\', b\'DET\', b\'NOUN\')"', 0.0069785326221523461)
('postag-3-gram "(b\'ADP\', b\'NOUN\', b\'PUNCT\')"', 0.0062505118120769589)
('postag-2-gram "(b\'VERB\', b\'NOUN\')"', 0.0061800625706290389)
('postag-2-gram "(b\'PUNCT\', b\'PROPN\')"', 0.0058060648499728348)
('postag-4-gram "(b\'ADP\', b\'DET\', b\'NOUN\', b\'PUNCT\')"', 0.0054724276445853185)
("char-5-gram 'ther '", 0.0054100825090406387)
("char-2-gram ', '", 0.0051214449016109328)
('postag-2-gram "(b\'VERB\', b\'PART\')"', 0.004995816386109667)
('postag-3-gram "(b\'NOUN\', b\'NOUN\', b\'ADP\')"', 0.0049503546262574527)
("char-2-gram 'or'", 0.0049320099154300861)
("special-char-3-gram ',,,'", 0.0049290061955027994)
('postag-2-gram "(b\'ADV\', b\'ADJ\')"', 0.0048777713294366918)
('word-1-gram "I"', 0.0048532155286516868)
("char-3-gram 'and'", 0.0047957840123247948)
("char-2-gram 'y '", 0.0047661788032966326)
('postag-2-gram "(b\'PUNCT\', b\'PUNCT\')"', 0.0047578639009223742)
('word-1-gram "you"', 0.0045596292937077915)
("char-3-gram 'ion'", 0.004558411432762228)
('postag-2-gram "(b\'ADP\', b\'PROPN\')"', 0.0044450748694810117)
("char-5-gram 'nd th'", 0.004399689607321902)
("special-char-3-gram ',,.'", 0.0043587582312663341)
("char-4-gram 'in t'", 0.004239246977856285)
('postag-2-gram "(b\'PROPN\', b\'PUNCT\')"', 0.0041798138074106549)
("special-char-3-gram ',.,'", 0.0041390541769260152)
('word-2-gram "(\'in\', \'the\')"', 0.0041381812040503238)
("char-3-gram 'ly '", 0.0040932821045117848)
('postag-3-gram "(b\'NOUN\', b\'ADP\', b\'DET\')"', 0.0039568047469272253)
('word-1-gram "all"', 0.0038959602522290015)
("char-2-gram ' p'", 0.0038872018579169153)
("char-4-gram 'her '", 0.0037904472554717013)
("special-char-2-gram ',.'", 0.0036969842176336511)
('postag-2-gram "(b\'NOUN\', b\'VERB\')"', 0.0036765995287811239)
("char-5-gram ' in t'", 0.0034222527224312383)
('word-1-gram "or"', 0.0034096749844560624)
("char-5-gram 'here '", 0.0033902350500709137)
("char-5-gram 'o the'", 0.0033426547548540812)
('postag-2-gram "(b\'PROPN\', b\'VERB\')"', 0.0033109130106423277)
('postag-2-gram "(b\'VERB\', b\'ADJ\')"', 0.0032875855183346152)
("char-3-gram 'ed '", 0.0032682970575340052)
("char-3-gram ' of'", 0.0032676824507870722)
('postag-2-gram "(b\'ADP\', b\'NOUN\')"', 0.003264951536035125)
('word-2-gram "(\'of\', \'the\')"', 0.003248144167903273)
('postag-2-gram "(b\'NOUN\', b\'CONJ\')"', 0.0032273896836692633)
("char-2-gram 'in'", 0.0032132323501039965)
("char-3-gram 'hat'", 0.0032044504642740577)
('postag-2-gram "(b\'PRON\', b\'VERB\')"', 0.0032018287081762215)
('postag-2-gram "(b\'VERB\', b\'PRON\')"', 0.0031800060315679331)
('word-1-gram "has"', 0.0031569971406051876)
("char-4-gram ' to '", 0.0031215839705188543)
('postag-2-gram "(b\'NOUN\', b\'ADP\')"', 0.0031050615762713224)
('postag-2-gram "(b\'ADJ\', b\'PUNCT\')"', 0.0030896066184931178)
('postag-2-gram "(b\'ADV\', b\'VERB\')"', 0.0030797763586512105)
("char-2-gram 'an'", 0.0030729720505148282)
("special-char-3-gram '.,.'", 0.0030231649158196615)
("char-3-gram 'e o'", 0.0029950304225158791)
('postag-3-gram "(b\'ADP\', b\'PRON\', b\'NOUN\')"', 0.0029935933881416999)
("char-2-gram ' i'", 0.0029799377633041402)
("char-2-gram 't '", 0.0029722016118559312)
('postag-2-gram "(b\'PUNCT\', b\'ADP\')"', 0.0029639567961400803)
("char-4-gram ' and'", 0.0029181655323239001)
("char-5-gram 'ould '", 0.0028958496501438856)
("char-5-gram 'the c'", 0.0028740560791215481)
('word-1-gram "on"', 0.0028692094832532349)
("char-3-gram 'to '", 0.0028691954466028434)
("char-3-gram 'for'", 0.0028687857256210741)
('postag-3-gram "(b\'VERB\', b\'PART\', b\'VERB\')"', 0.0028676873231186844)
('word-1-gram "him"', 0.0028644217925641686)
('postag-3-gram "(b\'VERB\', b\'DET\', b\'NOUN\')"', 0.0028603102586167522)
("char-4-gram 'his '", 0.0028547916543639044)
('word-1-gram "one"', 0.0028301006002343604)
("char-2-gram ' a'", 0.002813502324833175)
('postag-2-gram "(b\'VERB\', b\'PUNCT\')"', 0.0028002499586049583)
("char-2-gram 'ou'", 0.0027687686651235717)
('word-1-gram "it"', 0.0027670706886274445)
("char-5-gram 'and t'", 0.0027556485673795382)
("char-4-gram 'e of'", 0.0027445725127364278)
("char-5-gram ' and '", 0.0027290243290949085)
("char-4-gram 'd th'", 0.002725253511975498)
('postag-3-gram "(b\'NOUN\', b\'PUNCT\', b\'CONJ\')"', 0.0027025876148665693)
("char-2-gram ' t'", 0.0026843167100069842)
('word-1-gram "at"', 0.0026760203459163588)
("char-5-gram 'd the'", 0.0026663935354287308)
("char-4-gram '. Th'", 0.0026476102507085458)
("char-4-gram 'and '", 0.002646937290151054)
('postag-5-gram "(b\'ADP\', b\'DET\', b\'NOUN\', b\'PUNCT\', b\'PRON\')"', 0.0026286245646234179)
("char-3-gram 'd t'", 0.0026163363211404744)
('postag-2-gram "(b\'PUNCT\', b\'NUM\')"', 0.0026125584791907202)
("char-2-gram 'of'", 0.0026030887948269711)
('postag-2-gram "(b\'PUNCT\', b\'PRON\')"', 0.0025981695219682416)
("char-5-gram 'in th'", 0.0025860856209686677)
("char-3-gram ' be'", 0.0025801412145996659)
("char-3-gram 't t'", 0.0025778764325649892)
('word-1-gram "but"', 0.0025611623656269806)
('word-1-gram "and"', 0.0025517737995662238)
("char-3-gram 'e t'", 0.0025504732351611663)
("char-2-gram 'nd'", 0.0025290590726729525)
("char-5-gram 'to th'", 0.0025175110517361853)
("char-4-gram 'for '", 0.0025032729670578157)
('word-1-gram "the"', 0.0024844977272928757)
("char-4-gram 'ent '", 0.0024719482366946052)
("char-3-gram ' to'", 0.0024565192782868973)
("char-4-gram 't th'", 0.0024524689849100122)
('postag-2-gram "(b\'PUNCT\', b\'NOUN\')"', 0.0024403052365842451)
('postag-2-gram "(b\'DET\', b\'NOUN\')"', 0.0024310041998132355)
("char-3-gram 'is '", 0.0024235529171565597)
('postag-2-gram "(b\'NUM\', b\'NOUN\')"', 0.0024184490079216725)
('word-1-gram "to"', 0.002414786720907613)
("char-2-gram '. '", 0.0024017498535772964)
('postag-3-gram "(b\'ADJ\', b\'NOUN\', b\'PUNCT\')"', 0.0023945825369672876)
("char-2-gram ' f'", 0.0023901744312934477)
('postag-3-gram "(b\'DET\', b\'NOUN\', b\'PUNCT\')"', 0.0023853207800682199)
("char-3-gram ' re'", 0.0023833231946566256)
("char-3-gram 'nd '", 0.0023821326314841696)
("char-4-gram 'he s'", 0.0023761737940982647)
('word-1-gram "will"', 0.0023698498436091953)
('postag-2-gram "(b\'NOUN\', b\'NOUN\')"', 0.002367550577205787)
("char-4-gram ' is '", 0.0023595718443314134)
('postag-3-gram "(b\'NOUN\', b\'PUNCT\', b\'VERB\')"', 0.002357244528229102)
('postag-2-gram "(b\'PUNCT\', b\'VERB\')"', 0.0023503108645815561)
('postag-3-gram "(b\'PUNCT\', b\'PRON\', b\'VERB\')"', 0.0023435145842269629)
("char-3-gram 'es '", 0.0023404252700046395)
('word-1-gram "more"', 0.0023367529537336)
('postag-2-gram "(b\'VERB\', b\'DET\')"', 0.0023248305775127745)
("char-5-gram ' for '", 0.0023215040895856803)
('postag-4-gram "(b\'DET\', b\'NOUN\', b\'NOUN\', b\'PUNCT\')"', 0.0023209201834349475)
("char-2-gram 'ar'", 0.00231383172865628)
("char-3-gram ' in'", 0.0023016345436564305)
("char-2-gram 'al'", 0.00229896743059689)
('word-1-gram "are"', 0.002296024436023501)
("char-3-gram ' he'", 0.0022853946438493671)
('word-1-gram "that"', 0.0022829545310664094)
('postag-3-gram "(b\'AUX\', b\'VERB\', b\'ADP\')"', 0.0022683038964510589)
("char-3-gram 'in '", 0.0022635626750758344)
("char-4-gram 'ther'", 0.0022499684080446777)
("char-5-gram ' to t'", 0.0022470755216172354)
("char-2-gram 'it'", 0.0022404113107174534)
('postag-3-gram "(b\'NOUN\', b\'CONJ\', b\'NOUN\')"', 0.0022366205487817461)
("char-2-gram 're'", 0.0022300891932568725)
('word-1-gram "for"', 0.0022213474927118815)
("char-3-gram 're '", 0.0022208951638153728)
("char-5-gram 't the'", 0.002213992374431852)
('word-1-gram "is"', 0.0022099697832379662)
("char-4-gram 's of'", 0.0021889056220183115)
("char-4-gram 'tion'", 0.0021867634561558492)
('postag-2-gram "(b\'DET\', b\'PROPN\')"', 0.0021774740209490996)
('postag-3-gram "(b\'NOUN\', b\'ADP\', b\'PROPN\')"', 0.0021769759146953744)
('word-1-gram "his"', 0.0021737094469087021)
('postag-3-gram "(b\'PUNCT\', b\'NOUN\', b\'PUNCT\')"', 0.0021728072078049578)
("char-5-gram ' with'", 0.0021710321886424595)
("char-5-gram 'd to '", 0.0021583256193862103)
("char-3-gram 'of '", 0.0021569782105829841)
("char-3-gram 'er '", 0.0021423160968232565)
('postag-2-gram "(b\'PUNCT\', b\'CONJ\')"', 0.0021415225113740914)
("char-5-gram 'e of '", 0.0021392557472619473)
('postag-2-gram "(b\'ADP\', b\'PRON\')"', 0.0021271847026557798)
("char-3-gram 'or '", 0.0021148876284323957)
('word-1-gram "of"', 0.0021119619601406197)
("char-4-gram 'the '", 0.0021060394434240688)
('postag-4-gram "(b\'PUNCT\', b\'PUNCT\', b\'PRON\', b\'VERB\')"', 0.0021056967527472424)
("char-3-gram 'e s'", 0.0021011486467123102)
('postag-2-gram "(b\'VERB\', b\'ADP\')"', 0.0021009152422751397)
('postag-5-gram "(b\'PUNCT\', b\'PRON\', b\'VERB\', b\'DET\', b\'NOUN\')"', 0.0020957748421263898)
("char-2-gram ' c'", 0.0020839912490625595)
("char-2-gram 'ed'", 0.0020793864553634495)
('postag-4-gram "(b\'PUNCT\', b\'PRON\', b\'AUX\', b\'VERB\')"', 0.0020761157704784305)
('word-1-gram "out"', 0.0020635074283494796)
("char-3-gram ' co'", 0.0020611764898774169)
("char-2-gram ' b'", 0.0020605787972487579)
("char-3-gram '. \\n'", 0.0020579812855796935)
("char-5-gram 't of '", 0.0020413338722271059)
('postag-3-gram "(b\'NOUN\', b\'PUNCT\', b\'NOUN\')"', 0.0020398737493224311)
("char-3-gram 's a'", 0.0020388370844325473)
('word-1-gram "in"', 0.0020365072558920891)
("char-4-gram ' of '", 0.0020328105433777876)
("char-5-gram 'the s'", 0.0020322158690004922)
("char-5-gram 'that '", 0.0020312737547320604)
('postag-3-gram "(b\'PRON\', b\'NOUN\', b\'PUNCT\')"', 0.0020310604959159094)
('postag-3-gram "(b\'PUNCT\', b\'DET\', b\'NOUN\')"', 0.0020252485213127919)
("char-4-gram 'of t'", 0.0020223998394687461)
("special-char-3-gram '.,,'", 0.0020223116218720076)
('postag-3-gram "(b\'VERB\', b\'ADP\', b\'DET\')"', 0.0020199180665895146)
('postag-4-gram "(b\'VERB\', b\'DET\', b\'ADJ\', b\'NOUN\')"', 0.0020180203008349122)
("char-2-gram 'to'", 0.0020146116072339271)
('word-1-gram "be"', 0.0020129631878516921)
("char-2-gram 's '", 0.00201014278587398)
('postag-2-gram "(b\'PART\', b\'VERB\')"', 0.0020082552479923758)
('postag-2-gram "(b\'ADJ\', b\'NOUN\')"', 0.002003557873247921)
("char-4-gram 'ing '", 0.001967529439269926)
("char-4-gram 'e th'", 0.0019653305554012523)
('special-char-2-gram "\'\'"', 0.0019575600407051048)
("char-4-gram 'ed t'", 0.0019560149424186195)
('postag-4-gram "(b\'DET\', b\'ADJ\', b\'NOUN\', b\'ADP\')"', 0.0019549174281169781)
('postag-3-gram "(b\'DET\', b\'NOUN\', b\'NOUN\')"', 0.00195438135832025)
("char-3-gram 'e a'", 0.0019542274949709438)
("char-2-gram 'on'", 0.0019492626479655666)
('postag-2-gram "(b\'PROPN\', b\'PROPN\')"', 0.0019439227192253473)
('postag-2-gram "(b\'ADP\', b\'ADJ\')"', 0.0019395341121862778)
("char-2-gram ' h'", 0.0019394669809019778)
('word-1-gram "have"', 0.0019373554939956653)
("char-4-gram ' his'", 0.0019337632144185483)
('postag-2-gram "(b\'ADV\', b\'PUNCT\')"', 0.0019330868212723243)
("char-2-gram 'f '", 0.0019267687752486957)
("char-3-gram ' ha'", 0.0019251148025370395)
('postag-4-gram "(b\'ADJ\', b\'NOUN\', b\'PUNCT\', b\'PUNCT\')"', 0.0019250581956746858)
("char-4-gram 'that'", 0.0019212985163692036)
("char-2-gram 'e '", 0.0019152829068360617)
("char-3-gram ' wa'", 0.0019138187275693555)
('postag-2-gram "(b\'ADV\', b\'ADP\')"', 0.0019114102694811671)
("char-3-gram ' \\n\\n'", 0.0019090172887246174)
("char-2-gram 'at'", 0.0019045902111373069)
('postag-4-gram "(b\'VERB\', b\'DET\', b\'NOUN\', b\'PUNCT\')"', 0.0018969755434173551)
("char-4-gram ' as '", 0.001895349610919468)
("char-4-gram ' The'", 0.0018910764349094015)
("char-5-gram '. The'", 0.0018832494515665559)
("char-2-gram 'nt'", 0.0018830658817818361)
("char-5-gram 'at th'", 0.0018814967696059357)
('postag-2-gram "(b\'PRON\', b\'NOUN\')"', 0.0018803652684885241)
("char-2-gram 'o '", 0.0018786180293586222)
('postag-4-gram "(b\'VERB\', b\'ADP\', b\'DET\', b\'NOUN\')"', 0.0018750390466506764)
('postag-2-gram "(b\'NOUN\', b\'PUNCT\')"', 0.0018725662689521804)
("char-2-gram ' m'", 0.0018715202682540216)
("char-3-gram 'as '", 0.0018688525311093402)
('postag-2-gram "(b\'PUNCT\', b\'ADV\')"', 0.0018598786997094552)
("char-4-gram ' for'", 0.0018591143995352628)
("char-3-gram 'en '", 0.0018577043037704779)
('word-1-gram "from"', 0.0018561674268560543)
('postag-2-gram "(b\'AUX\', b\'VERB\')"', 0.0018491787059453269)
("char-2-gram 'es'", 0.0018464510642532477)
("char-5-gram 'r the'", 0.0018461509821256752)
('postag-5-gram "(b\'ADP\', b\'DET\', b\'ADJ\', b\'NOUN\', b\'PUNCT\')"', 0.0018445957969064251)
("char-2-gram 'st'", 0.0018378175863258326)
('postag-2-gram "(b\'PRON\', b\'AUX\')"', 0.0018375433966559157)
("char-3-gram 'the'", 0.0018363049935862261)
("char-2-gram 'ng'", 0.0018349738251075848)
('word-2-gram "(\'in\', \'a\')"', 0.0018306328026690697)
('word-2-gram "(\'all\', \'the\')"', 0.0018266466409599183)
('word-1-gram "not"', 0.0018244053917949728)
('postag-3-gram "(b\'PUNCT\', b\'DET\', b\'ADJ\')"', 0.0018219712822847307)
("char-2-gram ' o'", 0.0018165299305620394)
("char-4-gram 'ere '", 0.0018157612157052435)
('postag-2-gram "(b\'VERB\', b\'ADV\')"', 0.0018122376234430769)
("char-4-gram ' in '", 0.0018015861185792959)
("char-5-gram ' that'", 0.0017994408858743537)
("char-3-gram 'ing'", 0.0017976978117540401)
('word-1-gram "as"', 0.0017962205648302044)
('word-1-gram "we"', 0.0017952374784174989)
("char-3-gram 'he '", 0.0017946120691840208)
("char-5-gram ' this'", 0.0017933631613946863)
("char-4-gram ' tha'", 0.0017915293705406871)
("char-5-gram ' the '", 0.0017894719463455405)
("char-5-gram ' of t'", 0.0017853531748491447)
('postag-4-gram "(b\'DET\', b\'ADJ\', b\'NOUN\', b\'PUNCT\')"', 0.0017833966365150826)
("char-4-gram ' the'", 0.0017760789968336013)
('word-2-gram "(\'to\', \'the\')"', 0.0017738207987569551)
('word-1-gram "an"', 0.0017688419908317707)
("char-3-gram 'ng '", 0.0017675604213025207)
("char-2-gram ' s'", 0.0017655955262707826)
("char-5-gram 's and'", 0.0017630879046351298)
('postag-3-gram "(b\'NOUN\', b\'PUNCT\', b\'PUNCT\')"', 0.0017601700296607276)
("char-2-gram 'r '", 0.0017532997847443357)
("char-2-gram 'te'", 0.0017531778088586128)
('postag-3-gram "(b\'NOUN\', b\'ADP\', b\'PRON\')"', 0.001752682251660509)
("char-5-gram ', and'", 0.0017477296309056499)
('word-1-gram "He"', 0.0017433150277303871)
("char-4-gram 'hat '", 0.0017419270067503211)
('postag-3-gram "(b\'ADP\', b\'DET\', b\'PROPN\')"', 0.001737828138612829)
('postag-3-gram "(b\'ADP\', b\'DET\', b\'NOUN\')"', 0.0017357297599036466)
("char-4-gram ' wit'", 0.0017324911085632086)
("char-2-gram 'er'", 0.0017189389718817053)
('postag-4-gram "(b\'ADP\', b\'PRON\', b\'NOUN\', b\'PUNCT\')"', 0.0017180249409291218)
('postag-4-gram "(b\'NOUN\', b\'PUNCT\', b\'PRON\', b\'VERB\')"', 0.0017073773268184598)
('postag-2-gram "(b\'PUNCT\', b\'DET\')"', 0.0017057747762703657)
('postag-4-gram "(b\'PUNCT\', b\'DET\', b\'ADJ\', b\'NOUN\')"', 0.0016968729898710234)
('word-2-gram "(\'on\', \'the\')"', 0.0016935497696793358)
('postag-4-gram "(b\'VERB\', b\'ADP\', b\'DET\', b\'ADJ\')"', 0.0016923327228514549)
("char-2-gram 'd '", 0.0016910594320274763)
("char-4-gram ', an'", 0.0016847968063837633)
('postag-4-gram "(b\'DET\', b\'NOUN\', b\'PUNCT\', b\'PUNCT\')"', 0.0016831567134030106)
("char-5-gram 'of th'", 0.0016801102725285343)
("char-2-gram 'ha'", 0.0016782607951661924)
('postag-3-gram "(b\'PROPN\', b\'PROPN\', b\'PUNCT\')"', 0.0016773764517085405)
("char-4-gram 'n th'", 0.0016751199157534682)
("char-4-gram '. \\n\\n'", 0.0016716448377330367)
("char-2-gram 'is'", 0.0016682641553547287)
("char-5-gram ' not '", 0.0016657407677431576)
("char-4-gram 'atio'", 0.0016623290166514423)
("char-2-gram 'en'", 0.0016584842517815873)
("char-4-gram 'was '", 0.0016456198788427393)
('postag-3-gram "(b\'PRON\', b\'VERB\', b\'DET\')"', 0.0016452691182171353)
("char-3-gram ' th'", 0.0016376341991153911)
('postag-3-gram "(b\'PRON\', b\'AUX\', b\'VERB\')"', 0.0016357072290414994)
('word-1-gram "been"', 0.0016351627226133271)
('postag-3-gram "(b\'NOUN\', b\'VERB\', b\'ADP\')"', 0.0016319157919207766)
("char-5-gram ', the'", 0.0016294335491811281)
('postag-2-gram "(b\'NUM\', b\'PUNCT\')"', 0.0016282083232654261)
("char-2-gram ' w'", 0.0016231891313480597)
("char-3-gram 'ent'", 0.0016202005971790582)
('postag-3-gram "(b\'PUNCT\', b\'ADP\', b\'DET\')"', 0.0016150450671248403)
("char-5-gram 'the p'", 0.0016051025236739943)
("char-5-gram 's the'", 0.0016018869410046295)
('postag-4-gram "(b\'PRON\', b\'VERB\', b\'DET\', b\'NOUN\')"', 0.0016001773675460693)
("special-char-2-gram '..'", 0.0015984111236744586)
('word-1-gram "her"', 0.0015979903719043223)
("char-5-gram ' his '", 0.0015951537203696459)
("char-3-gram 'at '", 0.0015884676988164315)
("char-4-gram 'with'", 0.0015774566253575881)
("char-5-gram 'ation'", 0.0015739548899125827)
('postag-4-gram "(b\'PUNCT\', b\'PUNCT\', b\'PUNCT\', b\'PUNCT\')"', 0.0015719050254834107)
('postag-3-gram "(b\'DET\', b\'NOUN\', b\'ADP\')"', 0.0015709915563796785)
('word-1-gram "It"', 0.0015688934702942129)
('postag-2-gram "(b\'NOUN\', b\'AUX\')"', 0.0015659491480865004)
("char-3-gram ' fo'", 0.0015637282595773927)
('postag-2-gram "(b\'ADP\', b\'NUM\')"', 0.0015598356875563509)
('postag-2-gram "(b\'DET\', b\'VERB\')"', 0.0015571499852074504)
("char-3-gram 'f t'", 0.0015517689581782776)
("char-5-gram ' are '", 0.001548261303813104)
("char-2-gram 'ti'", 0.0015472377068764156)
('postag-2-gram "(b\'DET\', b\'ADJ\')"', 0.0015443981439010085)
('postag-4-gram "(b\'PUNCT\', b\'DET\', b\'NOUN\', b\'ADP\')"', 0.0015429652103872435)
('word-1-gram "they"', 0.0015417219022477459)
("char-5-gram ' The '", 0.0015361425982927863)
("char-5-gram 'e the'", 0.0015325043163075419)
('postag-4-gram "(b\'ADP\', b\'DET\', b\'NOUN\', b\'ADP\')"', 0.0015319369777321865)
("char-3-gram ' an'", 0.0015296493351625142)
('postag-3-gram "(b\'ADP\', b\'DET\', b\'ADJ\')"', 0.0015291415305971354)
("char-5-gram 'with '", 0.0015239447158292294)
('postag-4-gram "(b\'VERB\', b\'DET\', b\'NOUN\', b\'ADP\')"', 0.0015183094995182783)
('postag-5-gram "(b\'DET\', b\'ADJ\', b\'NOUN\', b\'ADP\', b\'DET\')"', 0.0015133744960716634)
('word-2-gram "(\'to\', \'be\')"', 0.0014984786385387927)
('postag-3-gram "(b\'NOUN\', b\'PUNCT\', b\'PRON\')"', 0.0014893958494222154)
('postag-3-gram "(b\'DET\', b\'NOUN\', b\'VERB\')"', 0.0014784955878069284)
('postag-3-gram "(b\'PUNCT\', b\'PUNCT\', b\'PUNCT\')"', 0.0014779811799722246)
("char-3-gram 'n t'", 0.0014715647984714806)
('postag-4-gram "(b\'DET\', b\'NOUN\', b\'ADP\', b\'NOUN\')"', 0.0014699193659013761)
("char-4-gram 's th'", 0.0014685445236040325)
("char-5-gram 'n the'", 0.0014652793844627029)
('postag-3-gram "(b\'PROPN\', b\'PUNCT\', b\'PROPN\')"', 0.0014620509133355677)
("char-2-gram 'n '", 0.0014607212552876629)
("char-3-gram 'tio'", 0.0014583459405205404)
('word-1-gram "with"', 0.0014582940380034168)
("char-5-gram ' from'", 0.0014534082821271491)
("char-4-gram 'ith '", 0.0014481056452749479)
('word-1-gram "can"', 0.001441465791277799)
("char-3-gram ' a '", 0.0014413879674160289)
("char-4-gram ' he '", 0.0014386052634716995)
('postag-4-gram "(b\'DET\', b\'NOUN\', b\'AUX\', b\'VERB\')"', 0.0014368882536650266)
('word-1-gram "he"', 0.0014331732611130405)
("char-2-gram 'he'", 0.0014252417329428397)
('postag-5-gram "(b\'NOUN\', b\'PUNCT\', b\'PRON\', b\'AUX\', b\'VERB\')"', 0.001423662275939474)
('postag-3-gram "(b\'ADJ\', b\'NOUN\', b\'ADP\')"', 0.0014194029401019674)
('postag-4-gram "(b\'NOUN\', b\'AUX\', b\'VERB\', b\'ADP\')"', 0.0014131623096775229)
('postag-3-gram "(b\'ADP\', b\'NOUN\', b\'ADP\')"', 0.0014121294568910734)
("char-5-gram 'ing t'", 0.0014084359666762722)
('word-1-gram "this"', 0.0014081314946694391)
('postag-3-gram "(b\'PUNCT\', b\'PUNCT\', b\'PROPN\')"', 0.0014074462909468624)
('postag-3-gram "(b\'NOUN\', b\'AUX\', b\'VERB\')"', 0.0014059508974970595)
('postag-4-gram "(b\'NOUN\', b\'ADP\', b\'NOUN\', b\'PUNCT\')"', 0.0014023330994533394)
('postag-3-gram "(b\'DET\', b\'ADJ\', b\'NOUN\')"', 0.0014019890756589532)
('postag-3-gram "(b\'NOUN\', b\'PUNCT\', b\'DET\')"', 0.0014001173883144943)
('postag-3-gram "(b\'NOUN\', b\'PUNCT\', b\'ADP\')"', 0.0013998593749866936)
('postag-5-gram "(b\'VERB\', b\'ADP\', b\'DET\', b\'NOUN\', b\'PUNCT\')"', 0.0013974169795630768)
("char-2-gram 'as'", 0.0013909786795810982)
('postag-4-gram "(b\'PUNCT\', b\'DET\', b\'NOUN\', b\'VERB\')"', 0.0013826685777400055)
("char-2-gram 'th'", 0.0013746383791824589)
("char-4-gram 'f th'", 0.001368138762006185)
('word-1-gram "The"', 0.0013660621625335401)
('postag-3-gram "(b\'VERB\', b\'DET\', b\'ADJ\')"', 0.0013564149829270139)
('word-2-gram "(\'and\', \'the\')"', 0.001354562678736507)
('word-1-gram "a"', 0.001353292610331585)
('postag-3-gram "(b\'NOUN\', b\'ADP\', b\'ADJ\')"', 0.0013503802962031911)
('postag-3-gram "(b\'ADP\', b\'ADJ\', b\'NOUN\')"', 0.0013482113093724491)
('word-1-gram "who"', 0.0013445111165987463)
('postag-4-gram "(b\'PUNCT\', b\'ADP\', b\'DET\', b\'NOUN\')"', 0.0013435743210432351)
('word-2-gram "(\'of\', \'a\')"', 0.0013398401265958574)
('postag-2-gram "(b\'ADP\', b\'DET\')"', 0.0013370734296667456)
('postag-3-gram "(b\'NOUN\', b\'ADP\', b\'NOUN\')"', 0.0013262701431256774)
('word-1-gram "by"', 0.0013261277953646095)
('word-1-gram "was"', 0.0013121509449951737)
('postag-4-gram "(b\'ADP\', b\'DET\', b\'ADJ\', b\'NOUN\')"', 0.0013041049304995272)
("char-5-gram ' was '", 0.0013013655492712085)
("char-3-gram 'on '", 0.0012931948622002696)
('postag-4-gram "(b\'NOUN\', b\'PUNCT\', b\'ADP\', b\'DET\')"', 0.0012918773881409489)
("char-5-gram 's of '", 0.0012912882270489914)
('postag-4-gram "(b\'NOUN\', b\'ADP\', b\'PRON\', b\'NOUN\')"', 0.0012857614433180434)
('postag-4-gram "(b\'ADJ\', b\'NOUN\', b\'ADP\', b\'NOUN\')"', 0.0012791062877215596)
("char-5-gram 'from '", 0.0012779138969562813)
('postag-5-gram "(b\'DET\', b\'NOUN\', b\'ADP\', b\'NOUN\', b\'PUNCT\')"', 0.0012749863013697888)
('postag-4-gram "(b\'DET\', b\'NOUN\', b\'ADP\', b\'DET\')"', 0.0012724523451655475)
('postag-3-gram "(b\'NOUN\', b\'NOUN\', b\'PUNCT\')"', 0.0012698037359425709)
("char-4-gram ' was'", 0.0012688520425571878)
('postag-4-gram "(b\'PUNCT\', b\'PUNCT\', b\'PUNCT\', b\'PRON\')"', 0.0012575277495162766)
('postag-3-gram "(b\'ADJ\', b\'NOUN\', b\'VERB\')"', 0.0012388492926947694)
('word-1-gram "their"', 0.001223256553704023)
("char-5-gram 'f the'", 0.0012116949863167201)
('postag-4-gram "(b\'ADJ\', b\'NOUN\', b\'PUNCT\', b\'DET\')"', 0.0012081313830727624)
("char-4-gram 'The '", 0.0011994911533075093)
("char-5-gram ' had '", 0.0011745255209061312)
('word-2-gram "(\'at\', \'the\')"', 0.0011607464484369398)
('postag-5-gram "(b\'DET\', b\'NOUN\', b\'ADP\', b\'DET\', b\'ADJ\')"', 0.0011596380928112721)
('postag-4-gram "(b\'NOUN\', b\'ADP\', b\'DET\', b\'ADJ\')"', 0.0011595202729637454)
('postag-5-gram "(b\'ADJ\', b\'NOUN\', b\'ADP\', b\'NOUN\', b\'PUNCT\')"', 0.0011591219080207924)
('word-2-gram "(\'for\', \'a\')"', 0.0011548612434071374)
('postag-5-gram "(b\'VERB\', b\'DET\', b\'ADJ\', b\'NOUN\', b\'PUNCT\')"', 0.001145075897345872)
('postag-4-gram "(b\'PART\', b\'VERB\', b\'DET\', b\'NOUN\')"', 0.0011429824076491105)
('postag-4-gram "(b\'AUX\', b\'VERB\', b\'ADP\', b\'DET\')"', 0.0011239208278556569)
('postag-4-gram "(b\'DET\', b\'NOUN\', b\'PUNCT\', b\'DET\')"', 0.0011160133947089802)
('postag-4-gram "(b\'ADJ\', b\'NOUN\', b\'ADP\', b\'DET\')"', 0.0011067443275304002)
('postag-5-gram "(b\'DET\', b\'NOUN\', b\'PUNCT\', b\'PRON\', b\'VERB\')"', 0.0011056363734117008)
('postag-5-gram "(b\'ADJ\', b\'NOUN\', b\'ADP\', b\'DET\', b\'NOUN\')"', 0.0011000781010252405)
('word-1-gram "were"', 0.0010853032036041959)
('word-2-gram "(\'for\', \'the\')"', 0.0010833231032059422)
('word-1-gram "would"', 0.0010684778796929272)
('word-1-gram "had"', 0.0010649349731868582)
('postag-4-gram "(b\'ADP\', b\'DET\', b\'NOUN\', b\'NOUN\')"', 0.0010611742819732709)
('word-2-gram "(\'out\', \'of\')"', 0.0010535253097487185)
('postag-5-gram "(b\'ADP\', b\'DET\', b\'ADJ\', b\'NOUN\', b\'ADP\')"', 0.001047859417684837)
("char-4-gram 'ion '", 0.0010099133242619026)
('postag-5-gram "(b\'DET\', b\'NOUN\', b\'ADP\', b\'DET\', b\'NOUN\')"', 0.00097635918674735629)
("char-5-gram 'tion '", 0.00097454831765879575)
('postag-5-gram "(b\'ADP\', b\'DET\', b\'NOUN\', b\'PUNCT\', b\'PUNCT\')"', 0.00096331878244317395)
('postag-4-gram "(b\'ADP\', b\'NOUN\', b\'ADP\', b\'DET\')"', 0.00095099163981481093)
('word-2-gram "(\'will\', \'be\')"', 0.00095059532807942684)
('postag-5-gram "(b\'NOUN\', b\'ADP\', b\'PRON\', b\'NOUN\', b\'PUNCT\')"', 0.0009429990755665769)
('postag-5-gram "(b\'VERB\', b\'DET\', b\'NOUN\', b\'ADP\', b\'DET\')"', 0.00094046435594783069)
('word-2-gram "(\'it\', \'is\')"', 0.00091373792913622474)
('word-2-gram "(\'from\', \'the\')"', 0.00091109394613438251)
('word-2-gram "(\'with\', \'a\')"', 0.00091015378667852931)
('word-2-gram "(\'with\', \'the\')"', 0.00086867199950063883)
('word-2-gram "(\'is\', \'a\')"', 0.00085899534322603677)
('postag-5-gram "(b\'ADP\', b\'DET\', b\'NOUN\', b\'ADP\', b\'DET\')"', 0.00085780459507017574)
('postag-4-gram "(b\'NOUN\', b\'PUNCT\', b\'DET\', b\'NOUN\')"', 0.00085352823880581246)
("char-4-gram ' con'", 0.00084741068044993429)
('postag-5-gram "(b\'VERB\', b\'DET\', b\'NOUN\', b\'ADP\', b\'NOUN\')"', 0.00083154814676118555)
('postag-5-gram "(b\'PUNCT\', b\'PUNCT\', b\'PUNCT\', b\'PUNCT\', b\'PUNCT\')"', 0.00082308485956344643)
('postag-5-gram "(b\'VERB\', b\'ADP\', b\'DET\', b\'ADJ\', b\'NOUN\')"', 0.00081218269560093292)
('postag-4-gram "(b\'NOUN\', b\'ADP\', b\'NOUN\', b\'ADP\')"', 0.00080201755689784623)
('word-2-gram "(\'was\', \'the\')"', 0.00079855720671281329)
('postag-5-gram "(b\'NOUN\', b\'ADP\', b\'DET\', b\'ADJ\', b\'NOUN\')"', 0.00079590931694638583)
('postag-4-gram "(b\'ADP\', b\'ADJ\', b\'NOUN\', b\'PUNCT\')"', 0.00079555793105418797)
('postag-5-gram "(b\'ADP\', b\'DET\', b\'NOUN\', b\'NOUN\', b\'PUNCT\')"', 0.00079018565013966053)
('postag-5-gram "(b\'NOUN\', b\'PUNCT\', b\'DET\', b\'ADJ\', b\'NOUN\')"', 0.00078841757388154734)
('word-2-gram "(\'on\', \'a\')"', 0.00076894335881672157)
("char-4-gram 'ted '", 0.00075236051724513647)
('word-2-gram "(\'is\', \'the\')"', 0.00074333103322218516)
('postag-4-gram "(b\'NOUN\', b\'PUNCT\', b\'PUNCT\', b\'PUNCT\')"', 0.00073321920167178421)
('postag-5-gram "(b\'ADP\', b\'DET\', b\'NOUN\', b\'ADP\', b\'NOUN\')"', 0.00072985361405779174)
('postag-5-gram "(b\'AUX\', b\'VERB\', b\'ADP\', b\'DET\', b\'NOUN\')"', 0.00071100216493136725)
('word-2-gram "(\'of\', \'his\')"', 0.00070967423775839325)
('word-2-gram "(\'by\', \'the\')"', 0.00069077168236825128)
('word-2-gram "(\'it\', \'was\')"', 0.00067557178002332254)
('word-2-gram "(\'as\', \'a\')"', 0.00067296194768137253)
('postag-5-gram "(b\'PUNCT\', b\'ADP\', b\'DET\', b\'ADJ\', b\'NOUN\')"', 0.00066805672637287633)
('postag-5-gram "(b\'PUNCT\', b\'DET\', b\'NOUN\', b\'ADP\', b\'DET\')"', 0.00064338955343359633)
('postag-5-gram "(b\'DET\', b\'ADJ\', b\'NOUN\', b\'ADP\', b\'NOUN\')"', 0.00062265445767134954)
('postag-4-gram "(b\'DET\', b\'NOUN\', b\'ADP\', b\'ADJ\')"', 0.00062057699283926465)
('postag-5-gram "(b\'NOUN\', b\'PUNCT\', b\'ADP\', b\'DET\', b\'NOUN\')"', 0.00061111794777647178)
('word-2-gram "(\'have\', \'been\')"', 0.00060695048608691289)
('postag-5-gram "(b\'VERB\', b\'DET\', b\'ADJ\', b\'NOUN\', b\'ADP\')"', 0.00059989739661282381)
('word-2-gram "(\'was\', \'a\')"', 0.00059648553815757298)
('postag-5-gram "(b\'VERB\', b\'ADP\', b\'DET\', b\'NOUN\', b\'ADP\')"', 0.00058278968279938453)
('word-2-gram "(\'the\', \'same\')"', 0.00057226173662625588)
('postag-4-gram "(b\'NOUN\', b\'ADP\', b\'ADJ\', b\'NOUN\')"', 0.00056735768450100438)
('postag-5-gram "(b\'DET\', b\'NOUN\', b\'PUNCT\', b\'DET\', b\'NOUN\')"', 0.00055829806979890086)
('word-2-gram "(\'in\', \'this\')"', 0.00053645271631781624)
('postag-5-gram "(b\'NOUN\', b\'ADP\', b\'DET\', b\'NOUN\', b\'ADP\')"', 0.00053013713660229509)
('postag-5-gram "(b\'NOUN\', b\'NOUN\', b\'ADP\', b\'DET\', b\'NOUN\')"', 0.00052298445179169433)
('word-2-gram "(\'to\', \'a\')"', 0.00051057971950422285)
('postag-4-gram "(b\'NOUN\', b\'ADP\', b\'DET\', b\'PROPN\')"', 0.00050919715218396408)
('word-2-gram "(\'the\', \'first\')"', 0.00049267053356963743)
('postag-5-gram "(b\'NOUN\', b\'PUNCT\', b\'DET\', b\'NOUN\', b\'VERB\')"', 0.00048380303368083735)
('postag-5-gram "(b\'NOUN\', b\'ADP\', b\'DET\', b\'NOUN\', b\'NOUN\')"', 0.00047779006095053462)
('postag-4-gram "(b\'NOUN\', b\'VERB\', b\'ADP\', b\'DET\')"', 0.00046584339896101583)
('postag-5-gram "(b\'DET\', b\'NOUN\', b\'ADP\', b\'ADJ\', b\'NOUN\')"', 0.00046244489409603338)
('word-3-gram "(\'it\', \'is\', \'a\')"', 0.00045920718611792158)
('word-2-gram "(\'of\', \'this\')"', 0.00045235169853081217)
('postag-5-gram "(b\'ADP\', b\'NOUN\', b\'ADP\', b\'DET\', b\'NOUN\')"', 0.00042878155783760959)
('postag-5-gram "(b\'NOUN\', b\'ADP\', b\'DET\', b\'NOUN\', b\'VERB\')"', 0.00042633600139531006)
('word-2-gram "(\'that\', \'the\')"', 0.00041638658423576001)
('postag-5-gram "(b\'ADP\', b\'DET\', b\'NOUN\', b\'PUNCT\', b\'DET\')"', 0.00041273560036523155)
('word-2-gram "(\'there\', \'is\')"', 0.0004124828070996595)
('postag-5-gram "(b\'NOUN\', b\'PUNCT\', b\'DET\', b\'NOUN\', b\'ADP\')"', 0.0004032795477461395)
('postag-5-gram "(b\'NOUN\', b\'ADP\', b\'NOUN\', b\'ADP\', b\'DET\')"', 0.0003977299519506703)
('word-2-gram "(\'and\', \'a\')"', 0.00038887262355695939)
('postag-4-gram "(b\'PUNCT\', b\'PUNCT\', b\'PUNCT\', b\'PROPN\')"', 0.00038232517044657779)
('word-2-gram "(\'one\', \'of\')"', 0.0003587564246715192)
('word-2-gram "(\'is\', \'not\')"', 0.00032248182311169616)
('postag-5-gram "(b\'PUNCT\', b\'ADP\', b\'DET\', b\'NOUN\', b\'ADP\')"', 0.00032178378402148252)
('word-3-gram "(\'to\', \'be\', \'a\')"', 0.00029801152237363739)
('postag-5-gram "(b\'ADJ\', b\'NOUN\', b\'ADP\', b\'DET\', b\'ADJ\')"', 0.00028808565505905744)
('word-2-gram "(\'there\', \'was\')"', 0.00028710627937486192)
('postag-5-gram "(b\'NOUN\', b\'VERB\', b\'ADP\', b\'DET\', b\'NOUN\')"', 0.00028157277718828883)
('word-3-gram "(\'one\', \'of\', \'the\')"', 0.00027482538669688873)
('word-2-gram "(\'in\', \'his\')"', 0.00025855362385438039)
('word-2-gram "(\'into\', \'the\')"', 0.0002548497296945831)
('word-1-gram "which"', 0.00024807318074869007)
('word-2-gram "(\'would\', \'be\')"', 0.00024230023777918971)
('postag-5-gram "(b\'ADJ\', b\'NOUN\', b\'PUNCT\', b\'DET\', b\'NOUN\')"', 0.000239141163084655)
('postag-5-gram "(b\'NOUN\', b\'ADP\', b\'ADJ\', b\'NOUN\', b\'PUNCT\')"', 0.00023896231944177501)
('word-2-gram "(\'can\', \'be\')"', 0.00023669858388646595)
('word-2-gram "(\'may\', \'be\')"', 0.00022840530003613105)
('postag-5-gram "(b\'PUNCT\', b\'PUNCT\', b\'PUNCT\', b\'PRON\', b\'VERB\')"', 0.00022509925179759434)
('word-3-gram "(\'in\', \'the\', \'world\')"', 0.00022268622248996185)
('word-3-gram "(\'the\', \'use\', \'of\')"', 0.00022135054244936799)
('word-2-gram "(\'has\', \'been\')"', 0.00018854914441402654)
('word-2-gram "(\'he\', \'was\')"', 0.00018397852999699934)
('word-3-gram "(\'of\', \'the\', \'most\')"', 0.00017550668214374543)
('word-3-gram "(\'there\', \'is\', \'a\')"', 0.00015444350688098967)
('word-2-gram "(\'that\', \'he\')"', 0.00015337940129730608)
('word-4-gram "(\'to\', \'be\', \'able\', \'to\')"', 0.00012663132623859548)
('word-3-gram "(\'the\', \'rest\', \'of\')"', 0.00011462883171308266)
('word-4-gram "(\'at\', \'the\', \'end\', \'of\')"', 0.00011071227183599406)
('word-3-gram "(\'in\', \'front\', \'of\')"', 0.00010616886404188614)
('word-3-gram "(\'it\', \'is\', \'the\')"', 0.00010578316605478395)
('word-3-gram "(\'because\', \'of\', \'the\')"', 0.0001031744443489541)
('word-3-gram "(\'the\', \'end\', \'of\')"', 0.00010099428271665808)
('word-4-gram "(\'was\', \'one\', \'of\', \'the\')"', 0.00010002267954616528)
('word-2-gram "(\'he\', \'had\')"', 9.968735862426468e-05)
('word-4-gram "(\'in\', \'front\', \'of\', \'the\')"', 9.6473553881979435e-05)
('word-3-gram "(\'there\', \'was\', \'a\')"', 9.4513759271844177e-05)
('word-3-gram "(\'it\', \'was\', \'a\')"', 9.2082885054847475e-05)
('word-3-gram "(\'it\', \'is\', \'not\')"', 9.0918968862960006e-05)
('word-4-gram "(\'the\', \'side\', \'of\', \'the\')"', 8.8775999190231954e-05)
('word-3-gram "(\'some\', \'of\', \'the\')"', 8.6894358155203491e-05)
('word-3-gram "(\'end\', \'of\', \'the\')"', 8.5888653802199949e-05)
('word-3-gram "(\'that\', \'it\', \'was\')"', 8.4712772277111684e-05)
('word-3-gram "(\'side\', \'of\', \'the\')"', 8.4491936936104047e-05)
('word-3-gram "(\'to\', \'be\', \'the\')"', 8.2539056974482468e-05)
('word-2-gram "(\'as\', \'the\')"', 7.433749492633443e-05)
('word-4-gram "(\'one\', \'of\', \'the\', \'most\')"', 7.1029545794960904e-05)
('word-4-gram "(\'the\', \'use\', \'of\', \'the\')"', 6.7496337720938785e-05)
('word-3-gram "(\'it\', \'would\', \'be\')"', 6.5271091935950842e-05)
('word-3-gram "(\'on\', \'the\', \'other\')"', 6.1312286799599096e-05)
('word-3-gram "(\'that\', \'it\', \'is\')"', 5.8122404663038399e-05)
('word-4-gram "(\'the\', \'rest\', \'of\', \'the\')"', 5.4903384065904906e-05)
('word-3-gram "(\'most\', \'of\', \'the\')"', 4.7327745440715688e-05)
('word-5-gram "(\'the\', \'other\', \'end\', \'of\', \'the\')"', 4.3540404099660011e-05)
('word-4-gram "(\'the\', \'top\', \'of\', \'the\')"', 4.3216853159317723e-05)
('word-3-gram "(\'out\', \'of\', \'the\')"', 4.2974850595421333e-05)
('word-2-gram "(\'had\', \'been\')"', 4.0145447010770924e-05)
('word-3-gram "(\'part\', \'of\', \'the\')"', 2.8541547503522028e-05)
('word-4-gram "(\'at\', \'the\', \'same\', \'time\')"', 2.6345239680081825e-05)
('word-4-gram "(\'in\', \'the\', \'middle\', \'of\')"', 2.2516170008618595e-05)
('word-5-gram "(\'in\', \'the\', \'middle\', \'of\', \'the\')"', 2.1904154196810206e-05)
('word-3-gram "(\'at\', \'the\', \'same\')"', 2.1661616922570732e-05)
('word-3-gram "(\'the\', \'same\', \'time\')"', 2.158654098165457e-05)
('word-4-gram "(\'the\', \'end\', \'of\', \'the\')"', 2.1080631324867423e-05)
('word-4-gram "(\'the\', \'middle\', \'of\', \'the\')"', 1.6097152576271071e-05)
('word-3-gram "(\'he\', \'was\', \'a\')"', 1.5604003245555956e-05)
('word-3-gram "(\'a\', \'matter\', \'of\')"', 1.4135959992200064e-05)
('word-3-gram "(\'can\', \'not\', \'be\')"', 1.3649443056300114e-05)
('word-3-gram "(\'it\', \'was\', \'the\')"', 1.2045768821641066e-05)
('word-4-gram "(\'on\', \'the\', \'part\', \'of\')"', 1.1001959955720792e-05)
('word-5-gram "(\'the\', \'other\', \'side\', \'of\', \'the\')"', 7.735995582982662e-06)
("char-4-gram ' `` '", 0.0)
('word-3-gram "(\'the\', \'united\', \'states\')"', 0.0)
('word-3-gram "(\'as\', \'well\', \'as\')"', 0.0)
('word-3-gram "(\'the\', \'fact\', \'that\')"', 0.0)
('word-3-gram "(\'there\', \'was\', \'no\')"', 0.0)
('word-3-gram "(\'of\', \'the\', \'united\')"', 0.0)
('word-3-gram "(\'a\', \'number\', \'of\')"', 0.0)
('word-3-gram "(\'in\', \'order\', \'to\')"', 0.0)
('word-3-gram "(\'members\', \'of\', \'the\')"', 0.0)
('word-3-gram "(\'of\', \'the\', \'new\')"', 0.0)
('word-3-gram "(\'there\', \'is\', \'no\')"', 0.0)
('word-3-gram "(\'the\', \'number\', \'of\')"', 0.0)
('word-3-gram "(\'and\', \'in\', \'the\')"', 0.0)
('word-3-gram "(\'he\', \'did\', \'not\')"', 0.0)
('word-3-gram "(\'that\', \'he\', \'had\')"', 0.0)
('word-3-gram "(\'that\', \'he\', \'was\')"', 0.0)
('word-3-gram "(\'he\', \'had\', \'been\')"', 0.0)
('word-3-gram "(\'in\', \'the\', \'first\')"', 0.0)
('word-3-gram "(\'back\', \'to\', \'the\')"', 0.0)
('word-4-gram "(\'of\', \'the\', \'united\', \'states\')"', 0.0)
('word-4-gram "(\'in\', \'the\', \'united\', \'states\')"', 0.0)
('word-4-gram "(\'on\', \'the\', \'other\', \'hand\')"', 0.0)
('word-4-gram "(\'on\', \'the\', \'basis\', \'of\')"', 0.0)
('word-4-gram "(\'as\', \'well\', \'as\', \'the\')"', 0.0)
('word-4-gram "(\'is\', \'one\', \'of\', \'the\')"', 0.0)
('word-4-gram "(\'for\', \'the\', \'first\', \'time\')"', 0.0)
('word-4-gram "(\'the\', \'united\', \'states\', \'and\')"', 0.0)
('word-4-gram "(\'per\', \'cent\', \'of\', \'the\')"', 0.0)
('word-4-gram "(\'the\', \'fact\', \'that\', \'the\')"', 0.0)
('word-4-gram "(\'the\', \'center\', \'of\', \'the\')"', 0.0)
('word-4-gram "(\'as\', \'a\', \'result\', \'of\')"', 0.0)
('word-4-gram "(\'a\', \'member\', \'of\', \'the\')"', 0.0)
('word-4-gram "(\'the\', \'united\', \'states\', \'of\')"', 0.0)
('word-4-gram "(\'united\', \'states\', \'of\', \'america\')"', 0.0)
('word-4-gram "(\'in\', \'the\', \'case\', \'of\')"', 0.0)
('word-4-gram "(\'at\', \'the\', \'time\', \'of\')"', 0.0)
('word-4-gram "(\'the\', \'government\', \'of\', \'the\')"', 0.0)
('word-4-gram "(\'in\', \'the\', \'first\', \'place\')"', 0.0)
('word-4-gram "(\'in\', \'addition\', \'to\', \'the\')"', 0.0)
('word-4-gram "(\'on\', \'the\', \'other\', \'side\')"', 0.0)
('word-4-gram "(\'in\', \'the\', \'form\', \'of\')"', 0.0)
('word-4-gram "(\'government\', \'of\', \'the\', \'united\')"', 0.0)
('word-4-gram "(\'from\', \'time\', \'to\', \'time\')"', 0.0)
('word-4-gram "(\'in\', \'the\', \'face\', \'of\')"', 0.0)
('word-4-gram "(\'with\', \'respect\', \'to\', \'the\')"', 0.0)
('word-4-gram "(\'was\', \'going\', \'to\', \'be\')"', 0.0)
('word-4-gram "(\'turned\', \'out\', \'to\', \'be\')"', 0.0)
('word-4-gram "(\'the\', \'secretary\', \'of\', \'the\')"', 0.0)
('word-4-gram "(\'the\', \'nature\', \'of\', \'the\')"', 0.0)
('word-4-gram "(\'the\', \'edge\', \'of\', \'the\')"', 0.0)
('word-4-gram "(\'of\', \'the\', \'new\', \'york\')"', 0.0)
('word-4-gram "(\'the\', \'editor\', \'of\', \'the\')"', 0.0)
('word-4-gram "(\'for\', \'the\', \'most\', \'part\')"', 0.0)
('word-4-gram "(\'as\', \'a\', \'matter\', \'of\')"', 0.0)
('word-4-gram "(\'of\', \'the\', \'fact\', \'that\')"', 0.0)
('word-5-gram "(\'at\', \'the\', \'end\', \'of\', \'the\')"', 0.0)
('word-5-gram "(\'the\', \'united\', \'states\', \'of\', \'america\')"', 0.0)
('word-5-gram "(\'the\', \'government\', \'of\', \'the\', \'united\')"', 0.0)
('word-5-gram "(\'government\', \'of\', \'the\', \'united\', \'states\')"', 0.0)
('word-5-gram "(\'of\', \'the\', \'united\', \'states\', \'of\')"', 0.0)
('word-5-gram "(\'to\', \'the\', \'editor\', \'of\', \'the\')"', 0.0)
('word-5-gram "(\'as\', \'a\', \'matter\', \'of\', \'fact\')"', 0.0)
('word-5-gram "(\'on\', \'the\', \'part\', \'of\', \'the\')"', 0.0)
('word-5-gram "(\'john\', \'a\', \'notte\', \'jr\', \'governor\')"', 0.0)
('word-5-gram "(\'the\', \'secretary\', \'of\', \'the\', \'treasury\')"', 0.0)
('word-5-gram "(\'the\', \'editor\', \'of\', \'the\', \'inquirer\')"', 0.0)
('word-5-gram "(\'for\', \'the\', \'first\', \'time\', \'in\')"', 0.0)
('word-5-gram "(\'and\', \'at\', \'the\', \'same\', \'time\')"', 0.0)
('word-5-gram "(\'at\', \'the\', \'beginning\', \'of\', \'the\')"', 0.0)
('word-5-gram "(\'on\', \'the\', \'other\', \'side\', \'of\')"', 0.0)
('word-5-gram "(\'on\', \'the\', \'basis\', \'of\', \'the\')"', 0.0)
('word-5-gram "(\'of\', \'the\', \'new\', \'york\', \'times\')"', 0.0)
('word-5-gram "(\'index\', \'word\', \'or\', \'electronic\', \'switch\')"', 0.0)
('word-5-gram "(\'in\', \'the\', \'form\', \'of\', \'a\')"', 0.0)
('word-5-gram "(\'in\', \'the\', \'case\', \'of\', \'the\')"', 0.0)
('word-5-gram "(\'in\', \'the\', \'basic\', \'wage\', \'rate\')"', 0.0)
('word-5-gram "(\'at\', \'the\', \'same\', \'time\', \'the\')"', 0.0)
('word-5-gram "(\'as\', \'a\', \'result\', \'of\', \'the\')"', 0.0)
('word-5-gram "(\'on\', \'the\', \'side\', \'of\', \'the\')"', 0.0)
('word-5-gram "(\'there\', \'are\', \'a\', \'number\', \'of\')"', 0.0)
('word-5-gram "(\'the\', \'department\', \'of\', \'economic\', \'affairs\')"', 0.0)
('word-5-gram "(\'on\', \'the\', \'other\', \'hand\', \'the\')"', 0.0)
('word-5-gram "(\'is\', \'one\', \'of\', \'the\', \'most\')"', 0.0)
('word-5-gram "(\'index\', \'words\', \'and\', \'electronic\', \'switches\')"', 0.0)
('word-5-gram "(\'in\', \'the\', \'united\', \'states\', \'and\')"', 0.0)
('word-5-gram "(\'at\', \'the\', \'foot\', \'of\', \'the\')"', 0.0)
('word-5-gram "(\'we\', \'are\', \'born\', \'of\', \'god\')"', 0.0)
('word-5-gram "(\'turned\', \'out\', \'to\', \'be\', \'a\')"', 0.0)
('word-5-gram "(\'the\', \'state\', \'of\', \'rhode\', \'island\')"', 0.0)
('word-5-gram "(\'the\', \'secretary\', \'of\', \'the\', \'interior\')"', 0.0)
('word-5-gram "(\'the\', \'second\', \'half\', \'of\', \'the\')"', 0.0)
('word-5-gram "(\'the\', \'first\', \'half\', \'of\', \'the\')"', 0.0)
('word-5-gram "(\'the\', \'far\', \'end\', \'of\', \'the\')"', 0.0)
('word-5-gram "(\'president\', \'of\', \'the\', \'united\', \'states\')"', 0.0)
('word-5-gram "(\'of\', \'the\', \'state\', \'of\', \'rhode\')"', 0.0)
('word-5-gram "(\'of\', \'the\', \'government\', \'of\', \'the\')"', 0.0)
('word-5-gram "(\'if\', \'we\', \'are\', \'born\', \'of\')"', 0.0)
('word-5-gram "(\'for\', \'the\', \'rest\', \'of\', \'the\')"', 0.0)
('word-5-gram "(\'for\', \'a\', \'number\', \'of\', \'years\')"', 0.0)
('word-5-gram "(\'at\', \'the\', \'time\', \'of\', \'the\')"', 0.0)
('word-5-gram "(\'are\', \'born\', \'of\', \'god\', \'we\')"', 0.0)
('word-5-gram "(\'year\', \'of\', \'our\', \'lord\', \'one\')"', 0.0)
