0.6035
('character_grams-3-47', 0.04231160781795059)
('character_grams-2-8', 0.032324359643178993)
('character_grams-4-27', 0.030990615750719749)
('character_grams-5-29', 0.023614532214944282)
('postag_grams-3-2', 0.023275799303803978)
('character_grams-2-9', 0.020937048476753067)
('character_grams-5-12', 0.020799210345085223)
('special_character_grams-2-1', 0.017482426870512047)
('postag_grams-2-25', 0.015087689236725703)
('character_grams-3-41', 0.012257340390315546)
('character_grams-3-45', 0.01075282171655753)
('postag_grams-4-13', 0.010151976831408858)
('postag_grams-2-33', 0.0091736011567132934)
('postag_grams-3-6', 0.0090678213695412693)
('postag_grams-2-37', 0.008034165257813702)
('postag_grams-2-32', 0.0078322105533327191)
('character_grams-5-48', 0.0076353831128323727)
('character_grams-3-9', 0.0075762549624644902)
('postag_grams-3-31', 0.0074152797326162093)
('special_character_grams-2-3', 0.0071748024028931998)
('character_grams-4-17', 0.006818091504550686)
('character_grams-4-36', 0.0064513169773845148)
('character_grams-3-38', 0.0063281562006743544)
('word_frequencies-43', 0.0061361094980097565)
('character_grams-3-14', 0.0059796300719979923)
('character_grams-4-35', 0.0059277336897751729)
('postag_grams-4-30', 0.0056852138840829593)
('word_frequencies-44', 0.0054661153725556431)
('postag_grams-3-15', 0.0054057525492385971)
('character_grams-4-43', 0.0053330812705634214)
('word_frequencies-33', 0.0052405857420656432)
('postag_grams-3-17', 0.005220108702200809)
('character_grams-3-31', 0.0049457854049638041)
('character_grams-5-37', 0.0049297454461509453)
('postag_grams-2-15', 0.0048647378345110757)
('postag_grams-2-40', 0.0046591798351881073)
('postag_grams-3-33', 0.004613803842413125)
('postag_grams-3-44', 0.0045762506067330896)
('character_grams-2-23', 0.0045131979717993442)
('special_character_grams-3-2', 0.0043709003809928818)
('character_grams-4-18', 0.0043700281701990187)
('character_grams-5-19', 0.0043006898759045962)
('postag_grams-3-39', 0.0042853436219195138)
('character_grams-2-50', 0.0041835703183967362)
('word_frequencies-10', 0.0040032360610835812)
('character_grams-2-46', 0.0040030419477677416)
('postag_grams-4-28', 0.0039429004226240842)
('character_grams-2-28', 0.0039421161534136445)
('word_frequencies-25', 0.0038530439745292203)
('word_frequencies-28', 0.0037885497678357993)
('character_grams-5-33', 0.0037376981622762968)
('postag_grams-3-29', 0.0037053759254662083)
('character_grams-3-17', 0.0035117668475821173)
('postag_grams-2-44', 0.0034164278425389315)
('postag_grams-4-10', 0.0032759893206048911)
('postag_grams-5-35', 0.0032694820166594817)
('postag_grams-2-31', 0.0032581124074224877)
('character_grams-2-15', 0.0032451831894402465)
('character_grams-2-39', 0.0032367952515931372)
('character_grams-3-40', 0.0032009679942192836)
('postag_grams-3-27', 0.0031974965199664425)
('postag_grams-2-1', 0.003184500841889515)
('word_frequencies-36', 0.0030490549028356073)
('postag_grams-2-16', 0.0030210775597757002)
('postag_grams-3-18', 0.0029857849314628422)
('character_grams-4-7', 0.0029555825649441496)
('character_grams-5-38', 0.0029331024064330065)
('word_frequencies-48', 0.002915033827748565)
('postag_grams-5-16', 0.0028707648268121925)
('character_grams-2-43', 0.0028372680429682513)
('special_character_grams-2-5', 0.0028312420520588133)
('character_grams-3-30', 0.0028061174869897744)
('character_grams-3-44', 0.0027758175016720705)
('character_grams-2-25', 0.0027021961475943868)
('special_character_grams-2-4', 0.0026813951247526674)
('special_character_grams-3-4', 0.0026438512039808214)
('character_grams-3-37', 0.0026265061658622786)
('postag_grams-2-12', 0.0026118391979777136)
('character_grams-3-48', 0.0026047929040666036)
('character_grams-4-25', 0.0026039685059055994)
('postag_grams-4-48', 0.0025885611843315809)
('postag_grams-2-6', 0.0025815177868692279)
('postag_grams-2-24', 0.0025521254959253435)
('character_grams-5-10', 0.0025349776521832647)
('character_grams-4-21', 0.0025275523899442949)
('character_grams-5-15', 0.0025185766766364641)
('postag_grams-2-47', 0.0025147722648598781)
('character_grams-2-17', 0.0024757978682297178)
('character_grams-2-11', 0.0024616446118672915)
('word_grams-2-1', 0.0024514946892834053)
('character_grams-2-26', 0.0023725872148762672)
('word_frequencies-47', 0.0023368569717218675)
('postag_grams-4-38', 0.0023311391143166537)
('postag_grams-3-45', 0.0023242160303503568)
('character_grams-3-18', 0.002289443422827719)
('postag_grams-3-12', 0.0022766271649362346)
('character_grams-4-31', 0.0022711248084027317)
('postag_grams-2-46', 0.0022522889320638218)
('character_grams-2-48', 0.0022400344056059409)
('postag_grams-2-10', 0.0022215626691034713)
('character_grams-3-8', 0.0022157794510617073)
('word_frequencies-6', 0.0021897190816008434)
('character_grams-3-35', 0.0021884396340361746)
('character_grams-4-39', 0.002135073488191501)
('character_grams-5-1', 0.0021295923048966106)
('word_frequencies-46', 0.0021143807467447172)
('postag_grams-2-30', 0.0021124506607647516)
('word_frequencies-17', 0.0021054233448254806)
('word_frequencies-26', 0.0020873915779032379)
('character_grams-4-2', 0.0020802400573077463)
('postag_grams-3-10', 0.0020769368586626299)
('character_grams-2-18', 0.0020679640629926747)
('word_frequencies-32', 0.002039458501497669)
('postag_grams-2-14', 0.0020375093254848806)
('character_grams-4-48', 0.0020343209737071293)
('postag_grams-3-4', 0.0019958749660679582)
('postag_grams-4-41', 0.0019889216531582907)
('character_grams-5-49', 0.001986930481483973)
('postag_grams-5-40', 0.0019699728016433046)
('character_grams-3-1', 0.0019666308972823045)
('character_grams-4-8', 0.0019593343183848502)
('postag_grams-5-14', 0.0019484679313247172)
('character_grams-2-22', 0.0019404671366859477)
('postag_grams-2-26', 0.0019388825401673263)
('character_grams-2-33', 0.0019342201664783178)
('character_grams-5-32', 0.0019333258386664413)
('character_grams-5-50', 0.0019015053417868416)
('character_grams-5-16', 0.0018877028418182746)
('character_grams-4-41', 0.0018553669889081483)
('postag_grams-2-36', 0.001831372336515823)
('postag_grams-4-9', 0.0018100898675912239)
('character_grams-2-27', 0.0018051558565317888)
('postag_grams-4-37', 0.0017850247823742596)
('character_grams-2-20', 0.0017786876793438296)
('word_frequencies-13', 0.0017705035918731764)
('character_grams-5-39', 0.0017688641340257913)
('postag_grams-4-26', 0.0017687143666969851)
('word_frequencies-5', 0.0017598636180385418)
('postag_grams-2-21', 0.0017449345471658795)
('postag_grams-3-23', 0.0017307332661648273)
('character_grams-5-18', 0.0017198961184535717)
('character_grams-3-42', 0.0017145266088169143)
('postag_grams-4-1', 0.0017138979429210694)
('special_character_grams-2-2', 0.0017135856946824696)
('special_character_grams-3-3', 0.0017130284293891665)
('postag_grams-2-35', 0.001710285561125323)
('special_character_grams-3-1', 0.001705366632363575)
('character_grams-3-10', 0.0016954341247477245)
('postag_grams-2-19', 0.0016902865004965639)
('character_grams-3-2', 0.001670571833909939)
('word_frequencies-29', 0.0016685277213392927)
('character_grams-3-39', 0.0016679868393753511)
('character_grams-3-43', 0.0016585669351333139)
('postag_grams-2-28', 0.0016518126357199464)
('postag_grams-4-29', 0.0016356504687405787)
('character_grams-4-28', 0.001625357650938686)
('postag_grams-5-2', 0.0016148347445479909)
('character_grams-5-4', 0.0016134722038669436)
('character_grams-5-41', 0.0016064113570268459)
('postag_grams-3-25', 0.0016002607654411376)
('character_grams-2-34', 0.0015993715305044978)
('character_grams-3-5', 0.0015960757202842461)
('postag_grams-3-3', 0.0015934108723792831)
('character_grams-4-40', 0.0015834991760137506)
('character_grams-4-6', 0.0015833814257773067)
('postag_grams-2-13', 0.0015687232619173868)
('character_grams-5-22', 0.0015447649513726401)
('postag_grams-2-41', 0.0015424901723980042)
('character_grams-3-32', 0.0015343726709194552)
('character_grams-5-26', 0.0015315442322622235)
('word_grams-2-37', 0.0015124601479402139)
('postag_grams-3-22', 0.0015083268048702771)
('postag_grams-4-43', 0.0015073891524437953)
('character_grams-3-3', 0.0015030645878135224)
('postag_grams-2-22', 0.0014808380059404)
('postag_grams-3-11', 0.0014774500364475502)
('character_grams-5-36', 0.0014609250424444809)
('postag_grams-2-18', 0.0014285486780321096)
('postag_grams-5-34', 0.0014269608237182927)
('postag_grams-3-50', 0.0014269203221072189)
('word_grams-2-2', 0.0014171118628436513)
('postag_grams-2-11', 0.0014169988255790212)
('postag_grams-3-8', 0.0014078053988993977)
('word_frequencies-37', 0.0013993431086757532)
('character_grams-2-5', 0.0013959667031431559)
('postag_grams-2-5', 0.0013932992027288859)
('postag_grams-3-42', 0.001392893929778815)
('character_grams-2-2', 0.0013648625467595069)
('character_grams-3-21', 0.0013644860119450292)
('character_grams-3-15', 0.0013581466435264322)
('word_frequencies-4', 0.0013495898841535839)
('word_frequencies-2', 0.0013489530201969387)
('character_grams-3-36', 0.0013482828742875394)
('character_grams-3-46', 0.0013473401321852851)
('postag_grams-3-1', 0.0013416236603337542)
('character_grams-3-24', 0.0013399253258069433)
('character_grams-2-32', 0.0013377828733553239)
('postag_grams-2-43', 0.0013341832088483768)
('character_grams-4-33', 0.0013272960046382704)
('character_grams-3-12', 0.0013269528105701847)
('character_grams-4-10', 0.0013190062576087969)
('postag_grams-2-45', 0.0013161696667891517)
('postag_grams-4-8', 0.0013086630438896611)
('character_grams-2-42', 0.0013073190990976439)
('character_grams-2-36', 0.0013057212524152113)
('character_grams-5-45', 0.0013014356558060896)
('character_grams-4-3', 0.0012993078704977422)
('postag_grams-5-18', 0.0012951195004686114)
('character_grams-5-44', 0.0012917397006058941)
('word_frequencies-27', 0.001288780134443431)
('character_grams-5-20', 0.0012884080638859562)
('postag_grams-3-35', 0.0012823713349311349)
('character_grams-2-12', 0.0012817944262430833)
('character_grams-2-24', 0.0012754728244281151)
('character_grams-5-8', 0.0012729242205116354)
('postag_grams-3-19', 0.0012651367423203727)
('postag_grams-3-5', 0.0012549939793017257)
('postag_grams-3-36', 0.0012541492676641319)
('postag_grams-3-43', 0.001248801551927223)
('character_grams-4-1', 0.0012447306404797789)
('character_grams-5-35', 0.0012446875930175096)
('postag_grams-3-20', 0.0012324385065742597)
('character_grams-5-17', 0.0012169044459296777)
('postag_grams-2-29', 0.0012158988129157293)
('character_grams-2-14', 0.001215388887033912)
('postag_grams-3-48', 0.0012145550384096309)
('character_grams-2-1', 0.0012121126911782075)
('postag_grams-4-33', 0.0012120128716628482)
('character_grams-2-19', 0.0012101352140890277)
('postag_grams-4-32', 0.0012022550012953542)
('character_grams-2-37', 0.0011951304978837431)
('character_grams-2-30', 0.0011948097069983685)
('character_grams-2-35', 0.001194400091520238)
('character_grams-3-11', 0.0011875935411649054)
('character_grams-2-21', 0.0011832624023593548)
('character_grams-2-45', 0.0011775692082944375)
('postag_grams-3-41', 0.0011729071257258975)
('postag_grams-4-21', 0.0011581810515527799)
('word_frequencies-18', 0.0011572524707140271)
('character_grams-5-43', 0.0011451681034411537)
('character_grams-5-27', 0.0011341226329115251)
('character_grams-3-23', 0.0011327986174578045)
('word_frequencies-38', 0.0011323560330583089)
('postag_grams-2-48', 0.0011297195643087384)
('character_grams-2-4', 0.0011146180878831736)
('word_frequencies-24', 0.0011096118300650036)
('word_frequencies-19', 0.0010942989261953889)
('character_grams-3-16', 0.001093058223951251)
('postag_grams-2-50', 0.0010904050273799802)
('postag_grams-2-7', 0.0010744121083647235)
('postag_grams-4-3', 0.0010742709584144652)
('character_grams-3-22', 0.0010675737618121269)
('postag_grams-4-4', 0.0010671488561167185)
('postag_grams-3-14', 0.0010542475680025674)
('postag_grams-5-29', 0.0010486060609685452)
('character_grams-3-29', 0.0010480194338684428)
('character_grams-4-24', 0.0010423336033333576)
('word_frequencies-8', 0.0010403547901289391)
('character_grams-2-10', 0.0010364782442437443)
('word_grams-3-19', 0.001028223604404241)
('postag_grams-2-9', 0.0010281826233638877)
('character_grams-5-24', 0.0010194595928181495)
('postag_grams-2-8', 0.0010094080575131976)
('word_frequencies-22', 0.00099853104332668511)
('character_grams-3-13', 0.00099849511374146553)
('character_grams-5-25', 0.00099768110396347156)
('character_grams-4-14', 0.00099582215187097646)
('character_grams-2-38', 0.00099569367595287155)
('character_grams-2-16', 0.0009941497130934215)
('postag_grams-2-34', 0.00099320879195602678)
('character_grams-2-7', 0.00098937844943721809)
('postag_grams-3-37', 0.00098724341515094992)
('character_grams-2-31', 0.00098511791955345138)
('character_grams-5-34', 0.00098387141944537111)
('postag_grams-4-17', 0.0009812002292398413)
('character_grams-2-13', 0.00097932200530551419)
('word_frequencies-12', 0.0009728710290633233)
('character_grams-2-47', 0.00097111661141506414)
('postag_grams-3-24', 0.00097110891674459423)
('postag_grams-4-36', 0.00097086072637062037)
('character_grams-4-44', 0.00096857798507717378)
('character_grams-3-49', 0.00096104186104132747)
('postag_grams-3-38', 0.00095776231456804167)
('character_grams-3-26', 0.00095106393092990471)
('character_grams-5-14', 0.00094738106341567133)
('word_frequencies-7', 0.00094280759112012435)
('special_character_grams-3-5', 0.00094250064242313995)
('character_grams-4-49', 0.00094209340658998083)
('postag_grams-2-4', 0.00093997311887171822)
('character_grams-4-16', 0.00093967146089448002)
('character_grams-3-25', 0.00093932410081916482)
('character_grams-3-34', 0.00093756844527254839)
('character_grams-4-47', 0.00093234159756539826)
('word_grams-2-5', 0.00092413815597331415)
('postag_grams-4-23', 0.00092300563429626326)
('word_frequencies-15', 0.00092008678372366439)
('character_grams-2-49', 0.00091851026278864337)
('postag_grams-2-38', 0.00091059847033113091)
('character_grams-2-29', 0.00090947512996544246)
('character_grams-4-26', 0.00090707234289227683)
('character_grams-5-3', 0.00090701312515426426)
('character_grams-3-20', 0.00089985000671277541)
('character_grams-4-19', 0.00087946212549616068)
('word_grams-2-22', 0.00087828349610896098)
('character_grams-2-3', 0.0008774327119405866)
('postag_grams-2-20', 0.00087622722787177184)
('character_grams-5-30', 0.00087421134413610065)
('postag_grams-2-23', 0.0008733958872424386)
('character_grams-5-13', 0.00086405401156806557)
('character_grams-3-6', 0.00086301909942515769)
('character_grams-5-46', 0.00086245543140176602)
('character_grams-5-11', 0.00085959136638458699)
('character_grams-4-22', 0.00085836638004069461)
('postag_grams-3-30', 0.00084536939042287567)
('postag_grams-4-16', 0.00084031359792460184)
('character_grams-4-15', 0.00083968180427118014)
('character_grams-2-6', 0.00083860862758430518)
('character_grams-4-9', 0.00083630441906622503)
('character_grams-3-50', 0.00083510108034188439)
('word_frequencies-23', 0.00083001865367490107)
('postag_grams-2-17', 0.00082520195844283358)
('postag_grams-2-27', 0.00081113030825186118)
('character_grams-2-41', 0.00080696705042033784)
('postag_grams-4-18', 0.00080448233950451741)
('character_grams-2-40', 0.00080426509168491506)
('character_grams-4-32', 0.00080240133595217158)
('postag_grams-3-40', 0.00079955914904174502)
('postag_grams-5-6', 0.00079102088607016648)
('postag_grams-3-7', 0.00079084189279478659)
('postag_grams-3-26', 0.00078819486532995438)
('character_grams-4-30', 0.00077229374286879302)
('character_grams-4-12', 0.00077090920772957515)
('character_grams-4-20', 0.00077088061845766013)
('postag_grams-4-22', 0.0007705617939573041)
('character_grams-3-7', 0.00076694919796808263)
('character_grams-4-13', 0.00076591235914058901)
('postag_grams-3-47', 0.00075901804167906978)
('character_grams-5-5', 0.00075657029336725608)
('character_grams-5-7', 0.00075583817609856899)
('postag_grams-3-21', 0.00075463074754184814)
('character_grams-3-27', 0.00074990491857720206)
('postag_grams-4-15', 0.00074906184882559822)
('postag_grams-3-13', 0.00074770567488169955)
('word_frequencies-14', 0.00074391137702943565)
('postag_grams-2-2', 0.00073319445722726782)
('character_grams-4-46', 0.00073192032395044389)
('word_grams-2-7', 0.00073084897586910892)
('postag_grams-3-16', 0.00072921439369168066)
('postag_grams-2-3', 0.00072437766496741068)
('postag_grams-4-12', 0.00072369243782760269)
('word_frequencies-16', 0.00071698131909229588)
('word_frequencies-1', 0.00071689266628304578)
('character_grams-4-37', 0.00071502242015139864)
('character_grams-5-47', 0.00071160084714814986)
('character_grams-4-11', 0.00070683260729806753)
('postag_grams-2-42', 0.00070607369787871498)
('postag_grams-3-46', 0.00069959397720334437)
('postag_grams-5-7', 0.00069629826512256434)
('postag_grams-3-49', 0.00069512453160512633)
('character_grams-3-28', 0.00069054585901271782)
('character_grams-3-33', 0.0006865613776188299)
('postag_grams-5-38', 0.00067732700705818761)
('postag_grams-5-9', 0.00067599482276581215)
('postag_grams-4-11', 0.00067576175009916679)
('postag_grams-4-7', 0.00067069746475493684)
('postag_grams-3-28', 0.00067034033998377232)
('character_grams-2-44', 0.00067011862111131064)
('word_grams-2-12', 0.00066490048911853599)
('postag_grams-3-9', 0.00065753663315158402)
('word_frequencies-3', 0.00065497641960372474)
('character_grams-3-4', 0.00065378418921137468)
('character_grams-5-31', 0.00065068392877887487)
('word_frequencies-50', 0.00064756593506078511)
('character_grams-4-34', 0.00064492642701139758)
('postag_grams-4-40', 0.00064413300107562068)
('character_grams-5-28', 0.00064032060481864622)
('postag_grams-5-25', 0.0006381425627330538)
('word_frequencies-40', 0.00063291161726831654)
('postag_grams-4-25', 0.00063222987921295287)
('word_frequencies-31', 0.00062592460033373469)
('character_grams-4-29', 0.00062443340811007848)
('postag_grams-5-28', 0.00062278124474636162)
('postag_grams-2-49', 0.00062228002084417731)
('word_grams-2-50', 0.0006205067619988213)
('character_grams-5-42', 0.00061955466201845473)
('postag_grams-5-46', 0.00061616525844844234)
('word_grams-2-4', 0.00061162465553740188)
('character_grams-3-19', 0.00061000153099540096)
('word_frequencies-20', 0.00060923463397077079)
('word_grams-2-21', 0.0006046130349148458)
('word_frequencies-42', 0.00060292505026204131)
('postag_grams-4-45', 0.00058702091603404457)
('postag_grams-4-5', 0.00058118651618945948)
('postag_grams-5-8', 0.00057824919616871915)
('word_grams-2-8', 0.00057527685166983275)
('postag_grams-2-39', 0.00056687597362695705)
('word_grams-2-23', 0.00056235036754103069)
('character_grams-4-4', 0.00056072281592074659)
('postag_grams-5-3', 0.0005576431053298254)
('word_grams-2-41', 0.00055638255963825687)
('word_grams-2-3', 0.00055370047692266419)
('word_grams-2-44', 0.00054973081776493575)
('postag_grams-4-14', 0.00053974068741459013)
('postag_grams-4-6', 0.00053094186501270475)
('postag_grams-3-32', 0.00052846778771022693)
('word_grams-2-13', 0.00051896448035679786)
('word_grams-2-24', 0.00051814864947848961)
('word_frequencies-35', 0.00051720497291438854)
('word_frequencies-39', 0.00050833132796560248)
('word_grams-2-10', 0.00050677651400960757)
('character_grams-4-42', 0.00050670042643754165)
('word_frequencies-49', 0.00050436542829217581)
('word_frequencies-21', 0.00050422729458095869)
('postag_grams-4-24', 0.00048174609414694211)
('character_grams-4-5', 0.00048122627607039302)
('word_grams-2-16', 0.00047741547480556235)
('character_grams-5-21', 0.00047371895814394356)
('character_grams-5-6', 0.00046995849574467787)
('word_grams-2-11', 0.00045673226142426299)
('character_grams-5-23', 0.00045126888158186594)
('character_grams-4-38', 0.00044823228452935875)
('word_grams-2-48', 0.0004477037857552595)
('postag_grams-5-15', 0.0004469460410288673)
('character_grams-5-9', 0.00043417865830742823)
('postag_grams-4-39', 0.00043328674553696589)
('word_grams-2-45', 0.00043318208947662077)
('word_grams-2-43', 0.0004328133743992528)
('postag_grams-5-5', 0.00043224737959764154)
('character_grams-5-40', 0.00043131121295493827)
('character_grams-5-2', 0.00042910273217002995)
('postag_grams-5-12', 0.00042265891930189466)
('word_grams-2-6', 0.00041806828995192592)
('word_frequencies-34', 0.00041414469879397648)
('postag_grams-5-26', 0.00041229690539788013)
('postag_grams-5-32', 0.00040599340111431348)
('postag_grams-4-42', 0.00040373207439664668)
('postag_grams-4-20', 0.00040287042891165364)
('word_frequencies-45', 0.00040017614924625628)
('postag_grams-4-19', 0.0003973551731307573)
('word_frequencies-9', 0.00039663126153194345)
('postag_grams-5-13', 0.00039651619926294514)
('postag_grams-4-2', 0.00039502149188225434)
('postag_grams-4-47', 0.00038734418883305257)
('postag_grams-4-50', 0.00038294723657454117)
('postag_grams-4-46', 0.00038141084333199625)
('postag_grams-5-43', 0.00037946757369068342)
('postag_grams-4-44', 0.00037541975111473475)
('character_grams-4-23', 0.00037052431987597397)
('postag_grams-4-31', 0.00036831870209316444)
('postag_grams-5-36', 0.00036554051914955529)
('word_frequencies-41', 0.0003636692008887072)
('word_grams-2-33', 0.00035612857948712315)
('postag_grams-5-42', 0.00035192209142562381)
('postag_grams-5-1', 0.00035082837486406971)
('postag_grams-5-49', 0.00034541948150281182)
('postag_grams-5-20', 0.00034075909307965265)
('postag_grams-4-34', 0.00033855103631586495)
('postag_grams-5-41', 0.0003304753696183715)
('postag_grams-5-21', 0.00032814639740339358)
('word_grams-2-30', 0.00032469201115671337)
('word_grams-2-31', 0.00032265331148735642)
('postag_grams-5-30', 0.00031519422849573804)
('postag_grams-4-35', 0.00031497069645935072)
('postag_grams-3-34', 0.00030787871667132578)
('word_grams-2-14', 0.00030226366688062498)
('word_grams-3-1', 0.00030163014213662115)
('postag_grams-5-10', 0.00029757936571084655)
('postag_grams-5-23', 0.00029264020871787891)
('word_grams-2-34', 0.00029137439404138877)
('word_grams-2-9', 0.00028937654500525061)
('word_grams-3-12', 0.00028748558149553643)
('postag_grams-5-11', 0.00028654589070373898)
('postag_grams-5-48', 0.00028500510642579614)
('postag_grams-5-27', 0.00027157987614921853)
('character_grams-4-45', 0.00026115529342420811)
('word_frequencies-11', 0.00025722264255907467)
('postag_grams-5-4', 0.00025338585845139082)
('postag_grams-4-27', 0.00024826983088459124)
('word_grams-3-25', 0.00024610800478275723)
('postag_grams-5-45', 0.00024478212121647932)
('word_grams-2-25', 0.00023787627958098793)
('word_grams-2-15', 0.0002336879425354327)
('postag_grams-5-39', 0.00023271508010119256)
('word_grams-2-47', 0.00023173467777624205)
('word_grams-2-19', 0.00022799570348942019)
('word_grams-2-28', 0.00022052086756148281)
('word_grams-2-42', 0.00021298444566677556)
('postag_grams-5-22', 0.00020559643499421185)
('postag_grams-5-44', 0.00019036968940405502)
('word_grams-2-18', 0.00018795798854209743)
('word_grams-2-32', 0.00018566195727653432)
('word_grams-2-35', 0.00017553106989294447)
('word_grams-2-36', 0.0001703255994360808)
('word_grams-3-36', 0.0001571875221038842)
('postag_grams-5-31', 0.00015008880606910143)
('postag_grams-4-49', 0.0001414331384831043)
('word_grams-3-15', 0.00013631981681215094)
('postag_grams-5-17', 0.00013420752833555774)
('word_grams-2-29', 0.00011868274604803215)
('postag_grams-5-47', 0.00011735082135191322)
('word_grams-2-46', 0.00010643524558923754)
('word_grams-3-42', 0.00010643123452391526)
('postag_grams-5-50', 9.9401902811927491e-05)
('word_grams-2-17', 9.8290735992770048e-05)
('word_grams-3-9', 9.6717474864032904e-05)
('postag_grams-5-37', 9.5910223511432461e-05)
('postag_grams-5-19', 9.5909937110723851e-05)
('postag_grams-5-24', 8.7054957720476204e-05)
('word_frequencies-30', 8.5053383432271773e-05)
('word_grams-2-39', 8.5021483607851435e-05)
('word_grams-3-30', 7.9447872600054402e-05)
('word_grams-2-27', 7.4552215161859887e-05)
('word_grams-4-13', 7.3761659141209456e-05)
('word_grams-2-40', 7.1933032155303923e-05)
('word_grams-3-43', 6.7730695744580563e-05)
('word_grams-3-7', 6.6604660327562284e-05)
('postag_grams-5-33', 6.2635643453848037e-05)
('word_grams-2-38', 6.0798761668365914e-05)
('word_grams-3-45', 6.0033922765765321e-05)
('word_grams-3-41', 5.6645800714143533e-05)
('word_grams-4-35', 5.6585198945987208e-05)
('word_grams-3-21', 5.2790355445364034e-05)
('word_grams-4-23', 5.2195681488115516e-05)
('word_grams-3-39', 5.0172334939736801e-05)
('word_grams-3-10', 4.710248563053053e-05)
('word_grams-3-18', 4.6766702229273265e-05)
('word_grams-4-6', 4.1971614992409329e-05)
('word_grams-3-34', 3.9337576701514634e-05)
('word_grams-4-5', 3.9208029486909409e-05)
('word_grams-3-44', 3.8691052647557984e-05)
('word_grams-3-11', 3.7162262223349779e-05)
('word_grams-3-4', 3.6426328893040481e-05)
('word_grams-2-49', 3.0802233705418252e-05)
('word_grams-4-30', 2.9162478443389165e-05)
('word_grams-3-40', 2.4270398937114252e-05)
('word_grams-3-8', 2.3729937734042126e-05)
('word_grams-3-5', 2.3518064663485498e-05)
('word_grams-3-46', 2.279131728935399e-05)
('word_grams-4-8', 2.2061557396624721e-05)
('word_grams-3-48', 2.1006567317899508e-05)
('word_grams-5-45', 1.9635764474474146e-05)
('word_grams-2-26', 1.9243066403585506e-05)
('word_grams-3-22', 1.9179046974174175e-05)
('word_grams-4-28', 9.7439015744729315e-06)
('character_grams-4-50', 0.0)
('word_grams-2-20', 0.0)
('word_grams-3-2', 0.0)
('word_grams-3-3', 0.0)
('word_grams-3-6', 0.0)
('word_grams-3-13', 0.0)
('word_grams-3-14', 0.0)
('word_grams-3-16', 0.0)
('word_grams-3-17', 0.0)
('word_grams-3-20', 0.0)
('word_grams-3-23', 0.0)
('word_grams-3-24', 0.0)
('word_grams-3-26', 0.0)
('word_grams-3-27', 0.0)
('word_grams-3-28', 0.0)
('word_grams-3-29', 0.0)
('word_grams-3-31', 0.0)
('word_grams-3-32', 0.0)
('word_grams-3-33', 0.0)
('word_grams-3-35', 0.0)
('word_grams-3-37', 0.0)
('word_grams-3-38', 0.0)
('word_grams-3-47', 0.0)
('word_grams-3-49', 0.0)
('word_grams-3-50', 0.0)
('word_grams-4-1', 0.0)
('word_grams-4-2', 0.0)
('word_grams-4-3', 0.0)
('word_grams-4-4', 0.0)
('word_grams-4-7', 0.0)
('word_grams-4-9', 0.0)
('word_grams-4-10', 0.0)
('word_grams-4-11', 0.0)
('word_grams-4-12', 0.0)
('word_grams-4-14', 0.0)
('word_grams-4-15', 0.0)
('word_grams-4-16', 0.0)
('word_grams-4-17', 0.0)
('word_grams-4-18', 0.0)
('word_grams-4-19', 0.0)
('word_grams-4-20', 0.0)
('word_grams-4-21', 0.0)
('word_grams-4-22', 0.0)
('word_grams-4-24', 0.0)
('word_grams-4-25', 0.0)
('word_grams-4-26', 0.0)
('word_grams-4-27', 0.0)
('word_grams-4-29', 0.0)
('word_grams-4-31', 0.0)
('word_grams-4-32', 0.0)
('word_grams-4-33', 0.0)
('word_grams-4-34', 0.0)
('word_grams-4-36', 0.0)
('word_grams-4-37', 0.0)
('word_grams-4-38', 0.0)
('word_grams-4-39', 0.0)
('word_grams-4-40', 0.0)
('word_grams-4-41', 0.0)
('word_grams-4-42', 0.0)
('word_grams-4-43', 0.0)
('word_grams-4-44', 0.0)
('word_grams-4-45', 0.0)
('word_grams-4-46', 0.0)
('word_grams-4-47', 0.0)
('word_grams-4-48', 0.0)
('word_grams-4-49', 0.0)
('word_grams-4-50', 0.0)
('word_grams-5-1', 0.0)
('word_grams-5-2', 0.0)
('word_grams-5-3', 0.0)
('word_grams-5-4', 0.0)
('word_grams-5-5', 0.0)
('word_grams-5-6', 0.0)
('word_grams-5-7', 0.0)
('word_grams-5-8', 0.0)
('word_grams-5-9', 0.0)
('word_grams-5-10', 0.0)
('word_grams-5-11', 0.0)
('word_grams-5-12', 0.0)
('word_grams-5-13', 0.0)
('word_grams-5-14', 0.0)
('word_grams-5-15', 0.0)
('word_grams-5-16', 0.0)
('word_grams-5-17', 0.0)
('word_grams-5-18', 0.0)
('word_grams-5-19', 0.0)
('word_grams-5-20', 0.0)
('word_grams-5-21', 0.0)
('word_grams-5-22', 0.0)
('word_grams-5-23', 0.0)
('word_grams-5-24', 0.0)
('word_grams-5-25', 0.0)
('word_grams-5-26', 0.0)
('word_grams-5-27', 0.0)
('word_grams-5-28', 0.0)
('word_grams-5-29', 0.0)
('word_grams-5-30', 0.0)
('word_grams-5-31', 0.0)
('word_grams-5-32', 0.0)
('word_grams-5-33', 0.0)
('word_grams-5-34', 0.0)
('word_grams-5-35', 0.0)
('word_grams-5-36', 0.0)
('word_grams-5-37', 0.0)
('word_grams-5-38', 0.0)
('word_grams-5-39', 0.0)
('word_grams-5-40', 0.0)
('word_grams-5-41', 0.0)
('word_grams-5-42', 0.0)
('word_grams-5-43', 0.0)
('word_grams-5-44', 0.0)
('word_grams-5-46', 0.0)
('word_grams-5-47', 0.0)
('word_grams-5-48', 0.0)
('word_grams-5-49', 0.0)
('word_grams-5-50', 0.0)
