0.4795
('character_grams-2-30', 0.0043769646733305871)
('postag_grams-2-37', 0.0043608440117210824)
('postag_grams-3-45', 0.0042242091620682508)
('character_grams-4-40', 0.0041837568514563345)
('postag_grams-2-43', 0.0041260522381331259)
('character_grams-3-38', 0.0041196547785402491)
('character_grams-3-23', 0.004071282147629576)
('character_grams-2-31', 0.004041630094978794)
('character_grams-2-19', 0.0039433701595585824)
('character_grams-2-22', 0.0039411612434743053)
('character_grams-5-34', 0.0038228015760425628)
('postag_grams-2-22', 0.0037867496474750595)
('postag_grams-2-7', 0.0037849812763532799)
('postag_grams-2-29', 0.0037546283672019198)
('word_frequencies-38', 0.0036961569721067795)
('postag_grams-3-31', 0.0036230243521156546)
('postag_grams-2-38', 0.0036003093985684047)
('special_character_grams-2-4', 0.0035856482013372436)
('character_grams-5-48', 0.0035850398652546365)
('postag_grams-2-47', 0.0035807869386849755)
('postag_grams-2-48', 0.003560840812531232)
('special_character_grams-3-2', 0.0035543253159619091)
('postag_grams-3-23', 0.0035506842895029057)
('postag_grams-2-24', 0.0035123165104176345)
('postag_grams-2-15', 0.0035100791100958922)
('word_frequencies-23', 0.0035027510967991582)
('postag_grams-4-36', 0.0034515391986305621)
('character_grams-3-46', 0.0034250150243858146)
('character_grams-4-20', 0.0034211224750153794)
('word_frequencies-28', 0.0034130981392363445)
('character_grams-2-14', 0.0033808817724061955)
('postag_grams-2-19', 0.003378375653146849)
('character_grams-2-48', 0.0033588642126138779)
('character_grams-3-40', 0.0033470259290245287)
('character_grams-4-22', 0.0033411169550260937)
('word_frequencies-42', 0.0033313437271394143)
('postag_grams-3-50', 0.003324152852994523)
('character_grams-2-15', 0.0033222332440920798)
('character_grams-2-49', 0.0033155044174313832)
('character_grams-3-47', 0.0033092197900163245)
('character_grams-3-32', 0.0033051785130651557)
('postag_grams-2-42', 0.003305061373818672)
('word_frequencies-22', 0.0033046608945949164)
('postag_grams-2-17', 0.0032812979682380794)
('character_grams-2-18', 0.0032768203491952684)
('character_grams-5-24', 0.0032722821607352954)
('character_grams-2-39', 0.003271888825607507)
('character_grams-2-43', 0.0032579962876031435)
('postag_grams-2-12', 0.0032522188839506474)
('postag_grams-2-49', 0.0032462468892704229)
('character_grams-2-40', 0.0032329091958366116)
('postag_grams-3-33', 0.0032152520857459395)
('special_character_grams-2-1', 0.0032137163692621583)
('character_grams-3-28', 0.0032048773179822192)
('postag_grams-2-26', 0.0031744304920872878)
('character_grams-2-16', 0.0031703392002525904)
('postag_grams-2-46', 0.0031430795699443296)
('character_grams-2-37', 0.0031133800349152931)
('character_grams-4-39', 0.0031132805905918054)
('character_grams-3-36', 0.0030912064273468792)
('character_grams-3-10', 0.0030753623338047025)
('postag_grams-2-23', 0.0030609670712779965)
('character_grams-2-46', 0.0030437894786952834)
('character_grams-3-3', 0.0030420116956618908)
('postag_grams-3-14', 0.0030293909214857639)
('postag_grams-2-8', 0.0030265655619500153)
('word_frequencies-19', 0.0030217605108336875)
('character_grams-2-35', 0.0030182849020322705)
('character_grams-3-31', 0.0030153228488501655)
('word_frequencies-35', 0.0030099500374621397)
('postag_grams-3-22', 0.0029925154005059542)
('character_grams-5-25', 0.0029906734986763352)
('postag_grams-3-37', 0.0029898337791602666)
('postag_grams-3-26', 0.0029840952637763341)
('character_grams-2-42', 0.0029790638667278402)
('postag_grams-3-11', 0.0029736038817094589)
('character_grams-2-26', 0.0029733855363763785)
('postag_grams-4-29', 0.0029709156598179878)
('character_grams-2-24', 0.0029669602695387861)
('character_grams-3-42', 0.0029616115453800678)
('character_grams-4-26', 0.0029603137719644429)
('character_grams-4-24', 0.0029546070930993617)
('character_grams-3-19', 0.002950347818176804)
('postag_grams-4-28', 0.002948182540305534)
('character_grams-2-33', 0.0029477962395481048)
('character_grams-2-27', 0.0029412209144953128)
('character_grams-3-30', 0.0029346065769707032)
('character_grams-4-7', 0.0029270758741503766)
('postag_grams-3-8', 0.0029079931715459729)
('word_frequencies-17', 0.0029067640221018699)
('postag_grams-2-30', 0.0028973598928485863)
('character_grams-3-33', 0.0028942587327468656)
('character_grams-5-33', 0.0028931912462163457)
('postag_grams-4-17', 0.0028858998815836519)
('character_grams-2-34', 0.002883910018641534)
('word_frequencies-13', 0.0028623161329774161)
('postag_grams-2-50', 0.0028469906382892762)
('character_grams-2-21', 0.0028430623083872987)
('character_grams-3-22', 0.0028328961245561602)
('postag_grams-3-47', 0.0028326301400636803)
('postag_grams-2-16', 0.0028312027751107561)
('character_grams-2-11', 0.0028304035413532634)
('postag_grams-3-40', 0.0028280899240043459)
('postag_grams-3-6', 0.0028128402058667985)
('postag_grams-2-1', 0.0028117501730833289)
('postag_grams-2-33', 0.0028042133428033728)
('character_grams-3-21', 0.0027956248587736108)
('character_grams-2-45', 0.0027815600944538195)
('postag_grams-3-25', 0.0027777860666222186)
('character_grams-2-38', 0.0027751713503026193)
('postag_grams-2-20', 0.0027750475589138649)
('postag_grams-2-31', 0.0027713579952694978)
('word_frequencies-47', 0.0027643169163743694)
('postag_grams-2-27', 0.0027429747385866276)
('postag_grams-2-34', 0.0027372150163834552)
('character_grams-3-39', 0.0027177491411067402)
('word_frequencies-5', 0.0027166084955954363)
('character_grams-5-20', 0.0027126155873294483)
('special_character_grams-2-5', 0.0027081719157671168)
('postag_grams-2-35', 0.0027071636048525281)
('character_grams-2-20', 0.0027042662370244468)
('postag_grams-4-41', 0.0027012556580926594)
('word_frequencies-27', 0.0026985902715214861)
('word_frequencies-48', 0.0026912737146497149)
('character_grams-2-50', 0.0026901861215603371)
('postag_grams-3-41', 0.0026875313218778065)
('character_grams-5-30', 0.0026865613035677101)
('postag_grams-2-25', 0.0026708868343129372)
('character_grams-3-17', 0.002668294157945064)
('character_grams-4-8', 0.0026539954319756394)
('character_grams-5-4', 0.0026527106292286453)
('postag_grams-3-9', 0.0026493000113944802)
('character_grams-2-5', 0.0026379310549113407)
('character_grams-3-27', 0.0026373056114377628)
('word_frequencies-18', 0.0026349066163757879)
('postag_grams-4-24', 0.0026328208723015228)
('postag_grams-3-39', 0.002627585277897207)
('postag_grams-3-38', 0.0026238344878952969)
('character_grams-5-15', 0.0026199477936362141)
('postag_grams-2-14', 0.0026194149432605929)
('postag_grams-3-15', 0.0025980703031620784)
('postag_grams-3-10', 0.0025830391928782248)
('character_grams-3-25', 0.0025754262891632212)
('character_grams-2-8', 0.0025746259796774972)
('postag_grams-2-9', 0.0025731300438559214)
('character_grams-4-17', 0.0025708438416037365)
('character_grams-3-44', 0.0025615070590943021)
('character_grams-2-44', 0.002559619783241587)
('character_grams-5-39', 0.0025593955790662393)
('postag_grams-2-41', 0.0025360653920564751)
('postag_grams-2-28', 0.0025307031152246029)
('postag_grams-3-48', 0.0025271576704058453)
('character_grams-3-14', 0.0025242702708671628)
('postag_grams-4-8', 0.0025201823781825419)
('character_grams-2-25', 0.0025150655036365651)
('character_grams-2-17', 0.002511886668581599)
('postag_grams-2-32', 0.0025048062660189808)
('special_character_grams-3-1', 0.002503311883827609)
('postag_grams-5-6', 0.0025027775256885928)
('character_grams-3-50', 0.0025026499671005893)
('character_grams-4-43', 0.0024974707460930401)
('character_grams-3-37', 0.0024882805355044917)
('character_grams-5-46', 0.0024879025115273454)
('postag_grams-3-29', 0.0024808486778602661)
('character_grams-5-28', 0.0024806941466529878)
('word_frequencies-6', 0.0024792666670683415)
('postag_grams-2-2', 0.002471123483490953)
('character_grams-5-35', 0.0024702600078963279)
('postag_grams-3-3', 0.0024623991931526775)
('character_grams-3-24', 0.002454174536254964)
('character_grams-2-28', 0.0024528620900724379)
('postag_grams-3-7', 0.0024483114899365123)
('postag_grams-3-27', 0.0024334491957385559)
('character_grams-4-21', 0.0024323801203132915)
('postag_grams-2-4', 0.0024307843542091655)
('word_frequencies-32', 0.0024271520374184678)
('character_grams-5-41', 0.0024270158659619304)
('word_frequencies-26', 0.0024264499609011271)
('postag_grams-4-43', 0.0024183101960403865)
('postag_grams-2-10', 0.0024116648165031672)
('postag_grams-3-30', 0.0024116224866468513)
('character_grams-2-29', 0.0024104186377551743)
('character_grams-4-28', 0.0024000509381017134)
('character_grams-4-11', 0.0023976764290757624)
('character_grams-4-15', 0.0023952829323629953)
('character_grams-2-1', 0.0023936385014671356)
('character_grams-3-5', 0.0023931447168351197)
('character_grams-4-44', 0.0023921185254065251)
('character_grams-3-29', 0.0023890294172066373)
('postag_grams-2-45', 0.0023850268868101632)
('word_frequencies-24', 0.0023835347101964447)
('word_frequencies-49', 0.0023749284001218641)
('special_character_grams-2-2', 0.0023728213681721549)
('character_grams-3-15', 0.0023713072887103642)
('postag_grams-3-18', 0.0023694916336073723)
('special_character_grams-3-5', 0.0023684480399240549)
('postag_grams-2-40', 0.0023666259909988431)
('special_character_grams-3-3', 0.0023609723136082308)
('character_grams-3-2', 0.0023558176835126185)
('postag_grams-3-4', 0.0023484427538746299)
('character_grams-5-50', 0.0023473010636268481)
('word_frequencies-2', 0.0023447425027854152)
('character_grams-3-16', 0.0023390181623989393)
('character_grams-2-6', 0.0023304317266430292)
('postag_grams-2-6', 0.0023245202897662492)
('postag_grams-3-32', 0.0023153362718632358)
('postag_grams-2-21', 0.0022987554938832169)
('postag_grams-4-48', 0.0022904775732941109)
('postag_grams-3-28', 0.0022869115798701233)
('character_grams-3-20', 0.0022848864695599359)
('postag_grams-2-5', 0.0022728486455086644)
('postag_grams-3-17', 0.0022717658597881251)
('postag_grams-3-12', 0.0022679280386642005)
('postag_grams-5-49', 0.0022666861842434148)
('character_grams-4-32', 0.0022666451246582328)
('postag_grams-3-20', 0.0022646751503982753)
('character_grams-3-41', 0.0022644124120821825)
('character_grams-4-27', 0.0022621704706460542)
('character_grams-2-47', 0.0022600173098875063)
('postag_grams-3-36', 0.0022482818287281473)
('character_grams-3-45', 0.0022442167949168331)
('word_frequencies-37', 0.0022412668516684315)
('character_grams-2-32', 0.0022376672515111527)
('postag_grams-3-5', 0.0022312220116880279)
('character_grams-5-29', 0.0022308124837208797)
('postag_grams-2-3', 0.0022231502983855946)
('character_grams-4-29', 0.0022172375659763638)
('special_character_grams-2-3', 0.0021972950504277429)
('postag_grams-2-13', 0.0021910759008799663)
('character_grams-5-8', 0.0021900769021122764)
('character_grams-5-19', 0.0021818338576742656)
('character_grams-2-13', 0.0021771475194979849)
('postag_grams-2-18', 0.0021756294265198044)
('character_grams-4-48', 0.0021746801152066732)
('postag_grams-4-5', 0.0021677728862729414)
('postag_grams-3-13', 0.0021616647521523653)
('postag_grams-4-14', 0.0021613869769682914)
('word_frequencies-50', 0.0021588754359078972)
('character_grams-3-26', 0.0021434775017570985)
('character_grams-4-49', 0.0021279600892482823)
('character_grams-5-42', 0.0021271029273444665)
('postag_grams-4-15', 0.0021251353301760052)
('character_grams-2-9', 0.0021241857685149867)
('postag_grams-4-37', 0.0021238677449736264)
('character_grams-3-34', 0.0021205626902976683)
('character_grams-4-41', 0.0021186098531509202)
('character_grams-4-13', 0.0021045109644936286)
('character_grams-5-49', 0.0021000024333650059)
('word_frequencies-46', 0.0020928920098171144)
('character_grams-5-14', 0.0020884977335856834)
('character_grams-5-27', 0.0020757903173095056)
('word_grams-2-7', 0.0020726143420923167)
('postag_grams-3-16', 0.002065100561556009)
('word_frequencies-15', 0.0020631727158271934)
('word_frequencies-8', 0.0020611377174726947)
('character_grams-5-18', 0.0020600858019991274)
('word_frequencies-40', 0.0020518415920550274)
('character_grams-2-23', 0.0020485561413583031)
('word_frequencies-33', 0.0020444070154398155)
('character_grams-2-4', 0.0020381247069472075)
('character_grams-2-7', 0.0020357311499542836)
('character_grams-5-37', 0.0020297601587782581)
('character_grams-5-43', 0.0020240651086156445)
('postag_grams-4-4', 0.0020227003033664731)
('character_grams-5-38', 0.0020207474860899828)
('character_grams-3-35', 0.0020143271894939589)
('word_frequencies-12', 0.002014173497491585)
('word_frequencies-10', 0.0020016420095326408)
('postag_grams-2-11', 0.0019968039811143097)
('postag_grams-2-36', 0.0019865503532851925)
('postag_grams-3-43', 0.0019658282618116754)
('character_grams-4-36', 0.0019492050911560487)
('word_frequencies-11', 0.0019340875995670459)
('word_frequencies-7', 0.0019258393363479974)
('postag_grams-4-40', 0.0019155501004066223)
('word_frequencies-34', 0.0019129623707352342)
('character_grams-2-10', 0.0019067283680385847)
('character_grams-2-12', 0.0019017257907242649)
('character_grams-5-47', 0.0018991062352866654)
('postag_grams-2-44', 0.0018815869074567332)
('postag_grams-4-30', 0.0018806733670939525)
('postag_grams-5-40', 0.0018795957666122537)
('word_grams-2-1', 0.0018722594786290253)
('postag_grams-3-24', 0.0018624143333675514)
('character_grams-3-1', 0.001861644716814769)
('postag_grams-4-10', 0.0018551643334453252)
('word_grams-2-2', 0.0018544462153159717)
('postag_grams-4-42', 0.0018537589475501998)
('character_grams-5-32', 0.0018492311265841813)
('word_frequencies-1', 0.001846606166975865)
('character_grams-4-35', 0.0018214824116065298)
('character_grams-5-26', 0.0018162530616223924)
('character_grams-3-11', 0.0017982818768551342)
('character_grams-4-18', 0.0017936562391981533)
('special_character_grams-3-4', 0.0017881103243685189)
('word_grams-2-3', 0.0017703915374813841)
('postag_grams-4-1', 0.0017700975307619218)
('character_grams-3-6', 0.0017438914271183706)
('postag_grams-4-3', 0.0017423113355236608)
('character_grams-3-49', 0.0017421552081518142)
('postag_grams-5-1', 0.0017378799464408076)
('postag_grams-3-46', 0.0017311783108364418)
('postag_grams-3-49', 0.0017285165270254726)
('word_frequencies-44', 0.0017203509988578572)
('character_grams-4-47', 0.0017107571547542674)
('postag_grams-3-19', 0.001710037660149315)
('postag_grams-3-35', 0.0017067708674871277)
('character_grams-4-37', 0.0017059326287224108)
('word_frequencies-36', 0.0017048972102260954)
('character_grams-3-18', 0.0017007696387464888)
('character_grams-5-45', 0.0016997421066609114)
('postag_grams-4-9', 0.0016955396992727613)
('postag_grams-5-7', 0.001684894761772999)
('character_grams-2-36', 0.0016848245437893553)
('character_grams-2-3', 0.0016824443713562484)
('character_grams-5-12', 0.0016790838352532794)
('postag_grams-4-20', 0.0016647981573917805)
('postag_grams-4-27', 0.0016499449516696445)
('character_grams-4-19', 0.0016496934877378649)
('word_frequencies-14', 0.0016492594719044345)
('postag_grams-4-35', 0.0016448645814997136)
('postag_grams-4-7', 0.0016417737067325408)
('postag_grams-4-13', 0.0016372536820808566)
('word_grams-2-50', 0.0016288400634836045)
('character_grams-4-3', 0.0016269585112303644)
('character_grams-3-12', 0.0016230208831693143)
('postag_grams-3-42', 0.0016219242738334104)
('postag_grams-4-39', 0.0016193069335241012)
('postag_grams-4-11', 0.0015847065880804931)
('postag_grams-3-2', 0.0015732529914041238)
('character_grams-4-42', 0.0015723863192460476)
('word_grams-2-6', 0.0015721453691994603)
('character_grams-5-7', 0.0015646068484091796)
('character_grams-5-17', 0.0015629142353828745)
('character_grams-5-23', 0.0015622691728512234)
('postag_grams-4-6', 0.001548346661469861)
('postag_grams-5-15', 0.0015283592815440671)
('postag_grams-5-38', 0.001525841161744348)
('word_frequencies-39', 0.0015256704863833672)
('character_grams-5-36', 0.0015080793741600671)
('character_grams-5-9', 0.0015036881674703093)
('postag_grams-5-34', 0.0015032778533729421)
('word_frequencies-31', 0.0014985048182732568)
('character_grams-4-31', 0.0014881282160608641)
('character_grams-4-45', 0.0014732668986393168)
('word_grams-2-10', 0.0014723431001428314)
('postag_grams-4-2', 0.001470815602547059)
('word_frequencies-43', 0.0014685704286348956)
('word_frequencies-20', 0.0014595258416436779)
('postag_grams-4-32', 0.0014575763835318386)
('character_grams-3-7', 0.0014487369104104991)
('character_grams-5-6', 0.0014372745936518394)
('character_grams-4-23', 0.0014264627806412772)
('character_grams-5-40', 0.0014146139780585876)
('word_frequencies-45', 0.0014115250564253328)
('word_frequencies-4', 0.0014075070159520345)
('postag_grams-5-12', 0.0014024690656585508)
('character_grams-4-34', 0.0013988398647727706)
('postag_grams-5-18', 0.0013968364902754852)
('postag_grams-2-39', 0.0013861406223131267)
('postag_grams-4-25', 0.0013845564117159247)
('character_grams-4-33', 0.0013764746346188919)
('character_grams-3-8', 0.001364668899939792)
('word_frequencies-25', 0.0013646074957560767)
('character_grams-3-9', 0.0013546785354309969)
('character_grams-3-4', 0.0013526552688348592)
('character_grams-4-1', 0.0013448146461037831)
('character_grams-4-16', 0.0013402789364346268)
('character_grams-5-1', 0.0013376934073350158)
('word_grams-2-5', 0.0013354963101284601)
('word_frequencies-41', 0.00133477988498078)
('character_grams-4-30', 0.0013231321490795472)
('character_grams-3-48', 0.0013214655030207706)
('postag_grams-4-26', 0.0013097168762228896)
('character_grams-5-22', 0.0013091950373999464)
('postag_grams-3-44', 0.0012944743457527187)
('postag_grams-3-1', 0.0012929217554895544)
('postag_grams-4-45', 0.0012912513148785444)
('character_grams-5-13', 0.0012849679950112979)
('word_grams-2-4', 0.0012794858756338143)
('word_grams-2-24', 0.0012769374646718792)
('character_grams-2-2', 0.00127667465248323)
('word_frequencies-21', 0.0012720695910696156)
('word_frequencies-9', 0.0012718468890208961)
('word_frequencies-29', 0.0012672481145416638)
('character_grams-5-16', 0.0011980152773026428)
('character_grams-4-6', 0.0011802111932000081)
('character_grams-5-21', 0.0011663439747048004)
('character_grams-4-38', 0.001163882566995989)
('character_grams-5-11', 0.0011552291093934149)
('postag_grams-5-8', 0.0011550388282171578)
('character_grams-4-5', 0.0011500090432724841)
('postag_grams-5-2', 0.0011474250107166698)
('postag_grams-5-25', 0.0011450441157356058)
('postag_grams-4-23', 0.0011390960212487608)
('character_grams-4-2', 0.0011360599570211735)
('character_grams-4-12', 0.0011345388165893838)
('character_grams-5-31', 0.0011320437313330461)
('character_grams-5-3', 0.0011307854975245752)
('character_grams-2-41', 0.0011286927972845159)
('postag_grams-4-33', 0.0011219807344663016)
('character_grams-3-13', 0.0011149808585883829)
('character_grams-4-4', 0.0011125109892246166)
('postag_grams-5-35', 0.0011052973258070206)
('postag_grams-4-31', 0.0010948707370527404)
('character_grams-5-5', 0.001087695509829654)
('word_frequencies-16', 0.0010769193703918302)
('character_grams-5-44', 0.0010709646002184353)
('word_grams-2-9', 0.0010666088504167942)
('word_grams-2-11', 0.0010427042577904767)
('postag_grams-5-36', 0.0010414068892015452)
('character_grams-4-9', 0.0010324242656592866)
('postag_grams-4-21', 0.0010277501493054036)
('word_grams-2-8', 0.0010188859343285073)
('word_frequencies-3', 0.0010058858702993976)
('word_grams-2-23', 0.00098045431571056204)
('character_grams-5-2', 0.0009781124796775112)
('postag_grams-5-3', 0.00097533111844298)
('postag_grams-5-13', 0.00097112639704032943)
('postag_grams-3-34', 0.00097095388206325847)
('postag_grams-4-16', 0.00095072838979299104)
('postag_grams-5-11', 0.00092769459664954646)
('word_grams-2-33', 0.00092436108488579095)
('postag_grams-3-21', 0.00091437954964936345)
('word_grams-2-21', 0.00090918634246395344)
('postag_grams-5-30', 0.00087661231030758933)
('postag_grams-5-9', 0.00085448060951416366)
('postag_grams-4-18', 0.00083827742866240344)
('character_grams-3-43', 0.00083534333577592822)
('postag_grams-4-46', 0.00082118385819253414)
('character_grams-4-14', 0.00081544668596964128)
('word_grams-2-43', 0.00078019039273757352)
('word_grams-2-13', 0.00076451166116219525)
('postag_grams-4-44', 0.00075310870683172396)
('postag_grams-4-38', 0.00075101905899314578)
('word_grams-2-16', 0.00073625023354879232)
('postag_grams-5-28', 0.00072166916308729549)
('word_grams-2-48', 0.00071619161708474574)
('character_grams-4-46', 0.00071495322405623174)
('postag_grams-5-14', 0.00070575748413764198)
('postag_grams-5-4', 0.00069079163503606503)
('postag_grams-5-26', 0.00067749467025778358)
('character_grams-4-10', 0.00067343759086453052)
('word_grams-2-19', 0.00066829114540165534)
('postag_grams-5-43', 0.00065456138462277992)
('character_grams-4-25', 0.00065199119477476336)
('postag_grams-4-12', 0.00061778356690520887)
('postag_grams-5-41', 0.00058803335370263864)
('postag_grams-5-46', 0.00058263538038659437)
('postag_grams-4-22', 0.00057107787817247703)
('postag_grams-4-34', 0.00055579895289773124)
('character_grams-5-10', 0.000547730254891729)
('postag_grams-5-48', 0.00053953431047425084)
('postag_grams-5-47', 0.00053613434365901722)
('postag_grams-4-19', 0.00052792227401615493)
('word_grams-2-31', 0.00052784158010907029)
('postag_grams-5-20', 0.00050626472515593842)
('word_grams-2-25', 0.00050338236965791249)
('word_grams-2-12', 0.00047509931339480873)
('postag_grams-5-5', 0.00045970080792769231)
('word_grams-2-37', 0.00045570510242011198)
('word_grams-2-32', 0.000425958178662457)
('postag_grams-5-10', 0.00041868148271504194)
('postag_grams-5-29', 0.00041756001664283032)
('word_grams-2-36', 0.00040399627529173407)
('postag_grams-4-47', 0.00038976000431961477)
('word_grams-2-45', 0.00038254428949646024)
('postag_grams-4-50', 0.00037417750237115152)
('word_grams-2-28', 0.00036894929866146517)
('postag_grams-5-24', 0.0003617629481087674)
('postag_grams-5-27', 0.00035285760206424843)
('postag_grams-5-50', 0.00034906349640857114)
('word_grams-2-42', 0.00034071771494818457)
('word_grams-2-15', 0.00034006009733346084)
('postag_grams-5-21', 0.00033892947161014679)
('word_grams-2-44', 0.00033402171960134454)
('postag_grams-5-22', 0.00032854585184814342)
('postag_grams-5-39', 0.00031514412714216832)
('postag_grams-5-17', 0.00031329839667703448)
('postag_grams-5-45', 0.00030832430184218543)
('word_grams-2-30', 0.00029846815672427822)
('postag_grams-5-16', 0.00028735485269551367)
('word_grams-2-22', 0.00028714090923759311)
('word_grams-2-18', 0.00028582790265513044)
('postag_grams-5-31', 0.00028382616630660975)
('word_grams-2-34', 0.00027306246448677984)
('word_grams-2-39', 0.00026726773663556305)
('word_grams-3-36', 0.00024948265737319265)
('word_grams-2-41', 0.00022465560117452765)
('postag_grams-5-42', 0.00022004801740945144)
('word_grams-3-25', 0.0002142523071914247)
('postag_grams-5-44', 0.00021113081081558635)
('word_grams-2-35', 0.00020573296293124741)
('postag_grams-5-33', 0.00019294798112387424)
('word_grams-2-29', 0.00018876167590910952)
('postag_grams-4-49', 0.00017811386960486612)
('word_grams-2-40', 0.00017227913283781056)
('word_grams-3-12', 0.00017101984884282026)
('word_grams-2-46', 0.00016880285917394419)
('postag_grams-5-32', 0.00016872423874936878)
('postag_grams-5-23', 0.00016678786413052107)
('word_frequencies-30', 0.00015788820041765344)
('word_grams-3-19', 0.00015070837043108538)
('postag_grams-5-37', 0.00014588593515702588)
('word_grams-2-17', 0.00011721189960136066)
('postag_grams-5-19', 9.5995235615598678e-05)
('word_grams-3-1', 9.2993927428697488e-05)
('word_grams-3-15', 8.6003910421315806e-05)
('word_grams-2-47', 8.0081611282352056e-05)
('word_grams-3-42', 6.8997875910431619e-05)
('word_grams-2-14', 6.7439766820856639e-05)
('word_grams-2-49', 6.3251443805610542e-05)
('word_grams-3-43', 6.2666280196322768e-05)
('word_grams-2-38', 5.9998752778922893e-05)
('word_grams-2-26', 4.9125734535564231e-05)
('word_grams-3-44', 4.0742722552803651e-05)
('word_grams-4-35', 3.9441134802265295e-05)
('word_grams-3-4', 3.9415343093828035e-05)
('word_grams-2-20', 3.9160215730803451e-05)
('word_grams-3-18', 3.7699029454588839e-05)
('word_grams-4-23', 3.6897272611257369e-05)
('word_grams-3-34', 3.3800519592282911e-05)
('word_grams-3-41', 3.3115942385714017e-05)
('word_grams-5-45', 2.9426387941332872e-05)
('word_grams-3-10', 2.9201242456731511e-05)
('word_grams-4-5', 2.858041873534215e-05)
('word_grams-2-27', 2.8330937766032956e-05)
('word_grams-3-48', 2.6471643131979595e-05)
('word_grams-4-30', 2.4362020462675257e-05)
('word_grams-4-8', 2.4303295375067989e-05)
('word_grams-3-30', 2.4206572207901028e-05)
('word_grams-3-35', 2.420614385434565e-05)
('word_grams-3-11', 2.3783082808776118e-05)
('word_grams-3-7', 2.3073164839918205e-05)
('word_grams-4-2', 2.2121970845523911e-05)
('word_grams-3-40', 1.9744380141164938e-05)
('word_grams-3-39', 1.6599734688220225e-05)
('word_grams-3-9', 1.4497504005322768e-05)
('word_grams-3-33', 1.4454944044489304e-05)
('word_grams-3-50', 9.8157953061948902e-06)
('word_grams-3-22', 9.7621810677764771e-06)
('word_grams-3-8', 9.7517616087620171e-06)
('word_grams-3-29', 9.7149879749573301e-06)
('word_grams-3-46', 9.7027771446376165e-06)
('word_grams-3-5', 9.6992854966588522e-06)
('word_grams-3-21', 9.6518471366032378e-06)
('word_grams-3-49', 9.5557097303713183e-06)
('word_grams-4-6', 9.3206402149491586e-06)
('word_grams-4-28', 9.1396321036918732e-06)
('word_grams-4-13', 5.2888588385545841e-06)
('word_grams-4-3', 5.040736181935407e-06)
('word_grams-4-26', 4.9000644745325571e-06)
('word_grams-5-9', 4.8780487804878012e-06)
('word_grams-3-45', 4.5454545454545455e-06)
('word_grams-4-43', 4.3290043290043295e-06)
('word_grams-4-38', 3.7500000000000001e-06)
('character_grams-4-50', 0.0)
('word_grams-3-2', 0.0)
('word_grams-3-3', 0.0)
('word_grams-3-6', 0.0)
('word_grams-3-13', 0.0)
('word_grams-3-14', 0.0)
('word_grams-3-16', 0.0)
('word_grams-3-17', 0.0)
('word_grams-3-20', 0.0)
('word_grams-3-23', 0.0)
('word_grams-3-24', 0.0)
('word_grams-3-26', 0.0)
('word_grams-3-27', 0.0)
('word_grams-3-28', 0.0)
('word_grams-3-31', 0.0)
('word_grams-3-32', 0.0)
('word_grams-3-37', 0.0)
('word_grams-3-38', 0.0)
('word_grams-3-47', 0.0)
('word_grams-4-1', 0.0)
('word_grams-4-4', 0.0)
('word_grams-4-7', 0.0)
('word_grams-4-9', 0.0)
('word_grams-4-10', 0.0)
('word_grams-4-11', 0.0)
('word_grams-4-12', 0.0)
('word_grams-4-14', 0.0)
('word_grams-4-15', 0.0)
('word_grams-4-16', 0.0)
('word_grams-4-17', 0.0)
('word_grams-4-18', 0.0)
('word_grams-4-19', 0.0)
('word_grams-4-20', 0.0)
('word_grams-4-21', 0.0)
('word_grams-4-22', 0.0)
('word_grams-4-24', 0.0)
('word_grams-4-25', 0.0)
('word_grams-4-27', 0.0)
('word_grams-4-29', 0.0)
('word_grams-4-31', 0.0)
('word_grams-4-32', 0.0)
('word_grams-4-33', 0.0)
('word_grams-4-34', 0.0)
('word_grams-4-36', 0.0)
('word_grams-4-37', 0.0)
('word_grams-4-39', 0.0)
('word_grams-4-40', 0.0)
('word_grams-4-41', 0.0)
('word_grams-4-42', 0.0)
('word_grams-4-44', 0.0)
('word_grams-4-45', 0.0)
('word_grams-4-46', 0.0)
('word_grams-4-47', 0.0)
('word_grams-4-48', 0.0)
('word_grams-4-49', 0.0)
('word_grams-4-50', 0.0)
('word_grams-5-1', 0.0)
('word_grams-5-2', 0.0)
('word_grams-5-3', 0.0)
('word_grams-5-4', 0.0)
('word_grams-5-5', 0.0)
('word_grams-5-6', 0.0)
('word_grams-5-7', 0.0)
('word_grams-5-8', 0.0)
('word_grams-5-10', 0.0)
('word_grams-5-11', 0.0)
('word_grams-5-12', 0.0)
('word_grams-5-13', 0.0)
('word_grams-5-14', 0.0)
('word_grams-5-15', 0.0)
('word_grams-5-16', 0.0)
('word_grams-5-17', 0.0)
('word_grams-5-18', 0.0)
('word_grams-5-19', 0.0)
('word_grams-5-20', 0.0)
('word_grams-5-21', 0.0)
('word_grams-5-22', 0.0)
('word_grams-5-23', 0.0)
('word_grams-5-24', 0.0)
('word_grams-5-25', 0.0)
('word_grams-5-26', 0.0)
('word_grams-5-27', 0.0)
('word_grams-5-28', 0.0)
('word_grams-5-29', 0.0)
('word_grams-5-30', 0.0)
('word_grams-5-31', 0.0)
('word_grams-5-32', 0.0)
('word_grams-5-33', 0.0)
('word_grams-5-34', 0.0)
('word_grams-5-35', 0.0)
('word_grams-5-36', 0.0)
('word_grams-5-37', 0.0)
('word_grams-5-38', 0.0)
('word_grams-5-39', 0.0)
('word_grams-5-40', 0.0)
('word_grams-5-41', 0.0)
('word_grams-5-42', 0.0)
('word_grams-5-43', 0.0)
('word_grams-5-44', 0.0)
('word_grams-5-46', 0.0)
('word_grams-5-47', 0.0)
('word_grams-5-48', 0.0)
('word_grams-5-49', 0.0)
('word_grams-5-50', 0.0)
