0.574
('postag_grams-5-1', 0.041493622561916077)
('special_character_grams-2-5', 0.022055244969950531)
('character_grams-4-50', 0.020163541363098041)
('special_character_grams-3-3', 0.018372352661464055)
('postag_grams-3-47', 0.017594829158049427)
('postag_grams-2-49', 0.016876125616790128)
('postag_grams-3-27', 0.01393703827300097)
('character_grams-3-23', 0.013831679325751056)
('postag_grams-4-5', 0.012526348499902069)
('character_grams-2-21', 0.012331537169101963)
('postag_grams-2-44', 0.012133261063237611)
('postag_grams-3-4', 0.011227562650123335)
('character_grams-2-31', 0.010722325529014724) 
('character_grams-5-40', 0.0099605919210021768) 
('character_grams-3-44', 0.0095587548487042952)
('character_grams-3-5', 0.0093925401221600369)
('postag_grams-4-1', 0.0092138751993803888)
('postag_grams-2-47', 0.0089157149375012172)
('special_character_grams-2-4', 0.0087797903995223206)
('postag_grams-5-5', 0.008609958224044742)
('special_character_grams-3-4', 0.0081644985604860318)
('character_grams-2-28', 0.0077327354937552304)
('character_grams-2-39', 0.0072367366480680043)
('character_grams-5-21', 0.0069068782833998669)
('postag_grams-2-15', 0.006352469595175333)
('postag_grams-3-9', 0.0061119223340056952)
('postag_grams-3-30', 0.0060941517390979069)
('postag_grams-2-41', 0.0058537760233240829)
('character_grams-3-12', 0.0058437903874126043)
('word_frequencies-2', 0.0057307190115595333)
('word_grams-2-1', 0.0056506976220771525)
('character_grams-2-10', 0.0054189520924747651)
('character_grams-2-43', 0.0050087275287414032)
('word_frequencies-4', 0.0047367784465990707)
('postag_grams-4-11', 0.0046289995839577051)
('character_grams-4-37', 0.0045979304458742846)
('special_character_grams-2-1', 0.004575380558433941)
('special_character_grams-2-3', 0.0042450916834258666)
('character_grams-4-5', 0.0041489849294673283)
('character_grams-4-19', 0.0041357431642257475)
('character_grams-2-1', 0.0040981589284101207)
('character_grams-4-49', 0.0039212285545246195)
('word_frequencies-37', 0.0038451291909227161)
('word_frequencies-30', 0.0038054425973743549)
('postag_grams-2-6', 0.0037703109960193913)
('postag_grams-2-9', 0.0037125508399535319)
('character_grams-3-15', 0.0036696359632981514)
('word_grams-2-2', 0.003651157541827869)
('special_character_grams-2-2', 0.0036362801186879596)
('character_grams-2-50', 0.003532250978657336)
('character_grams-4-26', 0.0034515073262322638)
('special_character_grams-3-5', 0.0033722825414564867)
('character_grams-5-42', 0.0033564963071948954)
('postag_grams-2-10', 0.0032920274968604329)
('postag_grams-5-42', 0.00326709438308132)
('character_grams-4-9', 0.003154883097423569)
('postag_grams-3-19', 0.0030516792950425688)
('character_grams-4-32', 0.0030411035579647628)
('character_grams-3-18', 0.0029907018379472521)
('postag_grams-3-42', 0.0029875111146658228)
('postag_grams-5-39', 0.0029736321994047669)
('postag_grams-2-43', 0.0029514913803898946)
('character_grams-4-38', 0.002940007849482223)
('word_frequencies-31', 0.0029309337780467778)
('character_grams-5-50', 0.002896796810599418)
('character_grams-3-40', 0.0028934832488996336)
('postag_grams-2-22', 0.0028786789477940771)
('postag_grams-3-7', 0.0027550907704428028)
('postag_grams-2-38', 0.0027500517769490258)
('postag_grams-2-35', 0.0027310215986563447)
('character_grams-3-42', 0.0027091888895054957)
('postag_grams-3-21', 0.0026996678672425983)
('postag_grams-2-2', 0.0026963075612997838)
('postag_grams-4-3', 0.0026831579730135259)
('postag_grams-2-36', 0.0026541978986511926)
('character_grams-2-9', 0.0025786417069284528)
('character_grams-2-29', 0.0025777452774357812)
('postag_grams-3-46', 0.0025264173976207011)
('word_frequencies-33', 0.002509446316056109)
('word_frequencies-13', 0.0025031686024971377)
('postag_grams-2-8', 0.0024693005903674067)
('character_grams-3-39', 0.002464193330847673)
('character_grams-5-3', 0.0024409806227746497)
('postag_grams-3-36', 0.0023987325645882206)
('word_grams-2-27', 0.0023984249065989618)
('postag_grams-4-44', 0.0023916003714852855)
('character_grams-3-17', 0.0023841372198160253)
('word_frequencies-41', 0.0023682232447347811)
('character_grams-4-36', 0.002356521175218397)
('character_grams-5-34', 0.0023549508714564757)
('postag_grams-4-34', 0.0023502093173376911)
('word_grams-2-24', 0.0023371761204783997)
('postag_grams-2-12', 0.0023327522196719352)
('postag_grams-4-41', 0.0023170249434532816)
('postag_grams-5-25', 0.0022959558212684028)
('postag_grams-3-34', 0.002242260070310136)
('character_grams-3-31', 0.0022322983253392045)
('postag_grams-2-5', 0.0021774108862024151)
('postag_grams-3-43', 0.002169110028110874)
('character_grams-5-5', 0.0021603459584035186)
('character_grams-4-47', 0.0021480822990749601)
('postag_grams-5-47', 0.0021310075068675213)
('character_grams-4-39', 0.0021291263134114113)
('character_grams-3-10', 0.0021247054048077691)
('character_grams-4-18', 0.0021221269918831908)
('character_grams-2-14', 0.0021148706338272021)
('postag_grams-2-48', 0.0021101473059363558)
('word_frequencies-1', 0.0021081934194748979)
('character_grams-5-36', 0.0021008579830683661)
('postag_grams-5-9', 0.0020885119530756678)
('word_grams-2-12', 0.0020515683724961035)
('postag_grams-4-26', 0.0020445675460329981)
('word_grams-2-47', 0.002044018674129333)
('postag_grams-2-42', 0.0020047177911701091)
('postag_grams-2-37', 0.0019867108636986664)
('postag_grams-2-39', 0.0019832566186003121)
('postag_grams-3-26', 0.0019766632880140376)
('character_grams-5-43', 0.0019680381044278341)
('postag_grams-4-24', 0.0019640745685381099)
('postag_grams-2-14', 0.0019609595286274916)
('postag_grams-5-29', 0.0019587651393370353)
('character_grams-2-4', 0.0019515649083593201)
('character_grams-3-41', 0.0019293334987125815)
('postag_grams-4-17', 0.0019014873374954345)
('character_grams-5-18', 0.0018979491502636276)
('character_grams-4-6', 0.0018699240647434123)
('postag_grams-3-6', 0.0018645895784192578)
('word_grams-2-7', 0.0018564868644357605)
('postag_grams-3-25', 0.0018379210478422061)
('word_frequencies-8', 0.0018309524202053792)
('character_grams-2-32', 0.0018093523768652573)
('postag_grams-3-50', 0.0018031449997872029)
('character_grams-4-28', 0.0017852625026802882)
('character_grams-2-7', 0.0017805536242014915)
('word_frequencies-16', 0.0017789287427580824)
('postag_grams-3-23', 0.0017676177177285781)
('postag_grams-2-7', 0.0017576193738656856)
('character_grams-5-11', 0.0017523352995231889)
('character_grams-4-31', 0.0017431401366947838)
('character_grams-3-33', 0.0017415297496932948)
('character_grams-2-19', 0.0017040633001875153)
('character_grams-2-3', 0.0016885113433820855)
('postag_grams-4-35', 0.0016741907866651892)
('postag_grams-2-33', 0.0016651238260756581)
('postag_grams-4-7', 0.0016544893304946658)
('postag_grams-2-17', 0.0016509046999105958)
('character_grams-3-14', 0.0016418339308651494)
('character_grams-3-24', 0.0016383297920816353)
('postag_grams-2-20', 0.0016365238152990689)
('postag_grams-4-39', 0.0016327555793435482)
('postag_grams-2-26', 0.0016244015591324133)
('character_grams-5-10', 0.001622438103445171)
('word_grams-2-25', 0.001618310909973843)
('postag_grams-5-13', 0.0016133548679146572)
('character_grams-3-26', 0.0016023400470975564)
('word_frequencies-15', 0.001593314003022204)
('character_grams-4-27', 0.001578136764725311)
('word_grams-2-35', 0.001575692674507543)
('character_grams-3-43', 0.0015743555878911328)
('character_grams-2-46', 0.0015588721124938601)
('postag_grams-3-16', 0.0015518181367310526)
('postag_grams-3-28', 0.0015506750977901981)
('postag_grams-3-20', 0.0015472827979030211)
('word_frequencies-14', 0.0015333803077233726)
('character_grams-5-22', 0.0015246121753105079)
('special_character_grams-3-1', 0.0015220532102167442)
('character_grams-3-28', 0.001521659028447262)
('character_grams-5-8', 0.0015194907004514474)
('postag_grams-2-3', 0.0015175707813200961)
('special_character_grams-3-2', 0.0015122700899746016)
('word_frequencies-42', 0.0015057390886755195)
('postag_grams-4-37', 0.0014957364597461135)
('word_grams-2-3', 0.0014956109189033368)
('character_grams-3-49', 0.0014890926218895776)
('character_grams-3-36', 0.0014862313571427132)
('character_grams-4-29', 0.0014837525753484133)
('character_grams-4-33', 0.0014808109207373524)
('character_grams-2-41', 0.0014764976470169567)
('character_grams-2-16', 0.0014726358625518216)
('character_grams-3-25', 0.0014652637229517012)
('word_grams-2-50', 0.0014609480704975413)
('postag_grams-5-18', 0.0014600901746558775)
('postag_grams-5-8', 0.0014589254630108781)
('character_grams-5-23', 0.0014578566718918709)
('word_frequencies-48', 0.0014515821519844991)
('postag_grams-2-50', 0.0014456122358557507)
('character_grams-3-46', 0.0014381026097641165)
('word_frequencies-28', 0.0014315128686922893)
('word_frequencies-50', 0.0014302901178142897)
('postag_grams-3-33', 0.0014288417018611687)
('character_grams-4-46', 0.0014256856432553451)
('word_grams-2-16', 0.0014250006705602621)
('character_grams-2-17', 0.0014231195879606056)
('character_grams-2-30', 0.0014177360677761369)
('character_grams-3-32', 0.0014136394152663731)
('postag_grams-4-28', 0.0014086668790849613)
('character_grams-2-35', 0.0013996588355647357)
('postag_grams-2-13', 0.0013901912492245818)
('character_grams-2-13', 0.0013853651666962019)
('word_frequencies-17', 0.0013836536582249373)
('word_frequencies-24', 0.0013814359850115509)
('postag_grams-2-46', 0.0013774224170445693)
('character_grams-5-4', 0.0013768406710005499)
('character_grams-2-47', 0.0013758041001477859)
('character_grams-5-13', 0.0013700603382988093)
('word_frequencies-5', 0.0013688095342824782)
('character_grams-4-22', 0.0013669396242293682)
('character_grams-3-48', 0.00136159927560063)
('postag_grams-3-11', 0.0013586527446831336)
('word_frequencies-9', 0.0013497943642811149)
('postag_grams-3-2', 0.0013484767446754911)
('character_grams-3-29', 0.0013441537193685841)
('postag_grams-3-29', 0.0013394464681738122)
('word_frequencies-40', 0.0013372361410600542)
('postag_grams-4-6', 0.0013321533948009497)
('character_grams-5-28', 0.0013138630264804727)
('character_grams-4-30', 0.0013129958056469118)
('character_grams-2-44', 0.0013100150167241187)
('postag_grams-3-13', 0.0013032603951245673)
('character_grams-3-50', 0.0013023970954897073)
('postag_grams-3-37', 0.0012932020307298872)
('character_grams-5-35', 0.0012746503992374641)
('character_grams-5-14', 0.0012686838571682197)
('character_grams-5-46', 0.0012676225672268516)
('word_grams-2-33', 0.0012637419680598906)
('word_frequencies-10', 0.0012554087404577786)
('postag_grams-2-27', 0.0012511437758391266)
('character_grams-2-40', 0.0012494222128632318)
('postag_grams-2-18', 0.0012431356939483602)
('postag_grams-4-30', 0.0012421411341953664)
('character_grams-3-7', 0.0012411065732476835)
('postag_grams-3-45', 0.0012352237402577036)
('postag_grams-2-24', 0.0012240178388551255)
('word_grams-2-13', 0.001223443480792937)
('character_grams-5-7', 0.0012218230235475698)
('word_frequencies-45', 0.001218027516285111)
('postag_grams-4-21', 0.0012130128241459133)
('character_grams-4-21', 0.0012122209399997054)
('character_grams-2-11', 0.0012101247775969208)
('word_grams-2-4', 0.0012043400493342465)
('postag_grams-5-45', 0.0011980818678850326)
('word_frequencies-21', 0.0011941966292183333)
('character_grams-3-21', 0.0011913036077947331)
('character_grams-4-42', 0.0011908131773439466)
('postag_grams-4-36', 0.0011883532924434922)
('character_grams-5-16', 0.0011808804619259615)
('postag_grams-4-45', 0.0011796717383836116)
('character_grams-3-8', 0.0011742826438297244)
('postag_grams-5-23', 0.0011729399876456027)
('word_grams-3-30', 0.0011718140102585685)
('word_frequencies-19', 0.0011701327704308605)
('character_grams-4-8', 0.0011627648586202642)
('postag_grams-3-49', 0.0011623979624737007)
('word_frequencies-36', 0.0011544191531561137)
('character_grams-2-49', 0.0011476338972724908)
('postag_grams-3-41', 0.0011378331637527704)
('postag_grams-2-16', 0.001130160741198135)
('character_grams-4-48', 0.0011245463541086961)
('word_grams-2-42', 0.0011231919805791591)
('postag_grams-5-20', 0.0011222253951799184)
('postag_grams-4-47', 0.0011185519587418133)
('word_frequencies-46', 0.0011183170542887636)
('character_grams-2-22', 0.0011181340857361385)
('postag_grams-3-3', 0.0011176552651505193)
('word_grams-2-32', 0.001114130276338911)
('character_grams-4-40', 0.0011121377742322469)
('character_grams-2-23', 0.0011059481271475031)
('character_grams-5-48', 0.0011008827373769025)
('postag_grams-5-49', 0.0011001910283805867)
('character_grams-5-32', 0.0010998338788524192)
('character_grams-3-45', 0.0010965741501658627)
('postag_grams-3-31', 0.0010940602865363385)
('word_frequencies-38', 0.0010874132494377822)
('postag_grams-2-45', 0.0010859777289647335)
('word_frequencies-11', 0.0010759178930654077)
('character_grams-2-42', 0.0010750202633624634)
('word_frequencies-44', 0.0010680398409858493)
('word_grams-3-10', 0.0010537508028877459)
('postag_grams-4-16', 0.0010476098934913177)
('character_grams-3-16', 0.001040570619739573)
('postag_grams-4-8', 0.0010326611104183594)
('postag_grams-3-1', 0.001030992307447978)
('postag_grams-3-24', 0.0010130074276210081)
('character_grams-3-35', 0.0010013071102472405)
('character_grams-5-44', 0.0010007314971177492)
('postag_grams-4-48', 0.001000421210716778)
('postag_grams-5-22', 0.00099958875508010243)
('character_grams-2-12', 0.00098711340619092288)
('character_grams-5-45', 0.00098638144064152494)
('character_grams-5-38', 0.00098610432113314245)
('word_frequencies-12', 0.00098353946643118303)
('character_grams-5-41', 0.0009832396801070461)
('postag_grams-5-10', 0.00097425260729647287)
('word_grams-2-44', 0.00096323250764071197)
('character_grams-4-3', 0.00095931821039843697)
('postag_grams-2-29', 0.00095488663709651601)
('word_frequencies-7', 0.00095414607665736644)
('character_grams-2-2', 0.00094793464762440928)
('postag_grams-3-15', 0.00094773036407321324)
('character_grams-4-12', 0.00094721247600635077)
('postag_grams-4-13', 0.00094675464173695021)
('word_grams-2-20', 0.00094401330734058316)
('character_grams-3-19', 0.00094241110320552842)
('character_grams-5-19', 0.00093951485605112714)
('character_grams-3-34', 0.00093837184379394283)
('postag_grams-4-25', 0.00093807840718233555)
('postag_grams-2-4', 0.00093356816545602471)
('postag_grams-2-23', 0.00093252939008796776)
('postag_grams-4-2', 0.00093122180789128076)
('character_grams-5-27', 0.00092919654654286476)
('character_grams-2-33', 0.00092016657587951436)
('word_grams-2-6', 0.0009199237943106123)
('character_grams-2-48', 0.00091345167156946098)
('character_grams-4-23', 0.00090772865194448105)
('postag_grams-5-31', 0.00090616094333751914)
('character_grams-2-27', 0.00090092870589101042)
('postag_grams-3-12', 0.00089106258191902498)
('postag_grams-4-29', 0.00088432051992953277)
('postag_grams-3-8', 0.00088159006394475891)
('character_grams-2-20', 0.0008785643563108263)
('postag_grams-3-38', 0.00086805430563767147)
('word_frequencies-43', 0.0008658579797231811)
('postag_grams-2-32', 0.00085689959073233983)
('word_frequencies-32', 0.00085560124537212886)
('word_frequencies-35', 0.00085532248805240865)
('character_grams-4-44', 0.00085316336139622164)
('postag_grams-4-43', 0.00085093374668355332)
('postag_grams-3-39', 0.00084192174097419848)
('word_frequencies-3', 0.00083968720544987043)
('character_grams-5-47', 0.00083872787251557601)
('postag_grams-5-26', 0.00083871882062456658)
('character_grams-4-43', 0.00083723958959268016)
('character_grams-5-30', 0.00083582527068969126)
('character_grams-3-1', 0.000835167480070348)
('character_grams-4-25', 0.00083504244281719863)
('postag_grams-2-1', 0.00083470593324879382)
('character_grams-4-17', 0.00083087021440023622)
('word_frequencies-27', 0.00082862999385436523)
('postag_grams-5-38', 0.00082788940842570217)
('character_grams-3-47', 0.00082644644144108117)
('postag_grams-5-28', 0.00082538076251603416)
('character_grams-2-37', 0.00082211769477613162)
('character_grams-4-10', 0.00081850370697939337)
('character_grams-5-6', 0.0008175908024585847)
('word_grams-2-9', 0.0008134185411256534)
('word_grams-2-34', 0.00081274601991508351)
('word_grams-2-14', 0.00081161651506052312)
('postag_grams-4-38', 0.00081077126746050335)
('character_grams-5-31', 0.00080860791528066954)
('postag_grams-4-27', 0.00080741900279492518)
('postag_grams-2-40', 0.00080731997591169599)
('postag_grams-3-18', 0.00080702534180576051)
('postag_grams-4-42', 0.00080653023008554444)
('character_grams-5-26', 0.0008056173197474965)
('word_frequencies-23', 0.00080187816953536351)
('character_grams-5-17', 0.00080173548443740971)
('character_grams-3-3', 0.00080094603610179763)
('word_frequencies-18', 0.0007976270743086562)
('postag_grams-2-28', 0.00079436805563657374)
('postag_grams-2-31', 0.00078954590755630767)
('word_grams-2-41', 0.00078567050914520498)
('postag_grams-2-25', 0.00078362655874912308)
('postag_grams-2-30', 0.00077270125712237481)
('character_grams-4-13', 0.00077230201044378374)
('character_grams-2-45', 0.00076958404073665225)
('character_grams-3-37', 0.00076633978409564171)
('character_grams-2-34', 0.00076628604471646201)
('postag_grams-2-19', 0.00076214932327815939)
('postag_grams-3-32', 0.00075891940983253525)
('character_grams-3-30', 0.00075158879917218533)
('postag_grams-5-16', 0.00074688756810567557)
('word_frequencies-39', 0.00074532797726694462)
('postag_grams-4-4', 0.00074494019808968835)
('character_grams-2-15', 0.00074404937015784046)
('postag_grams-3-40', 0.00074389869908563747)
('postag_grams-4-31', 0.00074341678827842593)
('postag_grams-4-50', 0.00074231207691250346)
('postag_grams-5-44', 0.00073863582526556321)
('character_grams-2-26', 0.00073542752510392375)
('postag_grams-2-21', 0.00073305632285604327)
('character_grams-2-5', 0.0007328679183565257)
('postag_grams-4-49', 0.00073107578027071661)
('postag_grams-4-12', 0.00072578417298600447)
('character_grams-4-15', 0.00072311747270375137)
('postag_grams-4-18', 0.00072263207852643814)
('word_grams-2-17', 0.00071776598993706156)
('postag_grams-3-17', 0.00071752572881645272)
('character_grams-3-9', 0.00071090687488602851)
('character_grams-3-22', 0.00070992865837327004)
('postag_grams-2-34', 0.0007093232398460267)
('character_grams-5-9', 0.00070535099728451917)
('word_grams-2-10', 0.00070352713978446473)
('character_grams-2-38', 0.000701227772966731)
('character_grams-3-6', 0.00070112305090694685)
('postag_grams-4-9', 0.00070097321717648169)
('postag_grams-5-21', 0.00069357906775154433)
('character_grams-5-39', 0.00069154883433726079)
('postag_grams-5-7', 0.00068302712359523312)
('word_frequencies-34', 0.00068024256629757346)
('word_frequencies-25', 0.00067933999925526333)
('character_grams-4-14', 0.00067434856266528997)
('postag_grams-4-14', 0.00067397285835986008)
('postag_grams-5-15', 0.00067299464384721242)
('character_grams-3-11', 0.00066911859091314948)
('word_grams-2-49', 0.00066909311392560891)
('character_grams-4-34', 0.00066761260835678199)
('postag_grams-5-30', 0.00066622342923550832)
('character_grams-2-8', 0.00066292974801907987)
('character_grams-5-49', 0.00065236591525560537)
('word_grams-2-5', 0.00064655897757889781)
('word_grams-2-37', 0.00064584759125825314)
('character_grams-2-24', 0.00064509943817291321)
('postag_grams-5-11', 0.00064221653337202475)
('postag_grams-4-19', 0.0006411137886041708)
('character_grams-4-4', 0.00063975699584496682)
('character_grams-5-24', 0.00063753730118393346)
('word_grams-2-29', 0.00063505553632939456)
('character_grams-4-45', 0.00063101668668728806)
('postag_grams-5-27', 0.00062643339319912162)
('character_grams-3-13', 0.00062407992351315303)
('character_grams-3-2', 0.00062394612917411)
('character_grams-3-27', 0.00061158901369769115)
('postag_grams-5-36', 0.00060495906144736192)
('word_frequencies-49', 0.00060337618555587392)
('postag_grams-5-50', 0.00060129533227819753)
('word_grams-2-39', 0.00059927852744073526)
('word_frequencies-26', 0.0005982916161238899)
('character_grams-2-36', 0.00059826481011883599)
('postag_grams-4-15', 0.00059815152346073634)
('postag_grams-5-48', 0.00059457180280986298)
('character_grams-5-25', 0.00058752654302072745)
('character_grams-3-4', 0.00058425260463887646)
('word_grams-3-33', 0.00058348307014192144)
('word_grams-2-21', 0.00057977909629666866)
('postag_grams-4-46', 0.00057643170624352012)
('character_grams-4-2', 0.00057610387622842284)
('postag_grams-5-14', 0.00057466487882559748)
('character_grams-4-7', 0.00057410029868035955)
('character_grams-4-16', 0.0005727022433935228)
('postag_grams-3-22', 0.0005724087856695593)
('postag_grams-5-43', 0.00057024256194608232)
('character_grams-5-33', 0.00056101600368224462)
('postag_grams-4-10', 0.00055801801639375026)
('word_frequencies-29', 0.00055249872683375769)
('character_grams-4-20', 0.0005501007494355146)
('postag_grams-3-14', 0.00054805356405754357)
('postag_grams-5-37', 0.00054779483272098439)
('postag_grams-5-12', 0.00054336791384299846)
('postag_grams-5-33', 0.00054278861537564345)
('word_frequencies-47', 0.00054209234620214073)
('postag_grams-4-40', 0.00054206805813068856)
('word_frequencies-20', 0.00054203623747815029)
('character_grams-3-38', 0.00054081774938868931)
('character_grams-2-18', 0.00054064141126642881)
('postag_grams-3-5', 0.00053849170465484738)
('character_grams-3-20', 0.00053598171757045655)
('character_grams-5-20', 0.00053230557898313624)
('character_grams-4-35', 0.00053006611370834714)
('word_grams-2-28', 0.00052744624740791283)
('character_grams-5-37', 0.00052150116124333862)
('postag_grams-3-48', 0.00051358883465802568)
('postag_grams-2-11', 0.00050482760088792482)
('word_grams-2-38', 0.00050442770515972196)
('character_grams-4-1', 0.00050325325198140813)
('word_grams-2-30', 0.00049304665439396243)
('word_grams-2-19', 0.00048910633368534141)
('postag_grams-4-33', 0.00048807138294081385)
('postag_grams-3-35', 0.00048508790664856708)
('word_frequencies-22', 0.00048111806315476115)
('word_grams-2-22', 0.00047332427660931652)
('character_grams-4-24', 0.00046094463238476871)
('character_grams-4-11', 0.00045570237897915811)
('postag_grams-3-10', 0.00044997318729969577)
('character_grams-5-2', 0.00044988620806541059)
('postag_grams-4-23', 0.00044550421867703497)
('character_grams-2-6', 0.00044310466095069917)
('postag_grams-5-19', 0.00044113257636620807)
('character_grams-5-29', 0.00043747765837671678)
('word_grams-2-11', 0.00043430200477502431)
('character_grams-2-25', 0.00043307957420173657)
('word_grams-2-26', 0.00042747163075040271)
('word_grams-2-43', 0.0004269254976203697)
('character_grams-5-12', 0.00042324957690895642)
('postag_grams-5-2', 0.00041888592679328396)
('postag_grams-4-22', 0.00041388112234581436)
('postag_grams-5-35', 0.00040794980803189514)
('postag_grams-5-17', 0.00040671887649609118)
('postag_grams-4-32', 0.00040020769940805336)
('word_grams-3-46', 0.00039010311225132275)
('word_grams-2-48', 0.00038712105332031223)
('word_frequencies-6', 0.00038615817226885256)
('postag_grams-5-41', 0.0003849666639845017)
('character_grams-4-41', 0.00038440934546271773)
('postag_grams-5-34', 0.00037947734192837778)
('postag_grams-3-44', 0.00036749887865601834)
('word_grams-2-8', 0.00036732319921471809)
('word_grams-2-45', 0.00035951395347750506)
('character_grams-5-1', 0.00035819417127153899)
('character_grams-5-15', 0.0003498328264749744)
('postag_grams-5-3', 0.00034424233872049596)
('word_grams-2-18', 0.0003408762547877194)
('word_grams-3-28', 0.00033599741507436858)
('postag_grams-4-20', 0.00032142077651224415)
('word_grams-2-23', 0.00031961874908568847)
('postag_grams-5-40', 0.00031297254961156672)
('postag_grams-5-6', 0.00031151677003199034)
('word_grams-2-46', 0.00030104355484585754)
('word_grams-2-31', 0.00029847049086238194)
('word_grams-3-15', 0.00029414123226567614)
('word_grams-3-37', 0.00029149224712923376)
('word_grams-2-36', 0.00026516113025201315)
('postag_grams-5-24', 0.0002544623311095687)
('postag_grams-5-4', 0.000244425304421345)
('postag_grams-5-32', 0.000215776221372007)
('word_grams-3-38', 0.00020668478755357379)
('postag_grams-5-46', 0.00019846534259463963)
('word_grams-3-27', 0.0001969627671584184)
('word_grams-2-40', 0.00019534139543096006)
('word_grams-3-22', 0.00015661806679594713)
('word_grams-3-11', 0.00015594223579561972)
('word_grams-3-12', 0.00015554302211597158)
('word_grams-3-35', 0.0001445995880751984)
('word_grams-3-48', 0.00013658928839886317)
('word_grams-4-12', 0.00013225834620528764)
('word_grams-3-17', 0.00013068708951032641)
('word_grams-3-47', 0.00012661851717070543)
('word_grams-3-41', 0.00012521804777118259)
('word_grams-3-44', 0.00012235701628081347)
('word_grams-3-32', 0.0001206554593462506)
('word_grams-3-16', 0.00011928846289799375)
('word_grams-3-36', 0.00011871005441753183)
('word_grams-3-7', 9.4897413669540554e-05)
('word_grams-3-39', 9.2292486142359214e-05)
('word_grams-4-32', 8.9474188794170541e-05)
('word_grams-3-40', 8.3171658767181559e-05)
('word_grams-2-15', 8.3049246342516614e-05)
('word_grams-3-31', 7.5458595658477615e-05)
('word_grams-3-25', 7.2239927650412266e-05)
('word_grams-4-31', 7.1283296251215347e-05)
('word_grams-3-23', 6.1537536734871924e-05)
('word_grams-3-45', 5.9442174106286643e-05)
('word_grams-4-26', 5.2845124268215665e-05)
('word_grams-3-2', 4.943714950238454e-05)
('word_grams-4-17', 4.8063711274015635e-05)
('word_grams-3-29', 4.7979342991842552e-05)
('word_grams-3-14', 4.3394905051473454e-05)
('word_grams-3-24', 3.582206980503237e-05)
('word_grams-3-26', 3.3439120102969978e-05)
('word_grams-4-27', 3.3408249391755039e-05)
('word_grams-5-8', 3.2728437770660463e-05)
('word_grams-4-2', 3.2343148850549113e-05)
('word_grams-5-10', 2.8982782692441164e-05)
('word_grams-3-13', 2.7838597606039466e-05)
('word_grams-5-19', 2.762972607392138e-05)
('word_grams-3-50', 2.7316979172432647e-05)
('word_grams-4-8', 2.4972707158186684e-05)
('word_grams-5-48', 2.3509855891770829e-05)
('word_grams-5-50', 2.3113192453767736e-05)
('word_grams-5-1', 2.2981276146913668e-05)
('word_grams-4-7', 2.1949915476673743e-05)
('word_grams-5-6', 2.0403560389118801e-05)
('word_grams-5-11', 1.9897110699896989e-05)
('word_grams-4-38', 1.9426880704771972e-05)
('word_grams-5-18', 1.9394779663536651e-05)
('word_grams-5-4', 1.9369992345402435e-05)
('word_grams-4-28', 1.9018149407065678e-05)
('word_grams-5-47', 1.8924825244799912e-05)
('word_grams-4-18', 1.8637212774535805e-05)
('word_grams-3-21', 1.8618309668966336e-05)
('word_grams-4-47', 1.8443538996384525e-05)
('word_grams-4-10', 1.8274886501365082e-05)
('word_grams-4-3', 1.7968083619062691e-05)
('word_grams-3-18', 1.7253878581338879e-05)
('word_grams-5-5', 1.7051470107493799e-05)
('word_grams-3-8', 1.6728350652184629e-05)
('word_grams-5-3', 1.6515511649404241e-05)
('word_grams-5-38', 1.6018339422594745e-05)
('word_grams-5-24', 1.525737619354641e-05)
('word_grams-5-34', 1.4770306843059066e-05)
('word_grams-5-23', 1.4612822326945975e-05)
('word_grams-5-42', 1.4457530063405219e-05)
('word_grams-5-37', 1.4389723395166245e-05)
('word_grams-4-33', 1.4333605740902287e-05)
('word_grams-4-13', 1.4301837311039626e-05)
('word_grams-5-7', 1.4211313467466838e-05)
('word_grams-5-12', 1.4083624782739185e-05)
('word_grams-5-27', 1.406649590528285e-05)
('word_grams-4-9', 1.3906743372771248e-05)
('word_grams-4-4', 1.3746851223722543e-05)
('word_grams-3-49', 1.3468365607112411e-05)
('word_grams-4-25', 1.3375985959453536e-05)
('word_grams-5-9', 1.2771190418297956e-05)
('word_grams-4-11', 1.2555259676970203e-05)
('word_grams-3-4', 1.2194401303873796e-05)
('word_grams-4-29', 1.1966068599765353e-05)
('word_grams-3-9', 1.1549616170925539e-05)
('word_grams-4-46', 1.0369508613472604e-05)
('word_grams-4-19', 1.0051484715181686e-05)
('word_grams-5-33', 1.0039658830041261e-05)
('word_grams-5-16', 9.9614759441325939e-06)
('word_grams-4-36', 9.8473927461513975e-06)
('word_grams-4-35', 9.8120014640082751e-06)
('word_grams-4-49', 9.7592201080573206e-06)
('word_grams-3-5', 9.6966136096570936e-06)
('word_grams-5-22', 9.5847562207812855e-06)
('word_grams-3-43', 9.3121693121693109e-06)
('word_grams-5-32', 9.2912236814675858e-06)
('word_grams-4-44', 9.2890181110212297e-06)
('word_grams-4-34', 9.1643627312066764e-06)
('word_grams-3-20', 9.1067133924276753e-06)
('word_grams-4-16', 9.0584415584415614e-06)
('word_grams-4-6', 8.9510775962388838e-06)
('word_grams-5-25', 8.8919434259528687e-06)
('word_grams-5-15', 8.8904184519419588e-06)
('word_grams-4-24', 8.842560947824106e-06)
('word_grams-4-50', 8.7734487734487737e-06)
('word_grams-5-20', 8.5742149497112636e-06)
('word_grams-3-34', 8.3542188805346704e-06)
('word_grams-3-3', 8.3010960670535116e-06)
('word_grams-5-21', 7.9999999999999996e-06)
('word_grams-3-19', 7.9997605579000936e-06)
('word_grams-5-2', 7.8217752636357287e-06)
('word_grams-4-21', 5.1569014702655323e-06)
('word_grams-4-30', 5.108556832694765e-06)
('word_grams-4-39', 5.0843253968253938e-06)
('word_grams-3-42', 4.9961339439719308e-06)
('word_grams-4-15', 4.9584278155706711e-06)
('word_grams-4-23', 4.9342403628117911e-06)
('word_grams-5-44', 4.9330514446793567e-06)
('word_grams-4-1', 4.9302549302549288e-06)
('word_grams-4-41', 4.9183553019870184e-06)
('word_grams-5-28', 4.9085630480979302e-06)
('word_grams-5-30', 4.8926943178027376e-06)
('word_grams-3-1', 4.8714657187057667e-06)
('word_grams-4-48', 4.8641512056146222e-06)
('word_grams-4-42', 4.8606364395838042e-06)
('word_grams-5-35', 4.8548949912221734e-06)
('word_grams-5-43', 4.8244438488340926e-06)
('word_grams-5-26', 4.8209366391184604e-06)
('word_grams-5-45', 4.8142018955919975e-06)
('word_grams-4-22', 4.8076923076923104e-06)
('word_grams-5-13', 4.7619047619047598e-06)
('word_grams-4-5', 4.6092604232139124e-06)
('word_grams-4-14', 4.2625745950554137e-06)
('word_grams-5-31', 3.7523452157598502e-06)
('word_grams-3-6', 3.7499999999999988e-06)
('word_grams-4-20', 0.0)
('word_grams-4-37', 0.0)
('word_grams-4-40', 0.0)
('word_grams-4-43', 0.0)
('word_grams-4-45', 0.0)
('word_grams-5-14', 0.0)
('word_grams-5-17', 0.0)
('word_grams-5-29', 0.0)
('word_grams-5-36', 0.0)
('word_grams-5-39', 0.0)
('word_grams-5-40', 0.0)
('word_grams-5-41', 0.0)
('word_grams-5-46', 0.0)
('word_grams-5-49', 0.0)
