0.5185
('character_grams-4-23', 0.0048364431899569739)
('character_grams-5-32', 0.0041513187637396256)
('postag_grams-3-7', 0.0040858310450112324)
('character_grams-2-17', 0.0037159639686238804)
('postag_grams-2-49', 0.0036816931582163369)
('postag_grams-3-42', 0.0036142207602654652)
('postag_grams-4-50', 0.003531306950081874)
('character_grams-3-34', 0.003449477174689779)
('postag_grams-4-8', 0.0034411658635932906)
('postag_grams-3-5', 0.0034291040525362896)
('character_grams-4-26', 0.0034276747508802368)
('postag_grams-4-17', 0.0034040223345071382)
('character_grams-4-38', 0.0034040117708092734)
('character_grams-2-37', 0.0033939560217170765)
('character_grams-4-24', 0.0033613759091697011)
('postag_grams-2-9', 0.0033031091462311225)
('postag_grams-4-13', 0.0032882865917119612)
('character_grams-5-37', 0.0032684948743808666)
('postag_grams-2-48', 0.0032545527232257284)
('word_frequencies-6', 0.0032435787158768374)
('postag_grams-3-36', 0.0032369357633493735)
('postag_grams-2-29', 0.0032302438703557344)
('character_grams-2-30', 0.0032230212858647351)
('character_grams-3-48', 0.0032222881404786541)
('character_grams-3-45', 0.0032210318028131975)
('character_grams-2-7', 0.0032117918703961721)
('postag_grams-3-35', 0.0031908888836757439)
('postag_grams-3-38', 0.0031804175712892807)
('postag_grams-3-27', 0.0031797215839510511)
('postag_grams-2-45', 0.0031748809576532507)
('character_grams-5-17', 0.0031452561915293565)
('character_grams-3-46', 0.0031175153702028679)
('postag_grams-2-19', 0.0031164083341407934)
('postag_grams-4-5', 0.0030902950461365046)
('postag_grams-2-42', 0.0030677031970678514)
('character_grams-2-21', 0.0030560240010329693)
('word_frequencies-11', 0.0030509329585748897)
('character_grams-2-40', 0.0030295773750725718)
('character_grams-2-47', 0.0030163689953811262)
('postag_grams-3-9', 0.0030121776269906642)
('character_grams-4-37', 0.0030068783276746419)
('character_grams-3-38', 0.002997731747617412)
('character_grams-5-11', 0.0029872364979308314)
('postag_grams-2-15', 0.0029862820308160167)
('postag_grams-4-2', 0.0029766940520994513)
('character_grams-4-20', 0.0029753212768790578)
('word_frequencies-16', 0.0029635568846574155)
('character_grams-3-23', 0.0029569551557587863)
('character_grams-3-26', 0.0029485762742572437)
('special_character_grams-2-1', 0.0029472003146147957)
('character_grams-2-23', 0.0029282938050826162)
('word_frequencies-17', 0.0029181887183480503)
('character_grams-3-35', 0.0029026226163185059)
('character_grams-4-43', 0.002898528244303139)
('character_grams-3-21', 0.0028957681956932719)
('character_grams-2-8', 0.0028940902904908681)
('character_grams-3-32', 0.0028703085686765627)
('postag_grams-2-50', 0.0028686846167418857)
('character_grams-2-22', 0.0028418989826843239)
('character_grams-3-42', 0.0028296870586897371)
('word_frequencies-28', 0.0028278703604162282)
('postag_grams-3-10', 0.0028240179423961479)
('postag_grams-3-29', 0.0028228952171563508)
('character_grams-4-6', 0.0028140403601818091)
('character_grams-2-46', 0.0028015780258054783)
('postag_grams-3-20', 0.0027993592772984784)
('postag_grams-2-18', 0.0027968125217042845)
('character_grams-4-17', 0.0027896692173364507)
('special_character_grams-2-4', 0.0027862245885064561)
('postag_grams-2-26', 0.0027847417124181677)
('postag_grams-2-32', 0.0027787630824698665)
('character_grams-5-20', 0.0027766173719135567)
('special_character_grams-3-4', 0.0027705664303858627)
('postag_grams-2-39', 0.0027618114850559423)
('word_frequencies-30', 0.0027607759303725178)
('character_grams-5-45', 0.0027415449681645137)
('postag_grams-3-24', 0.0027209077363827662)
('character_grams-5-40', 0.0027185255134236867)
('character_grams-3-47', 0.0027158594602380054)
('postag_grams-3-43', 0.002711179188982601)
('character_grams-3-10', 0.002709598335312298)
('postag_grams-3-3', 0.0026950675132508717)
('character_grams-5-41', 0.0026942772769029339)
('character_grams-2-14', 0.0026721634749623897)
('character_grams-2-25', 0.0026665207525778931)
('character_grams-5-18', 0.0026506162736038143)
('character_grams-5-10', 0.0026223408235091779)
('postag_grams-3-41', 0.0026116494539357776)
('word_grams-2-1', 0.0026091905024898769)
('word_frequencies-32', 0.002603597747753001)
('postag_grams-2-21', 0.0026026338056767133)
('postag_grams-2-13', 0.0025938185027991794)
('postag_grams-2-47', 0.0025888276846509307)
('character_grams-4-45', 0.0025829858839617231)
('character_grams-3-11', 0.0025787809426745297)
('character_grams-2-44', 0.0025759102322096068)
('character_grams-2-15', 0.0025757289170639437)
('character_grams-2-28', 0.0025719022746241186)
('character_grams-5-27', 0.0025711887287806728)
('postag_grams-2-2', 0.0025600771232245391)
('word_frequencies-8', 0.0025594789805873487)
('character_grams-3-20', 0.0025578905215653336)
('character_grams-4-31', 0.0025561641250964879)
('character_grams-3-25', 0.002554034042603973)
('postag_grams-2-40', 0.002553950198092536)
('word_frequencies-19', 0.0025402788259382288)
('character_grams-4-32', 0.0025395821735063264)
('word_frequencies-43', 0.0025363268185181311)
('character_grams-2-4', 0.0025315997956561727)
('postag_grams-4-1', 0.0025281371531552222)
('character_grams-2-42', 0.0025191188223105932)
('character_grams-4-40', 0.0025132402287658937)
('postag_grams-3-12', 0.0025118879448180927)
('character_grams-4-33', 0.0025113515747634098)
('character_grams-2-43', 0.002496355513700527)
('postag_grams-2-23', 0.0024945685732651632)
('word_frequencies-7', 0.0024932211781782004)
('special_character_grams-2-2', 0.0024908429887830499)
('character_grams-5-24', 0.0024824203060298364)
('character_grams-3-27', 0.002478645816673761)
('character_grams-2-31', 0.0024650669221372213)
('postag_grams-4-21', 0.0024582562805261316)
('character_grams-2-16', 0.0024561177972522745)
('postag_grams-4-10', 0.002453085952546626)
('postag_grams-3-16', 0.0024458464644805818)
('character_grams-5-34', 0.0024451334714124754)
('character_grams-5-23', 0.0024410825438266589)
('postag_grams-3-8', 0.0024409920557676916)
('character_grams-3-33', 0.002438998667936525)
('character_grams-2-45', 0.0024387313557610308)
('character_grams-3-15', 0.0024298679851676181)
('postag_grams-4-11', 0.0024298246458414937)
('word_grams-2-4', 0.002419357929586616)
('character_grams-4-41', 0.0024186072863731866)
('postag_grams-2-11', 0.0024064134932606294)
('character_grams-3-19', 0.0024014372789762021)
('word_frequencies-44', 0.0023985947874176324)
('character_grams-4-21', 0.0023981902336727297)
('postag_grams-2-3', 0.0023936027160955022)
('postag_grams-2-10', 0.0023857806818555647)
('postag_grams-3-25', 0.0023835810445041426)
('character_grams-2-3', 0.0023828180277864486)
('postag_grams-2-12', 0.0023785033752308496)
('character_grams-2-18', 0.0023746364393283643)
('character_grams-2-2', 0.0023745201476753088)
('character_grams-3-28', 0.0023730352645607781)
('character_grams-2-48', 0.0023685624355534226)
('character_grams-4-39', 0.0023667257350551679)
('postag_grams-3-50', 0.0023661989144252169)
('character_grams-5-48', 0.0023610391199993556)
('postag_grams-2-43', 0.0023558076604728935)
('character_grams-3-43', 0.0023528422605361113)
('postag_grams-2-22', 0.0023449076954217803)
('postag_grams-3-19', 0.0023392643291401216)
('postag_grams-3-14', 0.0023329260804497466)
('postag_grams-3-4', 0.0023309564210486854)
('character_grams-3-29', 0.0023234994789897941)
('word_frequencies-12', 0.00231873449598391)
('postag_grams-3-39', 0.0023159586736012623)
('postag_grams-3-40', 0.0023137848818538496)
('character_grams-2-34', 0.0023120600315080491)
('character_grams-5-38', 0.0023095542501288808)
('character_grams-2-35', 0.0023057418758039446)
('postag_grams-3-6', 0.0023052175145720551)
('postag_grams-4-6', 0.0023046408246611173)
('character_grams-2-41', 0.0023030415537022321)
('postag_grams-3-17', 0.0023014962740994112)
('character_grams-3-12', 0.0023004394372368856)
('word_frequencies-36', 0.0022916077308212665)
('special_character_grams-3-5', 0.0022851903941126244)
('postag_grams-2-7', 0.002282780777576608)
('character_grams-2-9', 0.0022809325504916812)
('word_frequencies-14', 0.0022625783414216092)
('character_grams-3-44', 0.0022548177072281)
('postag_grams-2-36', 0.0022517263984527507)
('character_grams-2-27', 0.0022512522958523249)
('character_grams-4-46', 0.002233831204868073)
('word_frequencies-20', 0.0022304043506127897)
('character_grams-5-25', 0.0022282582126105102)
('word_frequencies-13', 0.002227836874843841)
('word_frequencies-29', 0.0022270469513801373)
('postag_grams-3-31', 0.0022204095885522556)
('character_grams-4-27', 0.0022183821829304374)
('postag_grams-3-11', 0.0022183147117131883)
('character_grams-4-49', 0.002216650566972653)
('postag_grams-3-26', 0.0022129799529365087)
('postag_grams-3-47', 0.0021976906039112361)
('postag_grams-3-30', 0.0021937333706140445)
('word_grams-2-23', 0.002193230231334727)
('character_grams-5-30', 0.0021931311128876381)
('character_grams-4-14', 0.0021879122772638713)
('character_grams-4-34', 0.0021843252272326212)
('postag_grams-3-28', 0.0021840008482616035)
('character_grams-5-26', 0.002177039788591227)
('postag_grams-2-6', 0.0021757097080992117)
('character_grams-2-32', 0.0021743692367220506)
('postag_grams-3-45', 0.0021682302024239831)
('postag_grams-4-38', 0.0021652932643422087)
('character_grams-4-10', 0.0021643206116834617)
('postag_grams-2-34', 0.0021613150399315949)
('character_grams-3-31', 0.0021590242012647877)
('postag_grams-3-1', 0.0021581311676215431)
('postag_grams-3-2', 0.0021549671366879243)
('postag_grams-2-31', 0.0021520932541748829)
('postag_grams-3-49', 0.0021456169357893474)
('character_grams-2-33', 0.0021385252312512743)
('character_grams-4-22', 0.0021368151118784763)
('character_grams-3-13', 0.0021349454321397863)
('postag_grams-2-46', 0.0021330854919792675)
('postag_grams-2-8', 0.0021299780257383692)
('postag_grams-4-47', 0.0021284935335488292)
('character_grams-3-22', 0.0021232073815148811)
('postag_grams-2-14', 0.0021130873695612289)
('character_grams-3-7', 0.0021124440677995869)
('word_frequencies-34', 0.0021110207053015488)
('postag_grams-2-5', 0.0021105407388430516)
('word_frequencies-9', 0.002108103368227338)
('character_grams-2-10', 0.002107504637429519)
('word_frequencies-42', 0.0021040377973407195)
('character_grams-3-41', 0.0021038986060172445)
('character_grams-4-25', 0.002100225484005144)
('postag_grams-4-40', 0.0020910091799829014)
('word_frequencies-48', 0.002090992860299038)
('character_grams-2-13', 0.0020884754756776316)
('postag_grams-2-38', 0.0020825315797733516)
('character_grams-2-5', 0.0020814650486891133)
('character_grams-2-19', 0.00207764211144061)
('character_grams-2-20', 0.0020764110628716543)
('postag_grams-2-30', 0.002070260736096828)
('postag_grams-2-37', 0.0020609644509400312)
('postag_grams-4-3', 0.002058758491116502)
('character_grams-5-14', 0.0020577284281483627)
('word_frequencies-3', 0.0020503063674593104)
('postag_grams-4-26', 0.0020492153614092485)
('character_grams-2-24', 0.0020479976034065888)
('character_grams-5-35', 0.0020403832865955544)
('character_grams-3-17', 0.0020395700815557961)
('postag_grams-4-9', 0.0020383832213266145)
('character_grams-2-11', 0.0020383357476220312)
('character_grams-4-16', 0.0020298617718809476)
('word_frequencies-1', 0.0020255563971493936)
('word_frequencies-39', 0.0020240073129851703)
('character_grams-3-24', 0.0020229434273017583)
('word_frequencies-15', 0.0020181774527491354)
('postag_grams-2-20', 0.0020172129889702173)
('postag_grams-4-14', 0.0020161780213259085)
('word_frequencies-23', 0.0020146530343906465)
('character_grams-3-50', 0.0020125019666687102)
('character_grams-2-29', 0.0020065378212872618)
('character_grams-4-48', 0.0020059287557693357)
('postag_grams-2-25', 0.0020027251033189653)
('word_frequencies-50', 0.0019934200638183235)
('postag_grams-3-37', 0.0019929303001491199)
('postag_grams-2-16', 0.001987190479347662)
('word_frequencies-21', 0.0019836650819850749)
('postag_grams-3-33', 0.0019808871863548831)
('character_grams-2-50', 0.001980254400612242)
('postag_grams-3-44', 0.0019725095339140357)
('postag_grams-3-32', 0.0019687000397038065)
('postag_grams-2-27', 0.0019671326182539852)
('postag_grams-3-22', 0.0019634200376521336)
('word_frequencies-10', 0.0019546606786347131)
('special_character_grams-2-5', 0.001951675597694864)
('postag_grams-2-4', 0.0019495294581223933)
('character_grams-5-39', 0.0019492602355722303)
('postag_grams-2-41', 0.0019409744721665175)
('postag_grams-3-15', 0.0019396738936438168)
('character_grams-2-12', 0.0019372147848418133)
('character_grams-4-44', 0.0019371524135943768)
('postag_grams-2-17', 0.0019337854663841331)
('postag_grams-4-24', 0.0019277209693906597)
('postag_grams-2-35', 0.0019260251586498817)
('character_grams-4-28', 0.0019255490910233802)
('postag_grams-4-12', 0.0019231286569747145)
('word_frequencies-27', 0.0019191618053320909)
('word_frequencies-22', 0.0019174819510567155)
('character_grams-5-44', 0.0019147169980886604)
('postag_grams-4-36', 0.0019141964942175382)
('postag_grams-2-1', 0.0019136174843807376)
('postag_grams-2-33', 0.0019099053139519403)
('special_character_grams-3-3', 0.0018992990615220684)
('character_grams-3-14', 0.0018983009299868908)
('character_grams-5-8', 0.0018950199031763757)
('character_grams-2-26', 0.0018946505893406899)
('character_grams-3-49', 0.001884899451862998)
('character_grams-5-15', 0.0018812782527655048)
('postag_grams-3-18', 0.0018744140757678801)
('character_grams-5-6', 0.001870966050622711)
('special_character_grams-2-3', 0.0018696854767184317)
('postag_grams-5-5', 0.0018664644621758295)
('postag_grams-3-48', 0.0018532094921077371)
('character_grams-2-36', 0.0018474048591162135)
('postag_grams-4-43', 0.0018458685460602808)
('character_grams-4-13', 0.001845806933571799)
('word_grams-2-11', 0.0018424388149335372)
('character_grams-4-36', 0.0018415131726556152)
('character_grams-2-6', 0.0018299431071341461)
('postag_grams-5-1', 0.001820767209772508)
('character_grams-4-19', 0.0018170950371855258)
('postag_grams-3-13', 0.001813688463960042)
('character_grams-3-36', 0.0018127957197413478)
('character_grams-4-12', 0.0018036494608473625)
('postag_grams-4-34', 0.0018021570198782019)
('postag_grams-2-28', 0.0018003347819880594)
('character_grams-3-9', 0.0018000002751431907)
('character_grams-4-30', 0.0017905506872612886)
('character_grams-5-31', 0.0017848433247439584)
('character_grams-2-49', 0.0017831433554827861)
('special_character_grams-3-1', 0.0017795223864027531)
('character_grams-4-50', 0.0017717533153788836)
('postag_grams-3-23', 0.0017709466792281861)
('postag_grams-5-15', 0.0017610573297232124)
('character_grams-5-36', 0.001756626340079201)
('word_frequencies-2', 0.0017535711733313599)
('postag_grams-4-32', 0.0017515500720529681)
('character_grams-5-5', 0.0017430351671113614)
('character_grams-5-13', 0.0017386256229196739)
('postag_grams-4-16', 0.001736246758941229)
('postag_grams-4-39', 0.0017330368040921393)
('postag_grams-4-28', 0.0017294193651476639)
('word_grams-2-2', 0.001728987082646478)
('postag_grams-4-7', 0.0017287588354816101)
('postag_grams-4-46', 0.0017279449285736725)
('postag_grams-4-4', 0.0017104818313357114)
('word_frequencies-24', 0.0016910703070373277)
('word_grams-2-13', 0.0016780518100185341)
('word_frequencies-25', 0.0016771254248680372)
('word_frequencies-18', 0.0016753787690153455)
('postag_grams-4-19', 0.0016735169647624165)
('character_grams-5-43', 0.0016709599859166745)
('postag_grams-4-44', 0.0016698053080870391)
('character_grams-3-4', 0.001667856019058545)
('postag_grams-2-44', 0.0016499349880605366)
('word_frequencies-37', 0.0016401742303534953)
('postag_grams-5-35', 0.0016399668968591276)
('postag_grams-3-34', 0.0016379530425336306)
('postag_grams-2-24', 0.0016379428243541302)
('postag_grams-4-45', 0.0016356077873865751)
('character_grams-4-35', 0.0016261726881547168)
('postag_grams-4-29', 0.0016234824438374239)
('character_grams-2-39', 0.0016208497903787264)
('character_grams-4-15', 0.0016193687269049619)
('postag_grams-5-8', 0.0016178709664136229)
('character_grams-5-21', 0.0016160759579281244)
('character_grams-3-5', 0.0016148392033776943)
('postag_grams-3-46', 0.0016138276842111176)
('word_frequencies-33', 0.0016023113821654216)
('postag_grams-4-31', 0.0015960395391547472)
('character_grams-4-47', 0.0015941354429034843)
('character_grams-3-2', 0.0015939914315116247)
('postag_grams-5-3', 0.0015894613749825978)
('postag_grams-3-21', 0.0015869351300836559)
('character_grams-3-40', 0.0015734974660547663)
('character_grams-5-42', 0.0015663414805199101)
('special_character_grams-3-2', 0.0015562004835014034)
('postag_grams-4-35', 0.0015557836189813642)
('word_frequencies-31', 0.0015501488712777716)
('character_grams-5-33', 0.0015438058336513869)
('postag_grams-5-12', 0.0015428662537617895)
('word_frequencies-4', 0.0015420853450594054)
('character_grams-3-3', 0.0015364201396140295)
('postag_grams-5-4', 0.0015253346436501546)
('word_grams-2-38', 0.0015239327378553506)
('character_grams-4-2', 0.001520836824648679)
('word_frequencies-46', 0.0015168226623487205)
('character_grams-4-4', 0.001514259779980717)
('postag_grams-5-14', 0.0015050852676282062)
('character_grams-3-18', 0.0015040570717652852)
('character_grams-3-30', 0.0015014857820713616)
('word_frequencies-45', 0.001483855798801528)
('character_grams-3-37', 0.0014799396118767088)
('word_grams-2-7', 0.0014782519227866267)
('character_grams-4-29', 0.0014703588867364776)
('postag_grams-4-20', 0.0014627373477624722)
('postag_grams-4-33', 0.0014463041012196252)
('character_grams-5-28', 0.0014436776292689288)
('postag_grams-5-21', 0.0014401701821495977)
('word_frequencies-47', 0.0014043626023773493)
('postag_grams-5-7', 0.0014034113180962661)
('postag_grams-4-23', 0.0013928198526527537)
('postag_grams-4-48', 0.0013871634801646163)
('postag_grams-4-18', 0.0013793379179528045)
('character_grams-5-16', 0.0013770771647201902)
('word_grams-2-3', 0.0013740137540196084)
('character_grams-5-9', 0.0013735127587638362)
('postag_grams-4-25', 0.0013674578257890627)
('character_grams-5-49', 0.0013542287233953851)
('character_grams-5-2', 0.0013539335852303775)
('postag_grams-5-9', 0.0013441924967421415)
('word_frequencies-49', 0.0013382319513748032)
('word_grams-2-30', 0.0013363685767363745)
('word_grams-2-21', 0.0013259002438309095)
('postag_grams-4-15', 0.0013234712056612765)
('postag_grams-4-49', 0.0013221937259345429)
('word_frequencies-35', 0.001318758311231818)
('postag_grams-5-16', 0.0013109394683790327)
('character_grams-5-46', 0.0013087744137102995)
('word_grams-2-29', 0.0012911667124592637)
('character_grams-5-4', 0.0012710678787436964)
('character_grams-2-1', 0.0012504647396469853)
('word_grams-2-14', 0.0012455009658364404)
('word_grams-2-6', 0.001243048143402278)
('character_grams-5-29', 0.0012399200309003064)
('word_frequencies-5', 0.0012333217314956719)
('character_grams-4-9', 0.0012274360214561842)
('word_grams-2-8', 0.0012256462466146486)
('postag_grams-5-11', 0.0012248962800984623)
('postag_grams-5-10', 0.001205279206428685)
('postag_grams-4-22', 0.001196874018233761)
('word_grams-2-47', 0.0011694084624096176)
('postag_grams-5-20', 0.0011690640203961824)
('word_frequencies-41', 0.0011514814490515561)
('word_grams-2-37', 0.0011416978042844371)
('postag_grams-5-37', 0.0011393062568221708)
('postag_grams-5-30', 0.0011190338353388707)
('postag_grams-5-24', 0.0011171113733015351)
('character_grams-4-8', 0.0011160216147038571)
('postag_grams-5-50', 0.0011053548696550639)
('postag_grams-5-34', 0.0011029294976267633)
('character_grams-4-7', 0.0010967300400818484)
('word_frequencies-26', 0.001090635762888187)
('word_grams-2-41', 0.0010897119537579695)
('postag_grams-5-31', 0.0010870248669398298)
('word_grams-2-44', 0.0010808846068722159)
('word_grams-2-28', 0.0010779144918756623)
('postag_grams-5-18', 0.0010702750773193596)
('character_grams-3-39', 0.0010691087149780371)
('postag_grams-4-30', 0.0010673080224979786)
('word_grams-2-27', 0.0010662984772710016)
('postag_grams-5-41', 0.0010531312915246776)
('word_frequencies-40', 0.0010458340244746385)
('character_grams-2-38', 0.0010446071375115797)
('word_grams-2-9', 0.0010428054019804545)
('postag_grams-4-37', 0.0010318147222476916)
('character_grams-3-6', 0.0010310686198216894)
('word_grams-2-50', 0.0010308153222989814)
('character_grams-3-16', 0.0010269058205145403)
('character_grams-4-42', 0.001024960958453242)
('postag_grams-5-13', 0.0010173110928905096)
('word_grams-2-35', 0.0010096047287481151)
('word_grams-2-5', 0.0010094470621188738)
('postag_grams-5-47', 0.00099391547786203851)
('postag_grams-5-33', 0.0009811662153408555)
('character_grams-4-3', 0.00097474426771751151)
('word_grams-2-34', 0.00097424942201066107)
('postag_grams-4-27', 0.00096428100079405253)
('word_frequencies-38', 0.00096116178074429461)
('word_grams-2-10', 0.0009609571180248383)
('word_grams-2-20', 0.00096086453498964413)
('postag_grams-5-49', 0.00095781168607485939)
('word_grams-2-42', 0.00095159981651740211)
('postag_grams-5-26', 0.00094987879818227042)
('character_grams-5-19', 0.00093938797654045058)
('postag_grams-5-40', 0.00093179415139543395)
('character_grams-5-50', 0.0009280569749210584)
('word_grams-2-22', 0.00092426039214176317)
('character_grams-5-12', 0.00092184436412666882)
('postag_grams-5-46', 0.00091018716166101424)
('postag_grams-5-6', 0.00090109471299351684)
('word_grams-2-31', 0.00090063593500097248)
('postag_grams-5-43', 0.00089799227556901912)
('postag_grams-5-19', 0.00089473470986095507)
('postag_grams-5-22', 0.00088708562358172371)
('postag_grams-5-17', 0.00088547252513942716)
('character_grams-4-18', 0.00088446570818843755)
('postag_grams-4-41', 0.00088377602828192733)
('word_grams-2-24', 0.00087684899151586253)
('word_grams-2-39', 0.00087447278431599274)
('word_grams-2-26', 0.00086946573076014915)
('postag_grams-5-2', 0.00085565193202209863)
('postag_grams-4-42', 0.00084662691827149103)
('postag_grams-5-48', 0.00084449347438272373)
('character_grams-4-11', 0.00082538773000120859)
('word_grams-2-12', 0.00082323885659915175)
('postag_grams-5-25', 0.000814563171076209)
('postag_grams-5-36', 0.00081400276473673583)
('word_grams-2-36', 0.00080481602211628144)
('word_grams-2-15', 0.00079406714342109799)
('character_grams-3-8', 0.00078651472888640521)
('word_grams-2-18', 0.00078442250706006137)
('postag_grams-5-29', 0.00078048721849767087)
('postag_grams-5-27', 0.00077892021052421915)
('word_grams-2-25', 0.00077078616891991091)
('word_grams-2-33', 0.00076731843491436875)
('postag_grams-5-42', 0.00075789045039034188)
('character_grams-5-3', 0.00075651463328331643)
('postag_grams-5-44', 0.00074888548955927064)
('postag_grams-5-45', 0.00071714429023089072)
('postag_grams-5-28', 0.00071007088002480079)
('word_grams-2-16', 0.00070129673508956486)
('character_grams-4-5', 0.00070027870862830104)
('character_grams-5-7', 0.00069690053304313879)
('word_grams-2-46', 0.00068258262315838811)
('word_grams-2-45', 0.00067916732809247165)
('postag_grams-5-23', 0.00066885709705676434)
('character_grams-3-1', 0.00066486191811409288)
('postag_grams-5-32', 0.00064622309675857524)
('word_grams-2-19', 0.00064405161040836532)
('character_grams-5-47', 0.00064137410175806476)
('word_grams-2-48', 0.00063121106395598744)
('character_grams-5-22', 0.00060402991536213587)
('word_grams-2-40', 0.00060243642090552596)
('postag_grams-5-39', 0.00053017850227815013)
('character_grams-4-1', 0.00051422896391850462)
('word_grams-2-32', 0.00049041800121104695)
('word_grams-3-8', 0.00048794892050953935)
('character_grams-5-1', 0.00046768448622667698)
('word_grams-2-43', 0.00046670487327185096)
('postag_grams-5-38', 0.00043984668754530625)
('word_grams-2-49', 0.00042758508772249124)
('word_grams-3-24', 0.00041424095911848994)
('word_grams-3-44', 0.00041252169141375373)
('word_grams-3-50', 0.00036193381822683356)
('word_grams-3-22', 0.0003530275295715497)
('word_grams-3-45', 0.00034550966222924722)
('word_grams-3-20', 0.00030815819761092572)
('word_grams-3-16', 0.00029872629687345597)
('word_grams-3-13', 0.00028482928852047819)
('word_grams-3-38', 0.00024250315748669974)
('word_grams-3-9', 0.00023571635071217883)
('word_grams-3-29', 0.0002135428126327251)
('word_grams-3-27', 0.00020215191491521414)
('word_grams-3-46', 0.00020162896189378492)
('word_grams-3-10', 0.00019739829974230134)
('word_grams-4-23', 0.00018276301059083432)
('word_grams-4-15', 0.00017553079740183203)
('word_grams-3-30', 0.00016679817941602456)
('word_grams-3-23', 0.00016390879204107985)
('word_grams-3-17', 0.00016184867846075771)
('word_grams-3-47', 0.00015678028092369842)
('word_grams-3-28', 0.00015098124013097756)
('word_grams-3-32', 0.00013253300987864955)
('word_grams-4-25', 0.00012291167776752056)
('word_grams-2-17', 0.00011108847063335384)
('word_grams-3-31', 9.8874531519528561e-05)
('word_grams-3-21', 9.1903257245752224e-05)
('word_grams-4-30', 8.6423617545792073e-05)
('word_grams-3-48', 8.3319328769679063e-05)
('word_grams-4-29', 7.9692036517409656e-05)
('word_grams-3-18', 7.1309473806009527e-05)
('word_grams-3-49', 6.6299588766613517e-05)
('word_grams-3-25', 6.3555907275027551e-05)
('word_grams-3-2', 5.9240971066994754e-05)
('word_grams-3-19', 5.4492222269231699e-05)
('word_grams-5-45', 5.1981759661773647e-05)
('word_grams-3-42', 5.0839615219386881e-05)
('word_grams-3-39', 4.8922591761432245e-05)
('word_grams-3-37', 4.2802618309059973e-05)
('word_grams-4-24', 4.1546182129685606e-05)
('word_grams-3-3', 4.1219367432646733e-05)
('word_grams-5-23', 3.7237581641006222e-05)
('word_grams-4-7', 3.7155698550799324e-05)
('word_grams-5-9', 3.6680818667432268e-05)
('word_grams-3-7', 2.4570209322002721e-05)
('word_grams-5-4', 2.408667419536984e-05)
('word_grams-5-3', 2.3991356440216394e-05)
('word_grams-5-34', 2.3839861669867155e-05)
('word_grams-3-41', 2.3514154283775448e-05)
('word_grams-5-42', 2.3384060087410543e-05)
('word_grams-4-46', 2.3222197043674507e-05)
('word_grams-3-36', 2.2908866348484547e-05)
('word_grams-4-9', 2.2576774481540791e-05)
('word_grams-5-26', 2.2555932769583747e-05)
('word_grams-5-5', 2.2551869716419473e-05)
('word_grams-3-11', 2.2012787704816042e-05)
('word_grams-3-15', 2.2002679907915068e-05)
('word_grams-3-43', 2.1128747795414463e-05)
('word_grams-4-48', 1.9787370561627717e-05)
('word_grams-4-2', 1.9445420516810363e-05)
('word_grams-5-20', 1.8862468011950307e-05)
('word_grams-4-6', 1.8823397785415764e-05)
('word_grams-4-28', 1.8565148039841083e-05)
('word_grams-4-32', 1.8364632200325543e-05)
('word_grams-5-28', 1.8361726676861496e-05)
('word_grams-4-14', 1.8227626215596688e-05)
('word_grams-5-21', 1.7735038100270611e-05)
('word_grams-4-11', 1.7726659808049908e-05)
('word_grams-5-14', 1.7648183845259648e-05)
('word_grams-5-2', 1.6979353144766676e-05)
('word_grams-3-26', 1.647992301015557e-05)
('word_grams-3-40', 1.4889044943373199e-05)
('word_grams-4-27', 1.4813891758803443e-05)
('word_grams-5-15', 1.4686353865257314e-05)
('word_grams-5-29', 1.4671618596047032e-05)
('word_grams-4-1', 1.4658515777981103e-05)
('word_grams-5-36', 1.4549275411957408e-05)
('word_grams-4-33', 1.4272559748026589e-05)
('word_grams-5-16', 1.4265656880035962e-05)
('word_grams-4-44', 1.4219194799957051e-05)
('word_grams-4-20', 1.419649311266178e-05)
('word_grams-4-18', 1.4108896600590958e-05)
('word_grams-5-7', 1.4078082959377098e-05)
('word_grams-4-49', 1.401958436523402e-05)
('word_grams-5-24', 1.397325806652873e-05)
('word_grams-4-39', 1.3946796570910046e-05)
('word_grams-4-16', 1.377099803697167e-05)
('word_grams-4-31', 1.3723945151328103e-05)
('word_grams-5-19', 1.3664005302081528e-05)
('word_grams-4-43', 1.3603988603988603e-05)
('word_grams-4-38', 1.3561442902946433e-05)
('word_grams-3-12', 1.3545374754724352e-05)
('word_grams-5-1', 1.3320142461416703e-05)
('word_grams-5-40', 1.3287232884613429e-05)
('word_grams-5-22', 1.328109791267686e-05)
('word_grams-4-34', 1.2449484392942778e-05)
('word_grams-5-31', 1.2121212121212117e-05)
('word_grams-5-39', 1.1948051948051947e-05)
('word_grams-5-8', 1.0192592592592593e-05)
('word_grams-3-33', 9.9288399570354446e-06)
('word_grams-5-17', 9.8484284896277174e-06)
('word_grams-3-6', 9.8202464554499584e-06)
('word_grams-4-26', 9.8085904537517388e-06)
('word_grams-5-50', 9.7954128106234789e-06)
('word_grams-5-37', 9.734872823328592e-06)
('word_grams-4-35', 9.7131907804763625e-06)
('word_grams-4-4', 9.7058453802639839e-06)
('word_grams-5-11', 9.6663108045221881e-06)
('word_grams-4-8', 9.6644817575050071e-06)
('word_grams-3-4', 9.6270086982161259e-06)
('word_grams-5-38', 9.6138718888506405e-06)
('word_grams-4-41', 9.5776839962886483e-06)
('word_grams-3-1', 9.4596852491589368e-06)
('word_grams-4-13', 9.3394350304919408e-06)
('word_grams-3-35', 9.3106989945639147e-06)
('word_grams-5-6', 9.2251454111919212e-06)
('word_grams-4-3', 9.1533180778032019e-06)
('word_grams-5-46', 9.0026057952887204e-06)
('word_grams-4-12', 8.9818473654790817e-06)
('word_grams-4-19', 8.8832637180250358e-06)
('word_grams-5-18', 8.8801792126600315e-06)
('word_grams-4-40', 8.8203275195145103e-06)
('word_grams-4-42', 8.716306277281888e-06)
('word_grams-5-48', 8.6363170098500196e-06)
('word_grams-4-10', 7.215007215007215e-06)
('word_grams-4-50', 6.7340067340067342e-06)
('word_grams-5-49', 5.457389105187845e-06)
('word_grams-5-30', 5.1282051282051322e-06)
('word_grams-5-47', 4.9299719887955162e-06)
('word_grams-5-33', 4.8717948717948678e-06)
('word_grams-5-10', 4.8374905517762667e-06)
('word_grams-4-37', 4.8363560558682498e-06)
('word_grams-3-5', 4.8348885558187913e-06)
('word_grams-4-21', 4.8271527341294774e-06)
('word_grams-5-13', 4.8120300751879725e-06)
('word_grams-4-45', 4.6890569134282857e-06)
('word_grams-3-14', 4.4695858649347016e-06)
('word_grams-3-34', 4.4444444444444441e-06)
('word_grams-4-22', 4.2328042328042337e-06)
('word_grams-4-17', 3.9999999999999998e-06)
('word_grams-4-47', 3.9999999999999998e-06)
('word_grams-4-5', 0.0)
('word_grams-4-36', 0.0)
('word_grams-5-12', 0.0)
('word_grams-5-25', 0.0)
('word_grams-5-27', 0.0)
('word_grams-5-32', 0.0)
('word_grams-5-35', 0.0)
('word_grams-5-41', 0.0)
('word_grams-5-43', 0.0)
('word_grams-5-44', 0.0)
