0.5045
('postag_grams-3-43', 0.0046678320113386742)
('postag_grams-3-35', 0.0045142038024462254)
('character_grams-2-37', 0.0043821708562359219)
('postag_grams-2-39', 0.0040190113936863841)
('postag_grams-3-39', 0.0038722058799586555)
('postag_grams-2-20', 0.0038551441953224635)
('postag_grams-2-22', 0.0038294710123259689)
('character_grams-3-48', 0.0037115142149220792)
('postag_grams-2-45', 0.0036831432748451703)
('character_grams-4-21', 0.0036587274387789442)
('character_grams-2-18', 0.0036155873202741362)
('postag_grams-4-5', 0.003509519192240994)
('word_frequencies-36', 0.0034273746184441149)
('character_grams-3-28', 0.0034018983347552365)
('word_frequencies-46', 0.0033871232552043556)
('word_frequencies-45', 0.0033331504140046786)
('word_frequencies-30', 0.0033241323639998121)
('character_grams-5-36', 0.0033102649434192848)
('character_grams-3-25', 0.0033053866729466645)
('character_grams-2-24', 0.0033022734722040915)
('word_frequencies-32', 0.0032640291425487687)
('postag_grams-3-24', 0.0032421929072287995)
('postag_grams-3-45', 0.0032375543110612082)
('character_grams-2-44', 0.0032136809596037485)
('postag_grams-2-29', 0.0032096019431962154)
('character_grams-4-32', 0.0032078283937450585)
('postag_grams-4-23', 0.0032038304606441881)
('character_grams-2-30', 0.0032010995852910958)
('postag_grams-3-19', 0.00313003878475332)
('postag_grams-3-44', 0.0031173795213241952)
('word_frequencies-6', 0.0030898349329393127)
('word_frequencies-12', 0.0030761323639662635)
('postag_grams-2-38', 0.0030599358215171453)
('postag_grams-3-48', 0.0030431357987161672)
('postag_grams-4-3', 0.0030218228187071923)
('character_grams-4-39', 0.0030185277189126274)
('character_grams-2-17', 0.003016598963838157)
('postag_grams-2-23', 0.0030160723886734795)
('character_grams-3-34', 0.003015113658387478)
('postag_grams-4-14', 0.0030057508615484686)
('postag_grams-2-13', 0.0030029784773658958)
('postag_grams-2-10', 0.0030008653524339866)
('postag_grams-3-21', 0.0029933020582232593)
('postag_grams-2-19', 0.0029874341154563742)
('character_grams-2-28', 0.0029791876040692169)
('character_grams-2-15', 0.0029729459999232118)
('postag_grams-2-47', 0.0029721632512199952)
('postag_grams-3-16', 0.0029702972620982305)
('postag_grams-2-21', 0.0029684724745320874)
('character_grams-4-41', 0.0029633125155838595)
('postag_grams-3-5', 0.002950782292879461)
('postag_grams-3-12', 0.0029488144959496964)
('character_grams-2-2', 0.0029381729845894622)
('word_frequencies-21', 0.0029024456842376345)
('postag_grams-3-31', 0.0028929541344303333)
('word_frequencies-34', 0.0028772170734776004)
('character_grams-4-31', 0.0028735409915935928)
('postag_grams-3-32', 0.0028720665762543025)
('postag_grams-4-9', 0.0028647488897153334)
('character_grams-4-46', 0.0028627950995768481)
('character_grams-5-46', 0.002861379633474923)
('postag_grams-2-32', 0.0028552175748527316)
('postag_grams-4-40', 0.0028455173491644136)
('character_grams-3-2', 0.0028403995175788803)
('character_grams-3-32', 0.0028318242715047776)
('postag_grams-3-1', 0.0028290046525299749)
('postag_grams-4-8', 0.002828110352809029)
('postag_grams-3-41', 0.0028255711512091232)
('character_grams-3-46', 0.002807065286702045)
('character_grams-5-34', 0.002791475148444464)
('word_frequencies-19', 0.0027875784165039149)
('postag_grams-2-43', 0.0027848682168861334)
('postag_grams-3-49', 0.0027827748378867973)
('postag_grams-2-50', 0.0027609745793153325)
('postag_grams-3-36', 0.0027609077711381637)
('postag_grams-3-13', 0.002749248560185527)
('character_grams-5-8', 0.0027360093754630051)
('postag_grams-2-49', 0.0027356507316458221)
('character_grams-2-45', 0.0027316731559649788)
('character_grams-2-46', 0.0027226540155220742)
('character_grams-5-45', 0.0027178804569085017)
('postag_grams-4-2', 0.0026965059937069128)
('word_frequencies-14', 0.0026962284781629929)
('character_grams-4-36', 0.0026948711135892601)
('character_grams-4-19', 0.0026841571240688905)
('postag_grams-2-6', 0.0026833138529871355)
('character_grams-5-21', 0.0026826048067454559)
('postag_grams-2-30', 0.0026822740203983559)
('character_grams-4-49', 0.0026809699127839509)
('postag_grams-3-9', 0.0026793239408816755)
('postag_grams-3-27', 0.0026775998469804147)
('character_grams-5-50', 0.0026716499015103077)
('postag_grams-2-8', 0.0026690880451715761)
('character_grams-4-16', 0.0026579067142939159)
('character_grams-2-5', 0.0026557648540227706)
('character_grams-5-32', 0.0026514378133371307)
('character_grams-3-19', 0.0026457623257238861)
('character_grams-2-42', 0.002643360303287086)
('postag_grams-2-14', 0.0026312811923553969)
('postag_grams-4-34', 0.0026274168060118801)
('word_frequencies-8', 0.0026271378933995192)
('postag_grams-3-50', 0.0026252799001190053)
('postag_grams-4-25', 0.0026250119666501428)
('character_grams-4-45', 0.0026223208078102263)
('postag_grams-2-42', 0.002619513991405253)
('postag_grams-4-7', 0.002615335342072088)
('postag_grams-2-34', 0.0026049888929207464)
('postag_grams-3-33', 0.0026044457175368428)
('word_frequencies-47', 0.0025895210671993134)
('postag_grams-2-15', 0.0025878063797154243)
('postag_grams-4-10', 0.0025831999435737296)
('character_grams-3-43', 0.0025767073121752437)
('word_frequencies-2', 0.0025766648373962398)
('postag_grams-3-28', 0.0025753215976050316)
('postag_grams-4-32', 0.0025611363255935381)
('character_grams-5-27', 0.0025581110161313307)
('postag_grams-3-8', 0.0025580798099487036)
('postag_grams-4-16', 0.0025578921695005889)
('postag_grams-2-12', 0.002557109138034161)
('word_frequencies-48', 0.002549429519126446)
('postag_grams-3-29', 0.0025471181522723914)
('character_grams-5-41', 0.0025428456722031817)
('character_grams-4-23', 0.0025369652295687915)
('postag_grams-2-3', 0.0025357250730291608)
('character_grams-3-40', 0.0025239105759587597)
('postag_grams-2-44', 0.0025187749297129196)
('word_frequencies-42', 0.0025157383964139824)
('character_grams-4-37', 0.0024999046964955989)
('postag_grams-2-48', 0.0024948276912637956)
('character_grams-2-10', 0.0024792334257854242)
('character_grams-2-16', 0.0024786420221964605)
('postag_grams-3-18', 0.0024730115160420353)
('word_frequencies-40', 0.0024566135380539073)
('character_grams-3-33', 0.0024513498477560574)
('character_grams-4-20', 0.0024497832899421897)
('character_grams-5-30', 0.0024409958798097551)
('character_grams-4-22', 0.0024399273408169725)
('character_grams-2-41', 0.0024310514658766815)
('word_frequencies-15', 0.0024241042626363873)
('character_grams-4-34', 0.0024215565431861862)
('postag_grams-3-25', 0.0024084605262064797)
('postag_grams-2-17', 0.0024054371067602871)
('character_grams-4-40', 0.0024048470971294281)
('postag_grams-3-2', 0.0023911857920994222)
('word_frequencies-31', 0.0023861311813410408)
('postag_grams-2-33', 0.0023839283032446269)
('postag_grams-2-26', 0.0023797759721808837)
('character_grams-4-43', 0.0023797323335559535)
('character_grams-2-33', 0.0023731740314889079)
('character_grams-5-23', 0.002371624028922284)
('special_character_grams-3-4', 0.0023669968172842135)
('postag_grams-4-13', 0.0023619646908460534)
('character_grams-4-50', 0.0023607964462704764)
('character_grams-3-24', 0.0023564928699507941)
('postag_grams-3-7', 0.0023542172593659593)
('character_grams-2-49', 0.0023404342096676528)
('character_grams-3-50', 0.0023400929158235214)
('postag_grams-3-42', 0.0023396383461306686)
('character_grams-3-15', 0.0023387524046129416)
('postag_grams-3-26', 0.0023323784184520026)
('word_frequencies-27', 0.0023175266692581002)
('word_grams-2-1', 0.002306470641209475)
('postag_grams-4-6', 0.0023045088952801359)
('word_frequencies-20', 0.0023026802196571099)
('word_frequencies-29', 0.0022900590548240647)
('postag_grams-3-47', 0.0022872649403384258)
('character_grams-3-44', 0.0022871861092853096)
('postag_grams-4-44', 0.0022811190444026654)
('character_grams-2-26', 0.0022686821765345458)
('character_grams-3-10', 0.0022686672386687608)
('character_grams-5-48', 0.0022649536359858552)
('word_frequencies-35', 0.0022634667293369506)
('postag_grams-2-35', 0.0022538852318880172)
('postag_grams-2-7', 0.0022494497255936478)
('postag_grams-2-28', 0.002248895660049632)
('postag_grams-4-1', 0.0022358450296847045)
('character_grams-3-42', 0.0022253380051457309)
('character_grams-5-40', 0.0022224212386313174)
('postag_grams-2-18', 0.0022209352225849078)
('character_grams-2-31', 0.0022207087322092239)
('character_grams-4-25', 0.0022046232562161622)
('postag_grams-4-35', 0.0021996205499887895)
('character_grams-2-25', 0.0021971737367360912)
('special_character_grams-3-3', 0.0021964140056242995)
('character_grams-5-14', 0.0021942236510736953)
('postag_grams-3-38', 0.0021899489958521604)
('special_character_grams-2-1', 0.0021888341402367065)
('postag_grams-3-10', 0.0021792068437318634)
('word_grams-2-7', 0.0021777924903381781)
('character_grams-2-14', 0.0021640099176412509)
('postag_grams-4-50', 0.002159910257080881)
('postag_grams-4-26', 0.002147219072817065)
('postag_grams-4-11', 0.0021370731849184978)
('character_grams-5-24', 0.0021327646679463507)
('word_frequencies-37', 0.0021317498470459929)
('postag_grams-4-18', 0.0021266595681157506)
('postag_grams-3-40', 0.0021266593332911724)
('character_grams-4-13', 0.0021209854391402915)
('character_grams-2-47', 0.0021196171271739735)
('character_grams-5-26', 0.0021196098431520024)
('postag_grams-2-37', 0.0021179240565006993)
('character_grams-5-6', 0.0021124627139450418)
('word_grams-2-37', 0.0021113156926263628)
('postag_grams-4-17', 0.0021100897919861437)
('character_grams-2-4', 0.0021087740141915896)
('character_grams-2-35', 0.0021045584537677116)
('postag_grams-2-1', 0.0021026094985934322)
('postag_grams-4-39', 0.0021011608709724208)
('character_grams-2-12', 0.0020992956828061599)
('character_grams-3-38', 0.0020927836749175489)
('character_grams-3-47', 0.002079072878939864)
('postag_grams-4-45', 0.0020788202164297343)
('postag_grams-3-6', 0.002073896202011058)
('character_grams-2-50', 0.0020726065867579875)
('character_grams-2-48', 0.002063246735422629)
('character_grams-3-45', 0.0020594128790886058)
('character_grams-5-49', 0.0020586846362760061)
('character_grams-2-20', 0.0020513784869559903)
('word_frequencies-25', 0.0020456211877076204)
('character_grams-2-8', 0.0020449421513424218)
('character_grams-3-17', 0.0020419782207884442)
('character_grams-5-9', 0.0020414201025541882)
('character_grams-3-23', 0.0020413532023510006)
('word_frequencies-17', 0.002033359535158936)
('postag_grams-2-2', 0.0020302355014924032)
('postag_grams-3-46', 0.0020276256834048738)
('character_grams-2-29', 0.0020215591853513155)
('postag_grams-4-20', 0.0020194480880728642)
('character_grams-2-36', 0.002017992383893258)
('postag_grams-4-48', 0.0020151159616049307)
('postag_grams-4-46', 0.0020110455847620499)
('postag_grams-2-16', 0.0020106380155312602)
('postag_grams-3-11', 0.0020105878038412339)
('character_grams-3-20', 0.0020105221700477175)
('postag_grams-2-46', 0.0020054628717466202)
('word_frequencies-44', 0.0020031816333683067)
('character_grams-2-32', 0.0019995656925251397)
('postag_grams-2-36', 0.0019957445004459913)
('postag_grams-4-28', 0.0019946994918873077)
('postag_grams-4-37', 0.001994328421354271)
('character_grams-3-36', 0.0019941337057494137)
('word_frequencies-33', 0.0019917125048501873)
('character_grams-4-26', 0.0019908315997707064)
('character_grams-2-13', 0.0019905905573884566)
('postag_grams-3-37', 0.001978419717367634)
('word_frequencies-24', 0.0019730229232234981)
('word_frequencies-50', 0.0019687942858011812)
('character_grams-2-27', 0.0019686592074450201)
('postag_grams-4-31', 0.0019624908907362802)
('postag_grams-3-3', 0.0019622706495268098)
('word_frequencies-18', 0.0019594448535695135)
('character_grams-3-29', 0.0019586053799704557)
('word_frequencies-28', 0.0019428800605854118)
('character_grams-4-48', 0.0019415928107964927)
('character_grams-5-11', 0.0019395217482513563)
('postag_grams-4-15', 0.0019334126284071334)
('postag_grams-5-3', 0.0019281938392119559)
('character_grams-2-19', 0.0019272738511311317)
('postag_grams-4-12', 0.0019266291743552258)
('character_grams-5-16', 0.0019254062914361852)
('character_grams-3-49', 0.0019182466723663485)
('postag_grams-2-24', 0.001916667461530421)
('character_grams-4-17', 0.0019023506828732015)
('postag_grams-5-4', 0.0019016596518931297)
('character_grams-3-35', 0.0019007889688258779)
('postag_grams-2-41', 0.0018986908390502353)
('word_grams-2-6', 0.0018976654873442142)
('character_grams-4-27', 0.0018955139370554197)
('postag_grams-4-21', 0.0018924186597529407)
('character_grams-2-9', 0.0018874343288785213)
('postag_grams-4-49', 0.0018855436961987446)
('word_frequencies-11', 0.0018830819359220846)
('postag_grams-2-40', 0.0018799115165162813)
('character_grams-4-24', 0.0018766843429357607)
('postag_grams-5-15', 0.0018759597622277384)
('character_grams-5-43', 0.0018722412868475184)
('postag_grams-4-36', 0.0018704453267481857)
('character_grams-5-17', 0.0018651034797506144)
('postag_grams-5-5', 0.0018603293161558779)
('character_grams-3-41', 0.0018512533202065698)
('character_grams-3-12', 0.0018442613653999783)
('character_grams-5-13', 0.0018399115750871334)
('postag_grams-5-35', 0.0018318493046158449)
('character_grams-2-22', 0.0018293767827930873)
('character_grams-2-23', 0.0018273531286796868)
('word_frequencies-7', 0.0018258006613325723)
('special_character_grams-2-5', 0.001823625864286261)
('character_grams-3-18', 0.0018214647973646661)
('word_frequencies-4', 0.0018194084319223453)
('postag_grams-4-19', 0.0018181931677913642)
('postag_grams-2-27', 0.0018180761948459795)
('character_grams-2-34', 0.00181755615375714)
('word_frequencies-3', 0.0018174357546783823)
('special_character_grams-3-1', 0.0018126700836700502)
('word_grams-2-3', 0.0018084341359415051)
('postag_grams-3-34', 0.0018020408985195155)
('character_grams-3-27', 0.0017979595131080676)
('character_grams-5-28', 0.0017864319104063098)
('postag_grams-2-25', 0.0017848525929868534)
('special_character_grams-2-4', 0.0017782768231892846)
('postag_grams-4-33', 0.0017735592553877449)
('postag_grams-5-1', 0.0017614577610166715)
('word_frequencies-13', 0.0017569957763670456)
('word_frequencies-23', 0.0017533517890296029)
('word_grams-2-13', 0.0017527488232786414)
('word_frequencies-43', 0.0017386256000816031)
('character_grams-3-22', 0.0017330349305132435)
('character_grams-3-37', 0.0017304839258032031)
('postag_grams-2-5', 0.0017285982749406211)
('character_grams-5-15', 0.0017263395819278001)
('postag_grams-2-9', 0.0017223417414503031)
('postag_grams-3-22', 0.0017184241651636461)
('character_grams-2-40', 0.0017174856955136574)
('postag_grams-4-38', 0.0017121647841206412)
('character_grams-2-3', 0.0017098568577129686)
('character_grams-5-37', 0.0017090214782907486)
('postag_grams-3-20', 0.0017057179609633719)
('word_frequencies-10', 0.001703000131952078)
('character_grams-3-14', 0.0016963030994321295)
('word_frequencies-39', 0.0016958746734959591)
('character_grams-3-26', 0.0016890947186157341)
('postag_grams-5-29', 0.0016865704552819576)
('word_grams-2-8', 0.0016860731779012254)
('postag_grams-5-13', 0.0016842464211542991)
('character_grams-2-1', 0.0016816419843131835)
('character_grams-4-44', 0.0016815725613396498)
('postag_grams-2-31', 0.001678089356053218)
('special_character_grams-3-5', 0.0016780465653673418)
('character_grams-4-35', 0.0016704266891956999)
('postag_grams-3-30', 0.0016656576503561891)
('character_grams-5-25', 0.0016624957544209187)
('postag_grams-5-16', 0.0016343826881093893)
('word_frequencies-41', 0.0016333725271265407)
('postag_grams-3-14', 0.0016249609005635954)
('postag_grams-3-15', 0.0016217958133569041)
('character_grams-3-9', 0.001617537433087604)
('character_grams-5-33', 0.0016093543974489638)
('character_grams-3-4', 0.0016085203107364793)
('postag_grams-4-43', 0.0016083482032482244)
('character_grams-5-18', 0.0016056497933361453)
('character_grams-3-21', 0.0016032079458213797)
('word_grams-2-4', 0.0015997930849426098)
('character_grams-4-10', 0.0015973821697457329)
('character_grams-3-13', 0.0015962105078750812)
('postag_grams-5-26', 0.0015928007435409525)
('character_grams-3-11', 0.0015895024154607322)
('word_frequencies-38', 0.0015847273669096296)
('word_frequencies-9', 0.0015700000722468762)
('character_grams-5-35', 0.0015694625379550414)
('character_grams-4-6', 0.0015677898983477829)
('postag_grams-2-4', 0.0015676450985603386)
('special_character_grams-2-2', 0.0015519425604758942)
('word_grams-2-21', 0.001551293054790733)
('character_grams-2-39', 0.0015260789461108268)
('character_grams-2-6', 0.0015217665307210421)
('character_grams-4-2', 0.001519793233361726)
('postag_grams-5-11', 0.0015179199475732097)
('postag_grams-3-4', 0.0015144247565434233)
('character_grams-2-43', 0.0015096658596871623)
('postag_grams-4-4', 0.0015054429235154135)
('postag_grams-4-27', 0.001496169705267321)
('postag_grams-4-29', 0.0014826748308835)
('character_grams-4-28', 0.0014801132880964726)
('special_character_grams-2-3', 0.0014793833462320377)
('character_grams-4-15', 0.0014718911065805874)
('postag_grams-3-23', 0.0014706688668328679)
('character_grams-4-30', 0.0014587802956884744)
('character_grams-2-7', 0.001452461782905287)
('postag_grams-5-7', 0.0014496241377217761)
('character_grams-5-38', 0.0014455080791893882)
('character_grams-4-42', 0.0014411507701530722)
('character_grams-4-47', 0.0014360462423724301)
('character_grams-2-21', 0.001432629581378809)
('character_grams-3-31', 0.0014320091254782527)
('postag_grams-5-12', 0.0014285201594926272)
('character_grams-2-11', 0.0014149620571862584)
('character_grams-4-33', 0.0014145990562196742)
('character_grams-5-20', 0.0014111193821466114)
('word_frequencies-16', 0.0014104476821462037)
('postag_grams-5-25', 0.0014089331928520011)
('character_grams-5-39', 0.0013923860564839794)
('postag_grams-4-22', 0.0013875495489749905)
('postag_grams-4-47', 0.0013781564825252593)
('postag_grams-5-21', 0.0013719843262642981)
('postag_grams-5-8', 0.0013686846326685825)
('character_grams-5-5', 0.0013665629767740006)
('postag_grams-3-17', 0.0013400506449074588)
('postag_grams-5-22', 0.0013352000327352246)
('word_grams-2-9', 0.0013336570883389297)
('character_grams-3-30', 0.0013306337575291921)
('postag_grams-5-27', 0.0013293531605273418)
('character_grams-4-12', 0.0013230885668529396)
('character_grams-4-8', 0.0013198199113757393)
('word_grams-2-15', 0.0013187297473465883)
('character_grams-3-3', 0.0012932364464462746)
('word_frequencies-1', 0.0012767423554275288)
('postag_grams-2-11', 0.0012706088087410129)
('postag_grams-5-37', 0.0012685725787125815)
('character_grams-5-31', 0.0012672443049197828)
('word_grams-2-44', 0.0012667834703839829)
('postag_grams-5-14', 0.0012568911677917111)
('character_grams-4-14', 0.0012544613114014698)
('word_grams-2-5', 0.0012528871907023049)
('special_character_grams-3-2', 0.0012240302103467841)
('postag_grams-4-24', 0.0012216454339322555)
('character_grams-5-29', 0.0012169676377745584)
('character_grams-5-44', 0.0012157886890014676)
('character_grams-4-7', 0.0012115766523229012)
('postag_grams-5-50', 0.0012077599922624819)
('word_frequencies-26', 0.0012074398549471071)
('postag_grams-5-33', 0.0012066252726855712)
('postag_grams-5-30', 0.0012057451274212041)
('word_grams-2-2', 0.0012034515444491025)
('postag_grams-5-9', 0.0012001052008372656)
('postag_grams-5-6', 0.0011899360612630876)
('postag_grams-5-36', 0.0011887765564535522)
('postag_grams-5-20', 0.0011849977608252985)
('postag_grams-5-40', 0.0011832639576097323)
('word_grams-2-10', 0.0011789739815548279)
('postag_grams-5-47', 0.0011610359585854525)
('postag_grams-5-28', 0.0011603265174611117)
('word_grams-2-20', 0.0011531256267726156)
('word_grams-2-41', 0.001149863118092968)
('word_grams-2-11', 0.0011469783466919268)
('postag_grams-5-24', 0.0011403831462388297)
('word_grams-2-36', 0.001135487244785192)
('word_grams-2-47', 0.0011291555434434241)
('word_grams-2-42', 0.0011265660581111056)
('postag_grams-5-46', 0.001116651353794171)
('character_grams-3-7', 0.0011154167494190088)
('word_grams-2-50', 0.0010907662079416526)
('character_grams-3-16', 0.001087779742258621)
('character_grams-5-12', 0.0010874856813192176)
('word_grams-2-22', 0.0010828987978778741)
('character_grams-5-10', 0.0010792906213399943)
('postag_grams-5-23', 0.0010764805203038119)
('character_grams-4-38', 0.0010737819294945226)
('character_grams-3-8', 0.0010735162159728584)
('word_grams-2-14', 0.0010683297764099086)
('word_grams-2-28', 0.0010541156860888368)
('character_grams-5-4', 0.0010392632730213585)
('postag_grams-5-17', 0.001038962816400915)
('word_grams-2-35', 0.0010377128783858732)
('character_grams-3-6', 0.0010364695987309001)
('word_grams-2-32', 0.0010284062218073814)
('postag_grams-5-41', 0.001028267253313802)
('word_grams-2-24', 0.0010267247408249829)
('postag_grams-5-10', 0.0010249237814958104)
('word_frequencies-49', 0.0010185641463160003)
('character_grams-4-9', 0.0010146982476902462)
('postag_grams-4-41', 0.0010085082859984959)
('word_grams-2-26', 0.0010040838927850237)
('character_grams-4-3', 0.00099917584400765623)
('postag_grams-5-48', 0.00099532996647418441)
('character_grams-4-4', 0.00099388004927555319)
('word_grams-2-25', 0.00098781079246348241)
('word_grams-2-31', 0.00098677673038577722)
('word_frequencies-5', 0.00098394509933178863)
('postag_grams-5-18', 0.00097178478977753727)
('postag_grams-5-31', 0.00096774259911808994)
('word_frequencies-22', 0.00095999688282302428)
('character_grams-2-38', 0.00095404161223496551)
('character_grams-4-11', 0.00094438412629259947)
('character_grams-4-29', 0.00093749766084609163)
('word_grams-2-30', 0.00093714241275323965)
('word_grams-2-23', 0.00091701679185988744)
('postag_grams-5-19', 0.0009166664361705952)
('word_grams-2-34', 0.0009114826608824368)
('character_grams-5-42', 0.00090481578192019396)
('postag_grams-4-42', 0.00089770989316696466)
('postag_grams-5-39', 0.00088177966579577665)
('word_grams-2-27', 0.00088105843086691018)
('postag_grams-5-34', 0.0008684411071709844)
('character_grams-5-19', 0.00086676472945272978)
('postag_grams-5-44', 0.00083855792545450445)
('character_grams-3-39', 0.00083761972612400506)
('postag_grams-5-43', 0.00083603511405456272)
('postag_grams-5-49', 0.00082793972019046106)
('character_grams-5-2', 0.00081783389277386754)
('postag_grams-5-45', 0.00080914517959086588)
('word_grams-2-12', 0.00080595200597325712)
('postag_grams-5-42', 0.00079584713928783119)
('word_grams-2-46', 0.00078385838793376271)
('postag_grams-5-2', 0.00078324395351104983)
('character_grams-5-22', 0.00078228386315097891)
('word_grams-2-33', 0.00077810051527419928)
('word_grams-2-45', 0.00075940037132226853)
('postag_grams-5-32', 0.0007296074886217525)
('word_grams-2-29', 0.00072343263479627249)
('word_grams-2-18', 0.00067795984276984198)
('postag_grams-4-30', 0.00067134364354582701)
('word_grams-2-16', 0.00067053476074250065)
('word_grams-2-38', 0.00066983206960252424)
('word_grams-2-19', 0.00066271524799349859)
('character_grams-3-1', 0.00064677573843438432)
('character_grams-4-1', 0.00063687585204882599)
('word_grams-2-48', 0.00061647146916306316)
('character_grams-3-5', 0.00060553141840082568)
('character_grams-4-18', 0.00056867505619569224)
('character_grams-4-5', 0.00056314227451888786)
('word_grams-2-39', 0.00055090498374971153)
('character_grams-5-1', 0.00051605556604452719)
('character_grams-5-7', 0.00049072429303199418)
('word_grams-2-40', 0.00048102312264892711)
('character_grams-5-47', 0.00047864195438604906)
('word_grams-2-49', 0.00047447695061760822)
('character_grams-5-3', 0.00043705975581976984)
('word_grams-2-43', 0.00038125870570862786)
('word_grams-3-24', 0.00033624619294381723)
('word_grams-3-50', 0.00023960421385113806)
('word_grams-3-45', 0.00023479135278168709)
('word_grams-3-9', 0.00021226339644407223)
('postag_grams-5-38', 0.00020387510922812707)
('word_grams-3-27', 0.00020381173718481607)
('word_grams-3-10', 0.00020023723017316842)
('word_grams-3-8', 0.00019831356775257776)
('word_grams-3-22', 0.00019797529655235673)
('word_grams-3-44', 0.00019733119974715225)
('word_grams-3-16', 0.0001866565737000873)
('word_grams-3-29', 0.00017970944126586205)
('word_grams-3-13', 0.00017507813027339107)
('word_grams-3-21', 0.00017188400340432397)
('word_grams-3-38', 0.0001578056729349421)
('word_grams-3-37', 0.00014462289778128382)
('word_grams-3-28', 0.00013679937174588996)
('word_grams-3-3', 0.00012835798509608961)
('word_grams-3-31', 0.00012450025603458399)
('word_grams-3-17', 0.00010451785942861098)
('word_grams-3-47', 9.6586909239296646e-05)
('word_grams-3-20', 9.612564259087006e-05)
('word_grams-3-46', 9.3370684279115855e-05)
('word_grams-3-18', 8.9988916400357446e-05)
('word_grams-2-17', 7.7980466672723952e-05)
('word_grams-4-23', 7.75233001435452e-05)
('word_grams-4-25', 7.6792330279966224e-05)
('word_grams-3-25', 7.440157701541972e-05)
('word_grams-3-48', 7.3366459115482843e-05)
('word_grams-3-30', 7.3172558648949417e-05)
('word_grams-4-15', 7.2801265643991067e-05)
('word_grams-4-30', 6.711496005340572e-05)
('word_grams-3-19', 6.1709301405816716e-05)
('word_grams-3-32', 6.0601674650038083e-05)
('word_grams-4-29', 5.3283223433116665e-05)
('word_grams-5-7', 4.9956007969612255e-05)
('word_grams-3-36', 4.8297941708820111e-05)
('word_grams-3-2', 4.812953996470042e-05)
('word_grams-3-49', 4.6621242301200066e-05)
('word_grams-4-24', 3.9563888264698002e-05)
('word_grams-3-4', 3.8935258508389126e-05)
('word_grams-5-42', 3.6491742864387307e-05)
('word_grams-4-11', 3.5268492591179823e-05)
('word_grams-3-42', 3.5196683222113379e-05)
('word_grams-4-22', 3.3528147074310895e-05)
('word_grams-5-19', 3.2392860267491456e-05)
('word_grams-5-8', 2.9350447713971628e-05)
('word_grams-3-15', 2.8512090710375627e-05)
('word_grams-4-28', 2.8282372770859642e-05)
('word_grams-4-27', 2.795339052954024e-05)
('word_grams-4-21', 2.7705775716045292e-05)
('word_grams-5-38', 2.7652633718515939e-05)
('word_grams-5-13', 2.4435991822731538e-05)
('word_grams-3-12', 2.3969563237769901e-05)
('word_grams-5-31', 2.3858708496691969e-05)
('word_grams-3-7', 2.3817393370967923e-05)
('word_grams-5-9', 2.3783099061291341e-05)
('word_grams-3-43', 2.3621194684499854e-05)
('word_grams-3-40', 2.2669512696373511e-05)
('word_grams-4-44', 1.980521351279047e-05)
('word_grams-3-33', 1.9794650041388569e-05)
('word_grams-5-4', 1.9311933154041352e-05)
('word_grams-5-20', 1.9289430226705476e-05)
('word_grams-4-43', 1.9236984758417382e-05)
('word_grams-3-26', 1.9089180074622409e-05)
('word_grams-5-2', 1.9010007600516265e-05)
('word_grams-4-48', 1.9002416592589342e-05)
('word_grams-4-40', 1.8852289535216364e-05)
('word_grams-5-36', 1.8673680708220028e-05)
('word_grams-5-5', 1.8571268586138043e-05)
('word_grams-3-35', 1.8555834651638502e-05)
('word_grams-5-18', 1.8494449243312512e-05)
('word_grams-5-10', 1.8364585939979786e-05)
('word_grams-3-39', 1.8334327578076624e-05)
('word_grams-4-1', 1.8273310838976879e-05)
('word_grams-3-5', 1.8177003766047091e-05)
('word_grams-5-39', 1.8047175877530681e-05)
('word_grams-3-11', 1.7206867144611112e-05)
('word_grams-3-41', 1.6481777352436385e-05)
('word_grams-4-13', 1.4649837301950171e-05)
('word_grams-5-12', 1.4624734367994957e-05)
('word_grams-3-23', 1.4560418777440052e-05)
('word_grams-5-3', 1.429644704146532e-05)
('word_grams-4-6', 1.428279399011106e-05)
('word_grams-4-46', 1.4149505218283044e-05)
('word_grams-5-30', 1.4080640078295939e-05)
('word_grams-5-46', 1.407590947064631e-05)
('word_grams-4-32', 1.4016774978037528e-05)
('word_grams-4-39', 1.3989366498546427e-05)
('word_grams-4-47', 1.3887115152039365e-05)
('word_grams-4-18', 1.3843074579564297e-05)
('word_grams-4-35', 1.380337378635734e-05)
('word_grams-5-21', 1.3777009135877088e-05)
('word_grams-5-24', 1.3709047268112961e-05)
('word_grams-5-25', 1.3656645470598958e-05)
('word_grams-4-49', 1.3170401750095459e-05)
('word_grams-5-16', 1.2544546690888155e-05)
('word_grams-5-17', 1.2543226753753071e-05)
('word_grams-5-43', 1.2367018945966315e-05)
('word_grams-4-14', 1.1816909377884989e-05)
('word_grams-5-32', 1.176492883809957e-05)
('word_grams-4-5', 1.0267379679144385e-05)
('word_grams-5-44', 1.023841636607595e-05)
('word_grams-5-47', 1.0014777082307143e-05)
('word_grams-4-19', 9.8537083449364144e-06)
('word_grams-3-14', 9.8161527543263208e-06)
('word_grams-5-26', 9.7934033857038996e-06)
('word_grams-5-40', 9.7659711146553267e-06)
('word_grams-3-6', 9.7329762090667735e-06)
('word_grams-4-12', 9.7257406462756493e-06)
('word_grams-5-45', 9.7096430692024735e-06)
('word_grams-5-33', 9.7042633627999509e-06)
('word_grams-4-38', 9.6799373821196711e-06)
('word_grams-4-8', 9.6787802840434355e-06)
('word_grams-4-45', 9.5396825396825364e-06)
('word_grams-4-26', 9.4864460312965294e-06)
('word_grams-4-10', 9.4087301587301582e-06)
('word_grams-5-1', 9.3792665807741835e-06)
('word_grams-4-37', 9.224515322076298e-06)
('word_grams-4-2', 9.1428571428571456e-06)
('word_grams-4-50', 9.1335936194092202e-06)
('word_grams-4-42', 9.0080785937563394e-06)
('word_grams-5-34', 8.9324091983666432e-06)
('word_grams-5-35', 8.6718836718836685e-06)
('word_grams-5-15', 8.6630671371895404e-06)
('word_grams-4-9', 8.3349794977701972e-06)
('word_grams-5-6', 7.8784970162349748e-06)
('word_grams-5-49', 4.9967762733720177e-06)
('word_grams-5-22', 4.9933016684934821e-06)
('word_grams-3-1', 4.9804818952752688e-06)
('word_grams-5-23', 4.8974594429139851e-06)
('word_grams-4-31', 4.8864908887305334e-06)
('word_grams-4-36', 4.8770575086364604e-06)
('word_grams-4-3', 4.8693161475116354e-06)
('word_grams-4-41', 4.8484848484848454e-06)
('word_grams-4-4', 4.8417357622707715e-06)
('word_grams-5-28', 4.8374905517762667e-06)
('word_grams-5-37', 4.8120300751879725e-06)
('word_grams-5-27', 4.782608695652176e-06)
('word_grams-5-41', 4.7407407407407415e-06)
('word_grams-4-33', 4.6886446886446867e-06)
('word_grams-3-34', 4.3859649122807006e-06)
('word_grams-5-48', 4.3537414965986406e-06)
('word_grams-4-7', 3.9999999999999998e-06)
('word_grams-4-16', 0.0)
('word_grams-4-17', 0.0)
('word_grams-4-20', 0.0)
('word_grams-4-34', 0.0)
('word_grams-5-11', 0.0)
('word_grams-5-14', 0.0)
('word_grams-5-29', 0.0)
('word_grams-5-50', 0.0)
