0.382857142857
('word_grams-2-22', 0.0078054579398021216)
('postag_grams-2-45', 0.0066560891789414897)
('postag_grams-2-44', 0.0066487233275474142)
('postag_grams-5-8', 0.0062792954678284841)
('character_grams-4-35', 0.0059722011518908201)
('word_frequencies-45', 0.0055826596952235101)
('word_grams-2-12', 0.005534314146790534)
('character_grams-5-33', 0.0052252410525166666)
('word_grams-2-8', 0.0051404089652996865)
('character_grams-3-37', 0.0051386918164536399)
('character_grams-4-23', 0.0050616867457419753)
('character_grams-3-41', 0.0050295807190730976)
('character_grams-3-49', 0.0049075173032638161)
('postag_grams-2-50', 0.0048263621175333908)
('word_frequencies-24', 0.0047197232205898011)
('word_frequencies-34', 0.0046918916941470525)
('character_grams-2-37', 0.0046711185820321457)
('character_grams-2-15', 0.0045773943287953055)
('character_grams-3-29', 0.0045359573364244839)
('character_grams-2-12', 0.0045032797178714088)
('character_grams-2-22', 0.0044583013972810011)
('postag_grams-5-36', 0.0044294246456350484)
('word_frequencies-25', 0.0044258079501900485)
('word_frequencies-48', 0.0043615737711453252)
('character_grams-3-22', 0.0043521972135682103)
('postag_grams-4-16', 0.0043266635962882181)
('character_grams-2-38', 0.0042978662057443764)
('character_grams-5-43', 0.004297617889344232)
('word_grams-2-2', 0.0042150696875166566)
('special_character_grams-2-5', 0.0042066989596799579)
('character_grams-4-31', 0.0041970971524559466)
('character_grams-4-40', 0.0040999210746655197)
('postag_grams-2-43', 0.0040787911348948679)
('word_frequencies-31', 0.004061489058866284)
('character_grams-5-49', 0.0040392680206423424)
('character_grams-3-36', 0.0040342574009587465)
('character_grams-5-42', 0.0040327482317745605)
('character_grams-2-31', 0.0040036738365242467)
('character_grams-2-11', 0.0039935738753729766)
('word_frequencies-44', 0.003968411813350863)
('special_character_grams-3-3', 0.0039262514705884219)
('character_grams-2-27', 0.0039187167759067946)
('character_grams-2-47', 0.0039033119500955955)
('character_grams-2-44', 0.003823587748431142)
('character_grams-4-34', 0.0037319579273093813)
('character_grams-2-32', 0.0037295958312504283)
('postag_grams-2-47', 0.0037131770913033076)
('word_grams-2-4', 0.0036977296488021126)
('word_grams-2-25', 0.0036789319153191901)
('character_grams-5-35', 0.0036515545765114822)
('postag_grams-2-39', 0.0036399594092125869)
('character_grams-2-39', 0.0036291268488910177)
('word_frequencies-15', 0.0036245011222718038)
('character_grams-3-34', 0.0036091101243109162)
('postag_grams-2-22', 0.0035758914899719756)
('postag_grams-2-40', 0.0035693414195246231)
('postag_grams-3-2', 0.0035500969128975024)
('character_grams-3-35', 0.0035352977392102002)
('postag_grams-4-6', 0.0035122149823018116)
('postag_grams-5-19', 0.0035006060051055859)
('word_grams-2-37', 0.003462345973324787)
('character_grams-2-18', 0.0034611015052145224)
('word_frequencies-23', 0.0034293048637455835)
('character_grams-3-18', 0.0034025972300936293)
('character_grams-3-44', 0.0033764922300868376)
('character_grams-2-3', 0.0033752703697447206)
('character_grams-3-23', 0.0033406515317158329)
('character_grams-5-15', 0.0033338564332978742)
('word_frequencies-12', 0.0033303722751076683)
('word_frequencies-13', 0.0033273962724961114)
('postag_grams-3-18', 0.0033169973183267126)
('special_character_grams-2-1', 0.0033038895040024669)
('word_frequencies-39', 0.0032932150361197647)
('character_grams-2-46', 0.0032927806448054919)
('character_grams-3-24', 0.0032669033675935132)
('character_grams-2-50', 0.0032248018503231559)
('postag_grams-4-36', 0.0032244810746008901)
('character_grams-2-24', 0.0032238677934891958)
('postag_grams-3-38', 0.0032023691536198825)
('character_grams-4-45', 0.0031777659527846541)
('word_grams-2-44', 0.0031715465650946095)
('word_grams-2-28', 0.00311941760721835)
('word_grams-2-27', 0.0031137739314714063)
('postag_grams-2-11', 0.0030959033900834292)
('word_frequencies-16', 0.0030871591825453759)
('special_character_grams-2-4', 0.0030637796643553884)
('character_grams-3-12', 0.0030540824772241448)
('word_frequencies-26', 0.003033694623753436)
('postag_grams-5-24', 0.0030327953421071907)
('word_frequencies-20', 0.0030276066902501118)
('character_grams-4-37', 0.0030005274018791877)
('character_grams-3-15', 0.0029790870498428968)
('postag_grams-5-7', 0.0029735591367138436)
('character_grams-2-30', 0.0029503670965703496)
('character_grams-3-5', 0.0029362941423406652)
('character_grams-2-25', 0.0029334113996971434)
('postag_grams-5-12', 0.002932079707055414)
('character_grams-2-33', 0.0029246423277798643)
('postag_grams-2-17', 0.0029070489240970504)
('postag_grams-5-33', 0.0028882153524181615)
('postag_grams-5-42', 0.0028845313117394165)
('character_grams-5-12', 0.0028729122131612218)
('postag_grams-5-29', 0.0028705346337394681)
('character_grams-2-29', 0.0028676923195999297)
('character_grams-5-24', 0.0028478886109074707)
('character_grams-2-45', 0.0028441354364290281)
('word_frequencies-27', 0.0028370343429710686)
('character_grams-3-38', 0.0028323963990639165)
('character_grams-2-6', 0.0028131574242526752)
('postag_grams-5-18', 0.0028109921858973891)
('word_grams-2-3', 0.0028104029954378129)
('character_grams-2-42', 0.0027899045671867639)
('character_grams-3-32', 0.0027652963503062289)
('character_grams-3-16', 0.0027445960734592744)
('character_grams-2-35', 0.0027398974365678438)
('postag_grams-2-29', 0.0027321852001851322)
('postag_grams-4-7', 0.0027151174818073973)
('postag_grams-5-40', 0.0026854221054573957)
('postag_grams-4-20', 0.0026699391752021779)
('postag_grams-4-35', 0.0026588384338868715)
('postag_grams-3-40', 0.0026564400395464628)
('postag_grams-5-46', 0.0026488670810775996)
('character_grams-2-43', 0.0026480314099160108)
('character_grams-2-48', 0.002645513198747338)
('character_grams-5-38', 0.0026448698936259968)
('character_grams-5-28', 0.0026446736329796567)
('character_grams-4-43', 0.0026445483947565383)
('character_grams-3-50', 0.0026199766526417388)
('postag_grams-4-41', 0.0026144496464198829)
('postag_grams-5-38', 0.002609948558093227)
('character_grams-2-21', 0.0026086241767758105)
('character_grams-3-7', 0.0025837392992484674)
('character_grams-2-17', 0.0025781391408587384)
('postag_grams-4-39', 0.0025662970643633709)
('postag_grams-3-3', 0.0025598189105321156)
('character_grams-3-43', 0.0025542314084950413)
('character_grams-2-20', 0.0025540884111006383)
('character_grams-4-3', 0.0025479791203654027)
('character_grams-4-18', 0.0025419848848354954)
('character_grams-2-26', 0.0025382874915721855)
('character_grams-5-26', 0.0025265191277002823)
('word_frequencies-17', 0.0025227406845965243)
('character_grams-4-44', 0.00250414497630304)
('word_frequencies-32', 0.0025013806947445749)
('postag_grams-5-48', 0.0025010114347203101)
('postag_grams-2-46', 0.0024970053301977256)
('character_grams-3-46', 0.0024844204768965893)
('character_grams-2-40', 0.0024800068118311534)
('word_grams-2-20', 0.0024788898143694375)
('character_grams-3-48', 0.0024740560861925337)
('word_grams-2-35', 0.0024705489766437033)
('character_grams-2-7', 0.0024651325500935702)
('special_character_grams-3-5', 0.0024630034322170907)
('postag_grams-5-16', 0.0024560791060992994)
('word_frequencies-9', 0.0024347224336715586)
('postag_grams-5-10', 0.0024300482004414319)
('word_grams-3-4', 0.0024287591163129484)
('character_grams-3-33', 0.0024176606328032337)
('special_character_grams-3-1', 0.0024148267831687947)
('postag_grams-2-5', 0.0023983323923889954)
('postag_grams-4-22', 0.0023891582812587443)
('character_grams-4-19', 0.0023867197667963411)
('character_grams-3-11', 0.0023727759167326652)
('postag_grams-2-37', 0.0023587635802211535)
('word_grams-2-41', 0.0023581559511251845)
('character_grams-2-4', 0.0023555806792394268)
('character_grams-5-34', 0.0023529373567297675)
('postag_grams-2-49', 0.0023424255454140932)
('character_grams-4-21', 0.0023281281869058576)
('postag_grams-4-3', 0.0023188118430417189)
('character_grams-4-22', 0.0023094428445681052)
('character_grams-3-27', 0.0023044720599365706)
('character_grams-5-2', 0.0022946438612502697)
('postag_grams-2-38', 0.0022932521001729008)
('special_character_grams-2-2', 0.0022919120748937567)
('postag_grams-5-47', 0.0022778581642975857)
('character_grams-3-42', 0.002276584209099639)
('postag_grams-5-23', 0.0022590212206852474)
('postag_grams-4-9', 0.0022536799888743897)
('postag_grams-2-28', 0.0022536122722423115)
('character_grams-5-41', 0.0022473359849188245)
('word_frequencies-40', 0.0022448265115758885)
('postag_grams-4-12', 0.0022447480494006025)
('special_character_grams-3-2', 0.0022406991079323463)
('character_grams-4-5', 0.0022367461871394077)
('character_grams-5-17', 0.0022308814413606213)
('character_grams-5-5', 0.0022249422344984052)
('character_grams-4-38', 0.0022106534163578752)
('postag_grams-3-17', 0.0022054525681921388)
('character_grams-2-9', 0.0021880587806147249)
('character_grams-5-45', 0.0021874889820212586)
('character_grams-4-32', 0.0021827936357993959)
('character_grams-5-29', 0.0021760596828401353)
('postag_grams-5-26', 0.002175282551831921)
('character_grams-3-45', 0.0021670739667683679)
('postag_grams-2-3', 0.0021572285155996044)
('character_grams-2-1', 0.0021196690812889728)
('postag_grams-2-15', 0.0021181872922092261)
('character_grams-3-39', 0.0021086723493355512)
('character_grams-3-6', 0.0020975991484423568)
('special_character_grams-2-3', 0.0020904380803917024)
('postag_grams-4-19', 0.0020748813800588913)
('word_frequencies-47', 0.0020738113339323072)
('postag_grams-4-33', 0.0020634622722684364)
('postag_grams-3-27', 0.0020529815408776545)
('postag_grams-2-34', 0.0020346360320264208)
('character_grams-3-9', 0.0020332961690455358)
('character_grams-2-2', 0.002033010659003273)
('postag_grams-3-10', 0.0020138594067313702)
('word_frequencies-8', 0.0020108669021767027)
('postag_grams-3-41', 0.002001044158967822)
('character_grams-2-34', 0.0019993259422852448)
('postag_grams-5-39', 0.0019874230518963634)
('postag_grams-3-14', 0.0019835216550169459)
('postag_grams-4-5', 0.0019798519626055516)
('postag_grams-4-48', 0.0019678661446152872)
('character_grams-2-49', 0.0019626376319597061)
('character_grams-5-30', 0.0019592425495503678)
('character_grams-4-30', 0.0019568796165184482)
('character_grams-4-24', 0.0019568708570142672)
('character_grams-2-23', 0.0019529519159302261)
('character_grams-3-14', 0.0019511448737125341)
('word_grams-2-9', 0.0019469211995760502)
('special_character_grams-3-4', 0.0019380142500047568)
('postag_grams-5-32', 0.0019373495892914608)
('character_grams-5-40', 0.001916103521733653)
('postag_grams-4-26', 0.0019138056426407301)
('postag_grams-5-49', 0.0019136670810527882)
('postag_grams-5-13', 0.0019011418380926709)
('postag_grams-5-1', 0.0018950935816485976)
('character_grams-3-21', 0.0018861518245090441)
('character_grams-3-30', 0.0018801556219648727)
('postag_grams-5-5', 0.0018747119014666139)
('character_grams-5-11', 0.0018648623721903368)
('postag_grams-2-16', 0.0018577285126713178)
('postag_grams-2-27', 0.0018561951741942154)
('word_grams-2-33', 0.0018561396589745808)
('postag_grams-4-29', 0.0018464236989212393)
('postag_grams-2-33', 0.0018385245759411745)
('postag_grams-3-23', 0.0018251278287507245)
('postag_grams-3-36', 0.0018134961484806314)
('character_grams-4-46', 0.0018084371307297174)
('word_frequencies-19', 0.0018084109967519172)
('postag_grams-5-28', 0.0018072353259255488)
('character_grams-5-50', 0.0017978721224721072)
('word_grams-2-6', 0.0017919442374850721)
('postag_grams-3-48', 0.0017859650235811356)
('postag_grams-5-9', 0.001785788084857669)
('postag_grams-5-21', 0.0017788698747066101)
('word_grams-2-39', 0.0017702217118172753)
('postag_grams-5-4', 0.0017556084243945474)
('word_frequencies-46', 0.001752366530248736)
('postag_grams-4-37', 0.0017507066033399981)
('word_frequencies-3', 0.001739509488742654)
('character_grams-3-28', 0.0017393373590371137)
('character_grams-5-27', 0.0017311203557305802)
('character_grams-3-3', 0.0017179768588406685)
('postag_grams-5-37', 0.0017161406299987247)
('word_frequencies-38', 0.0017154570277981604)
('character_grams-4-36', 0.0017134772455420664)
('postag_grams-4-18', 0.0017110966753083445)
('postag_grams-4-17', 0.0017110121837549145)
('postag_grams-3-8', 0.001710677904915641)
('word_grams-2-17', 0.0017061914022368744)
('postag_grams-5-41', 0.0016973442481741125)
('character_grams-5-14', 0.0016867300703201707)
('postag_grams-5-27', 0.0016761330415829404)
('character_grams-2-8', 0.0016702181480044943)
('character_grams-4-41', 0.0016675557052005872)
('word_frequencies-1', 0.0016614330556098847)
('word_frequencies-28', 0.0016522078133224954)
('postag_grams-5-31', 0.0016506462485023569)
('character_grams-5-4', 0.0016456812687098937)
('word_grams-2-14', 0.0016426559469593031)
('word_grams-2-30', 0.0016374134682529519)
('word_frequencies-14', 0.0016370929743644382)
('character_grams-2-10', 0.001628109970677972)
('postag_grams-2-25', 0.0016174803930784792)
('postag_grams-4-31', 0.0016172728556038221)
('word_frequencies-36', 0.0016093638835221649)
('character_grams-4-17', 0.0016063048984999333)
('postag_grams-2-42', 0.0016014960263282963)
('postag_grams-2-35', 0.0016002081287659522)
('postag_grams-3-20', 0.0015917191574552866)
('word_frequencies-5', 0.0015906570392111657)
('postag_grams-3-45', 0.0015888642746708253)
('character_grams-4-29', 0.0015865747627463881)
('character_grams-4-39', 0.0015831437104513871)
('word_frequencies-22', 0.001573634835778536)
('postag_grams-4-15', 0.0015731920561520534)
('word_grams-2-50', 0.0015712366054343966)
('character_grams-5-37', 0.00156890507101948)
('postag_grams-2-19', 0.0015648635597077477)
('postag_grams-2-18', 0.0015568381401579001)
('character_grams-2-13', 0.0015559880807393637)
('character_grams-4-8', 0.0015541097391289834)
('character_grams-2-28', 0.0015443989212521653)
('character_grams-4-15', 0.0015423822518436927)
('character_grams-2-16', 0.0015302319532073288)
('postag_grams-3-31', 0.0015256801387280299)
('postag_grams-4-42', 0.0015244224560675155)
('postag_grams-3-22', 0.001512644627724791)
('character_grams-3-8', 0.0015114806744329198)
('character_grams-5-36', 0.0015052179649741625)
('character_grams-4-12', 0.0015040916697698717)
('word_grams-2-15', 0.0015034954884577598)
('postag_grams-5-6', 0.001498956501597107)
('postag_grams-3-39', 0.0014905434209672196)
('character_grams-5-1', 0.001481115211116423)
('word_frequencies-37', 0.0014810802603435922)
('character_grams-4-13', 0.0014750000346721935)
('character_grams-4-16', 0.0014736234122510738)
('character_grams-3-31', 0.0014714215508426309)
('postag_grams-2-2', 0.0014671783517742623)
('character_grams-5-22', 0.0014573693651342653)
('character_grams-2-36', 0.001456019208924038)
('character_grams-2-41', 0.0014544025277090755)
('postag_grams-5-11', 0.0014436379644620833)
('postag_grams-2-32', 0.0014407922469446112)
('postag_grams-3-26', 0.0014334266080206293)
('character_grams-2-14', 0.0014322916777638139)
('word_grams-2-13', 0.0014312046870664052)
('postag_grams-2-9', 0.0014188978471634905)
('character_grams-4-9', 0.0014111362702608312)
('character_grams-5-23', 0.0014070581359533171)
('postag_grams-3-7', 0.0014060829104751784)
('character_grams-3-47', 0.001404687902281228)
('postag_grams-3-4', 0.001404486569463454)
('character_grams-4-25', 0.0013971736758312081)
('character_grams-3-4', 0.0013934826772604133)
('character_grams-4-20', 0.0013908575322534853)
('character_grams-5-3', 0.0013764356171123051)
('character_grams-3-13', 0.0013686309455590196)
('postag_grams-2-41', 0.0013610484142698275)
('word_frequencies-2', 0.0013567627617459318)
('postag_grams-4-30', 0.0013529920668287657)
('word_grams-2-18', 0.0013403604559455065)
('postag_grams-3-37', 0.0013364168000911726)
('postag_grams-2-24', 0.0013220713142099555)
('postag_grams-4-21', 0.0013216506854858245)
('postag_grams-5-2', 0.0013188027674834798)
('postag_grams-4-38', 0.0013164374046146492)
('postag_grams-3-11', 0.0013066966350618956)
('postag_grams-2-13', 0.0013050089904138255)
('character_grams-3-20', 0.001297824255711697)
('postag_grams-3-1', 0.0012880117304260733)
('character_grams-5-10', 0.0012879583886085402)
('character_grams-3-26', 0.001287049184988101)
('word_grams-2-1', 0.001286596633816154)
('word_grams-2-34', 0.001283486373963402)
('postag_grams-2-21', 0.0012782830467456929)
('word_grams-2-11', 0.0012751289534826738)
('postag_grams-5-44', 0.0012578429641192104)
('character_grams-3-19', 0.0012569938219445091)
('postag_grams-3-44', 0.001242023368659047)
('postag_grams-4-40', 0.0012346061596002339)
('word_frequencies-7', 0.0012269586953249662)
('postag_grams-5-45', 0.0012086652702283976)
('postag_grams-2-12', 0.0011970858526823807)
('postag_grams-5-22', 0.0011722595442640036)
('postag_grams-2-7', 0.0011699848679987551)
('character_grams-3-25', 0.0011654023386743974)
('character_grams-5-9', 0.0011525541256885699)
('character_grams-4-50', 0.0011448464901351394)
('postag_grams-3-49', 0.0011340887708294132)
('character_grams-3-17', 0.0011338749379650333)
('character_grams-4-10', 0.0011315448367910494)
('character_grams-5-16', 0.0011279585200991025)
('postag_grams-3-16', 0.001121602649881133)
('word_grams-2-29', 0.0010985731962726486)
('word_grams-2-5', 0.0010979553685260927)
('postag_grams-3-35', 0.0010971693481634463)
('character_grams-5-8', 0.0010778769575315948)
('postag_grams-2-8', 0.001069697411360286)
('postag_grams-2-26', 0.0010656660416217254)
('word_frequencies-6', 0.0010644988855488071)
('postag_grams-4-4', 0.0010604774705704882)
('character_grams-4-47', 0.0010588702227662999)
('character_grams-4-6', 0.0010519766850886675)
('character_grams-4-14', 0.0010506571775541487)
('postag_grams-2-6', 0.0010503453453212961)
('character_grams-3-40', 0.0010455956849705153)
('character_grams-4-28', 0.0010346679063979269)
('character_grams-4-26', 0.0010337742925898834)
('word_frequencies-29', 0.0010321259799873814)
('character_grams-4-27', 0.0010241144722352349)
('character_grams-5-13', 0.0010150568625988824)
('word_grams-2-49', 0.0010115492652655548)
('character_grams-4-42', 0.001006648885386258)
('character_grams-5-7', 0.00099160781402070201)
('postag_grams-3-15', 0.00098557431133427099)
('postag_grams-5-3', 0.00098413540453038914)
('character_grams-3-1', 0.00097118327928225761)
('character_grams-4-1', 0.00096050440497665295)
('word_frequencies-30', 0.00095526001665841118)
('postag_grams-4-1', 0.00095366513754556459)
('postag_grams-3-29', 0.00095301839179597492)
('postag_grams-4-2', 0.00094955973535919215)
('postag_grams-4-27', 0.00094691793616124263)
('postag_grams-4-14', 0.00094567843014118106)
('character_grams-4-33', 0.00093463763483581834)
('postag_grams-3-12', 0.00092854631515508794)
('character_grams-5-39', 0.00091899778705845157)
('postag_grams-3-33', 0.00091724610799485485)
('postag_grams-5-30', 0.00091111458416024966)
('word_frequencies-21', 0.00090952868263090921)
('word_grams-2-31', 0.00088626107939188418)
('postag_grams-3-5', 0.00088178453804010361)
('word_grams-2-24', 0.00088129282652516297)
('word_grams-2-48', 0.00088031273898507133)
('character_grams-4-4', 0.00087352441439504799)
('word_grams-3-21', 0.00087122369380447759)
('word_frequencies-11', 0.00086691778815268876)
('word_grams-2-16', 0.00084617554754789798)
('character_grams-5-6', 0.00083110354128155997)
('character_grams-5-21', 0.00080819626542231863)
('word_frequencies-4', 0.00079611033267995861)
('character_grams-4-48', 0.00079593705812327695)
('character_grams-5-31', 0.00079270904227214981)
('word_grams-2-19', 0.00077244118555567566)
('character_grams-4-11', 0.00076423119487684891)
('character_grams-3-2', 0.00075777637982223751)
('character_grams-4-7', 0.00075132952742500505)
('postag_grams-3-43', 0.00073849663688494761)
('postag_grams-2-23', 0.0007323823327838652)
('character_grams-3-10', 0.00072397295514942562)
('word_grams-2-40', 0.00067884235829789063)
('character_grams-4-49', 0.00067628539949975619)
('postag_grams-2-4', 0.0006723698241036624)
('postag_grams-5-50', 0.0006689622028728065)
('character_grams-4-2', 0.00066130383746300315)
('postag_grams-2-20', 0.00065422944691183381)
('word_frequencies-10', 0.00064076597778712618)
('character_grams-5-19', 0.00063981326657104435)
('word_grams-3-1', 0.00062523321302695686)
('postag_grams-2-48', 0.00060656243857192004)
('character_grams-2-19', 0.00060290638525800492)
('word_grams-4-4', 0.00059665783659494968)
('word_frequencies-33', 0.00058979897427625201)
('word_grams-3-40', 0.00057779683171806377)
('postag_grams-3-6', 0.00055133770955037912)
('character_grams-5-25', 0.0005448776262855663)
('character_grams-5-47', 0.0005448588409509784)
('word_frequencies-42', 0.00053900230546764165)
('postag_grams-3-50', 0.00053413521312708622)
('word_frequencies-43', 0.00052568071367289015)
('word_grams-3-11', 0.00052406154788334691)
('word_grams-3-50', 0.00051159253317936151)
('postag_grams-2-31', 0.00050050979419316122)
('word_grams-2-32', 0.00050030602693734261)
('character_grams-2-5', 0.00049880414091118641)
('postag_grams-3-19', 0.00049767792873393413)
('word_frequencies-41', 0.00049475688080716273)
('postag_grams-3-9', 0.0004941521487736608)
('character_grams-5-44', 0.00049147558877352115)
('word_grams-3-8', 0.00045481792655038274)
('postag_grams-2-1', 0.00043855051130088185)
('word_grams-2-21', 0.00041936624112461166)
('character_grams-5-46', 0.00041479940309332666)
('postag_grams-2-14', 0.00039044082192544349)
('word_grams-3-3', 0.0003901052180298635)
('word_grams-3-17', 0.00038809062605288884)
('word_frequencies-49', 0.00038452812863465808)
('word_grams-2-10', 0.00038447520754713368)
('postag_grams-2-10', 0.00035033706203577993)
('character_grams-5-18', 0.00034543018504512606)
('word_grams-3-12', 0.00032639939268052845)
('word_grams-3-28', 0.00031592818326664398)
('postag_grams-2-30', 0.00031431478107567663)
('word_grams-3-33', 0.00031245032194882787)
('postag_grams-3-21', 0.00030365218691343261)
('word_grams-3-36', 0.0002770574568888714)
('character_grams-5-48', 0.00027448399166366097)
('postag_grams-4-24', 0.00026218666713804801)
('word_grams-4-48', 0.00026091310541338623)
('word_grams-3-29', 0.0002549930282066406)
('character_grams-5-32', 0.0002525871912954713)
('word_grams-2-42', 0.00024500241431932757)
('word_grams-3-16', 0.00024448103066524119)
('word_frequencies-50', 0.00023713446500642856)
('character_grams-5-20', 0.00023133428689747375)
('word_grams-3-47', 0.00022896948594252516)
('postag_grams-5-15', 0.00022212305668188021)
('word_grams-2-46', 0.0002212915215428277)
('postag_grams-4-11', 0.00021814607401145862)
('word_grams-4-12', 0.00021637015067916277)
('postag_grams-3-25', 0.00021306697903060134)
('word_grams-3-26', 0.00019916762961634762)
('word_grams-3-13', 0.00019391254790086199)
('postag_grams-2-36', 0.00018189816256617878)
('word_grams-5-26', 0.00018015843282975959)
('word_grams-2-36', 0.00017867981135026592)
('word_grams-3-39', 0.00017112676908881573)
('postag_grams-5-14', 0.000166648010241723)
('word_grams-3-22', 0.00016589614704722413)
('word_grams-2-45', 0.00016399506496255726)
('word_grams-5-1', 0.00016244523808378299)
('word_grams-4-2', 0.00016079984385272846)
('postag_grams-4-28', 0.00015561906783861912)
('word_grams-5-22', 0.00013953987311359105)
('word_grams-5-27', 0.00013685109270849223)
('word_frequencies-18', 0.00013592965676299009)
('word_grams-5-20', 0.00013579607138713471)
('postag_grams-3-28', 0.00013541104320516088)
('word_grams-4-47', 0.00013478600937676016)
('word_frequencies-35', 0.00013138841581997692)
('postag_grams-4-8', 0.00012988296402086563)
('postag_grams-3-34', 0.00012909389104884784)
('word_grams-2-43', 0.00012851945063483523)
('postag_grams-3-30', 0.00012645202020202019)
('word_grams-3-38', 0.00012498726365822309)
('word_grams-5-31', 0.00012229684883954714)
('word_grams-5-28', 0.00011905621038747976)
('word_grams-3-32', 0.0001188177415447572)
('word_grams-2-23', 0.00011318622616699541)
('word_grams-3-5', 0.00011149838723368135)
('word_grams-3-7', 0.00011104464934121799)
('postag_grams-3-32', 0.00010980358383284407)
('postag_grams-3-13', 0.00010347832314744079)
('word_grams-2-26', 0.00010057303807303808)
('postag_grams-3-47', 9.9395915439871483e-05)
('word_grams-3-31', 9.8278419111752461e-05)
('postag_grams-3-42', 9.6880439821616296e-05)
('word_grams-4-18', 9.6479151615397289e-05)
('postag_grams-4-13', 9.4124625374625385e-05)
('word_grams-3-6', 9.3800988408831551e-05)
('postag_grams-3-46', 9.2027930566496315e-05)
('word_grams-4-3', 9.0220543345543336e-05)
('word_grams-5-29', 8.8776539818206484e-05)
('word_grams-3-49', 8.7907848324514988e-05)
('word_grams-3-20', 8.7542971734148222e-05)
('word_grams-3-30', 8.5918012267978096e-05)
('word_grams-5-24', 8.2002985834255191e-05)
('word_grams-4-50', 7.8962707606352562e-05)
('word_grams-3-45', 7.8792371104032623e-05)
('word_grams-5-48', 7.826881985535833e-05)
('word_grams-4-41', 7.7859558175121901e-05)
('word_grams-3-18', 7.7637510937106103e-05)
('word_grams-3-44', 7.5351033555367934e-05)
('postag_grams-3-24', 7.53503441003441e-05)
('word_grams-4-46', 7.5152266034618978e-05)
('word_grams-4-17', 7.4676594284437417e-05)
('postag_grams-4-25', 7.4125447899957709e-05)
('word_grams-4-29', 7.3844864286040773e-05)
('postag_grams-4-32', 7.3679325724780275e-05)
('word_grams-3-19', 7.302350427350427e-05)
('postag_grams-4-45', 7.1677191586693841e-05)
('postag_grams-5-25', 6.9423225222820363e-05)
('word_grams-5-32', 6.7649488024875044e-05)
('word_grams-5-42', 6.5666971916971916e-05)
('word_grams-5-25', 6.5298851789236405e-05)
('word_grams-2-38', 6.5228174603174603e-05)
('word_grams-5-33', 6.4797979797979807e-05)
('word_grams-3-48', 6.4454460013670551e-05)
('word_grams-3-9', 6.3656144275892179e-05)
('word_grams-3-37', 6.3312636250389281e-05)
('postag_grams-4-46', 6.2647820472656001e-05)
('word_grams-5-38', 6.2377807190560231e-05)
('word_grams-4-13', 6.1113434815856981e-05)
('word_grams-3-14', 6.0373960190136663e-05)
('word_grams-4-49', 6.0105950554668514e-05)
('word_grams-4-11', 5.9563775004951476e-05)
('word_grams-4-45', 5.9305117174178267e-05)
('word_grams-3-2', 5.8489148569105378e-05)
('word_grams-4-1', 5.7978479853479854e-05)
('word_grams-5-39', 5.6547619047619053e-05)
('word_grams-5-6', 5.5849834771481005e-05)
('postag_grams-4-10', 5.3943452380952389e-05)
('word_grams-5-41', 5.2987343852728462e-05)
('postag_grams-5-43', 5.0507185122569729e-05)
('word_grams-3-42', 5.0277777777777784e-05)
('word_grams-4-40', 4.8581932773109242e-05)
('word_grams-5-37', 4.8581932773109242e-05)
('word_grams-5-21', 4.8209671912094064e-05)
('word_grams-5-5', 4.8158656458251618e-05)
('word_grams-4-25', 4.8137626262626268e-05)
('postag_grams-5-35', 4.7575943256090312e-05)
('word_grams-4-7', 4.7305525670910286e-05)
('word_grams-5-12', 4.7228222022178063e-05)
('word_grams-4-20', 4.7202797202797204e-05)
('postag_grams-4-23', 4.7097578347578358e-05)
('word_grams-3-23', 4.6642899584076052e-05)
('word_grams-4-43', 4.618155537273185e-05)
('word_grams-5-34', 4.6015712682379351e-05)
('word_grams-4-34', 4.5773423005565861e-05)
('postag_grams-4-34', 4.5569414559799172e-05)
('postag_grams-4-50', 4.5394736842105255e-05)
('word_grams-5-16', 4.5028289018673641e-05)
('word_grams-3-10', 4.4656500906500916e-05)
('word_grams-2-7', 4.4629390217625515e-05)
('word_grams-5-4', 4.3560606060606062e-05)
('word_grams-4-35', 4.2931427546812149e-05)
('word_grams-5-40', 3.8883735312306757e-05)
('word_grams-4-8', 3.8461538461538463e-05)
('word_grams-4-44', 3.394850763271817e-05)
('word_grams-5-50', 3.3948507632718163e-05)
('postag_grams-4-49', 3.3487163421373967e-05)
('word_grams-4-26', 3.3487163421373967e-05)
('word_grams-5-18', 3.3349065303952521e-05)
('word_grams-5-36', 3.2926038062283749e-05)
('word_grams-4-5', 3.2181990443236123e-05)
('word_grams-5-43', 3.1491384432560906e-05)
('postag_grams-4-44', 3.1132768689329765e-05)
('word_grams-5-8', 3.0864197530864198e-05)
('word_grams-4-22', 3.077651515151516e-05)
('word_grams-4-16', 3.0707070707070715e-05)
('word_grams-3-41', 3.0610014985014972e-05)
('word_grams-3-15', 3.0417899408284026e-05)
('word_grams-5-13', 2.9944414559799171e-05)
('word_grams-4-15', 2.9742984288438824e-05)
('word_grams-5-15', 2.9571123321123324e-05)
('word_grams-4-14', 2.7800324675324669e-05)
('word_grams-4-19', 2.7777777777777779e-05)
('word_grams-5-10', 2.7777777777777779e-05)
('postag_grams-4-47', 2.7500000000000008e-05)
('word_grams-5-2', 2.0833333333333329e-05)
('word_grams-5-23', 2.0775623268698076e-05)
('word_grams-5-44', 2.0775623268698076e-05)
('word_grams-4-32', 1.879699248120302e-05)
('word_grams-5-14', 1.879699248120302e-05)
('word_grams-5-45', 1.879699248120302e-05)
('word_grams-4-21', 1.8274853801169591e-05)
('word_grams-3-25', 1.7361111111111111e-05)
('word_grams-3-34', 1.7361111111111111e-05)
('word_grams-3-35', 1.7361111111111111e-05)
('word_grams-4-6', 1.6339869281045757e-05)
('postag_grams-4-43', 1.633986928104575e-05)
('word_grams-2-47', 1.6276041666666666e-05)
('word_grams-5-46', 1.6276041666666666e-05)
('word_grams-5-17', 1.5625000000000004e-05)
('word_grams-4-30', 1.5624999999999997e-05)
('word_grams-5-9', 1.5624999999999997e-05)
('word_grams-4-33', 1.5151515151515153e-05)
('word_grams-4-27', 1.5151515151515151e-05)
('word_grams-4-28', 1.5151515151515151e-05)
('word_grams-5-3', 1.5151515151515151e-05)
('word_grams-5-7', 1.5151515151515151e-05)
('word_grams-3-43', 1.5074211502782934e-05)
('word_grams-4-42', 1.5000000000000005e-05)
('word_grams-3-24', 1.4880952380952381e-05)
('postag_grams-5-17', 0.0)
('postag_grams-5-20', 0.0)
('postag_grams-5-34', 0.0)
('word_grams-3-27', 0.0)
('word_grams-3-46', 0.0)
('word_grams-4-9', 0.0)
('word_grams-4-10', 0.0)
('word_grams-4-23', 0.0)
('word_grams-4-24', 0.0)
('word_grams-4-31', 0.0)
('word_grams-4-36', 0.0)
('word_grams-4-37', 0.0)
('word_grams-4-38', 0.0)
('word_grams-4-39', 0.0)
('word_grams-5-11', 0.0)
('word_grams-5-19', 0.0)
('word_grams-5-30', 0.0)
('word_grams-5-35', 0.0)
('word_grams-5-47', 0.0)
('word_grams-5-49', 0.0)
