0.7065
('character_grams-2-1', 0.078059936215397724)
('character_grams-3-5', 0.060541622195713261)
('character_grams-2-21', 0.0502333011620337)
('character_grams-3-44', 0.038245146582172207)
('special_character_grams-2-3', 0.036715111836563563)
('character_grams-5-50', 0.027474721981934569)
('special_character_grams-3-3', 0.021601903387389147)
('character_grams-5-40', 0.018673110932407637)
('character_grams-3-1', 0.016911017673643117)
('character_grams-5-36', 0.012427754426238164)
('postag_grams-3-21', 0.012169643075092551)
('character_grams-4-28', 0.011941427513945698)
('special_character_grams-2-2', 0.0114083038003223)
('character_grams-2-9', 0.0089816372531312996)
('character_grams-5-8', 0.0088802074784059375)
('special_character_grams-2-5', 0.0086101398854879808)
('character_grams-4-5', 0.0079883667035416401)
('postag_grams-3-30', 0.0078507842705541949)
('character_grams-2-4', 0.0067427747165463717)
('character_grams-5-3', 0.0064118015291506555)
('character_grams-3-24', 0.0054090375127624404)
('character_grams-5-42', 0.0053325351475286362)
('special_character_grams-2-4', 0.0052577408148273283)
('character_grams-5-34', 0.005117878261009721)
('postag_grams-3-2', 0.0048637515119935477)
('character_grams-4-36', 0.004583645859787858)
('character_grams-4-37', 0.0045303438339932781)
('postag_grams-4-11', 0.0045200718618250762)
('postag_grams-2-24', 0.0044233375756233418)
('word_frequencies-38', 0.0042803464173682484)
('character_grams-4-32', 0.0042574852572773237)
('postag_grams-2-49', 0.0040968735424490622)
('character_grams-2-43', 0.0040879810210646536)
('postag_grams-3-27', 0.0040772410778063435)
('character_grams-3-48', 0.0039925503411457368)
('special_character_grams-2-1', 0.0036840243977418531)
('character_grams-4-19', 0.0036729164919117817)
('word_frequencies-27', 0.0036707689461589199)
('postag_grams-4-44', 0.0036163074464236038)
('postag_grams-2-38', 0.0035871919953191309)
('character_grams-5-1', 0.0035358742426636271)
('postag_grams-4-21', 0.0035229961897561353)
('postag_grams-3-26', 0.0034544858817102662)
('postag_grams-3-19', 0.0032416888800310788)
('character_grams-2-45', 0.0031230346742958884)
('postag_grams-2-25', 0.0030697364877382925)
('postag_grams-2-22', 0.0030646662270491097)
('postag_grams-2-48', 0.0030491272858684578)
('character_grams-2-13', 0.0030435178790037386)
('postag_grams-2-44', 0.0029602753716408579)
('character_grams-3-12', 0.002927172018449619)
('postag_grams-3-42', 0.0028845662147190029)
('postag_grams-5-8', 0.0027981715962651817)
('postag_grams-4-8', 0.0027587838374146128)
('character_grams-4-1', 0.0027321337071772576)
('character_grams-5-7', 0.0027050974746352183)
('postag_grams-3-34', 0.0026830835723439445)
('postag_grams-3-3', 0.0026680889841446047)
('word_frequencies-49', 0.002648795998829302)
('character_grams-4-49', 0.0026309567552356503)
('character_grams-5-30', 0.0026300713857048772)
('character_grams-3-40', 0.0025826980916816215)
('character_grams-3-41', 0.0025426735191487531)
('character_grams-3-49', 0.0025206993114635103)
('character_grams-3-7', 0.0025156384166814317)
('character_grams-5-38', 0.002490980943250475)
('character_grams-2-41', 0.0024555436542380345)
('character_grams-4-43', 0.002444242580010253)
('character_grams-2-22', 0.002380897764477829)
('character_grams-5-20', 0.002367097042374713)
('character_grams-4-16', 0.0023613404391099172)
('character_grams-3-17', 0.0023333849823488064)
('character_grams-5-18', 0.0023309113399790134)
('postag_grams-2-2', 0.0023176310744727328)
('postag_grams-4-4', 0.002206418441220616)
('postag_grams-3-40', 0.002174066815372854)
('postag_grams-3-11', 0.0021645823467875388)
('word_frequencies-16', 0.0021640851363080981)
('postag_grams-4-32', 0.0021407493915282265)
('postag_grams-4-16', 0.0021146613347967579)
('postag_grams-5-9', 0.0021062134617751446)
('word_frequencies-15', 0.0020533977214265723)
('character_grams-2-47', 0.002052913341144871)
('postag_grams-4-6', 0.0020496914890380455)
('character_grams-4-21', 0.0020314729476137005)
('character_grams-4-18', 0.0020226813748990095)
('character_grams-5-21', 0.0020133922124731395)
('special_character_grams-3-2', 0.0020060067416705269)
('character_grams-4-20', 0.0019936652614394039)
('character_grams-3-36', 0.0019637697178401859)
('word_grams-3-17', 0.0019493733156651996)
('character_grams-3-35', 0.0018806682689347066)
('postag_grams-3-20', 0.0018413379444506537)
('word_frequencies-37', 0.0018399695480288485)
('character_grams-2-27', 0.0018193406821094967)
('word_frequencies-41', 0.0018175621621341837)
('postag_grams-2-1', 0.0017975692399385163)
('postag_grams-5-5', 0.0017926092035325208)
('special_character_grams-3-5', 0.0017697335110245336)
('postag_grams-2-10', 0.0017662678984815968)
('character_grams-3-2', 0.0017615108726786693)
('character_grams-3-10', 0.0017322315863297847)
('special_character_grams-3-4', 0.0017160988616370118)
('word_grams-2-32', 0.001698551180982211)
('character_grams-5-32', 0.0016958285370979908)
('word_grams-2-29', 0.0016897302036670151)
('character_grams-4-33', 0.001661179847896234)
('character_grams-4-39', 0.0016516524947093212)
('word_frequencies-3', 0.0016303088777594973)
('character_grams-3-22', 0.001609759955518526)
('word_grams-2-2', 0.0016081225161165584)
('postag_grams-5-22', 0.0016072980474551837)
('postag_grams-2-43', 0.0015830324454950326)
('character_grams-5-43', 0.00157751463506519)
('postag_grams-3-14', 0.0015735333828843234)
('postag_grams-2-37', 0.0015715151718810919)
('postag_grams-5-42', 0.0015546109131939858)
('postag_grams-2-36', 0.0015546100420931999)
('postag_grams-4-17', 0.0015503740576835187)
('postag_grams-3-7', 0.0015446565991405748)
('character_grams-2-15', 0.0015291873628050462)
('word_frequencies-34', 0.0015190680580881727)
('word_frequencies-10', 0.0015057845632588487)
('character_grams-4-11', 0.0015034497440575862)
('postag_grams-3-36', 0.001501973532570401)
('word_frequencies-28', 0.0015003074830593876)
('postag_grams-2-6', 0.0014838799918117436)
('character_grams-3-29', 0.0014831908702436188)
('character_grams-2-30', 0.001456387928282463)
('postag_grams-5-14', 0.0014449559953643484)
('character_grams-4-27', 0.0014435955288830699)
('character_grams-5-2', 0.0014412840014955321)
('character_grams-5-11', 0.0014311909357638821)
('character_grams-3-38', 0.0014279503755456992)
('word_grams-3-37', 0.0014259567832815981)
('postag_grams-4-25', 0.0014210447441694216)
('postag_grams-4-3', 0.0014119838400744656)
('character_grams-3-30', 0.0014059830337272816)
('postag_grams-5-29', 0.0014049274414492962)
('character_grams-3-34', 0.001402601898851525)
('postag_grams-3-15', 0.0013911703857675331)
('character_grams-3-32', 0.0013772826014018566)
('postag_grams-4-35', 0.0013756402625084566)
('postag_grams-3-12', 0.0013532640404622096)
('postag_grams-2-31', 0.0013399629234567894)
('postag_grams-3-33', 0.0013325089237999506)
('postag_grams-5-45', 0.0013314717581255134)
('postag_grams-4-30', 0.0013029226023984315)
('postag_grams-2-15', 0.001302194427924463)
('postag_grams-3-16', 0.0012964010972414226)
('word_frequencies-31', 0.001281861805349835)
('postag_grams-2-45', 0.0012622534461800995)
('character_grams-2-19', 0.0012580910302269755)
('postag_grams-2-35', 0.0012441733432398141)
('postag_grams-2-39', 0.0012306164694130606)
('character_grams-4-34', 0.0012298970249617488)
('postag_grams-5-36', 0.001217753210664966)
('character_grams-2-50', 0.0012135084590502981)
('word_frequencies-50', 0.0012069780082397551)
('word_frequencies-30', 0.0012015074837189311)
('character_grams-4-2', 0.0011973396081825741)
('word_grams-3-10', 0.0011715468289263931)
('word_frequencies-6', 0.0011584290638790452)
('character_grams-4-50', 0.0011580508215178809)
('postag_grams-2-27', 0.0011577377113791327)
('word_frequencies-17', 0.0011564662899072218)
('character_grams-3-43', 0.0011532933137464931)
('character_grams-2-39', 0.0011384696224418221)
('character_grams-2-5', 0.0011155157353734601)
('character_grams-4-4', 0.0011117976880732358)
('postag_grams-3-48', 0.0011099383109948841)
('character_grams-3-39', 0.0011086697164544607)
('postag_grams-2-29', 0.0011074486782749126)
('postag_grams-3-24', 0.0011037608224687791)
('word_grams-2-13', 0.001097331191849644)
('character_grams-3-23', 0.0010953987480996281)
('character_grams-5-22', 0.0010893747189101837)
('postag_grams-3-46', 0.0010864700706136761)
('character_grams-3-4', 0.0010858442002293571)
('postag_grams-2-8', 0.0010855612612315493)
('postag_grams-3-43', 0.0010732485576079513)
('postag_grams-4-23', 0.0010725579361360465)
('character_grams-2-40', 0.0010715262975848551)
('postag_grams-2-42', 0.001071410285354383)
('postag_grams-3-44', 0.0010691175717222792)
('character_grams-4-31', 0.0010681358110908321)
('postag_grams-2-12', 0.0010559096828548025)
('word_frequencies-42', 0.0010549912800291296)
('postag_grams-5-23', 0.0010517342078381761)
('character_grams-4-42', 0.0010515236186205501)
('word_frequencies-7', 0.0010441738006430818)
('postag_grams-3-17', 0.0010416983442263681)
('character_grams-2-12', 0.0010302936308809771)
('postag_grams-4-34', 0.0010262863292634862)
('character_grams-3-11', 0.0010246605153755924)
('postag_grams-4-7', 0.0010217557381942968)
('postag_grams-2-16', 0.0010132354757257966)
('character_grams-4-24', 0.0010124410430868036)
('word_grams-2-17', 0.0010120940473369146)
('character_grams-5-14', 0.001011161683882259)
('character_grams-3-45', 0.0010110628055567227)
('postag_grams-2-47', 0.00099606698235356729)
('word_grams-2-7', 0.00098585248623130409)
('character_grams-4-10', 0.00097768867014956106)
('character_grams-3-37', 0.00097634683667221123)
('postag_grams-4-47', 0.00097455019319147575)
('word_frequencies-12', 0.00097128216629302944)
('character_grams-2-23', 0.00096343418261820495)
('word_grams-2-12', 0.0009607904830163474)
('postag_grams-2-9', 0.0009571654838972563)
('character_grams-2-10', 0.0009279900161054713)
('word_frequencies-8', 0.00092078864773470731)
('word_frequencies-29', 0.00091798182381850409)
('character_grams-2-8', 0.00090870734424883845)
('postag_grams-3-5', 0.00090492946732267454)
('word_grams-2-42', 0.00090053426507129373)
('character_grams-2-48', 0.0008989547425567704)
('character_grams-5-26', 0.00089105114149932833)
('character_grams-4-9', 0.00088805059451288514)
('postag_grams-5-25', 0.00088688096027575826)
('postag_grams-3-4', 0.00088520571390208515)
('character_grams-4-46', 0.00088468823416581511)
('postag_grams-2-21', 0.00088251945036562219)
('word_grams-2-41', 0.00088202073658211991)
('character_grams-4-38', 0.00087814915572100689)
('character_grams-5-44', 0.00087399033018032573)
('character_grams-5-47', 0.00087148447859208486)
('postag_grams-3-28', 0.00086888429516156652)
('character_grams-5-23', 0.00086017842873735428)
('postag_grams-3-6', 0.00085780821792440438)
('word_frequencies-9', 0.00085772773115492455)
('character_grams-2-34', 0.00085266334683460913)
('word_frequencies-46', 0.00085247355383951664)
('postag_grams-5-38', 0.00084834080835953919)
('character_grams-5-33', 0.00084509284538718764)
('character_grams-5-9', 0.00084297182870381865)
('word_frequencies-2', 0.00084257361489252741)
('character_grams-2-44', 0.00083753937561143019)
('character_grams-3-16', 0.00083608950457262536)
('character_grams-3-8', 0.00083412422008814259)
('postag_grams-3-41', 0.00083197203100543872)
('postag_grams-5-39', 0.00083057067157795079)
('character_grams-4-12', 0.00082060445745371147)
('character_grams-5-48', 0.00081901500761024325)
('postag_grams-2-20', 0.00081836199805095805)
('postag_grams-2-7', 0.00081005812176609157)
('character_grams-2-32', 0.00080317148426484446)
('postag_grams-2-33', 0.00079750204622176649)
('postag_grams-3-1', 0.00079614143376514717)
('character_grams-2-42', 0.00079604025499998383)
('postag_grams-3-25', 0.00079521197649758536)
('character_grams-5-15', 0.000790929152268178)
('character_grams-3-33', 0.00079064896576360496)
('postag_grams-2-34', 0.00079040353248642416)
('postag_grams-2-5', 0.00078917509377525994)
('word_grams-2-4', 0.00078780273318710379)
('postag_grams-2-26', 0.00078657238008300666)
('character_grams-3-47', 0.00078644629682082107)
('postag_grams-2-30', 0.00078357465806092453)
('postag_grams-4-45', 0.00078087084966426269)
('character_grams-3-14', 0.00077742742645514509)
('character_grams-5-24', 0.00077416991546232347)
('postag_grams-3-38', 0.00077322271940994964)
('character_grams-2-37', 0.00077284419766799738)
('postag_grams-2-13', 0.00077197648358578975)
('character_grams-2-31', 0.00076856593773433845)
('character_grams-4-17', 0.00076727001671934869)
('postag_grams-3-32', 0.00076620695059562735)
('character_grams-3-27', 0.00076321874677912831)
('character_grams-3-18', 0.00076162077276306259)
('character_grams-5-5', 0.00076127755469611216)
('postag_grams-2-50', 0.00075414377706224678)
('character_grams-3-15', 0.00075161632612268342)
('postag_grams-4-36', 0.00074824207148691435)
('character_grams-4-22', 0.00074770565453878687)
('word_frequencies-45', 0.00074326050977997955)
('postag_grams-4-29', 0.00074131431972122592)
('word_frequencies-11', 0.00073965881997117562)
('character_grams-2-20', 0.00073906647564898789)
('word_frequencies-43', 0.00073826197106499495)
('postag_grams-4-1', 0.00073777083640549131)
('postag_grams-2-3', 0.00073345231983679008)
('character_grams-5-35', 0.00073002732994722043)
('postag_grams-2-46', 0.00072814149848198482)
('character_grams-5-17', 0.00072799280862647048)
('postag_grams-3-50', 0.0007242163055811529)
('word_grams-2-10', 0.00071740362071846624)
('word_grams-2-21', 0.000713007318426061)
('character_grams-4-44', 0.0007102636526103369)
('character_grams-2-6', 0.00071001438992377287)
('character_grams-5-10', 0.0007097505749576069)
('word_grams-2-37', 0.00070904153945016497)
('postag_grams-3-23', 0.00070727706967946443)
('word_grams-3-30', 0.00070458632028043921)
('character_grams-4-40', 0.00070238888537689352)
('postag_grams-5-13', 0.000701707735401307)
('postag_grams-2-32', 0.00070094703336320927)
('character_grams-2-11', 0.00069841268927393549)
('character_grams-4-41', 0.00069590673829725367)
('postag_grams-2-4', 0.00069557870316398632)
('postag_grams-2-41', 0.00069174331869442478)
('word_frequencies-14', 0.00069117467116451971)
('character_grams-4-6', 0.00069026765426409206)
('character_grams-4-23', 0.00068907352118314071)
('postag_grams-5-48', 0.00068072327378969062)
('character_grams-2-25', 0.00067893568140268339)
('character_grams-4-15', 0.00067609944155173408)
('character_grams-2-49', 0.0006746704173023017)
('postag_grams-3-39', 0.00067299714959118129)
('character_grams-3-20', 0.00067296535738829222)
('character_grams-2-16', 0.00067143422392791077)
('postag_grams-4-10', 0.00067141276228075471)
('character_grams-2-17', 0.00067137432773066788)
('character_grams-4-3', 0.00066888137770066097)
('character_grams-5-28', 0.00066442252962174968)
('character_grams-5-49', 0.00065963144011074888)
('postag_grams-3-47', 0.00065816508583895622)
('postag_grams-3-31', 0.00065463096600806207)
('word_grams-2-35', 0.00065306144366524422)
('postag_grams-4-27', 0.00065233674137037535)
('postag_grams-4-19', 0.00065211907557003834)
('postag_grams-5-16', 0.00064540112477795824)
('postag_grams-3-10', 0.00063836826721274862)
('postag_grams-3-18', 0.00063636586350857298)
('character_grams-3-26', 0.00063558975115321275)
('character_grams-2-46', 0.0006351656692968916)
('character_grams-5-13', 0.00063247485462859831)
('postag_grams-2-28', 0.00063228460038454188)
('postag_grams-3-49', 0.00062659814438092835)
('word_frequencies-25', 0.00062481010454975595)
('word_grams-2-50', 0.00062227435982908702)
('character_grams-4-26', 0.00062113988283520082)
('postag_grams-2-14', 0.00062067573090578252)
('character_grams-3-50', 0.00061654647625646053)
('postag_grams-3-22', 0.00061539726196337173)
('word_grams-2-1', 0.00061523059972840965)
('word_grams-2-25', 0.00061402914347913849)
('postag_grams-5-2', 0.00061163122909334668)
('word_frequencies-22', 0.00060953787086602822)
('character_grams-3-3', 0.00060914026222564721)
('character_grams-3-31', 0.00060694633042330907)
('special_character_grams-3-1', 0.00060468602519097735)
('word_grams-2-19', 0.00060435426178387104)
('postag_grams-2-11', 0.00060273809807754523)
('character_grams-3-42', 0.00059997129371421032)
('character_grams-5-31', 0.00059985785557903674)
('character_grams-5-19', 0.00059889654505328833)
('word_grams-2-27', 0.00059688680619722912)
('word_frequencies-32', 0.00058826466329098314)
('word_grams-2-18', 0.00058819988787994066)
('character_grams-5-29', 0.00058733086028165662)
('word_frequencies-21', 0.0005821680257930709)
('postag_grams-3-29', 0.00058091463964184522)
('character_grams-5-37', 0.00057979828250316905)
('word_frequencies-26', 0.00057814629709590276)
('character_grams-2-29', 0.00057196487072106036)
('postag_grams-2-23', 0.00057120667941754338)
('postag_grams-4-9', 0.00056975370428000226)
('character_grams-3-13', 0.00056798970831569925)
('character_grams-2-38', 0.00056301603169960622)
('postag_grams-5-21', 0.00056157089852907401)
('postag_grams-3-9', 0.00055994187245154525)
('character_grams-2-36', 0.00055949153737599999)
('character_grams-3-21', 0.00055656148413442104)
('postag_grams-4-41', 0.00055493206257706056)
('character_grams-5-25', 0.00055289073880602721)
('word_frequencies-24', 0.00055247869728484306)
('character_grams-2-18', 0.00055144888430514729)
('character_grams-5-12', 0.00055088135036477531)
('character_grams-2-24', 0.00054965043113019713)
('character_grams-4-14', 0.00054944657825371833)
('postag_grams-3-37', 0.00054480016414151507)
('postag_grams-4-33', 0.00054474282475501295)
('character_grams-5-45', 0.00054421747228549267)
('postag_grams-4-15', 0.00054387337822661393)
('postag_grams-4-12', 0.00053752584529556679)
('postag_grams-4-26', 0.00053446451991550931)
('character_grams-3-6', 0.00053158568825327577)
('postag_grams-4-20', 0.00052713505560619117)
('postag_grams-4-43', 0.00052568871501769995)
('postag_grams-5-17', 0.00052493075401596767)
('character_grams-3-46', 0.00052304461157877933)
('postag_grams-4-38', 0.00052014124083241858)
('postag_grams-5-31', 0.0005181645593102343)
('character_grams-3-9', 0.00051656809779633301)
('word_grams-2-33', 0.00051031387258828329)
('character_grams-5-46', 0.00051025784732036824)
('word_frequencies-18', 0.00050984109649286874)
('word_frequencies-20', 0.00050882009066423176)
('postag_grams-4-37', 0.00050792101529554352)
('word_grams-2-39', 0.00050714240547252549)
('postag_grams-4-28', 0.00050656756188684671)
('postag_grams-2-18', 0.00050562307332857462)
('word_frequencies-23', 0.00050315931328681509)
('word_grams-2-6', 0.0005030444437737362)
('postag_grams-5-33', 0.00050294529360919108)
('postag_grams-4-2', 0.00049917624105056974)
('word_frequencies-33', 0.00049806849049867515)
('character_grams-4-45', 0.00049560378444247479)
('word_frequencies-13', 0.00049473021874243939)
('word_grams-2-43', 0.00049048419327925102)
('word_frequencies-36', 0.00048774560860108553)
('word_frequencies-19', 0.0004868927953329758)
('postag_grams-4-39', 0.00048614896372658318)
('word_frequencies-5', 0.00048368976893631131)
('character_grams-2-35', 0.00048292965086442816)
('character_grams-4-30', 0.00047931363977523039)
('character_grams-4-35', 0.00047392485243403853)
('word_frequencies-1', 0.00047142495463900334)
('character_grams-2-28', 0.00047059644435497859)
('word_frequencies-48', 0.00046991403482536632)
('word_grams-2-44', 0.00046637910522141855)
('word_frequencies-4', 0.00046202106502900964)
('postag_grams-2-17', 0.00045990770859697722)
('postag_grams-3-35', 0.00045848049949809614)
('postag_grams-5-10', 0.00045835168263394976)
('character_grams-5-16', 0.00045773635823503239)
('postag_grams-3-8', 0.00045678659664671867)
('postag_grams-3-13', 0.00045445917443231765)
('postag_grams-2-19', 0.00045252556278795904)
('word_frequencies-40', 0.00045152921136192291)
('character_grams-2-2', 0.0004475447530825325)
('word_frequencies-47', 0.00044702720385240036)
('character_grams-5-41', 0.00044375886620141766)
('character_grams-3-28', 0.00044055915872781646)
('word_grams-2-23', 0.00044033197117695496)
('word_grams-2-16', 0.00044022128046589289)
('word_frequencies-44', 0.00043806697673168937)
('word_grams-2-8', 0.00043725726438971051)
('word_grams-2-9', 0.00043150102333913004)
('word_grams-2-45', 0.00043025469207831185)
('character_grams-4-47', 0.00042808442875535144)
('character_grams-5-39', 0.00042677301692775789)
('word_grams-2-30', 0.00042651566344674376)
('postag_grams-5-35', 0.00042051030149778249)
('character_grams-4-7', 0.0004191259624816983)
('character_grams-2-7', 0.00041888083814235581)
('postag_grams-5-27', 0.00041619475452567213)
('word_grams-2-26', 0.00041330604176880088)
('postag_grams-5-50', 0.00041236772643146356)
('character_grams-2-3', 0.00041110996806229428)
('character_grams-3-25', 0.0004095226044980104)
('postag_grams-5-1', 0.00040828822457256983)
('postag_grams-4-22', 0.00039813634839225737)
('word_grams-3-28', 0.00039702117303799605)
('character_grams-4-13', 0.00039700534285629432)
('word_grams-2-34', 0.00039685417174422705)
('character_grams-3-19', 0.00039679832288392426)
('word_grams-2-48', 0.0003964382936813609)
('postag_grams-4-5', 0.00039582253328249791)
('character_grams-5-6', 0.00039434280333616408)
('postag_grams-5-20', 0.00039193622154716593)
('character_grams-2-26', 0.0003911045125784406)
('postag_grams-5-44', 0.00038986835343467072)
('character_grams-5-27', 0.00038678753761944867)
('postag_grams-4-48', 0.00038373119487991673)
('postag_grams-4-18', 0.00038360110264235785)
('postag_grams-4-50', 0.00037847991831767763)
('postag_grams-5-18', 0.00037807929967657904)
('character_grams-2-33', 0.00037686386668619391)
('postag_grams-5-41', 0.00037539504529860552)
('postag_grams-4-14', 0.00036876577012227006)
('postag_grams-5-37', 0.00036107606148812736)
('word_grams-2-46', 0.00036061524051468884)
('word_grams-2-3', 0.00035626178090765909)
('postag_grams-5-40', 0.00035414183259681499)
('character_grams-4-25', 0.0003481580669235825)
('word_frequencies-39', 0.00034401410686874965)
('postag_grams-2-40', 0.00034377772335788116)
('postag_grams-5-12', 0.00034264098239349545)
('character_grams-4-48', 0.000341730035870311)
('character_grams-2-14', 0.00033868573153224025)
('postag_grams-4-13', 0.00033643853512446058)
('word_grams-2-22', 0.00032871685711688176)
('character_grams-4-29', 0.00032160628939011197)
('postag_grams-5-49', 0.00032028745963758417)
('postag_grams-4-31', 0.00031080030736773236)
('word_frequencies-35', 0.0003090337132550606)
('word_grams-2-49', 0.0003045931362791571)
('postag_grams-3-45', 0.00030143071450875435)
('word_grams-2-28', 0.00029684837507021127)
('word_grams-2-5', 0.00029300987643892008)
('postag_grams-4-40', 0.00028709341782565454)
('word_grams-2-38', 0.00028220134064797819)
('character_grams-5-4', 0.0002788592024438172)
('character_grams-4-8', 0.00027005514511202028)
('word_grams-3-27', 0.00026924018819490933)
('postag_grams-5-11', 0.00026322251875346761)
('postag_grams-5-47', 0.00026188652123467708)
('word_grams-4-12', 0.0002589232543531768)
('postag_grams-4-49', 0.00025587946415659172)
('word_grams-2-11', 0.0002462594840911686)
('word_grams-2-24', 0.00024424165131150491)
('postag_grams-5-43', 0.000242019067029461)
('postag_grams-5-34', 0.00023992582789487043)
('postag_grams-5-7', 0.00023934059056390612)
('word_grams-2-40', 0.00023842150932453478)
('postag_grams-5-26', 0.00023563518025117997)
('word_grams-2-14', 0.00023399408454127072)
('postag_grams-5-30', 0.00022937002956785569)
('postag_grams-4-46', 0.00021931055028224508)
('postag_grams-5-28', 0.00021865523336793457)
('word_grams-2-20', 0.0002158376927595577)
('postag_grams-5-15', 0.00021216452824777499)
('word_grams-2-36', 0.00021039585343631245)
('postag_grams-4-24', 0.00020370781137095986)
('postag_grams-5-19', 0.00018509004189029034)
('word_grams-3-41', 0.00018469356228474967)
('postag_grams-5-46', 0.00018327410278232281)
('word_grams-3-47', 0.00017987768435663386)
('postag_grams-5-4', 0.00017640259038406264)
('word_grams-3-46', 0.00017612214995164436)
('postag_grams-5-6', 0.00017607650102432926)
('word_grams-3-12', 0.00017521632571336167)
('word_grams-3-33', 0.00016809020569584664)
('word_grams-2-31', 0.00015369994397680043)
('word_grams-3-15', 0.00015315829966485313)
('word_grams-3-48', 0.00014968469985171851)
('postag_grams-5-3', 0.00014544444038283306)
('word_grams-3-32', 0.00014402159817484476)
('word_grams-3-35', 0.0001382480358956262)
('word_grams-2-47', 0.0001336579795235658)
('postag_grams-4-42', 0.00013299370907557791)
('word_grams-3-2', 0.0001325008271200308)
('word_grams-3-24', 0.00011556805916229505)
('word_grams-3-11', 0.00011511478262312193)
('word_grams-3-26', 0.00011502780020726619)
('postag_grams-5-24', 0.00011421068919044005)
('word_grams-3-38', 0.00011098415721842138)
('word_grams-3-39', 0.00010754790702600421)
('word_grams-3-36', 9.8697047286582575e-05)
('word_grams-3-40', 9.6444664625635194e-05)
('word_grams-3-22', 9.2337123257526941e-05)
('word_grams-3-7', 8.8941166012306821e-05)
('word_grams-3-25', 8.0057273115490587e-05)
('word_grams-4-31', 7.4073518796252886e-05)
('word_grams-3-16', 6.6591532364305186e-05)
('word_grams-3-14', 6.5520565778403223e-05)
('word_grams-3-29', 6.5179506664978426e-05)
('word_grams-4-32', 6.4449556091270111e-05)
('word_grams-3-31', 6.3626443351020261e-05)
('word_grams-3-23', 5.8746383787434554e-05)
('postag_grams-5-32', 5.5762675226868206e-05)
('word_grams-3-45', 5.5610728990176971e-05)
('word_grams-5-18', 5.4875669235432912e-05)
('word_grams-4-26', 5.2108230990619444e-05)
('word_grams-4-18', 5.19512870553252e-05)
('word_grams-4-17', 5.1871118681594119e-05)
('word_grams-5-5', 2.9807739594419302e-05)
('word_grams-4-28', 2.9707560807012945e-05)
('word_grams-5-49', 2.9161665412391356e-05)
('word_grams-4-19', 2.8542801701270107e-05)
('word_grams-4-1', 2.3431785435055262e-05)
('word_grams-2-15', 2.2704704374395838e-05)
('word_grams-5-50', 2.1835179432017005e-05)
('word_grams-3-50', 2.1833097896255785e-05)
('word_grams-4-27', 1.8845578438601691e-05)
('word_grams-5-16', 1.8783450906707283e-05)
('word_grams-5-20', 1.8513914795513931e-05)
('word_grams-3-21', 1.8138079915312982e-05)
('word_grams-5-7', 1.7926367081404431e-05)
('word_grams-4-30', 1.6548082966687619e-05)
('word_grams-3-4', 1.5052085504703089e-05)
('word_grams-4-33', 1.4987396350607366e-05)
('word_grams-4-35', 1.4730322399845041e-05)
('word_grams-5-21', 1.4528773004272095e-05)
('word_grams-5-28', 1.3972960864398023e-05)
('word_grams-4-10', 1.3639954481833995e-05)
('word_grams-4-16', 1.3452380952380954e-05)
('word_grams-5-8', 1.308246878846492e-05)
('word_grams-5-48', 1.2515939345207641e-05)
('word_grams-5-6', 1.2431135866746168e-05)
('word_grams-5-1', 1.2430652566979748e-05)
('word_grams-3-44', 9.7952320120644206e-06)
('word_grams-3-6', 9.4907219642948988e-06)
('word_grams-3-5', 9.4870043482537796e-06)
('word_grams-4-34', 9.4619131573218947e-06)
('word_grams-3-34', 9.4303676640005302e-06)
('word_grams-4-42', 9.375911852656036e-06)
('word_grams-4-6', 9.3450067221705627e-06)
('word_grams-4-9', 9.0748555864834938e-06)
('word_grams-5-44', 9.0745399950750052e-06)
('word_grams-4-40', 8.9808640604234245e-06)
('word_grams-4-45', 8.7721587490831573e-06)
('word_grams-5-37', 8.6737900691389042e-06)
('word_grams-4-14', 8.6367332020527521e-06)
('word_grams-5-40', 8.6064132226048664e-06)
('word_grams-4-2', 8.3868640041055983e-06)
('word_grams-3-49', 8.3053698337680085e-06)
('word_grams-5-2', 8.0693562945704939e-06)
('word_grams-5-47', 7.9358938933406998e-06)
('word_grams-3-8', 7.5402240036386385e-06)
('word_grams-4-39', 7.3925934391050657e-06)
('word_grams-5-36', 7.183262997216487e-06)
('word_grams-5-14', 5.0433412135539824e-06)
('word_grams-5-41', 4.9915767142946241e-06)
('word_grams-5-9', 4.9387071170297157e-06)
('word_grams-4-7', 4.9235097590997024e-06)
('word_grams-5-3', 4.8912404467960003e-06)
('word_grams-3-9', 4.875911852656035e-06)
('word_grams-4-20', 4.8711502199874303e-06)
('word_grams-4-15', 4.87012987012987e-06)
('word_grams-4-25', 4.8684210526315753e-06)
('word_grams-4-8', 4.860674628116488e-06)
('word_grams-5-4', 4.8417357622707715e-06)
('word_grams-4-44', 4.8271527341294774e-06)
('word_grams-4-11', 4.8244438488340934e-06)
('word_grams-3-13', 4.6890569134282857e-06)
('word_grams-3-42', 4.5568466621098197e-06)
('word_grams-5-29', 4.511278195488722e-06)
('word_grams-4-3', 4.5028142589118218e-06)
('word_grams-4-21', 4.3859649122807006e-06)
('word_grams-5-46', 4.2983021706425956e-06)
('word_grams-5-23', 4.2964554242749735e-06)
('word_grams-5-42', 4.2666666666666659e-06)
('word_grams-4-29', 4.2087542087542093e-06)
('word_grams-3-20', 4.1902367483762843e-06)
('word_grams-4-41', 4.0226272784412325e-06)
('word_grams-5-31', 3.9062500000000001e-06)
('word_grams-5-38', 3.759398496240601e-06)
('word_grams-3-1', 0.0)
('word_grams-3-3', 0.0)
('word_grams-3-18', 0.0)
('word_grams-3-19', 0.0)
('word_grams-3-43', 0.0)
('word_grams-4-4', 0.0)
('word_grams-4-5', 0.0)
('word_grams-4-13', 0.0)
('word_grams-4-22', 0.0)
('word_grams-4-23', 0.0)
('word_grams-4-24', 0.0)
('word_grams-4-36', 0.0)
('word_grams-4-37', 0.0)
('word_grams-4-38', 0.0)
('word_grams-4-43', 0.0)
('word_grams-4-46', 0.0)
('word_grams-4-47', 0.0)
('word_grams-4-48', 0.0)
('word_grams-4-49', 0.0)
('word_grams-4-50', 0.0)
('word_grams-5-10', 0.0)
('word_grams-5-11', 0.0)
('word_grams-5-12', 0.0)
('word_grams-5-13', 0.0)
('word_grams-5-15', 0.0)
('word_grams-5-17', 0.0)
('word_grams-5-19', 0.0)
('word_grams-5-22', 0.0)
('word_grams-5-24', 0.0)
('word_grams-5-25', 0.0)
('word_grams-5-26', 0.0)
('word_grams-5-27', 0.0)
('word_grams-5-30', 0.0)
('word_grams-5-32', 0.0)
('word_grams-5-33', 0.0)
('word_grams-5-34', 0.0)
('word_grams-5-35', 0.0)
('word_grams-5-39', 0.0)
('word_grams-5-43', 0.0)
('word_grams-5-45', 0.0)
