0.7
('character_grams-2-1', 0.083752556297849987)
('character_grams-3-5', 0.060541386392565316)
('character_grams-2-21', 0.048259139235884402)
('special_character_grams-2-3', 0.03643926637617851)
('character_grams-3-44', 0.036301315347786627)
('character_grams-5-50', 0.025433435150076233)
('special_character_grams-3-3', 0.02051963043612811)
('character_grams-5-40', 0.01995116854708821)
('character_grams-3-1', 0.016461382108139612)
('character_grams-4-28', 0.013508420173692718)
('special_character_grams-2-2', 0.011865031827730925)
('character_grams-5-36', 0.01183244132791484)
('postag_grams-3-21', 0.010535341999389228)
('special_character_grams-2-5', 0.0087274541622958043)
('character_grams-4-5', 0.0085360768345733844)
('character_grams-5-8', 0.0078520015534027272)
('character_grams-2-9', 0.0075993607712459641)
('character_grams-2-4', 0.007443411036217493)
('postag_grams-3-30', 0.007275483296759172)
('special_character_grams-2-4', 0.0066243579419755106)
('character_grams-5-3', 0.0059816590272554256)
('character_grams-5-34', 0.0054470765311023231)
('character_grams-3-24', 0.0052120877750964157)
('character_grams-4-32', 0.0045292948831338045)
('character_grams-4-37', 0.0045073096056906627)
('character_grams-4-36', 0.0044724369570112461)
('postag_grams-2-49', 0.0044438448811721836)
('postag_grams-4-11', 0.004270461474628234)
('word_frequencies-38', 0.0040330756988529726)
('postag_grams-3-27', 0.0040227855931363578)
('postag_grams-2-24', 0.0040216335372700836)
('word_frequencies-27', 0.0040148765916671733)
('postag_grams-4-44', 0.0038913546414627719)
('character_grams-4-1', 0.003825928010586596)
('character_grams-5-42', 0.0037909087161898587)
('postag_grams-4-21', 0.0037843540156052573)
('character_grams-5-1', 0.0037547660880805811)
('postag_grams-2-38', 0.0037515190199810615)
('character_grams-2-43', 0.0036966512696394822)
('postag_grams-3-2', 0.0035879977131874352)
('character_grams-2-13', 0.0035702695490314675)
('character_grams-4-19', 0.0035501317615018314)
('special_character_grams-2-1', 0.0035491123044059177)
('character_grams-3-48', 0.0034790930475649324)
('word_frequencies-15', 0.0034638319331604457)
('postag_grams-4-8', 0.0034007813198993313)
('character_grams-4-16', 0.0033911590481855241)
('character_grams-5-30', 0.0033078438444368503)
('postag_grams-3-42', 0.0033012352880477961)
('postag_grams-3-40', 0.0032867224467286638)
('postag_grams-3-19', 0.0032296649632550748)
('postag_grams-2-25', 0.0030527270013206071)
('character_grams-4-43', 0.0030198171395197254)
('postag_grams-2-48', 0.0029565154257449057)
('postag_grams-3-3', 0.0029326615416982904)
('character_grams-5-7', 0.0029180853893763735)
('postag_grams-3-34', 0.002915645039829939)
('postag_grams-2-22', 0.0029101551386618396)
('postag_grams-5-8', 0.0026811435231031615)
('character_grams-2-45', 0.0026783002889978376)
('character_grams-3-35', 0.0026779124393716443)
('character_grams-3-7', 0.0026531402235859302)
('character_grams-2-41', 0.0026361738554708625)
('character_grams-5-18', 0.0026311585659850754)
('character_grams-3-49', 0.0025770853239828724)
('character_grams-4-49', 0.0025391958779793443)
('postag_grams-4-6', 0.0025346977732823863)
('character_grams-3-17', 0.002497736894335864)
('special_character_grams-3-2', 0.0024790340907654639)
('character_grams-3-40', 0.0024643090048982086)
('postag_grams-4-4', 0.0024637360351644029)
('postag_grams-3-26', 0.0024597949313567048)
('character_grams-3-12', 0.0023332046353140264)
('character_grams-3-41', 0.0023316454123014558)
('character_grams-4-20', 0.0023286005919868789)
('character_grams-4-21', 0.0022521283158967501)
('character_grams-3-2', 0.0022380252565859559)
('character_grams-2-47', 0.0022218964913431711)
('postag_grams-3-11', 0.0022185128668505559)
('character_grams-5-20', 0.0021857764590525793)
('postag_grams-2-1', 0.0021615486800666815)
('character_grams-2-22', 0.0021287709070926452)
('postag_grams-5-9', 0.002097574718071911)
('word_frequencies-49', 0.0020746454815006171)
('character_grams-4-33', 0.0020687229365711495)
('postag_grams-4-32', 0.0020299905190578962)
('word_grams-2-2', 0.0019921367964366586)
('postag_grams-2-2', 0.0019825209528764693)
('word_frequencies-16', 0.0019433371668382755)
('character_grams-2-27', 0.0019260681898638778)
('postag_grams-2-44', 0.0019174240584625144)
('character_grams-3-36', 0.001907509751551677)
('postag_grams-4-16', 0.0018628380476081413)
('word_grams-3-17', 0.0018539742493356764)
('word_frequencies-3', 0.0018504741130489293)
('character_grams-4-18', 0.0018416873732032206)
('postag_grams-3-36', 0.0018405917854474139)
('postag_grams-3-20', 0.0018304267771182567)
('word_frequencies-41', 0.001815144338070785)
('character_grams-5-21', 0.0017918864373091127)
('character_grams-2-19', 0.0017526831675857574)
('word_frequencies-10', 0.0017445316869010268)
('word_frequencies-34', 0.0017323941374618856)
('word_frequencies-37', 0.0017298026664548257)
('postag_grams-3-14', 0.0017292292121067446)
('character_grams-4-39', 0.0017290430054689122)
('word_grams-3-37', 0.0017265822806648695)
('character_grams-5-38', 0.0017082240314382133)
('postag_grams-3-33', 0.001702286113279319)
('character_grams-3-10', 0.001670736593810286)
('postag_grams-2-36', 0.0016625004354809381)
('character_grams-3-22', 0.0016557974808181083)
('postag_grams-2-37', 0.001649670383526422)
('postag_grams-5-5', 0.0016070901274256092)
('postag_grams-2-43', 0.0015992458466422338)
('word_grams-2-32', 0.00157085371697102)
('character_grams-4-27', 0.0015315139695438393)
('postag_grams-2-10', 0.0015233533315280599)
('postag_grams-5-42', 0.0015201317745483544)
('special_character_grams-3-4', 0.0015053478110550248)
('postag_grams-2-15', 0.0014981975333266395)
('postag_grams-5-14', 0.0014954768784730124)
('character_grams-4-38', 0.0014675224664670574)
('character_grams-5-43', 0.0014524095585895297)
('word_frequencies-31', 0.0014463865392716588)
('postag_grams-3-12', 0.0014440060471053531)
('character_grams-2-15', 0.0014209570827970225)
('postag_grams-2-47', 0.00140958915451437)
('postag_grams-2-8', 0.0013530617589136713)
('postag_grams-3-7', 0.0013525412494009869)
('character_grams-5-11', 0.0013515047479445105)
('postag_grams-5-22', 0.0013477732001221472)
('character_grams-5-2', 0.0013315931112908336)
('postag_grams-2-6', 0.0013278095124428279)
('character_grams-2-30', 0.0013237923193839352)
('postag_grams-5-45', 0.0013150158265270552)
('postag_grams-5-29', 0.0013082237766349259)
('word_grams-2-13', 0.0013023051106963559)
('postag_grams-2-31', 0.0013002973772700986)
('postag_grams-2-27', 0.0012899645259924026)
('postag_grams-4-30', 0.001276691860860418)
('postag_grams-2-12', 0.0012702390233531357)
('character_grams-5-32', 0.0012679736479761048)
('postag_grams-4-35', 0.0012628993250238657)
('character_grams-3-29', 0.001248529954512304)
('character_grams-4-11', 0.0012481905392949732)
('word_frequencies-50', 0.0012423464105270334)
('word_frequencies-28', 0.0012407227566787742)
('character_grams-3-32', 0.0012328794308823373)
('postag_grams-2-39', 0.001222100365512125)
('postag_grams-4-17', 0.0012126177509457652)
('postag_grams-3-5', 0.001207742699080659)
('postag_grams-3-15', 0.0012059666863865036)
('character_grams-3-39', 0.0012033340550059966)
('special_character_grams-3-5', 0.0011962106843532146)
('postag_grams-3-16', 0.0011924580374612901)
('postag_grams-4-25', 0.0011703843834829509)
('word_grams-2-42', 0.0011643224498709798)
('postag_grams-2-11', 0.001158098694239242)
('character_grams-5-26', 0.0011568207181830567)
('character_grams-4-24', 0.0011544883735533419)
('postag_grams-2-45', 0.0011541400447224476)
('postag_grams-4-3', 0.0011495889539276714)
('postag_grams-5-23', 0.0011458397692357448)
('postag_grams-2-46', 0.0011293306637534192)
('character_grams-4-4', 0.0011191568465723544)
('word_grams-2-29', 0.0011148933733749783)
('character_grams-3-26', 0.001112668791042014)
('word_grams-3-30', 0.0011033450449143359)
('postag_grams-4-7', 0.001100225517436431)
('character_grams-3-43', 0.0010949875967893148)
('postag_grams-2-29', 0.0010943830727123129)
('word_grams-2-12', 0.0010895297705507136)
('character_grams-4-42', 0.0010870827597393186)
('word_frequencies-29', 0.0010864297464654215)
('postag_grams-3-4', 0.0010811855242761658)
('word_frequencies-42', 0.0010795525671304569)
('character_grams-3-3', 0.0010781358838615035)
('character_grams-5-9', 0.0010677361260190384)
('character_grams-3-4', 0.0010655454877159924)
('character_grams-4-50', 0.0010643069913378878)
('postag_grams-2-42', 0.0010612609356878636)
('character_grams-2-10', 0.001052643114935063)
('character_grams-5-35', 0.0010427202987273725)
('character_grams-2-50', 0.001042495353863266)
('character_grams-5-22', 0.0010379604785899269)
('character_grams-4-41', 0.0010362598527777413)
('word_grams-3-10', 0.0010322001708417343)
('word_frequencies-6', 0.0010301876261408533)
('character_grams-2-39', 0.0010227713464413611)
('character_grams-3-30', 0.0010141289264509147)
('postag_grams-2-9', 0.0010119611020050221)
('character_grams-3-16', 0.0010100785106109927)
('postag_grams-3-46', 0.0010060666784247195)
('character_grams-2-12', 0.0010025772781476682)
('word_frequencies-7', 0.0010001764107383326)
('character_grams-2-23', 0.00099579036074150598)
('character_grams-5-23', 0.00099492148224530029)
('postag_grams-3-17', 0.00098669862599356801)
('character_grams-3-23', 0.0009865088103108207)
('character_grams-2-5', 0.00098572682611177461)
('word_frequencies-12', 0.00098474348459552229)
('character_grams-3-45', 0.00097976447475764763)
('character_grams-4-34', 0.00097814549937369575)
('postag_grams-4-36', 0.00097722384754720054)
('character_grams-4-31', 0.00097343314455677736)
('character_grams-3-38', 0.00097043680366242261)
('character_grams-5-48', 0.00096564452958488038)
('character_grams-3-37', 0.00096533283840370687)
('character_grams-3-33', 0.00096188604770236291)
('postag_grams-3-50', 0.00094128513141401545)
('character_grams-5-46', 0.00093678428272755401)
('character_grams-4-12', 0.00093640881707681464)
('postag_grams-3-38', 0.00093264326337835334)
('postag_grams-3-43', 0.00092668656856822334)
('character_grams-3-15', 0.00092563121017665115)
('word_frequencies-17', 0.00092529647794971543)
('character_grams-2-48', 0.00092262746373550049)
('postag_grams-5-39', 0.00091251509020770245)
('character_grams-5-47', 0.00091210805761981009)
('character_grams-3-27', 0.00090620877855843423)
('postag_grams-3-24', 0.00090564712379930629)
('postag_grams-2-30', 0.00090481154192511095)
('word_grams-2-17', 0.00090435025654992849)
('postag_grams-3-41', 0.00089941842338104152)
('character_grams-3-14', 0.00089882226492455915)
('postag_grams-3-44', 0.00089394739814676011)
('character_grams-3-42', 0.00089279097245426996)
('character_grams-3-34', 0.00089261882054979215)
('postag_grams-3-48', 0.00088117718728749131)
('postag_grams-2-7', 0.00086243773625599375)
('word_frequencies-45', 0.00086080329291919014)
('postag_grams-4-34', 0.00086055442021344447)
('postag_grams-2-13', 0.00085597743744794685)
('character_grams-5-44', 0.00085245605962621545)
('word_frequencies-43', 0.00084548614854743629)
('word_frequencies-30', 0.00084543008047126332)
('postag_grams-2-41', 0.00084200537496399784)
('character_grams-5-15', 0.00083724513837602973)
('postag_grams-2-21', 0.0008352011003698351)
('postag_grams-2-4', 0.00083159235123964493)
('character_grams-2-40', 0.00082953865179379591)
('postag_grams-2-16', 0.0008288171223830357)
('character_grams-4-22', 0.00082850151741231063)
('character_grams-2-8', 0.00082662380330799571)
('word_grams-2-10', 0.0008263947465416559)
('character_grams-5-5', 0.00082591778766707199)
('postag_grams-3-28', 0.00082509026132373663)
('postag_grams-2-3', 0.00082315284301684129)
('word_grams-2-9', 0.00082241219915749715)
('character_grams-2-20', 0.00082171904845960422)
('postag_grams-2-35', 0.00081530068105042615)
('postag_grams-4-47', 0.00081216205521821494)
('postag_grams-3-47', 0.00081121139132239121)
('character_grams-2-11', 0.00080494906122352636)
('character_grams-4-40', 0.00080400773541211242)
('postag_grams-5-36', 0.00080034197620358941)
('postag_grams-2-26', 0.00079255986405650253)
('postag_grams-4-45', 0.00079239387652175846)
('word_frequencies-25', 0.00079196632519074582)
('word_grams-2-41', 0.00078735744171012586)
('postag_grams-5-25', 0.00078706510170663475)
('character_grams-4-44', 0.00078500752007580425)
('character_grams-4-10', 0.00077498216244225053)
('character_grams-2-44', 0.00077108086339958918)
('word_grams-2-1', 0.00076980272556115531)
('postag_grams-5-1', 0.00076916843002655178)
('character_grams-2-31', 0.00076785785057627894)
('character_grams-4-6', 0.00076543792246347388)
('word_frequencies-14', 0.00076495686593866768)
('character_grams-4-2', 0.00076373045694768087)
('postag_grams-3-6', 0.00076072768097627417)
('postag_grams-2-5', 0.00075928977785493152)
('character_grams-4-45', 0.00075616236961417336)
('postag_grams-2-28', 0.00075315419089341904)
('word_grams-2-7', 0.00074699324696143583)
('postag_grams-4-23', 0.00074550411757746265)
('character_grams-4-23', 0.00074432311347792462)
('postag_grams-3-23', 0.00074211510080923998)
('character_grams-2-34', 0.00073924558211083602)
('character_grams-3-20', 0.00073673094945686372)
('word_grams-2-4', 0.00073314287165854395)
('word_frequencies-48', 0.00073278050319118039)
('word_frequencies-9', 0.00072708814189724111)
('postag_grams-5-2', 0.00072286168721092097)
('character_grams-3-50', 0.00072208390457514416)
('postag_grams-5-38', 0.00072106644247333599)
('character_grams-4-13', 0.00072094390984539102)
('word_frequencies-32', 0.00072010217840675576)
('postag_grams-4-1', 0.00071742852480254668)
('word_frequencies-1', 0.00071571081275152118)
('postag_grams-5-48', 0.00071303329650550099)
('postag_grams-3-25', 0.00071103296549106633)
('character_grams-5-41', 0.00071028320211288689)
('character_grams-5-49', 0.00070403125354191883)
('character_grams-4-9', 0.00070166716262225703)
('character_grams-2-17', 0.00070134247308673513)
('postag_grams-2-34', 0.0006988962342110239)
('word_grams-2-50', 0.00069862759740315836)
('postag_grams-5-16', 0.00069751522483541993)
('character_grams-2-3', 0.00069524331802848084)
('character_grams-4-17', 0.00068861747913887472)
('character_grams-4-30', 0.0006864312022336512)
('word_grams-2-27', 0.00068608953546186178)
('character_grams-2-42', 0.00068487479677183951)
('word_frequencies-23', 0.0006827659723831897)
('character_grams-2-32', 0.0006800553015856133)
('postag_grams-5-13', 0.00067368617716100532)
('postag_grams-2-14', 0.00066985432797313487)
('character_grams-5-14', 0.00066690518218103618)
('character_grams-4-29', 0.00066652599505612198)
('character_grams-2-25', 0.00066525009997871946)
('word_grams-2-21', 0.00065856697832956501)
('character_grams-5-17', 0.00065685042584581299)
('character_grams-2-46', 0.00065674352980788484)
('postag_grams-2-32', 0.0006542552131336962)
('character_grams-5-33', 0.00065408624499856659)
('word_frequencies-21', 0.00065250620202861667)
('postag_grams-4-28', 0.00064824314180093781)
('word_frequencies-46', 0.00064585906324937789)
('character_grams-2-28', 0.00064403649382187744)
('postag_grams-3-45', 0.00064334971031804677)
('word_grams-2-6', 0.0006432128655561414)
('word_grams-2-30', 0.00063640592658033334)
('postag_grams-2-33', 0.00063530803845053866)
('character_grams-4-26', 0.00063423077798131528)
('postag_grams-2-20', 0.0006326108708654038)
('postag_grams-3-8', 0.00063127554686846278)
('character_grams-3-9', 0.00062999577277252029)
('special_character_grams-3-1', 0.00062791898678734236)
('postag_grams-4-38', 0.0006241007976079307)
('word_frequencies-8', 0.00062378178897822293)
('postag_grams-3-31', 0.00061885130525326907)
('character_grams-4-46', 0.0006185509035262853)
('character_grams-3-11', 0.00061748858452236304)
('character_grams-5-16', 0.00061602875912023338)
('postag_grams-4-20', 0.00061313285423763881)
('character_grams-5-25', 0.00060896345471963566)
('character_grams-4-47', 0.00060785630374811156)
('word_frequencies-11', 0.00060652214972857434)
('character_grams-2-49', 0.00060496908453764448)
('postag_grams-5-10', 0.00060318056287017802)
('character_grams-2-37', 0.00060215112215582049)
('character_grams-5-13', 0.00060034031339497879)
('character_grams-5-24', 0.00058832555159691246)
('postag_grams-4-9', 0.00058150564702514045)
('character_grams-5-10', 0.00058129530628633842)
('postag_grams-5-31', 0.00058014095299233287)
('postag_grams-3-9', 0.00057981495628453648)
('character_grams-3-13', 0.00057804009137279305)
('postag_grams-3-32', 0.00057722421690494018)
('character_grams-2-38', 0.00057413949173743515)
('word_frequencies-22', 0.00057061286113386925)
('character_grams-2-16', 0.00056933580665568281)
('word_grams-2-37', 0.00056918498956427246)
('character_grams-5-28', 0.00056836438722039347)
('postag_grams-5-17', 0.00056655760289161887)
('postag_grams-3-29', 0.00056562301273333448)
('word_grams-2-44', 0.00056378631566980305)
('postag_grams-5-35', 0.00056377302188923158)
('word_grams-2-35', 0.00055788025585489084)
('character_grams-5-29', 0.00055299776771523129)
('character_grams-3-47', 0.00055062139820839936)
('postag_grams-3-49', 0.00054978176242374886)
('character_grams-3-18', 0.00054850189801600559)
('postag_grams-4-10', 0.00054515058985405438)
('character_grams-4-3', 0.00054361431377559989)
('postag_grams-4-39', 0.00054272569290970377)
('character_grams-3-25', 0.00054239027845811856)
('postag_grams-4-49', 0.00054080858466537551)
('character_grams-2-14', 0.00054043400984798127)
('word_grams-2-23', 0.00053889627876868638)
('word_frequencies-13', 0.00053820479619267085)
('character_grams-2-36', 0.00053813312494204975)
('character_grams-2-18', 0.00053709188526741521)
('character_grams-3-46', 0.00053467132453100376)
('postag_grams-5-33', 0.00053264489833346781)
('postag_grams-4-2', 0.00053233712528776586)
('word_frequencies-18', 0.00053215711916965397)
('word_frequencies-24', 0.00053012542065042335)
('postag_grams-2-18', 0.00052993175906289965)
('postag_grams-5-12', 0.00052947723151189265)
('character_grams-3-19', 0.00052532436649521533)
('postag_grams-3-37', 0.00052369841096317512)
('word_frequencies-5', 0.0005231301904191799)
('character_grams-2-35', 0.0005220803449078208)
('postag_grams-2-23', 0.00052164466440181789)
('postag_grams-2-17', 0.00052048835375820236)
('postag_grams-4-12', 0.00051957625034360294)
('character_grams-3-21', 0.00051631328901232776)
('character_grams-2-26', 0.00051338356578985492)
('postag_grams-2-40', 0.00051077217727669012)
('postag_grams-4-41', 0.00051044557728081451)
('postag_grams-4-18', 0.00050829726643144462)
('postag_grams-3-39', 0.00050681686268070844)
('postag_grams-4-33', 0.00050656154292917264)
('word_frequencies-36', 0.00050243336832960113)
('postag_grams-2-19', 0.00049789708075202472)
('character_grams-3-31', 0.00049574872721363931)
('postag_grams-3-1', 0.00049225828334420636)
('postag_grams-4-19', 0.00049211045275288914)
('word_frequencies-26', 0.00049198993586098676)
('postag_grams-3-18', 0.00049047509347047266)
('postag_grams-3-22', 0.00049020087540753421)
('postag_grams-4-50', 0.00048991344942713702)
('word_grams-2-33', 0.00048899683298394203)
('postag_grams-5-18', 0.00048884038780445537)
('postag_grams-4-26', 0.00048830738600354933)
('character_grams-2-33', 0.00048586858205929381)
('postag_grams-5-21', 0.00048447857407565094)
('word_grams-2-3', 0.00048428893404629027)
('postag_grams-4-13', 0.00048176055562916835)
('postag_grams-3-13', 0.00048173357638412031)
('postag_grams-2-50', 0.00046845217768590343)
('word_grams-2-16', 0.0004678760245374227)
('postag_grams-5-50', 0.00046452748579526811)
('character_grams-5-31', 0.00046265451070045995)
('character_grams-3-6', 0.00045509378894667557)
('character_grams-2-24', 0.0004547348354326002)
('postag_grams-5-27', 0.00045064117997877613)
('character_grams-4-15', 0.00044964437257297542)
('word_grams-2-25', 0.0004493340174840045)
('word_frequencies-47', 0.00044311457627580582)
('postag_grams-3-10', 0.0004425868502015993)
('word_frequencies-20', 0.00044039709997852576)
('character_grams-3-8', 0.00043623907376287146)
('postag_grams-4-43', 0.00043460174498342197)
('character_grams-5-27', 0.0004325918548675284)
('character_grams-5-45', 0.00043171867474949737)
('character_grams-5-39', 0.00042580086455587833)
('word_grams-2-28', 0.00042146679073431739)
('character_grams-5-6', 0.00042143313431092629)
('character_grams-2-6', 0.00042061380961245007)
('word_grams-2-39', 0.00041923581669705548)
('word_frequencies-19', 0.00041841982641120011)
('word_grams-2-18', 0.00041794095816195109)
('word_grams-2-8', 0.00041655719172192996)
('character_grams-3-28', 0.00041594255590220099)
('character_grams-2-29', 0.00041532636430854144)
('character_grams-5-4', 0.00041409645579388172)
('character_grams-4-8', 0.00040905685705814736)
('character_grams-4-35', 0.00040525754900530938)
('character_grams-4-25', 0.00040496413636565776)
('character_grams-5-37', 0.00040100874665410726)
('word_frequencies-44', 0.00039910749971133031)
('word_grams-2-11', 0.00039718406932375141)
('word_frequencies-2', 0.00039136036321039735)
('word_grams-2-22', 0.00039051498457138634)
('character_grams-2-7', 0.00039051492465358071)
('word_grams-3-27', 0.00038750686648310524)
('postag_grams-4-27', 0.0003860163652890703)
('postag_grams-4-31', 0.000385964711087603)
('postag_grams-3-35', 0.00038327097002087017)
('character_grams-4-14', 0.00038267028011562421)
('postag_grams-4-29', 0.00038150052394205408)
('character_grams-5-19', 0.00037663731438876158)
('postag_grams-4-48', 0.00037500424831550386)
('character_grams-2-2', 0.0003745752685040927)
('postag_grams-4-5', 0.00036886683203178795)
('postag_grams-5-47', 0.00036566484037863932)
('word_frequencies-33', 0.00036079052859039459)
('word_frequencies-40', 0.00035775400709992064)
('word_grams-2-26', 0.00035666816076038768)
('word_grams-2-34', 0.00035640070172351853)
('postag_grams-5-40', 0.00035608088031182527)
('word_frequencies-4', 0.00035520145484535732)
('word_grams-2-48', 0.00035164054116065715)
('character_grams-4-7', 0.00035051761233631263)
('postag_grams-4-14', 0.00034975333249628572)
('postag_grams-4-37', 0.00034809237739736958)
('postag_grams-5-43', 0.00034732515789582109)
('postag_grams-5-41', 0.00034350177776258309)
('postag_grams-4-15', 0.00032611173654437949)
('word_grams-2-49', 0.00032330835290811892)
('character_grams-5-12', 0.00032234243428324108)
('postag_grams-5-44', 0.00031753781541260235)
('character_grams-4-48', 0.00031480215452473105)
('postag_grams-5-11', 0.00030705759409918273)
('word_grams-2-45', 0.0003066389812637703)
('postag_grams-5-24', 0.00030258202008010443)
('word_frequencies-39', 0.00029984781158610833)
('postag_grams-5-19', 0.00029796493337320789)
('postag_grams-5-26', 0.00029542861132713527)
('postag_grams-5-15', 0.00028989539276900832)
('word_grams-3-47', 0.00028862682969887113)
('postag_grams-4-40', 0.00028022967415613787)
('postag_grams-4-46', 0.00028014235534025168)
('postag_grams-4-24', 0.00027346247023572723)
('word_grams-2-36', 0.00027255048576598623)
('word_grams-2-43', 0.00026868615197638121)
('word_grams-2-46', 0.00026819324724461818)
('postag_grams-4-42', 0.00026797050525260898)
('word_grams-2-5', 0.00026618001332971605)
('word_frequencies-35', 0.00026594548561037024)
('postag_grams-5-20', 0.00026582310965999641)
('postag_grams-5-30', 0.00026504473251602866)
('word_grams-2-20', 0.00026409588979804487)
('word_grams-2-38', 0.00026216284081439638)
('word_grams-2-19', 0.00025490043107292558)
('word_grams-3-12', 0.00025487908220978131)
('word_grams-3-28', 0.00024739358074489959)
('word_grams-2-31', 0.0002386710018154722)
('postag_grams-5-34', 0.00023424374846861795)
('word_grams-3-39', 0.0002327602382682628)
('word_grams-2-40', 0.00022841537054823707)
('word_grams-4-12', 0.00022423328412347795)
('postag_grams-5-49', 0.00022164174715372828)
('postag_grams-4-22', 0.00022050669457093587)
('postag_grams-5-37', 0.00021483734405711757)
('word_grams-2-24', 0.00021357378108690227)
('word_grams-3-46', 0.00021126800248650999)
('postag_grams-5-7', 0.00020681727281336506)
('word_grams-3-48', 0.00020410097062453889)
('word_grams-3-41', 0.00020288115847926814)
('postag_grams-5-46', 0.00020205502352869492)
('word_grams-2-14', 0.00019760344421897364)
('postag_grams-5-3', 0.00019753557334150699)
('word_grams-3-38', 0.00017916507369547316)
('postag_grams-5-6', 0.00015981461324484568)
('word_grams-3-2', 0.00015321524427295394)
('word_grams-3-35', 0.00014631050450360808)
('word_grams-3-22', 0.00014574015418804135)
('word_grams-3-24', 0.00013766413358741594)
('word_grams-3-11', 0.00013564142854766641)
('word_grams-3-31', 0.0001342795900661361)
('word_grams-3-15', 0.00012779852698384275)
('word_grams-3-16', 0.00011045995326508432)
('word_grams-2-47', 0.0001083233119710169)
('word_grams-3-40', 0.00010811361131617096)
('word_grams-4-31', 0.00010461662547210034)
('postag_grams-5-28', 0.00010232424249079096)
('word_grams-4-17', 9.3571379855764101e-05)
('word_grams-4-32', 8.9752881993801443e-05)
('word_grams-3-25', 8.9119479478135444e-05)
('word_grams-3-29', 8.5343237805783203e-05)
('word_grams-3-23', 8.4106327238296394e-05)
('word_grams-3-44', 8.2997210111010261e-05)
('word_grams-3-33', 8.1020690259142548e-05)
('word_grams-4-18', 8.0632685142279414e-05)
('word_grams-3-32', 8.0437883154700903e-05)
('word_grams-3-26', 7.7809348113029979e-05)
('word_grams-3-36', 7.6814119336865436e-05)
('postag_grams-5-4', 7.4819333100115636e-05)
('word_grams-3-7', 7.4278278294191791e-05)
('postag_grams-5-32', 6.8147270746744831e-05)
('word_grams-4-26', 5.2844084429266906e-05)
('word_grams-4-27', 5.2704011950571028e-05)
('word_grams-3-14', 4.6604928017371956e-05)
('word_grams-5-50', 4.31984981392876e-05)
('word_grams-5-18', 3.4290276455278075e-05)
('word_grams-3-19', 3.3632834224763785e-05)
('word_grams-3-50', 3.088724990229778e-05)
('word_grams-2-15', 2.9724891425745559e-05)
('word_grams-3-45', 2.3502896967221038e-05)
('word_grams-4-15', 2.2213803701698139e-05)
('word_grams-4-9', 2.1436894693604243e-05)
('word_grams-3-13', 2.1294092370378395e-05)
('word_grams-4-3', 2.0158580428370046e-05)
('word_grams-4-19', 1.9586544605341596e-05)
('word_grams-4-28', 1.9521941619161256e-05)
('word_grams-4-33', 1.9218331145741814e-05)
('word_grams-5-9', 1.8588623021700598e-05)
('word_grams-3-8', 1.6618388281102484e-05)
('word_grams-5-20', 1.4284560290657854e-05)
('word_grams-3-5', 1.396156273651736e-05)
('word_grams-3-3', 1.373578509441423e-05)
('word_grams-4-29', 1.3726020180567302e-05)
('word_grams-5-8', 1.3505772152388697e-05)
('word_grams-5-7', 1.3470638943177292e-05)
('word_grams-3-34', 1.288015493278651e-05)
('word_grams-4-14', 1.1629072681704259e-05)
('word_grams-5-31', 1.005608156260454e-05)
('word_grams-4-2', 9.9863491424481704e-06)
('word_grams-5-3', 9.9811111111111106e-06)
('word_grams-5-47', 9.8202672714555904e-06)
('word_grams-5-49', 9.7305714344253893e-06)
('word_grams-5-2', 9.6741318622882318e-06)
('word_grams-4-41', 9.594964954288996e-06)
('word_grams-4-44', 9.4796089661301521e-06)
('word_grams-5-17', 9.3865116261532845e-06)
('word_grams-4-23', 9.1525457379115957e-06)
('word_grams-5-34', 9.1232492231719008e-06)
('word_grams-5-43', 9.0431908254785009e-06)
('word_grams-3-9', 8.8833019065577196e-06)
('word_grams-5-4', 8.6743886743886777e-06)
('word_grams-4-25', 8.5697416618469276e-06)
('word_grams-5-19', 8.4140936067913748e-06)
('word_grams-5-39', 8.4024265921839376e-06)
('word_grams-4-5', 8.2142857142857143e-06)
('word_grams-4-42', 8.1869350162033102e-06)
('word_grams-4-16', 8.08433421215376e-06)
('word_grams-4-20', 8.0050031269543471e-06)
('word_grams-3-21', 7.9568059107701031e-06)
('word_grams-3-20', 7.7826419289833911e-06)
('word_grams-4-43', 7.6405839309979997e-06)
('word_grams-4-46', 7.1473242204949522e-06)
('word_grams-4-38', 6.7724867724867727e-06)
('word_grams-4-10', 6.1381074168797949e-06)
('word_grams-5-22', 5.0951086956521692e-06)
('word_grams-3-4', 5.0559578670177734e-06)
('word_grams-3-1', 4.9242424242424199e-06)
('word_grams-5-40', 4.9155145929339447e-06)
('word_grams-5-14', 4.8840048840048794e-06)
('word_grams-5-26', 4.8748416478247588e-06)
('word_grams-5-16', 4.8711502199874303e-06)
('word_grams-5-45', 4.8693161475116345e-06)
('word_grams-5-41', 4.8571428571428576e-06)
('word_grams-4-24', 4.8076923076923104e-06)
('word_grams-3-49', 4.8030018761726076e-06)
('word_grams-5-5', 4.6421663442940052e-06)
('word_grams-4-36', 4.5454545454545464e-06)
('word_grams-4-35', 4.4642857142857155e-06)
('word_grams-5-36', 4.4555834029518235e-06)
('word_grams-4-8', 4.3843624406284256e-06)
('word_grams-4-7', 4.3777360850531589e-06)
('word_grams-4-11', 4.3537414965986406e-06)
('word_grams-5-12', 4.2328042328042337e-06)
('word_grams-5-44', 4.2132982225148119e-06)
('word_grams-5-35', 4.1263700838168913e-06)
('word_grams-5-27', 4.0226272784412308e-06)
('word_grams-5-30', 3.9999999999999998e-06)
('word_grams-4-49', 3.8363171355498718e-06)
('word_grams-4-48', 3.7500000000000001e-06)
('word_grams-4-40', 3.6630036630036632e-06)
('word_grams-4-4', 3.4386417365140759e-06)
('word_grams-5-25', 3.3354179695643117e-06)
('word_grams-5-48', 3.3354179695643109e-06)
('word_grams-3-6', 0.0)
('word_grams-3-18', 0.0)
('word_grams-3-42', 0.0)
('word_grams-3-43', 0.0)
('word_grams-4-1', 0.0)
('word_grams-4-6', 0.0)
('word_grams-4-13', 0.0)
('word_grams-4-21', 0.0)
('word_grams-4-22', 0.0)
('word_grams-4-30', 0.0)
('word_grams-4-34', 0.0)
('word_grams-4-37', 0.0)
('word_grams-4-39', 0.0)
('word_grams-4-45', 0.0)
('word_grams-4-47', 0.0)
('word_grams-4-50', 0.0)
('word_grams-5-1', 0.0)
('word_grams-5-6', 0.0)
('word_grams-5-10', 0.0)
('word_grams-5-11', 0.0)
('word_grams-5-13', 0.0)
('word_grams-5-15', 0.0)
('word_grams-5-21', 0.0)
('word_grams-5-23', 0.0)
('word_grams-5-24', 0.0)
('word_grams-5-28', 0.0)
('word_grams-5-29', 0.0)
('word_grams-5-32', 0.0)
('word_grams-5-33', 0.0)
('word_grams-5-37', 0.0)
('word_grams-5-38', 0.0)
('word_grams-5-42', 0.0)
('word_grams-5-46', 0.0)
