0.5
('word_frequencies-19', 0.004775450141841938)
('postag_grams-2-41', 0.004519335070920681)
('character_grams-3-21', 0.0041783946105250682)
('character_grams-2-18', 0.0041760029505543469)
('character_grams-2-19', 0.0041308525316891363)
('character_grams-3-40', 0.0040785570691050854)
('character_grams-3-36', 0.004073957806944117)
('word_frequencies-37', 0.0039308416663741044)
('character_grams-2-42', 0.0039057260681471572)
('postag_grams-4-36', 0.0038664062200841694)
('character_grams-3-44', 0.0038577381433952253)
('postag_grams-3-40', 0.0038161047015964379)
('postag_grams-2-12', 0.003762700175643507)
('character_grams-2-15', 0.0037092830979456176)
('postag_grams-2-17', 0.0036797205260102163)
('character_grams-2-12', 0.0036539242687946699)
('postag_grams-2-25', 0.0036261754433755734)
('character_grams-3-28', 0.0036218418785524888)
('postag_grams-2-34', 0.0036193601297057516)
('character_grams-3-42', 0.0036115644885251017)
('word_frequencies-50', 0.0036036301751477952)
('postag_grams-2-27', 0.0035912769631668206)
('character_grams-2-31', 0.0035891784500065504)
('character_grams-2-22', 0.0035285646840551937)
('postag_grams-2-32', 0.0034961569557393729)
('character_grams-5-25', 0.0034753288179256579)
('character_grams-2-24', 0.0034724546459681911)
('postag_grams-3-50', 0.0034552871569627484)
('postag_grams-2-2', 0.0034439291712623486)
('word_frequencies-23', 0.0034407393764403294)
('character_grams-3-50', 0.0034404158646562876)
('character_grams-2-17', 0.0034014762339850341)
('character_grams-2-27', 0.0033967897023758249)
('special_character_grams-3-3', 0.0033955277042580279)
('character_grams-2-13', 0.0033942406178641433)
('character_grams-3-17', 0.0033933532413354221)
('character_grams-2-26', 0.0033796456783113269)
('character_grams-2-33', 0.0033682539127872042)
('postag_grams-2-9', 0.0033486801880239386)
('character_grams-3-20', 0.0033350216922052116)
('character_grams-2-50', 0.0033256030046247189)
('postag_grams-3-25', 0.0033177495530228533)
('postag_grams-2-38', 0.0032974016441015387)
('character_grams-3-33', 0.0032900458429056573)
('postag_grams-3-3', 0.0032792381166974051)
('postag_grams-2-19', 0.0032713463178155799)
('character_grams-4-44', 0.0032699751874811517)
('postag_grams-4-17', 0.0032535390197859075)
('character_grams-5-42', 0.0032454528809707718)
('postag_grams-3-15', 0.00323312647082631)
('special_character_grams-2-1', 0.0032256422061373398)
('postag_grams-4-28', 0.0032133643512889431)
('postag_grams-3-33', 0.0031958739793936717)
('character_grams-4-43', 0.0031788435202476217)
('character_grams-2-46', 0.0031638263043086462)
('postag_grams-3-1', 0.0031636242906673061)
('postag_grams-2-20', 0.0031490812444721818)
('character_grams-2-38', 0.0031237916776269805)
('postag_grams-2-14', 0.003117715604025652)
('character_grams-2-44', 0.0031094513371598552)
('character_grams-3-25', 0.0031027992083209662)
('postag_grams-2-48', 0.0030985186629252492)
('postag_grams-2-46', 0.003075865110795281)
('character_grams-4-26', 0.0030749107767456397)
('character_grams-2-11', 0.0030723107004665511)
('character_grams-4-28', 0.0030629466540347105)
('character_grams-2-29', 0.0030575776167137726)
('postag_grams-3-27', 0.0030525644835292698)
('special_character_grams-3-5', 0.003043068831920839)
('postag_grams-3-16', 0.0030421026311907994)
('postag_grams-2-43', 0.0030379253562239344)
('character_grams-5-15', 0.0030317032072002827)
('postag_grams-2-50', 0.0030243861532483788)
('special_character_grams-3-2', 0.003006044587336945)
('character_grams-3-31', 0.0029975731615598093)
('postag_grams-4-3', 0.0029951914077080044)
('special_character_grams-3-1', 0.002991330536620043)
('character_grams-3-15', 0.0029831503614406226)
('word_frequencies-42', 0.0029671399037863332)
('postag_grams-2-30', 0.0029460464874673581)
('postag_grams-3-41', 0.0029355798003130509)
('postag_grams-3-38', 0.0029340252094804038)
('character_grams-5-24', 0.0029274327736805222)
('postag_grams-3-6', 0.0029270291690591203)
('postag_grams-4-1', 0.0029188651527267432)
('postag_grams-3-45', 0.0029131411117624662)
('character_grams-5-48', 0.0028997001455513998)
('postag_grams-3-31', 0.00289501877480269)
('character_grams-2-2', 0.0028890215165014461)
('character_grams-3-2', 0.0028828345663978339)
('character_grams-2-10', 0.0028723128922653711)
('character_grams-3-30', 0.002870169024640858)
('postag_grams-2-7', 0.0028644022676659981)
('character_grams-5-29', 0.0028424660068101038)
('special_character_grams-2-2', 0.0028406378496711126)
('postag_grams-2-21', 0.0028365394759932981)
('postag_grams-2-28', 0.0028256287084783365)
('character_grams-3-37', 0.0028039377053602575)
('character_grams-2-45', 0.002803677635597762)
('postag_grams-3-20', 0.0027990107786474532)
('character_grams-2-20', 0.0027958895685559681)
('character_grams-2-7', 0.0027875271190034535)
('postag_grams-2-31', 0.0027861355896209678)
('character_grams-4-24', 0.0027730477344035998)
('postag_grams-3-14', 0.0027705842066914742)
('postag_grams-2-23', 0.0027688119599369289)
('character_grams-2-30', 0.0027597695991696245)
('character_grams-3-16', 0.0027564255485215887)
('character_grams-2-21', 0.0027478807231161194)
('postag_grams-3-19', 0.0027474932020460285)
('word_frequencies-35', 0.0027293691321704267)
('character_grams-2-48', 0.0027276603439660742)
('word_frequencies-18', 0.0027226154816536773)
('character_grams-2-47', 0.0027215870033387435)
('character_grams-2-41', 0.0027192197519163084)
('postag_grams-3-17', 0.0027175313380566847)
('character_grams-3-5', 0.0027170350016257499)
('character_grams-3-10', 0.002715977869027887)
('word_frequencies-40', 0.002713432311145984)
('postag_grams-2-11', 0.002705084377242024)
('postag_grams-2-22', 0.002695289228076186)
('character_grams-2-16', 0.0026927286885935174)
('word_frequencies-7', 0.0026926198480891196)
('word_frequencies-27', 0.0026853211811907387)
('character_grams-4-2', 0.0026831995004866181)
('postag_grams-2-6', 0.002680662616702655)
('postag_grams-3-22', 0.0026745068600676023)
('character_grams-2-49', 0.0026472810924352236)
('postag_grams-3-8', 0.0026437424172650941)
('postag_grams-2-35', 0.0026428582019180813)
('postag_grams-3-11', 0.0026307593003043472)
('word_frequencies-38', 0.002628487924064696)
('postag_grams-2-5', 0.0026243970898145942)
('character_grams-2-28', 0.0026173755956739025)
('character_grams-3-41', 0.0026150781260176528)
('character_grams-2-14', 0.0026107713864249311)
('character_grams-5-39', 0.0026070485580622798)
('word_frequencies-49', 0.0026053807418605799)
('postag_grams-3-2', 0.0026000765794886873)
('character_grams-3-38', 0.0025998347854161502)
('character_grams-2-35', 0.002591747254590247)
('postag_grams-3-12', 0.0025887764402992191)
('postag_grams-4-6', 0.0025797618210150574)
('character_grams-3-26', 0.0025790376730136749)
('character_grams-5-38', 0.0025783926227237637)
('character_grams-3-11', 0.0025778724407820924)
('postag_grams-2-26', 0.0025767519503893462)
('word_frequencies-11', 0.0025669640846693225)
('special_character_grams-2-4', 0.0025665904461120493)
('character_grams-4-17', 0.0025637095617335498)
('character_grams-3-47', 0.0025615543312010273)
('postag_grams-2-29', 0.0025608243412878684)
('word_frequencies-47', 0.002555703793294829)
('word_frequencies-36', 0.0025472063436682447)
('postag_grams-2-8', 0.0025469308157527694)
('character_grams-4-31', 0.0025287043765923312)
('character_grams-5-49', 0.0025286383475607455)
('postag_grams-3-26', 0.0025201777935573845)
('character_grams-2-5', 0.0025179689711774824)
('postag_grams-3-29', 0.0025166220034966423)
('postag_grams-2-45', 0.0025141375588160425)
('character_grams-4-27', 0.0025102593579721323)
('character_grams-3-45', 0.0025090846982151159)
('character_grams-2-23', 0.0024888774366965227)
('postag_grams-3-30', 0.0024781961682516867)
('character_grams-3-23', 0.0024776481765847879)
('character_grams-4-32', 0.0024720579482897503)
('character_grams-2-1', 0.002447621362201472)
('postag_grams-2-15', 0.0024457347711388032)
('postag_grams-2-24', 0.0024456048206431477)
('word_frequencies-24', 0.0024297323838785171)
('character_grams-2-9', 0.0024264774835155204)
('character_grams-3-49', 0.0024192432896991351)
('postag_grams-3-5', 0.0024146471838393906)
('character_grams-2-8', 0.0024078216282430636)
('character_grams-3-39', 0.0024039119500059488)
('word_grams-2-7', 0.0024001998704629604)
('postag_grams-2-36', 0.0023961414260359106)
('character_grams-3-46', 0.0023950352654227968)
('character_grams-2-32', 0.0023925791392798239)
('special_character_grams-3-4', 0.0023900985587911065)
('postag_grams-2-4', 0.0023895842358267884)
('character_grams-3-22', 0.0023867281804204744)
('character_grams-2-37', 0.0023785839694640816)
('word_frequencies-8', 0.0023710132824055351)
('word_frequencies-1', 0.0023685600748850994)
('postag_grams-2-3', 0.0023652012304080593)
('word_frequencies-12', 0.0023533574136543594)
('character_grams-3-32', 0.002349763087768816)
('character_grams-2-40', 0.0023478555882452002)
('character_grams-5-28', 0.0023477254451608606)
('character_grams-5-50', 0.0023392425588213174)
('postag_grams-4-30', 0.0023366121448889277)
('character_grams-4-1', 0.0023356191676546889)
('character_grams-2-43', 0.0023339273548080262)
('character_grams-2-25', 0.0023300419392194485)
('character_grams-4-13', 0.0023294032311408789)
('character_grams-3-12', 0.0023260504148026051)
('postag_grams-3-18', 0.0023245423009757822)
('character_grams-3-35', 0.0023222593651613531)
('postag_grams-3-28', 0.0023133034557388647)
('postag_grams-4-11', 0.0023122559038053548)
('word_frequencies-17', 0.0023050118977788834)
('character_grams-2-3', 0.0022936749168580993)
('character_grams-2-36', 0.0022799637051720912)
('character_grams-2-39', 0.0022588551670605183)
('postag_grams-3-35', 0.0022581580626195637)
('character_grams-2-4', 0.0022577713260626131)
('character_grams-5-32', 0.0022565465431789986)
('character_grams-3-1', 0.0022532349717465342)
('postag_grams-3-39', 0.0022382392051684252)
('character_grams-5-33', 0.0022381162363745381)
('postag_grams-2-42', 0.0022275914155203231)
('special_character_grams-2-5', 0.0022260823955680136)
('word_frequencies-13', 0.002220573085047613)
('postag_grams-3-4', 0.0022184838002382336)
('postag_grams-2-10', 0.002216020043850428)
('postag_grams-2-47', 0.0022158067522133986)
('postag_grams-2-37', 0.0022126985825750073)
('word_grams-2-5', 0.002212481886264734)
('word_frequencies-28', 0.0022033854381303046)
('character_grams-3-27', 0.0022015421476470147)
('character_grams-4-48', 0.0021975829997629408)
('postag_grams-4-10', 0.0021873804822949761)
('postag_grams-4-13', 0.0021856959717279265)
('character_grams-5-41', 0.0021809078723842175)
('character_grams-4-6', 0.0021733762909953063)
('postag_grams-3-9', 0.0021698060795142223)
('character_grams-5-34', 0.0021628331971185284)
('character_grams-4-21', 0.0021573783380861812)
('character_grams-3-4', 0.0021514080440616385)
('special_character_grams-2-3', 0.0021488272485133742)
('character_grams-4-22', 0.0021367755111941261)
('word_frequencies-10', 0.0021344833850500968)
('character_grams-5-37', 0.0021283302633278572)
('postag_grams-4-14', 0.0021001558751232814)
('character_grams-4-40', 0.0020962462293495944)
('word_frequencies-22', 0.0020897848505815465)
('character_grams-3-19', 0.0020880766633711036)
('character_grams-3-14', 0.0020806849386341988)
('character_grams-2-6', 0.0020754787744343937)
('character_grams-3-29', 0.0020737389434261045)
('word_frequencies-14', 0.0020641122082215948)
('character_grams-3-24', 0.0020616533812910661)
('postag_grams-3-10', 0.0020615268608683052)
('word_frequencies-2', 0.0020525899856736365)
('word_frequencies-4', 0.0020390426757101593)
('character_grams-4-18', 0.0020312445282301482)
('word_frequencies-43', 0.0020306782296096197)
('character_grams-5-17', 0.002027097722992058)
('postag_grams-4-48', 0.0020264154574905812)
('character_grams-4-20', 0.0020216063294688624)
('character_grams-4-7', 0.0020211046881382362)
('character_grams-3-3', 0.0020182033627342702)
('character_grams-5-7', 0.0020091227025658058)
('character_grams-5-8', 0.0019875915908918046)
('character_grams-4-47', 0.0019765164532883827)
('postag_grams-2-39', 0.0019744022939185953)
('postag_grams-4-24', 0.0019733322852643147)
('postag_grams-4-8', 0.0019648393265006689)
('postag_grams-4-5', 0.0019641423218996826)
('character_grams-5-35', 0.0019615834225671061)
('postag_grams-2-33', 0.0019524575813762641)
('postag_grams-3-23', 0.0019456968905999996)
('postag_grams-4-7', 0.0019402213567328119)
('character_grams-4-33', 0.001931610770950592)
('word_grams-2-2', 0.0019293547413191184)
('character_grams-5-13', 0.0019234718673289337)
('postag_grams-2-1', 0.0019224106519735939)
('character_grams-4-37', 0.001921818342236144)
('character_grams-4-8', 0.001920856591900353)
('character_grams-5-43', 0.0019197705246898173)
('word_frequencies-6', 0.0019160766030169812)
('character_grams-3-8', 0.0019118130282023533)
('word_frequencies-9', 0.0019063434482398842)
('character_grams-5-2', 0.0018808479910925064)
('character_grams-4-29', 0.0018801645484924022)
('postag_grams-4-15', 0.0018800764547904514)
('word_grams-2-1', 0.0018700980432702636)
('character_grams-2-34', 0.0018621158729996133)
('postag_grams-4-9', 0.0018494664058887845)
('character_grams-3-34', 0.0018482161352360346)
('postag_grams-2-13', 0.001846626618156817)
('character_grams-5-14', 0.0018414938798384578)
('character_grams-5-30', 0.001836703568764047)
('word_frequencies-20', 0.0018349853326229829)
('postag_grams-4-33', 0.0018298819110772252)
('postag_grams-4-2', 0.0018161208754943897)
('character_grams-4-19', 0.0018151363544452539)
('character_grams-4-3', 0.0018140792743867188)
('character_grams-5-5', 0.0018100483666739203)
('postag_grams-2-16', 0.0018072945507374887)
('word_frequencies-5', 0.0018054315851499365)
('character_grams-5-26', 0.0018038428717966793)
('character_grams-5-4', 0.0017992725671397967)
('word_grams-2-4', 0.0017900145230436836)
('word_frequencies-48', 0.0017870172452167151)
('word_frequencies-32', 0.0017840531263836194)
('character_grams-5-19', 0.0017823808934468287)
('character_grams-3-9', 0.0017608423853158516)
('word_frequencies-34', 0.0017594745644921622)
('postag_grams-3-13', 0.0017573414774298443)
('postag_grams-2-44', 0.001750871109151422)
('word_frequencies-3', 0.0017416907644464143)
('character_grams-4-39', 0.0017358746721280675)
('postag_grams-4-29', 0.0017312886309773599)
('character_grams-5-6', 0.0017291243640872491)
('postag_grams-3-48', 0.0017242995266697919)
('character_grams-5-23', 0.0017196331451247524)
('postag_grams-3-47', 0.0017189165866415633)
('character_grams-5-1', 0.0017140990683274487)
('character_grams-3-6', 0.0017112313300826506)
('postag_grams-4-43', 0.0017094275549675148)
('postag_grams-2-49', 0.0017072877655083052)
('character_grams-4-11', 0.0016938640037500552)
('character_grams-4-42', 0.0016868778077386471)
('postag_grams-5-34', 0.0016777219081531372)
('character_grams-5-18', 0.001674470705324529)
('character_grams-4-36', 0.0016695030124806538)
('postag_grams-3-49', 0.0016501018889591289)
('postag_grams-2-40', 0.0016479802747395855)
('postag_grams-4-26', 0.0016404339163185503)
('character_grams-5-12', 0.0016364187838366075)
('postag_grams-4-37', 0.0016128910189798595)
('postag_grams-3-7', 0.0016056654648978989)
('character_grams-4-41', 0.0015969360252042486)
('character_grams-4-45', 0.0015857473436560201)
('word_frequencies-39', 0.0015801608450106168)
('postag_grams-5-38', 0.0015788294418834338)
('postag_grams-4-4', 0.0015772687520819071)
('word_frequencies-16', 0.0015763517003410089)
('postag_grams-5-35', 0.0015745072178964788)
('character_grams-4-4', 0.0015729134433481028)
('postag_grams-2-18', 0.0015720330847884092)
('postag_grams-4-39', 0.0015693325162418473)
('word_frequencies-33', 0.0015614560082890553)
('postag_grams-5-18', 0.001554548985474253)
('word_frequencies-31', 0.0015352530488025623)
('postag_grams-4-27', 0.001501657142192668)
('word_grams-2-50', 0.0015007293494633681)
('postag_grams-4-25', 0.0014990106219032171)
('character_grams-5-27', 0.0014947531188873608)
('postag_grams-4-41', 0.0014792424602453802)
('postag_grams-5-2', 0.0014685598421006669)
('character_grams-3-13', 0.0014671497511370962)
('word_frequencies-26', 0.0014650399239731235)
('word_frequencies-15', 0.0014606623113155542)
('word_grams-2-33', 0.0014591249475959969)
('postag_grams-3-24', 0.0014585775583917425)
('character_grams-4-16', 0.0014565141473144275)
('character_grams-5-40', 0.0014554225354593085)
('character_grams-5-45', 0.0014530930438945847)
('postag_grams-5-36', 0.0014463559234358374)
('character_grams-5-20', 0.0014380884245747765)
('character_grams-5-31', 0.0014284063709041003)
('postag_grams-3-32', 0.0014273111576375546)
('character_grams-5-36', 0.0014207798919353741)
('character_grams-3-48', 0.0014144796329948195)
('character_grams-3-7', 0.001413557985587646)
('word_frequencies-29', 0.0014118617879308422)
('postag_grams-5-3', 0.0014088155920675006)
('character_grams-5-22', 0.0013964205245292041)
('postag_grams-3-36', 0.0013933756717209064)
('character_grams-4-15', 0.0013932836378099181)
('character_grams-4-5', 0.0013879025998065969)
('word_frequencies-46', 0.0013768152786295706)
('postag_grams-3-37', 0.0013696906388822542)
('postag_grams-5-12', 0.0013633333993425434)
('word_grams-2-3', 0.0013621621455993205)
('character_grams-4-30', 0.0013581536352112635)
('postag_grams-3-21', 0.0013247059474830029)
('character_grams-4-46', 0.0013123170474228737)
('postag_grams-5-49', 0.001306403768120907)
('postag_grams-3-42', 0.0012930479101043446)
('character_grams-4-23', 0.0012915801260741239)
('character_grams-4-12', 0.0012843362655410244)
('character_grams-5-3', 0.0012760429647151424)
('postag_grams-3-44', 0.0012735167080738744)
('word_frequencies-44', 0.0012695948181682029)
('character_grams-4-9', 0.0012446271486314115)
('word_frequencies-21', 0.0012341838836127418)
('postag_grams-5-1', 0.0012285362965100922)
('character_grams-5-47', 0.0012275503925381808)
('character_grams-4-49', 0.0012167419061578446)
('postag_grams-5-15', 0.0012161573527148593)
('word_frequencies-25', 0.0012113090718775207)
('postag_grams-3-43', 0.0012105676760639067)
('postag_grams-4-45', 0.0012023912295794493)
('character_grams-5-46', 0.0011925417095527871)
('word_grams-2-10', 0.0011875995818225386)
('character_grams-3-18', 0.0011871824843855845)
('postag_grams-4-35', 0.0011822484908691837)
('word_frequencies-45', 0.0011720101251886971)
('postag_grams-4-20', 0.0011617264042097016)
('character_grams-4-35', 0.0011335982161022184)
('word_grams-2-23', 0.0011308134359599466)
('word_frequencies-41', 0.0011281176396588024)
('word_grams-2-24', 0.001112731499185007)
('word_grams-2-16', 0.0011069520412835411)
('character_grams-4-34', 0.0011011928967804016)
('postag_grams-5-6', 0.0010857600804435887)
('character_grams-5-11', 0.001069694381120689)
('postag_grams-3-46', 0.0010618762539387596)
('postag_grams-4-42', 0.0010452648046645862)
('postag_grams-4-46', 0.0010397160528617391)
('word_grams-2-11', 0.0010332739285639763)
('postag_grams-5-7', 0.0010255956962561463)
('postag_grams-4-18', 0.0010169332988786267)
('word_grams-2-13', 0.0010082300560367811)
('postag_grams-4-40', 0.0010076918686255081)
('character_grams-5-16', 0.0010076443703582979)
('postag_grams-4-38', 0.0010039400151453147)
('character_grams-5-21', 0.0010023328010071251)
('word_grams-2-6', 0.00095699660972681168)
('postag_grams-5-26', 0.00094311565602532305)
('character_grams-5-9', 0.0009324215636019441)
('postag_grams-5-11', 0.00093234076165168436)
('character_grams-4-38', 0.00092356349839847393)
('postag_grams-5-40', 0.00091572704978674761)
('postag_grams-4-21', 0.00090823856525456767)
('postag_grams-4-32', 0.00090417036875600385)
('postag_grams-4-22', 0.00090110649680986868)
('word_grams-2-21', 0.00088890402047184615)
('postag_grams-5-8', 0.00088697373943794078)
('postag_grams-3-34', 0.00088223933359179161)
('postag_grams-5-25', 0.00087050165317080681)
('postag_grams-5-30', 0.00086148014219411127)
('postag_grams-5-9', 0.00084759664283108388)
('postag_grams-5-14', 0.00084599361546654)
('word_grams-2-8', 0.00084204551561301824)
('character_grams-4-14', 0.00083091872468456316)
('word_grams-2-43', 0.00082867186999309309)
('postag_grams-4-12', 0.00079261771545136072)
('word_grams-2-34', 0.00078229066158413626)
('word_grams-2-9', 0.00078216665445002081)
('postag_grams-4-44', 0.00077849840061467032)
('word_grams-2-48', 0.0007757861678775557)
('character_grams-4-10', 0.00077188397427562427)
('postag_grams-4-34', 0.00075824177549293202)
('postag_grams-4-31', 0.00075250741679975641)
('postag_grams-5-13', 0.00073488956859084559)
('character_grams-5-44', 0.00070926729112536803)
('character_grams-3-43', 0.00070037287433641457)
('postag_grams-5-46', 0.00069889542764543181)
('postag_grams-5-41', 0.0006877222060127805)
('postag_grams-4-16', 0.00068738021137395536)
('word_grams-2-19', 0.00068225924194581728)
('postag_grams-5-5', 0.00065878260563263943)
('postag_grams-5-4', 0.00061720351666935658)
('postag_grams-4-23', 0.00061601887065655431)
('postag_grams-5-20', 0.00061233635427450849)
('postag_grams-5-23', 0.0006118065776584546)
('word_grams-2-37', 0.00059205469089476832)
('postag_grams-5-47', 0.00058767608256012234)
('postag_grams-4-19', 0.00057648525009560141)
('word_grams-2-44', 0.00056074438307171526)
('postag_grams-5-21', 0.00053331621056796556)
('character_grams-5-10', 0.00052619053795117639)
('character_grams-4-25', 0.00051254280616466947)
('postag_grams-5-43', 0.00050653748299535795)
('word_grams-2-42', 0.0005020407776938976)
('word_grams-2-25', 0.00049847641801112352)
('postag_grams-5-28', 0.00049457717377498762)
('word_grams-2-45', 0.00049401643614481623)
('postag_grams-5-29', 0.00049276347935802117)
('postag_grams-5-17', 0.00048937072813034469)
('postag_grams-5-22', 0.00048915572321808136)
('postag_grams-5-10', 0.00048670705522963571)
('word_grams-2-32', 0.00048237116908854432)
('postag_grams-5-48', 0.00047976560031011076)
('word_grams-2-31', 0.00047771601365187335)
('postag_grams-4-47', 0.00047612757764890892)
('postag_grams-5-39', 0.00047165677076149834)
('word_grams-2-12', 0.00045452474165034258)
('postag_grams-5-31', 0.00044810999273286139)
('postag_grams-5-16', 0.00043329767210772247)
('postag_grams-5-33', 0.00039882687615529932)
('postag_grams-4-50', 0.00039108474665141489)
('postag_grams-5-44', 0.00038845237155483552)
('postag_grams-5-24', 0.0003868946897481672)
('word_grams-2-28', 0.00037365283484775633)
('word_grams-2-15', 0.0003581540527774756)
('word_grams-2-36', 0.00034203953864416647)
('postag_grams-5-42', 0.00033374590271735587)
('word_grams-2-41', 0.00032651823082163154)
('postag_grams-5-45', 0.00031470096301559327)
('word_grams-2-30', 0.00031251459403164436)
('postag_grams-5-27', 0.00029952092654112465)
('word_grams-2-39', 0.00029308616740213292)
('postag_grams-5-32', 0.00027990367029137462)
('word_grams-2-22', 0.00027049833487714591)
('postag_grams-5-19', 0.00025647774821141998)
('postag_grams-5-50', 0.00025448585651027556)
('word_grams-3-36', 0.00025250482653156543)
('word_grams-3-12', 0.00024849232413550111)
('word_grams-2-40', 0.0002477564122937571)
('word_grams-2-18', 0.00022944098662585306)
('word_grams-2-29', 0.00022001756595862456)
('word_frequencies-30', 0.00021319258310260184)
('word_grams-2-17', 0.00021233435619306157)
('postag_grams-4-49', 0.0001922162108987148)
('word_grams-2-46', 0.00018868552490068733)
('word_grams-3-42', 0.0001795867751399548)
('postag_grams-5-37', 0.00017625062012710646)
('word_grams-3-1', 0.00017567260297456048)
('word_grams-3-25', 0.00015022530622060587)
('word_grams-2-35', 0.00013745696914046839)
('word_grams-3-19', 0.00013132574864299022)
('word_grams-2-14', 0.0001264706841799403)
('word_grams-3-15', 0.00012173371626763629)
('word_grams-3-43', 0.00010438443856706021)
('word_grams-2-38', 9.8681498551572136e-05)
('word_grams-2-47', 9.464191466645414e-05)
('word_grams-3-44', 8.3352531872485478e-05)
('word_grams-3-48', 7.8302575272516631e-05)
('word_grams-3-40', 7.4189902170160047e-05)
('word_grams-2-26', 6.2604258474151627e-05)
('word_grams-3-9', 6.1320298968677494e-05)
('word_grams-2-49', 5.6597076959468516e-05)
('word_grams-3-22', 5.1770519315686517e-05)
('word_grams-4-35', 5.1627489749681868e-05)
('word_grams-3-7', 5.0300344849533907e-05)
('word_grams-3-41', 4.7617083635340659e-05)
('word_grams-4-23', 4.4636693990657588e-05)
('word_grams-3-11', 4.4241727001818086e-05)
('word_grams-4-6', 4.2863572164276813e-05)
('word_grams-3-18', 4.2260508908897538e-05)
('word_grams-3-34', 4.0134521923680312e-05)
('word_grams-3-10', 3.8907178222599444e-05)
('word_grams-5-15', 3.3730742018165557e-05)
('word_grams-3-30', 3.2512002226947112e-05)
('word_grams-4-5', 2.8434263510695404e-05)
('word_grams-4-30', 2.8411846338725267e-05)
('word_grams-3-21', 2.7299043069330804e-05)
('word_grams-3-4', 2.6228682842608331e-05)
('word_grams-5-45', 2.4688661270612617e-05)
('word_grams-4-8', 2.3341326073159195e-05)
('word_grams-3-45', 2.2485939214116367e-05)
('word_grams-2-27', 2.1122266624754971e-05)
('word_grams-3-8', 1.8878366276449659e-05)
('word_grams-4-13', 1.4637067861169206e-05)
('word_grams-3-39', 1.388937254323505e-05)
('word_grams-4-3', 9.826423686552441e-06)
('word_grams-3-46', 9.7875318927950496e-06)
('word_grams-3-5', 9.7411616161616161e-06)
('word_grams-4-28', 9.5847336862135983e-06)
('character_grams-4-50', 0.0)
('word_grams-2-20', 0.0)
('word_grams-3-2', 0.0)
('word_grams-3-3', 0.0)
('word_grams-3-6', 0.0)
('word_grams-3-13', 0.0)
('word_grams-3-14', 0.0)
('word_grams-3-16', 0.0)
('word_grams-3-17', 0.0)
('word_grams-3-20', 0.0)
('word_grams-3-23', 0.0)
('word_grams-3-24', 0.0)
('word_grams-3-26', 0.0)
('word_grams-3-27', 0.0)
('word_grams-3-28', 0.0)
('word_grams-3-29', 0.0)
('word_grams-3-31', 0.0)
('word_grams-3-32', 0.0)
('word_grams-3-33', 0.0)
('word_grams-3-35', 0.0)
('word_grams-3-37', 0.0)
('word_grams-3-38', 0.0)
('word_grams-3-47', 0.0)
('word_grams-3-49', 0.0)
('word_grams-3-50', 0.0)
('word_grams-4-1', 0.0)
('word_grams-4-2', 0.0)
('word_grams-4-4', 0.0)
('word_grams-4-7', 0.0)
('word_grams-4-9', 0.0)
('word_grams-4-10', 0.0)
('word_grams-4-11', 0.0)
('word_grams-4-12', 0.0)
('word_grams-4-14', 0.0)
('word_grams-4-15', 0.0)
('word_grams-4-16', 0.0)
('word_grams-4-17', 0.0)
('word_grams-4-18', 0.0)
('word_grams-4-19', 0.0)
('word_grams-4-20', 0.0)
('word_grams-4-21', 0.0)
('word_grams-4-22', 0.0)
('word_grams-4-24', 0.0)
('word_grams-4-25', 0.0)
('word_grams-4-26', 0.0)
('word_grams-4-27', 0.0)
('word_grams-4-29', 0.0)
('word_grams-4-31', 0.0)
('word_grams-4-32', 0.0)
('word_grams-4-33', 0.0)
('word_grams-4-34', 0.0)
('word_grams-4-36', 0.0)
('word_grams-4-37', 0.0)
('word_grams-4-38', 0.0)
('word_grams-4-39', 0.0)
('word_grams-4-40', 0.0)
('word_grams-4-41', 0.0)
('word_grams-4-42', 0.0)
('word_grams-4-43', 0.0)
('word_grams-4-44', 0.0)
('word_grams-4-45', 0.0)
('word_grams-4-46', 0.0)
('word_grams-4-47', 0.0)
('word_grams-4-48', 0.0)
('word_grams-4-49', 0.0)
('word_grams-4-50', 0.0)
('word_grams-5-1', 0.0)
('word_grams-5-2', 0.0)
('word_grams-5-3', 0.0)
('word_grams-5-4', 0.0)
('word_grams-5-5', 0.0)
('word_grams-5-6', 0.0)
('word_grams-5-7', 0.0)
('word_grams-5-8', 0.0)
('word_grams-5-9', 0.0)
('word_grams-5-10', 0.0)
('word_grams-5-11', 0.0)
('word_grams-5-12', 0.0)
('word_grams-5-13', 0.0)
('word_grams-5-14', 0.0)
('word_grams-5-16', 0.0)
('word_grams-5-17', 0.0)
('word_grams-5-18', 0.0)
('word_grams-5-19', 0.0)
('word_grams-5-20', 0.0)
('word_grams-5-21', 0.0)
('word_grams-5-22', 0.0)
('word_grams-5-23', 0.0)
('word_grams-5-24', 0.0)
('word_grams-5-25', 0.0)
('word_grams-5-26', 0.0)
('word_grams-5-27', 0.0)
('word_grams-5-28', 0.0)
('word_grams-5-29', 0.0)
('word_grams-5-30', 0.0)
('word_grams-5-31', 0.0)
('word_grams-5-32', 0.0)
('word_grams-5-33', 0.0)
('word_grams-5-34', 0.0)
('word_grams-5-35', 0.0)
('word_grams-5-36', 0.0)
('word_grams-5-37', 0.0)
('word_grams-5-38', 0.0)
('word_grams-5-39', 0.0)
('word_grams-5-40', 0.0)
('word_grams-5-41', 0.0)
('word_grams-5-42', 0.0)
('word_grams-5-43', 0.0)
('word_grams-5-44', 0.0)
('word_grams-5-46', 0.0)
('word_grams-5-47', 0.0)
('word_grams-5-48', 0.0)
('word_grams-5-49', 0.0)
('word_grams-5-50', 0.0)
