0.312857142857
('postag_grams-5-2', 0.0069546737039754437)
('postag_grams-4-42', 0.0061529079417633348)
('character_grams-3-8', 0.0060354278275430015)
('postag_grams-4-31', 0.0059327923098656601)
('character_grams-2-28', 0.0057081465029957482)
('postag_grams-5-33', 0.0056240742836997501)
('postag_grams-5-37', 0.0055083240383609275)
('word_frequencies-47', 0.0052572714977691341)
('word_grams-3-4', 0.0052455998838823415)
('postag_grams-3-44', 0.0051702117239945692)
('word_frequencies-10', 0.0048859642093230047)
('character_grams-3-30', 0.004838305802984378)
('postag_grams-4-36', 0.0047948697609200615)
('postag_grams-3-39', 0.0046621810348647149)
('character_grams-3-23', 0.0046416372889251448)
('character_grams-3-43', 0.0046094219307890446)
('character_grams-2-11', 0.0045561825792670447)
('word_grams-2-33', 0.0045330081116056065)
('character_grams-2-49', 0.0043647280270741719)
('character_grams-5-33', 0.0043487883640587737)
('postag_grams-2-26', 0.0043137009223682124)
('postag_grams-5-26', 0.0043132833181558812)
('postag_grams-4-29', 0.0043029291469862622)
('postag_grams-2-15', 0.0042404250911752686)
('character_grams-3-39', 0.0042328562423491088)
('postag_grams-3-22', 0.0042207773071626757)
('postag_grams-5-12', 0.0040639124678791176)
('character_grams-2-30', 0.0040304455013690501)
('postag_grams-4-35', 0.0040283585196035296)
('word_frequencies-48', 0.0040261479448562504)
('postag_grams-2-44', 0.0040026036037369792)
('character_grams-4-11', 0.0039202552321878133)
('character_grams-5-42', 0.003860859759914197)
('word_frequencies-5', 0.0038588282815823697)
('postag_grams-4-18', 0.0038544503107710115)
('character_grams-4-18', 0.0038438649723568784)
('character_grams-3-48', 0.0038192387899897342)
('character_grams-2-16', 0.0037873905324526192)
('character_grams-2-50', 0.0037790384555346081)
('character_grams-2-37', 0.0037722546523730627)
('character_grams-4-35', 0.0037689397389223502)
('character_grams-2-9', 0.0037687643550138698)
('postag_grams-5-21', 0.0037627622677698573)
('character_grams-3-18', 0.0037422066476280719)
('postag_grams-5-13', 0.0037304881873168371)
('special_character_grams-3-1', 0.0037289390621788781)
('character_grams-4-16', 0.003718228471257367)
('character_grams-2-43', 0.003641604258351811)
('special_character_grams-3-2', 0.0036117188608905029)
('character_grams-4-44', 0.0036097878909776165)
('word_frequencies-3', 0.0035923597611422879)
('postag_grams-3-4', 0.0035861991662864139)
('postag_grams-2-1', 0.0035395851067071466)
('character_grams-5-5', 0.0035110831273539411)
('character_grams-3-27', 0.0035027568038802203)
('postag_grams-3-20', 0.0034717919139436548)
('character_grams-3-28', 0.0034660082251788834)
('postag_grams-3-8', 0.0034649350489638652)
('postag_grams-2-34', 0.0034622152834605903)
('postag_grams-4-37', 0.0034428793941357312)
('postag_grams-5-49', 0.0034330147641392955)
('postag_grams-5-42', 0.0034216313334568937)
('character_grams-2-8', 0.0034169904934582829)
('character_grams-3-15', 0.0034067848580198235)
('character_grams-2-12', 0.003406219849074858)
('character_grams-2-21', 0.0033965943878668521)
('postag_grams-5-23', 0.0033957366486944813)
('postag_grams-3-11', 0.0033475550651885792)
('character_grams-5-15', 0.0033294036478824273)
('character_grams-5-38', 0.0033170517782064009)
('postag_grams-4-12', 0.0033152585720360099)
('character_grams-2-24', 0.0032849294220443086)
('character_grams-2-39', 0.0032661531046516328)
('character_grams-2-40', 0.0032448110943711357)
('word_frequencies-34', 0.0032192671551213724)
('postag_grams-4-40', 0.0032088626370443763)
('word_frequencies-24', 0.0031978128414922981)
('postag_grams-3-7', 0.0031944626444413448)
('special_character_grams-2-4', 0.0031803369181496953)
('character_grams-5-24', 0.0031695385447415682)
('postag_grams-4-48', 0.0031689481665695745)
('postag_grams-5-19', 0.003159286236754621)
('word_frequencies-26', 0.0031181585737528445)
('word_grams-2-22', 0.0030796607625729654)
('postag_grams-4-15', 0.0030363332158508281)
('postag_grams-5-18', 0.0030126110485535814)
('postag_grams-4-26', 0.0030117906058857394)
('character_grams-3-34', 0.0029991187872978687)
('character_grams-4-23', 0.0029560262348517939)
('postag_grams-5-30', 0.002930699695353629)
('word_grams-2-30', 0.0029214525925176909)
('word_frequencies-45', 0.0028938522272161562)
('character_grams-3-40', 0.0028727175646692691)
('character_grams-4-31', 0.0028550414830575644)
('postag_grams-2-14', 0.0028453832891262875)
('postag_grams-2-21', 0.0028254420714465905)
('postag_grams-4-22', 0.0028209556523240259)
('word_grams-2-14', 0.0028183937371037619)
('word_grams-2-41', 0.0028181810044732637)
('postag_grams-3-48', 0.0028162855894134742)
('character_grams-2-22', 0.0028104775529697239)
('word_grams-2-28', 0.002795484415017379)
('special_character_grams-3-3', 0.0027945579587654477)
('postag_grams-2-8', 0.0027843015342379411)
('word_grams-2-5', 0.0027711066699231159)
('character_grams-2-23', 0.0027702024750103876)
('character_grams-5-41', 0.0027006540838910658)
('postag_grams-2-19', 0.0026983368740425189)
('special_character_grams-2-5', 0.002695271807492457)
('character_grams-2-3', 0.0026943324165401277)
('character_grams-3-35', 0.0026915233036115048)
('character_grams-3-38', 0.0026911991395433882)
('postag_grams-3-37', 0.0026899727101769235)
('word_frequencies-27', 0.0026857315056563074)
('character_grams-4-34', 0.002668995640977397)
('character_grams-2-38', 0.0026656779761984133)
('character_grams-3-19', 0.0026581890203977963)
('special_character_grams-3-5', 0.0026497568351405922)
('special_character_grams-2-2', 0.0026486513778272657)
('postag_grams-2-12', 0.0026338516054645955)
('word_frequencies-37', 0.0026319922120447677)
('character_grams-5-35', 0.0026295746268765992)
('character_grams-2-26', 0.002624861694899346)
('character_grams-3-37', 0.0026209190426256619)
('word_grams-3-40', 0.0026112546424663392)
('word_grams-2-29', 0.0025929976866791628)
('character_grams-2-31', 0.0025895721448930616)
('character_grams-5-17', 0.0025756417741293731)
('postag_grams-4-21', 0.002565568179037457)
('postag_grams-2-22', 0.0025629730171504478)
('postag_grams-5-29', 0.0025599509109129402)
('special_character_grams-2-1', 0.0025411186606578693)
('postag_grams-4-4', 0.0025381899584775418)
('character_grams-3-17', 0.0025338785002065362)
('postag_grams-2-50', 0.0025327933287808556)
('postag_grams-4-16', 0.0025198044729159113)
('postag_grams-3-35', 0.0025128426369916313)
('character_grams-2-4', 0.0025120588036775982)
('postag_grams-5-10', 0.0025093724559197943)
('word_grams-2-44', 0.0025093654349428295)
('character_grams-2-13', 0.0024920486817485328)
('postag_grams-3-15', 0.0024834099154157278)
('postag_grams-5-39', 0.0024808160354710331)
('postag_grams-5-38', 0.0024751602581048141)
('character_grams-2-17', 0.0024712608645189728)
('character_grams-2-19', 0.0024707158591543714)
('character_grams-5-12', 0.0024688657847945343)
('word_grams-2-8', 0.0024536092537130062)
('character_grams-3-22', 0.0024473782478219215)
('character_grams-2-33', 0.0024342852640785117)
('postag_grams-3-27', 0.002434227342489896)
('character_grams-5-23', 0.0024307007728253853)
('character_grams-2-34', 0.00242655603341336)
('postag_grams-3-6', 0.0024233469973807854)
('postag_grams-3-5', 0.0024125780965304345)
('postag_grams-5-40', 0.0024109284467024165)
('word_grams-2-17', 0.0024038248415923745)
('word_grams-2-35', 0.0023989760496105259)
('postag_grams-3-1', 0.0023903715474353333)
('postag_grams-3-23', 0.0023865108434522921)
('character_grams-3-12', 0.0023622816832656744)
('word_grams-2-34', 0.0023619032714684613)
('character_grams-3-45', 0.0023517427172152672)
('postag_grams-4-3', 0.0023468962976607071)
('postag_grams-5-50', 0.0023407761576735436)
('postag_grams-2-31', 0.0023358156695551008)
('character_grams-3-6', 0.002329401642146249)
('character_grams-3-26', 0.0023271691431310292)
('word_frequencies-44', 0.0023255733222543539)
('postag_grams-5-22', 0.0023211216845020438)
('postag_grams-2-17', 0.0023182866967245194)
('character_grams-2-48', 0.0023172904166576533)
('character_grams-4-22', 0.002297059266075202)
('word_frequencies-16', 0.0022920066763333384)
('postag_grams-4-2', 0.0022785822964865501)
('character_grams-3-32', 0.0022715726007979278)
('character_grams-4-15', 0.002264022756054823)
('postag_grams-2-42', 0.0022633941957579005)
('postag_grams-3-26', 0.0022567401269400432)
('character_grams-3-31', 0.0022556695362712584)
('word_frequencies-25', 0.0022447965981809786)
('character_grams-2-29', 0.0022431425268895498)
('postag_grams-3-18', 0.0022417598947322933)
('postag_grams-4-20', 0.0022409256368517167)
('postag_grams-3-10', 0.0022205613721741676)
('word_grams-2-27', 0.002210050253359434)
('postag_grams-2-43', 0.0022011147785434984)
('postag_grams-2-39', 0.0021754732521954718)
('character_grams-4-43', 0.0021670481430480894)
('postag_grams-4-27', 0.0021626264889772605)
('character_grams-5-13', 0.0021465888857372072)
('postag_grams-4-41', 0.0021432166992662329)
('character_grams-3-33', 0.0021330990472424984)
('word_frequencies-20', 0.0021321000918088297)
('postag_grams-3-17', 0.0021289926248825191)
('character_grams-3-29', 0.0021260172437767614)
('postag_grams-2-47', 0.0021253068327328887)
('character_grams-4-14', 0.0021004930286493461)
('postag_grams-3-2', 0.0020801585619996217)
('character_grams-2-6', 0.0020727423962722479)
('character_grams-3-5', 0.0020725421342638324)
('postag_grams-3-14', 0.0020647972779573695)
('postag_grams-4-38', 0.0020633418632797621)
('word_frequencies-36', 0.0020589125506851138)
('postag_grams-2-18', 0.0020573324673705319)
('word_grams-2-4', 0.0020320385992511941)
('character_grams-5-7', 0.0020306866860784838)
('postag_grams-2-16', 0.0020244266586799601)
('postag_grams-5-3', 0.0020002897047806047)
('postag_grams-2-4', 0.0019914602564129729)
('postag_grams-2-45', 0.0019799342991648015)
('postag_grams-5-24', 0.0019795949771092532)
('character_grams-3-24', 0.0019784906276765725)
('postag_grams-4-14', 0.0019707066934633059)
('special_character_grams-2-3', 0.0019639054655487139)
('postag_grams-4-17', 0.0019541176865379892)
('postag_grams-3-38', 0.001946136669174148)
('word_frequencies-31', 0.0019459039345011819)
('character_grams-2-10', 0.0019353234090177072)
('postag_grams-2-2', 0.0019302596088865945)
('character_grams-2-36', 0.0019275871446918008)
('word_frequencies-40', 0.0019200222386421542)
('character_grams-3-21', 0.0019144291954181886)
('character_grams-4-7', 0.0019137840931517562)
('word_frequencies-2', 0.0019098889134581472)
('character_grams-4-25', 0.0019088066337682624)
('character_grams-3-36', 0.0019076529488748998)
('postag_grams-2-13', 0.0019064823939692233)
('postag_grams-3-40', 0.0019032258074277489)
('word_grams-2-18', 0.0019019170548776874)
('character_grams-4-17', 0.0018933737436914551)
('character_grams-3-13', 0.0018899299690195903)
('postag_grams-2-7', 0.0018884436657983573)
('character_grams-4-20', 0.0018824284816243513)
('word_frequencies-9', 0.0018822531676079149)
('postag_grams-5-7', 0.0018775459024125796)
('word_frequencies-46', 0.001874976306411143)
('character_grams-2-42', 0.0018608286185062631)
('postag_grams-3-16', 0.0018574191054912753)
('word_grams-2-13', 0.001851316293505348)
('character_grams-2-7', 0.001851054393245889)
('character_grams-4-39', 0.0018496469005158831)
('postag_grams-3-49', 0.0018418397217581151)
('character_grams-5-4', 0.0018410315682456456)
('postag_grams-5-46', 0.0018396008628385741)
('postag_grams-5-44', 0.0018367978111527711)
('character_grams-4-38', 0.0018264102456623738)
('postag_grams-5-14', 0.001825697167436188)
('character_grams-4-37', 0.0018175950008593328)
('postag_grams-3-41', 0.0018153724473438041)
('postag_grams-5-48', 0.0017982490991170922)
('postag_grams-5-47', 0.0017978229682074323)
('character_grams-5-30', 0.0017977825536638469)
('postag_grams-3-3', 0.0017956152417257986)
('character_grams-2-25', 0.00178773363709153)
('character_grams-5-21', 0.0017863750165926211)
('word_grams-3-11', 0.0017707553010023482)
('postag_grams-5-31', 0.0017585944398510742)
('character_grams-3-46', 0.0017570780424044099)
('postag_grams-4-7', 0.0017497918605241139)
('postag_grams-5-27', 0.0017412985016192818)
('postag_grams-4-9', 0.0017398398235521889)
('character_grams-5-40', 0.0017346077794685669)
('character_grams-2-41', 0.0017336911579018618)
('special_character_grams-3-4', 0.0017328126978014386)
('postag_grams-4-6', 0.0017290858803125858)
('postag_grams-3-45', 0.0017236130424197582)
('word_grams-2-25', 0.0017191091254546392)
('postag_grams-5-16', 0.0017168541920318556)
('postag_grams-2-11', 0.0017041991666346869)
('word_frequencies-11', 0.0017036159965180405)
('character_grams-3-41', 0.0017035805561219591)
('character_grams-5-3', 0.0016942334011512709)
('character_grams-4-13', 0.0016931811252978565)
('character_grams-5-11', 0.0016916384204975626)
('character_grams-4-30', 0.001691258895006813)
('postag_grams-4-19', 0.0016891031548585634)
('postag_grams-5-11', 0.0016830288480525429)
('postag_grams-2-9', 0.0016823245618568421)
('postag_grams-5-5', 0.0016800908149798616)
('postag_grams-2-32', 0.0016748930462608417)
('character_grams-4-45', 0.0016727640700863978)
('postag_grams-4-33', 0.0016708552852801935)
('postag_grams-3-31', 0.0016674946874399813)
('word_frequencies-13', 0.0016617840822875202)
('character_grams-4-19', 0.0016512957938165434)
('character_grams-2-45', 0.0016506206635930618)
('character_grams-4-40', 0.0016418194832152522)
('word_frequencies-39', 0.0016388526430289158)
('postag_grams-2-49', 0.001634301230318134)
('word_grams-2-2', 0.0016239369046978003)
('character_grams-2-14', 0.0016189361034060134)
('word_frequencies-6', 0.0016165354569560057)
('postag_grams-3-36', 0.0016114918207503185)
('character_grams-4-41', 0.0016083168936891191)
('character_grams-4-21', 0.0016015880508074602)
('character_grams-4-28', 0.0015994287179707473)
('character_grams-5-29', 0.0015972773803105201)
('postag_grams-5-1', 0.0015956649031290014)
('postag_grams-5-4', 0.0015955739277066618)
('postag_grams-4-5', 0.0015942789910343158)
('character_grams-4-27', 0.0015915240682797963)
('character_grams-4-24', 0.0015854705967741317)
('postag_grams-3-43', 0.0015849622650454692)
('character_grams-3-42', 0.0015830759587742898)
('character_grams-3-49', 0.0015828004799839856)
('character_grams-5-14', 0.0015752009508225274)
('character_grams-5-10', 0.0015734120096410765)
('word_grams-2-20', 0.0015688110304513669)
('word_frequencies-33', 0.0015673900195653887)
('word_grams-3-21', 0.0015663912931783317)
('postag_grams-5-9', 0.0015601268172284585)
('postag_grams-2-29', 0.0015561653403764512)
('postag_grams-5-32', 0.001553174218234503)
('character_grams-4-46', 0.0015479221901311135)
('postag_grams-5-45', 0.0015465104447721701)
('character_grams-3-47', 0.0015402500805657741)
('postag_grams-2-24', 0.0015281370024117782)
('character_grams-5-27', 0.0015188860708977151)
('word_frequencies-17', 0.0015168643772382551)
('character_grams-4-32', 0.0015097281894284427)
('word_frequencies-28', 0.0014918495555568962)
('character_grams-4-6', 0.0014789847058481447)
('postag_grams-4-30', 0.0014742457515479991)
('character_grams-3-4', 0.0014708004556497178)
('character_grams-4-33', 0.0014675529216074225)
('word_frequencies-23', 0.0014674884908802241)
('character_grams-5-49', 0.0014673381027668258)
('word_frequencies-15', 0.0014649769264559536)
('character_grams-5-26', 0.001437275133076571)
('character_grams-2-46', 0.0014340775956269197)
('character_grams-2-20', 0.0014334481211903576)
('postag_grams-2-37', 0.0014301601989639323)
('postag_grams-2-35', 0.0014267519934000189)
('character_grams-2-35', 0.0014263079320894173)
('character_grams-2-44', 0.0014190707162523475)
('postag_grams-4-1', 0.0014091508518439036)
('character_grams-4-10', 0.0014070592805916751)
('character_grams-5-45', 0.0014034517826318766)
('postag_grams-5-28', 0.001399298261227942)
('word_frequencies-1', 0.0013959437588676579)
('character_grams-3-9', 0.0013923286887901432)
('word_grams-2-1', 0.0013762734915952199)
('character_grams-5-50', 0.0013720530983027954)
('postag_grams-5-8', 0.0013551503642705936)
('character_grams-4-42', 0.0013538300753506989)
('character_grams-3-20', 0.0013508368338275584)
('postag_grams-3-29', 0.0013367225696156197)
('character_grams-5-39', 0.0013361352395336286)
('word_grams-2-12', 0.0013357269099722659)
('character_grams-5-37', 0.001331329419437828)
('word_grams-2-19', 0.0013278824343933861)
('word_grams-2-3', 0.0013238333101214658)
('postag_grams-2-25', 0.0013219441648038637)
('postag_grams-3-12', 0.0013180043976828073)
('character_grams-4-4', 0.0013177529051056616)
('postag_grams-5-15', 0.0013127161095437775)
('postag_grams-5-6', 0.001300724374339752)
('character_grams-5-9', 0.0012931909605882078)
('character_grams-2-1', 0.0012835755126770062)
('character_grams-3-16', 0.0012828781820830176)
('character_grams-3-11', 0.0012820757313933213)
('postag_grams-2-41', 0.0012712926837085451)
('character_grams-4-36', 0.0012700495582477201)
('word_grams-2-6', 0.00124520158383983)
('word_frequencies-38', 0.0012385114255020493)
('character_grams-4-5', 0.0012371184822576409)
('word_frequencies-12', 0.0012297300086830901)
('word_grams-2-50', 0.0012276939464403408)
('character_grams-2-47', 0.0012276702395849386)
('character_grams-4-50', 0.0012255582056773311)
('character_grams-4-8', 0.0012189594096494818)
('word_grams-2-37', 0.0012189479152793603)
('postag_grams-2-46', 0.0012042088811676671)
('word_grams-2-9', 0.001185045371025515)
('postag_grams-2-28', 0.0011698911181368093)
('character_grams-3-44', 0.0011687588347062032)
('character_grams-2-15', 0.0011593938776688622)
('postag_grams-3-21', 0.0011484784688183809)
('character_grams-4-3', 0.0011444803343035911)
('word_grams-3-16', 0.001142425492525821)
('postag_grams-2-38', 0.0011349355565484799)
('character_grams-4-29', 0.0011301338146429453)
('word_frequencies-29', 0.0011211238437499307)
('postag_grams-5-41', 0.0011087467548471536)
('word_grams-2-15', 0.0010881156793687433)
('word_grams-2-11', 0.0010848773112547784)
('character_grams-5-36', 0.0010746436895170432)
('word_frequencies-30', 0.0010716708819084387)
('character_grams-2-18', 0.001067699072201116)
('word_frequencies-19', 0.0010671759058393864)
('character_grams-5-34', 0.0010599946950763189)
('character_grams-5-6', 0.0010559679258185096)
('character_grams-4-9', 0.0010487474159196375)
('word_grams-2-39', 0.0010467270427355387)
('word_frequencies-8', 0.0010464166533531584)
('postag_grams-2-3', 0.0010354710111826068)
('word_grams-2-32', 0.0010334205633547738)
('character_grams-3-50', 0.0010274167775734826)
('postag_grams-2-30', 0.0010202780096209584)
('character_grams-3-3', 0.0010055228619420846)
('character_grams-2-5', 0.0010012973953232546)
('character_grams-5-16', 0.0010001768927918259)
('character_grams-4-2', 0.00099579431645965724)
('postag_grams-4-39', 0.00099262322922923757)
('character_grams-3-7', 0.00099232769791801796)
('character_grams-4-12', 0.00097922440404814965)
('character_grams-2-32', 0.00096527044415072451)
('character_grams-3-10', 0.00096321311582648326)
('word_frequencies-14', 0.00095787771841485017)
('word_grams-3-12', 0.00094197851831907982)
('character_grams-4-47', 0.00093927608285677186)
('character_grams-5-2', 0.00093470546521008712)
('character_grams-2-2', 0.00092242861891311757)
('character_grams-2-27', 0.00092128528325058855)
('character_grams-5-8', 0.00091915099296019376)
('character_grams-5-22', 0.00091068990735078338)
('character_grams-5-43', 0.00090425172756656332)
('character_grams-5-19', 0.00085823054693173208)
('character_grams-4-1', 0.00083851191030837264)
('word_frequencies-43', 0.0008310885653530323)
('postag_grams-2-40', 0.00080988406233321398)
('word_grams-2-31', 0.00080915174135519938)
('character_grams-5-47', 0.00079142802743993211)
('postag_grams-2-5', 0.00079021471957243161)
('word_grams-2-49', 0.00078628306031472449)
('character_grams-5-1', 0.00077832298996658843)
('word_frequencies-4', 0.00077218326623203714)
('postag_grams-2-6', 0.00076781990243702343)
('postag_grams-3-50', 0.00075185855464815726)
('character_grams-3-25', 0.0007486737892744553)
('postag_grams-5-36', 0.00073232566433382149)
('character_grams-5-18', 0.00071752848687205194)
('postag_grams-2-23', 0.00070960010138177571)
('postag_grams-2-33', 0.00070071640196781579)
('character_grams-3-2', 0.0006881167329811955)
('character_grams-5-31', 0.00068585491112800611)
('word_frequencies-7', 0.0006527153818028156)
('character_grams-3-14', 0.0006501154241318909)
('word_frequencies-42', 0.00064519415715192123)
('character_grams-3-1', 0.00062912381892355753)
('word_frequencies-49', 0.00062729372060675982)
('word_grams-2-42', 0.00061529754210673017)
('character_grams-4-26', 0.00058207590695463741)
('character_grams-5-28', 0.00057138459937174644)
('postag_grams-4-32', 0.00055030411558751639)
('word_frequencies-32', 0.00053512598285882602)
('word_grams-3-47', 0.00053048150900479336)
('word_frequencies-22', 0.00052360838819333387)
('word_grams-2-48', 0.00051688813346559238)
('word_grams-2-16', 0.00049248314992677092)
('character_grams-4-49', 0.00047877956633612749)
('character_grams-5-44', 0.00046562751484626472)
('postag_grams-3-9', 0.00045629544067044068)
('postag_grams-2-27', 0.00045164983266869727)
('word_grams-3-8', 0.00045091863905314842)
('word_grams-3-50', 0.00045023711262260415)
('word_grams-3-36', 0.00043198703558957984)
('character_grams-4-48', 0.00041939582629380425)
('character_grams-5-48', 0.00041582445058655382)
('character_grams-5-46', 0.00041027376662004686)
('postag_grams-2-10', 0.0003996059621625233)
('postag_grams-2-36', 0.00037594101048546826)
('word_frequencies-18', 0.00037443858815485522)
('word_grams-3-1', 0.00034429816977893905)
('character_grams-5-25', 0.00032281280575256825)
('word_grams-3-33', 0.00029929164973883585)
('postag_grams-4-11', 0.00029920537871538108)
('postag_grams-4-28', 0.00029397554216235535)
('character_grams-5-32', 0.00029354312183520258)
('word_grams-3-29', 0.0002844963928025442)
('word_frequencies-21', 0.00025059505114180829)
('word_grams-2-36', 0.00024696786203022808)
('word_grams-2-24', 0.00024504867834073204)
('postag_grams-2-48', 0.00024258711060181647)
('word_frequencies-50', 0.00023835507266879816)
('postag_grams-3-19', 0.00022639572728858439)
('word_grams-4-4', 0.00022299413385768984)
('word_grams-2-10', 0.00021434859289780106)
('word_grams-4-48', 0.00019514991199097537)
('word_grams-4-47', 0.00019409229950313869)
('word_grams-4-45', 0.00019172186196825001)
('postag_grams-4-25', 0.00018630060999083017)
('word_grams-2-46', 0.00018412299893225023)
('word_grams-2-21', 0.00018343343416401482)
('word_grams-5-21', 0.00018256571966904789)
('word_grams-5-34', 0.00017794477218496823)
('postag_grams-4-44', 0.00016963143384075396)
('word_grams-3-48', 0.0001691027166227115)
('word_grams-3-13', 0.00016479276895943563)
('word_frequencies-35', 0.00015990184786982353)
('word_grams-3-3', 0.00015988581437359635)
('word_grams-3-32', 0.00015803611924406527)
('postag_grams-3-33', 0.00015306196779411066)
('postag_grams-3-28', 0.0001516539231322513)
('word_grams-3-26', 0.00014897147123709624)
('word_grams-2-40', 0.00014753590889277958)
('word_grams-3-28', 0.00014676153095270745)
('word_grams-2-7', 0.00014663690767274684)
('word_grams-4-6', 0.0001440670440670441)
('word_grams-5-38', 0.00013851248832866478)
('character_grams-5-20', 0.0001376272161410736)
('word_grams-4-1', 0.00013722422839921057)
('word_grams-5-20', 0.00013327565933841237)
('word_grams-4-13', 0.000132590637115524)
('word_grams-2-23', 0.00013244524572649573)
('word_grams-3-19', 0.00012951916960963014)
('word_grams-3-37', 0.00012881944444444445)
('postag_grams-4-24', 0.0001276453148476249)
('word_grams-5-22', 0.00012179961015745328)
('word_frequencies-41', 0.00012140118719664177)
('word_grams-3-7', 0.00012019066258496407)
('word_grams-3-45', 0.00011658366304747882)
('word_grams-4-12', 0.00011597044930378262)
('word_grams-3-9', 0.00010988075426176386)
('word_grams-5-9', 0.00010853855478162961)
('word_grams-4-25', 0.00010490805359413314)
('word_grams-3-22', 0.00010067841109507775)
('word_grams-4-46', 9.9856876982304729e-05)
('word_grams-4-3', 9.6418958701396994e-05)
('postag_grams-3-30', 9.5398058138442747e-05)
('word_grams-2-43', 9.2182327476445137e-05)
('word_grams-5-39', 9.1598242757745031e-05)
('word_grams-5-36', 9.0708303448688052e-05)
('word_grams-5-43', 8.9983680849065463e-05)
('postag_grams-3-32', 8.7847222222222219e-05)
('word_grams-4-22', 8.7335321903128668e-05)
('word_grams-5-26', 8.4455692755287912e-05)
('word_grams-5-29', 8.4099927849927853e-05)
('word_grams-4-31', 8.2472054403615503e-05)
('word_grams-4-49', 8.0773265745692237e-05)
('word_grams-4-18', 7.9076292214837112e-05)
('word_grams-3-44', 7.8407634032634022e-05)
('word_grams-5-5', 7.8337955181506365e-05)
('word_grams-3-23', 7.7899160431211712e-05)
('word_grams-4-37', 7.6927196067821068e-05)
('word_grams-5-1', 7.6859122658717808e-05)
('word_grams-3-34', 7.6455342902711324e-05)
('word_grams-3-17', 7.5308372183372207e-05)
('postag_grams-5-20', 7.4781427722604203e-05)
('word_grams-5-28', 7.4347527472527473e-05)
('word_grams-5-17', 7.3094223484848495e-05)
('word_grams-5-11', 7.0868673809850282e-05)
('word_grams-4-36', 6.956115779645191e-05)
('word_grams-3-20', 6.8916202844774291e-05)
('word_grams-5-8', 6.6576003000598136e-05)
('postag_grams-4-23', 6.5245098039215692e-05)
('word_grams-3-25', 6.4861729005327636e-05)
('postag_grams-4-43', 6.4754689754689763e-05)
('word_grams-4-28', 6.4736360676177792e-05)
('word_grams-5-19', 6.4396074011458635e-05)
('postag_grams-3-25', 6.4229479670656152e-05)
('word_grams-3-43', 6.4019607843137272e-05)
('word_grams-5-31', 6.211007130124777e-05)
('word_grams-4-15', 6.1997336813513301e-05)
('word_grams-5-30', 6.0742792864187094e-05)
('word_grams-4-30', 6.0735129068462407e-05)
('word_grams-4-26', 6.0257465706183655e-05)
('postag_grams-3-47', 5.9591607887062443e-05)
('word_grams-5-24', 5.9541859598420688e-05)
('word_grams-3-6', 5.9224720500944274e-05)
('word_grams-4-16', 5.8560606060606067e-05)
('word_grams-3-49', 5.8082942698327322e-05)
('postag_grams-5-43', 5.7644888688844728e-05)
('word_grams-4-33', 5.7416942032326651e-05)
('word_grams-4-14', 5.6390977443609057e-05)
('word_grams-4-17', 5.5731951871657754e-05)
('postag_grams-4-45', 5.3819444444444437e-05)
('word_grams-3-30', 5.1169590643274853e-05)
('word_grams-5-47', 5.0761861762248764e-05)
('word_grams-5-46', 4.9894831065672613e-05)
('word_grams-5-35', 4.9573507632718163e-05)
('word_grams-5-32', 4.870098039215688e-05)
('word_grams-3-15', 4.8664103392269972e-05)
('word_grams-5-50', 4.8263496103569638e-05)
('word_grams-4-21', 4.817849629409718e-05)
('postag_grams-3-46', 4.7986111111111113e-05)
('word_grams-4-27', 4.7948705590405997e-05)
('word_grams-5-4', 4.7327523602033411e-05)
('word_grams-3-39', 4.7000032795487345e-05)
('word_grams-4-2', 4.6964869281045752e-05)
('word_grams-3-35', 4.6861073975044573e-05)
('word_grams-4-9', 4.6772875816993451e-05)
('word_grams-5-12', 4.6655040221216697e-05)
('word_grams-3-10', 4.6642899584076059e-05)
('word_grams-4-29', 4.6296296296296294e-05)
('word_grams-4-5', 4.6269519953730483e-05)
('word_grams-3-24', 4.5377241805813243e-05)
('word_grams-2-45', 4.4993201243201249e-05)
('word_grams-3-5', 4.2467948717948723e-05)
('word_grams-3-27', 3.9630325814536346e-05)
('postag_grams-4-46', 3.5984848484848482e-05)
('word_grams-4-39', 3.3589891889487035e-05)
('word_grams-3-31', 3.279320987654321e-05)
('word_grams-3-42', 3.2512626262626261e-05)
('postag_grams-4-47', 3.2242063492063502e-05)
('word_grams-3-18', 3.2242063492063489e-05)
('word_grams-3-14', 3.2119080414534964e-05)
('postag_grams-4-10', 3.2026355290636959e-05)
('word_grams-4-44', 3.1324884266060725e-05)
('word_grams-5-15', 3.1220821661998134e-05)
('word_grams-5-44', 3.1220821661998134e-05)
('word_grams-3-46', 3.1180555555555555e-05)
('postag_grams-4-8', 3.1132768689329765e-05)
('word_grams-5-13', 3.0864197530864198e-05)
('postag_grams-3-24', 3.0776515151515153e-05)
('word_grams-5-45', 3.0774729763700356e-05)
('word_grams-4-32', 3.0505952380952385e-05)
('postag_grams-4-34', 3.0505952380952378e-05)
('word_grams-5-40', 3.0505952380952378e-05)
('word_grams-5-33', 3.0348454963839577e-05)
('word_grams-5-48', 3.0313051146384477e-05)
('word_grams-5-10', 3.0303030303030302e-05)
('word_grams-5-23', 3.0032467532467534e-05)
('word_grams-4-35', 2.9944414559799171e-05)
('word_grams-5-6', 2.9909484454939002e-05)
('word_grams-4-19', 2.968460111317255e-05)
('word_grams-3-38', 2.9638921684376234e-05)
('word_grams-2-47', 2.9536435786435786e-05)
('word_grams-5-18', 2.8409090909090909e-05)
('word_grams-4-20', 2.7777777777777779e-05)
('word_grams-4-38', 2.704780136906833e-05)
('word_grams-5-25', 2.0775623268698076e-05)
('word_grams-4-24', 1.879699248120302e-05)
('word_grams-5-27', 1.879699248120302e-05)
('word_grams-4-34', 1.8796992481203013e-05)
('word_grams-5-37', 1.8796992481203013e-05)
('word_grams-4-10', 1.7361111111111111e-05)
('word_grams-5-49', 1.7233455882352938e-05)
('word_grams-5-3', 1.633986928104575e-05)
('postag_grams-5-17', 1.5625000000000004e-05)
('postag_grams-3-42', 1.5624999999999997e-05)
('postag_grams-4-13', 1.5624999999999997e-05)
('postag_grams-5-34', 1.5555555555555562e-05)
('postag_grams-3-34', 1.5151515151515153e-05)
('word_grams-5-2', 1.5151515151515153e-05)
('postag_grams-2-20', 1.5074211502782934e-05)
('postag_grams-4-50', 1.5074211502782934e-05)
('word_grams-4-23', 1.5074211502782934e-05)
('word_grams-4-7', 1.5000000000000007e-05)
('word_grams-4-41', 1.5000000000000005e-05)
('word_grams-4-43', 1.4880952380952386e-05)
('postag_grams-3-13', 1.4792899408284018e-05)
('postag_grams-5-25', 1.4792899408284018e-05)
('word_grams-2-26', 1.4792899408284018e-05)
('word_grams-5-7', 1.4690170940170944e-05)
('word_grams-2-38', 1.469017094017094e-05)
('word_grams-4-8', 1.469017094017094e-05)
('postag_grams-4-49', 0.0)
('postag_grams-5-35', 0.0)
('word_grams-3-2', 0.0)
('word_grams-3-41', 0.0)
('word_grams-4-11', 0.0)
('word_grams-4-40', 0.0)
('word_grams-4-42', 0.0)
('word_grams-4-50', 0.0)
('word_grams-5-14', 0.0)
('word_grams-5-16', 0.0)
('word_grams-5-41', 0.0)
('word_grams-5-42', 0.0)
