0.325714285714
('character_grams-2-7', 0.010105572525174767)
('postag_grams-2-23', 0.0061361329749339598)
('postag_grams-3-16', 0.0060766707026333232)
('postag_grams-3-41', 0.0056974751013567949)
('character_grams-2-25', 0.0053751465187837329)
('character_grams-3-50', 0.0053057756095732968)
('character_grams-5-22', 0.0052614364881765794)
('postag_grams-4-44', 0.004915727375228429)
('postag_grams-2-22', 0.0048734822086375111)
('character_grams-4-48', 0.0047919224730015968)
('postag_grams-5-21', 0.004626423816969291)
('character_grams-2-38', 0.0045852669060741907)
('postag_grams-3-39', 0.0045246795395071119)
('postag_grams-2-48', 0.0045133144252092862)
('character_grams-5-16', 0.0045114220950131208)
('character_grams-5-48', 0.0044349993821305661)
('character_grams-3-25', 0.0043820051543758962)
('word_frequencies-43', 0.0043813526511535276)
('character_grams-2-47', 0.0043525471627582427)
('word_frequencies-6', 0.0042997276634715456)
('word_grams-2-10', 0.0042922206137666905)
('postag_grams-3-38', 0.0042726780300640956)
('word_frequencies-38', 0.0040605960476826847)
('postag_grams-3-22', 0.0040031892861371373)
('character_grams-2-24', 0.0039498001053119821)
('postag_grams-2-17', 0.0039421929391393476)
('special_character_grams-3-3', 0.0039351764569836543)
('word_grams-2-31', 0.003917820259494287)
('character_grams-2-10', 0.0038185632627859923)
('postag_grams-2-44', 0.0038062367803802094)
('character_grams-2-45', 0.0037571787422425291)
('postag_grams-4-45', 0.0037529274856571643)
('postag_grams-4-28', 0.0037128490238530387)
('postag_grams-4-10', 0.0037036956651355841)
('special_character_grams-3-5', 0.0036880221784471052)
('postag_grams-4-23', 0.0036528889897134726)
('character_grams-4-7', 0.0036397294541018086)
('postag_grams-3-33', 0.0036376623715458118)
('postag_grams-5-33', 0.003559097611124171)
('postag_grams-4-7', 0.0035473872089014057)
('word_frequencies-23', 0.0035329757685464568)
('character_grams-4-40', 0.0034529070225747093)
('character_grams-2-26', 0.0034338628367329405)
('character_grams-3-35', 0.0034009952175024787)
('character_grams-3-28', 0.0033970773506906051)
('postag_grams-5-31', 0.0033896869496466623)
('postag_grams-2-32', 0.0033471794058349044)
('character_grams-5-28', 0.0033327583761048533)
('character_grams-5-38', 0.0033182971914608133)
('character_grams-3-24', 0.003313561791081659)
('word_grams-2-45', 0.0032720052206510171)
('postag_grams-3-50', 0.0032540803627297719)
('word_frequencies-27', 0.0031974837549377049)
('character_grams-2-46', 0.0031894393739106382)
('character_grams-3-37', 0.0031691293123818024)
('postag_grams-5-47', 0.0031584896618712197)
('character_grams-3-18', 0.0031459149437909834)
('character_grams-2-8', 0.0030990227663139037)
('word_grams-2-5', 0.0030953312694334502)
('postag_grams-3-30', 0.003082104388826108)
('postag_grams-4-40', 0.0030816128874068325)
('character_grams-4-35', 0.0030250814349031606)
('postag_grams-3-36', 0.0030195906148481663)
('postag_grams-3-17', 0.0030080150066286249)
('postag_grams-5-2', 0.0030065987742405797)
('word_frequencies-28', 0.003005624638280727)
('word_grams-2-4', 0.0030024986312502206)
('character_grams-3-16', 0.0029919224519503939)
('character_grams-5-43', 0.0029888860687849027)
('word_grams-2-33', 0.0029768417343904053)
('postag_grams-3-29', 0.0029766079307131533)
('special_character_grams-3-2', 0.0029759786264080233)
('character_grams-5-23', 0.0029719706574571369)
('word_grams-2-7', 0.0029450119486944108)
('word_frequencies-22', 0.0029339041355071886)
('postag_grams-5-25', 0.002931986909620632)
('character_grams-5-17', 0.0029109436256035221)
('postag_grams-5-23', 0.0028855180052447778)
('character_grams-5-10', 0.002880917477555001)
('character_grams-2-16', 0.0028798362577689201)
('character_grams-4-43', 0.0028737944257361914)
('postag_grams-2-29', 0.0028695103694379915)
('character_grams-2-27', 0.0028552134547662235)
('postag_grams-2-27', 0.0028426207163803419)
('character_grams-5-41', 0.0028401796937109359)
('postag_grams-4-26', 0.0028243939169573253)
('character_grams-2-15', 0.0028161113014666555)
('character_grams-5-39', 0.0028074492393193556)
('postag_grams-4-22', 0.0028025311846005497)
('postag_grams-5-26', 0.0027904689093666783)
('character_grams-5-26', 0.0027773560468296408)
('postag_grams-4-2', 0.0027457406931570057)
('character_grams-2-19', 0.0027151443987767292)
('word_grams-2-9', 0.0027119970575330112)
('character_grams-4-45', 0.0026951199659784571)
('character_grams-2-35', 0.0026860411412781733)
('postag_grams-3-31', 0.0026802964911908393)
('character_grams-3-10', 0.0026665665367963626)
('character_grams-4-27', 0.0026626094946294505)
('postag_grams-4-47', 0.0026555234804797627)
('word_frequencies-24', 0.0026525999455593711)
('postag_grams-3-49', 0.0026491989909715854)
('postag_grams-2-4', 0.0026456349599069946)
('postag_grams-3-32', 0.0026266536144731799)
('word_frequencies-44', 0.0026240605453145046)
('character_grams-4-37', 0.002615157969867428)
('character_grams-3-6', 0.0026133080895150728)
('word_grams-2-11', 0.0026027760300188166)
('postag_grams-2-19', 0.0025918253897275895)
('word_frequencies-48', 0.0025907306538901424)
('postag_grams-4-20', 0.002583700285977074)
('character_grams-2-29', 0.0025829768614102754)
('character_grams-2-44', 0.0025785656087169034)
('postag_grams-5-44', 0.0025716198127568655)
('character_grams-2-41', 0.0025228471214149505)
('character_grams-5-8', 0.0025192658966815269)
('postag_grams-2-40', 0.0025138499462180469)
('postag_grams-5-4', 0.0024987512759518686)
('word_grams-2-12', 0.0024948225860910917)
('character_grams-5-18', 0.0024937566974521565)
('character_grams-5-33', 0.0024900800483890302)
('postag_grams-5-16', 0.0024878429434888353)
('character_grams-5-20', 0.0024870909577091086)
('character_grams-4-8', 0.0024851505974535686)
('character_grams-5-30', 0.0024835829479255465)
('word_frequencies-46', 0.0024805144441520091)
('postag_grams-2-14', 0.002478275547166355)
('character_grams-5-15', 0.0024769377589427648)
('word_frequencies-10', 0.0024767495657374433)
('postag_grams-5-41', 0.002470807258574481)
('word_frequencies-35', 0.002453412394295789)
('postag_grams-3-15', 0.0024504209902923031)
('special_character_grams-2-1', 0.0024467038927848666)
('character_grams-5-29', 0.0024329615311705884)
('character_grams-2-13', 0.0024252336156728423)
('postag_grams-2-6', 0.0024232383049554744)
('word_grams-2-6', 0.0024083053834984621)
('character_grams-4-22', 0.0024028123211843099)
('character_grams-3-5', 0.0024014691976249219)
('postag_grams-2-34', 0.0024002113374846728)
('word_grams-2-1', 0.0023999617017482129)
('postag_grams-5-20', 0.0023935653567441211)
('word_frequencies-13', 0.0023806137472576405)
('postag_grams-2-49', 0.0023794096708232605)
('character_grams-3-32', 0.0023790072369663491)
('character_grams-4-28', 0.002367845332563007)
('character_grams-3-40', 0.002365187732749447)
('character_grams-5-46', 0.002363566443758344)
('postag_grams-4-12', 0.0023591151777270776)
('character_grams-5-37', 0.0023570904696841644)
('postag_grams-2-7', 0.0023517632998962547)
('postag_grams-5-6', 0.002349432985759591)
('postag_grams-2-41', 0.0023467527716911222)
('character_grams-2-48', 0.0023459059992409549)
('character_grams-3-20', 0.0023351532523816624)
('character_grams-4-16', 0.0023324671279742058)
('postag_grams-3-12', 0.0023316885514982695)
('postag_grams-4-5', 0.0023312943433491501)
('word_frequencies-29', 0.0023208853635935727)
('character_grams-3-39', 0.0023187780610328759)
('character_grams-4-31', 0.0023142934288449468)
('word_frequencies-41', 0.0023100352186428731)
('character_grams-4-38', 0.0023075867059341045)
('postag_grams-5-27', 0.0023020452240019775)
('postag_grams-5-46', 0.0022923291547344389)
('character_grams-5-32', 0.0022904661434428085)
('character_grams-5-13', 0.0022891449051404807)
('character_grams-2-9', 0.002281875330646342)
('word_frequencies-26', 0.0022784266299185657)
('postag_grams-5-15', 0.0022689210725569909)
('word_grams-2-37', 0.0022662008015455048)
('character_grams-2-12', 0.0022631333183804575)
('postag_grams-4-15', 0.0022609287706644842)
('postag_grams-4-48', 0.0022601341405582807)
('postag_grams-4-14', 0.0022556443047666379)
('character_grams-3-33', 0.002255091298515634)
('character_grams-5-5', 0.0022457154865309515)
('postag_grams-3-47', 0.0022422057425288845)
('postag_grams-2-1', 0.0022336171073473509)
('character_grams-2-49', 0.0022298721463743969)
('word_grams-2-30', 0.0022229581050003939)
('postag_grams-4-11', 0.002219841921603355)
('character_grams-5-42', 0.002218510727909745)
('postag_grams-2-45', 0.0022167157424605862)
('postag_grams-4-33', 0.0022156104091395788)
('postag_grams-2-26', 0.0022063018041557506)
('character_grams-2-14', 0.0022049188732931667)
('postag_grams-2-15', 0.0021994256918463333)
('postag_grams-5-3', 0.0021952541467130521)
('character_grams-3-47', 0.0021832412737657183)
('postag_grams-2-13', 0.0021824507492558269)
('character_grams-4-29', 0.0021802532774833363)
('character_grams-2-31', 0.002169208642330946)
('special_character_grams-3-4', 0.0021679719616659056)
('postag_grams-3-11', 0.0021666570988712387)
('postag_grams-5-32', 0.002163081414926135)
('character_grams-5-36', 0.0021589480862808535)
('postag_grams-5-10', 0.0021568924066989082)
('special_character_grams-3-1', 0.0021388611035398864)
('character_grams-2-20', 0.0021381038134859298)
('postag_grams-2-12', 0.0021218787090580317)
('word_frequencies-4', 0.0021093921502669389)
('postag_grams-4-32', 0.0021069913743040889)
('postag_grams-2-50', 0.0021059731370604001)
('character_grams-2-17', 0.0020997848589670255)
('character_grams-4-36', 0.0020968524122190108)
('postag_grams-5-42', 0.0020923506654362289)
('character_grams-2-21', 0.0020913349229770943)
('character_grams-4-34', 0.0020895363862892431)
('character_grams-3-12', 0.0020849160870137244)
('postag_grams-2-47', 0.0020814594199303846)
('word_frequencies-17', 0.0020730255942622202)
('postag_grams-3-24', 0.0020711745930568578)
('character_grams-5-44', 0.0020657736843492439)
('postag_grams-2-33', 0.0020646184116520378)
('postag_grams-4-24', 0.0020632173327389172)
('character_grams-5-40', 0.0020526041963389147)
('character_grams-5-34', 0.0020487239231177113)
('special_character_grams-2-4', 0.0020479965818100011)
('postag_grams-4-13', 0.0020475918406780229)
('character_grams-2-11', 0.0020408746450232113)
('postag_grams-3-43', 0.0020403269834898684)
('postag_grams-2-24', 0.0020365272937853283)
('character_grams-5-45', 0.0020323055450603123)
('postag_grams-5-5', 0.0020167898884905157)
('character_grams-3-14', 0.002015732971565278)
('postag_grams-2-9', 0.0020153627724078527)
('character_grams-4-26', 0.0020126035386241188)
('character_grams-4-15', 0.0020082077398258479)
('postag_grams-4-31', 0.0020059901143630408)
('character_grams-4-32', 0.0020054098540046943)
('character_grams-4-33', 0.0020001164393050495)
('character_grams-4-30', 0.0019996317609939471)
('postag_grams-5-22', 0.0019995667092931159)
('postag_grams-3-44', 0.0019977342533592673)
('postag_grams-3-19', 0.0019870017558915247)
('character_grams-2-22', 0.0019857699588921025)
('character_grams-4-25', 0.0019843756219951325)
('character_grams-3-46', 0.0019813659751175268)
('postag_grams-4-27', 0.001979982328534133)
('word_frequencies-25', 0.0019760218368403402)
('postag_grams-5-19', 0.0019689103571519763)
('postag_grams-3-13', 0.00196771801114725)
('character_grams-2-37', 0.0019654554559790766)
('word_frequencies-2', 0.0019635394123746308)
('character_grams-3-41', 0.001957887793876087)
('word_grams-3-24', 0.0019524238028806019)
('postag_grams-5-28', 0.0019505295486464118)
('postag_grams-3-18', 0.0019484345386001467)
('word_frequencies-18', 0.0019481217473734155)
('postag_grams-3-14', 0.0019444449475624474)
('character_grams-3-31', 0.0019431596667888046)
('word_grams-2-47', 0.0019286617191197264)
('character_grams-4-39', 0.0019252608013440975)
('character_grams-5-14', 0.0019222169872193549)
('postag_grams-4-25', 0.0019209240815422637)
('character_grams-3-44', 0.0019185964933916479)
('postag_grams-4-17', 0.0019097650621788603)
('character_grams-2-30', 0.0019084730921192479)
('postag_grams-3-6', 0.001906463084030624)
('character_grams-3-8', 0.0019059168320172367)
('character_grams-5-2', 0.0019020389664560445)
('postag_grams-4-50', 0.0018900449299029485)
('special_character_grams-2-3', 0.0018892743255727812)
('character_grams-2-39', 0.0018851275499424699)
('word_grams-2-3', 0.0018837561928895324)
('postag_grams-2-25', 0.0018795081436500819)
('character_grams-5-24', 0.0018738394547109945)
('word_grams-2-32', 0.0018655170640214708)
('postag_grams-5-18', 0.0018618000143789777)
('postag_grams-5-8', 0.0018598277932684948)
('character_grams-3-36', 0.0018584515923912297)
('postag_grams-2-31', 0.001855400112351668)
('postag_grams-5-14', 0.0018485750356826433)
('character_grams-2-33', 0.001848032752745439)
('character_grams-5-27', 0.0018412816398046133)
('character_grams-3-23', 0.001836890522314259)
('word_frequencies-42', 0.0018320197963401039)
('character_grams-5-50', 0.0018298869395210191)
('postag_grams-4-42', 0.0018215095727725594)
('postag_grams-3-37', 0.0018176762274478766)
('word_grams-2-19', 0.0018009218996241103)
('postag_grams-5-48', 0.0017948595780289645)
('postag_grams-3-25', 0.0017935302625849312)
('character_grams-2-36', 0.0017934159745794562)
('word_grams-2-2', 0.0017819247503499051)
('postag_grams-3-35', 0.001773688065877457)
('word_grams-2-13', 0.001766447886513627)
('postag_grams-2-38', 0.0017451399321230143)
('postag_grams-3-40', 0.001738540343825459)
('character_grams-2-6', 0.0017264252190014844)
('character_grams-3-26', 0.0017149118862049202)
('character_grams-5-4', 0.0017007776457465215)
('word_frequencies-11', 0.0017002911316457354)
('postag_grams-3-21', 0.0016964073334368389)
('character_grams-2-2', 0.001695255464334943)
('postag_grams-5-11', 0.0016948114604482434)
('postag_grams-2-5', 0.0016854482511348752)
('postag_grams-3-26', 0.0016834217285134009)
('character_grams-5-25', 0.0016827283091999025)
('postag_grams-3-48', 0.0016753587333302696)
('postag_grams-3-1', 0.0016591172545263797)
('word_grams-2-26', 0.0016587805276707358)
('character_grams-4-17', 0.0016555679457114572)
('character_grams-2-40', 0.0016553761197251498)
('postag_grams-3-7', 0.0016459564813831535)
('character_grams-4-14', 0.0016459203360168462)
('character_grams-5-11', 0.0016441687833706246)
('postag_grams-3-4', 0.0016405725764897649)
('postag_grams-4-19', 0.0016329649219030875)
('character_grams-4-42', 0.0016326750342986847)
('character_grams-4-3', 0.0016270868229821538)
('character_grams-3-13', 0.0016270305051114837)
('character_grams-2-23', 0.0016260321320797732)
('postag_grams-2-2', 0.0016244038906231494)
('postag_grams-3-10', 0.0016139193556755844)
('postag_grams-5-17', 0.0016111073158867272)
('word_grams-2-18', 0.0016063136826523494)
('postag_grams-3-2', 0.0015994070307035829)
('postag_grams-5-37', 0.0015983649261641414)
('postag_grams-4-38', 0.0015961563046803268)
('postag_grams-4-8', 0.001591662421909524)
('postag_grams-3-34', 0.0015824852204169063)
('character_grams-4-18', 0.0015784784449143414)
('character_grams-3-38', 0.0015775986093090435)
('postag_grams-2-3', 0.0015763521500171396)
('character_grams-4-47', 0.0015732831002354499)
('character_grams-4-21', 0.0015627624124841658)
('character_grams-3-45', 0.0015625678727945317)
('character_grams-2-18', 0.0015583539920871383)
('postag_grams-2-46', 0.0015501451735107105)
('character_grams-5-19', 0.0015443621862064913)
('character_grams-3-2', 0.0015377875079079972)
('character_grams-3-7', 0.0015370127242914664)
('character_grams-3-15', 0.0015368049052164473)
('postag_grams-4-4', 0.0015290663387803384)
('word_frequencies-49', 0.0015222432359929532)
('character_grams-2-32', 0.0015108184959728235)
('postag_grams-3-8', 0.0015095464269069068)
('character_grams-2-43', 0.0015095010282178622)
('postag_grams-5-43', 0.0014972522528376598)
('character_grams-3-27', 0.0014902447134732869)
('character_grams-2-42', 0.0014884834268267223)
('character_grams-3-21', 0.0014844388359269134)
('character_grams-3-3', 0.001478094806809977)
('character_grams-2-28', 0.0014755765444263516)
('character_grams-3-19', 0.0014731704398520745)
('postag_grams-4-21', 0.0014578420543567817)
('character_grams-3-29', 0.0014498561847058409)
('postag_grams-2-28', 0.0014459293615786089)
('postag_grams-2-11', 0.0014258128761635543)
('character_grams-5-47', 0.0014228924597930882)
('postag_grams-2-30', 0.0014176681561754426)
('character_grams-5-12', 0.0014141793845298645)
('postag_grams-4-6', 0.0014140483077528408)
('character_grams-3-42', 0.0013999956275530529)
('word_grams-2-46', 0.0013949244216111235)
('character_grams-4-41', 0.0013912101936532355)
('character_grams-3-11', 0.0013882776494984264)
('character_grams-4-19', 0.0013745969733183023)
('postag_grams-5-12', 0.0013681283249742425)
('character_grams-2-1', 0.0013665374305611563)
('character_grams-3-22', 0.0013559987087039039)
('postag_grams-4-9', 0.0013469554199303005)
('word_frequencies-32', 0.0013464392327195965)
('postag_grams-5-7', 0.0013439375877559226)
('word_grams-2-49', 0.0013435176808032198)
('character_grams-3-17', 0.0013355533562055949)
('postag_grams-3-3', 0.0013303274473171237)
('word_grams-2-41', 0.0013242803194972879)
('word_frequencies-30', 0.0013099931235035077)
('character_grams-5-49', 0.0013094169304472352)
('character_grams-4-5', 0.0013088343030413913)
('postag_grams-2-36', 0.0013085764246725151)
('word_frequencies-20', 0.0013072567962284655)
('word_grams-2-23', 0.0013025592305176109)
('word_frequencies-7', 0.001299037261957718)
('postag_grams-2-18', 0.0012974053525865461)
('postag_grams-4-3', 0.0012948218145725015)
('postag_grams-5-1', 0.0012864231566377558)
('postag_grams-2-39', 0.0012789359157844597)
('postag_grams-3-5', 0.0012708082509778379)
('character_grams-4-24', 0.0012665405138632183)
('postag_grams-2-21', 0.0012604176714177085)
('character_grams-2-50', 0.0012547857078124697)
('word_grams-2-40', 0.0012498497904182291)
('character_grams-5-6', 0.0012375434055371488)
('postag_grams-5-45', 0.0012230094368971432)
('postag_grams-3-45', 0.0012126831017655959)
('postag_grams-5-13', 0.0012120060047304761)
('word_frequencies-50', 0.0012034433191000298)
('postag_grams-3-27', 0.0012006543025902545)
('word_grams-2-14', 0.0011972979418678515)
('word_frequencies-5', 0.0011971322142364724)
('postag_grams-2-20', 0.0011847481591704279)
('word_grams-3-25', 0.0011821666234919437)
('character_grams-2-4', 0.001154197888788962)
('character_grams-5-3', 0.0011533640421580824)
('word_frequencies-12', 0.0011477483883149419)
('special_character_grams-2-2', 0.001143927981696842)
('character_grams-4-9', 0.0011435109796495886)
('postag_grams-4-39', 0.0011373491812340254)
('character_grams-2-5', 0.0011291562684106944)
('postag_grams-3-20', 0.0011167904937333102)
('character_grams-4-44', 0.001114831749818495)
('postag_grams-5-9', 0.0011072221171453626)
('postag_grams-3-9', 0.0011015590247585511)
('postag_grams-2-37', 0.0010981182555678218)
('word_grams-2-24', 0.0010868040604936613)
('word_frequencies-14', 0.0010866619282116554)
('character_grams-3-9', 0.001082857014829657)
('postag_grams-2-43', 0.0010793205581837047)
('word_grams-2-8', 0.0010537475592242106)
('character_grams-3-4', 0.0010493448892537113)
('word_frequencies-8', 0.0010370477418348331)
('postag_grams-2-16', 0.0010293805374867403)
('character_grams-5-7', 0.0010122817384321098)
('word_grams-2-15', 0.0010080241559532392)
('postag_grams-5-35', 0.0010068487947093184)
('postag_grams-3-42', 0.0010035270388210323)
('postag_grams-4-36', 0.00096466309649856743)
('character_grams-4-2', 0.00096441383205866525)
('character_grams-3-1', 0.00096042050592166711)
('postag_grams-4-35', 0.00095891175700641958)
('postag_grams-3-23', 0.00095701929747903233)
('postag_grams-2-8', 0.00095677379270506344)
('postag_grams-2-42', 0.00094204280563188263)
('postag_grams-3-46', 0.00093660077894146504)
('word_grams-2-21', 0.00093156074985057801)
('postag_grams-5-38', 0.00092259606089262929)
('word_frequencies-3', 0.00091068920105360053)
('postag_grams-4-1', 0.00091044030609823269)
('character_grams-3-49', 0.00090429612574635925)
('word_grams-3-27', 0.00089361425253453109)
('character_grams-4-6', 0.00087564947905228118)
('character_grams-2-3', 0.00087250921562736844)
('word_frequencies-1', 0.00087069833965054558)
('postag_grams-2-10', 0.00085215534888490746)
('postag_grams-5-34', 0.00085185316249929827)
('character_grams-4-1', 0.00084203897613824102)
('postag_grams-5-39', 0.00082186405515489688)
('word_grams-2-36', 0.00081799504081024458)
('postag_grams-4-41', 0.00079377952140153164)
('postag_grams-2-35', 0.00078851720276563694)
('character_grams-5-35', 0.00078595500873693519)
('character_grams-4-13', 0.00078208833565630896)
('character_grams-4-12', 0.00077922081063286559)
('character_grams-4-11', 0.00077416073902912596)
('character_grams-2-34', 0.00077363756679129226)
('postag_grams-3-28', 0.00075232694340873795)
('postag_grams-5-50', 0.00074396567004490234)
('postag_grams-4-30', 0.00073463589106971473)
('character_grams-3-30', 0.00073395791244146942)
('character_grams-5-1', 0.00073100059435545438)
('postag_grams-4-29', 0.00067217728830342143)
('word_frequencies-39', 0.00066066584111962692)
('word_grams-2-42', 0.00063107316395652968)
('postag_grams-5-49', 0.00061301258718005492)
('word_frequencies-31', 0.00061163630413671346)
('word_frequencies-47', 0.00058292445645812094)
('character_grams-4-4', 0.00057950406529426771)
('word_grams-2-34', 0.00057391928614275933)
('character_grams-3-48', 0.00055753187028302848)
('postag_grams-4-43', 0.00052634682459141101)
('postag_grams-4-16', 0.00051830221745497959)
('postag_grams-5-30', 0.0004805028831333103)
('postag_grams-4-34', 0.00043202157449967964)
('word_grams-2-50', 0.00041870383078947924)
('word_grams-4-35', 0.00039856627001706182)
('postag_grams-5-40', 0.00038874500458930292)
('word_grams-2-29', 0.00038849917938234702)
('word_frequencies-36', 0.00034265417434808259)
('word_grams-3-17', 0.00032566484407812806)
('word_grams-3-3', 0.00030768501214862459)
('word_grams-2-28', 0.00029279559192097891)
('word_grams-2-48', 0.00026188139527773968)
('postag_grams-5-29', 0.00026047549040498748)
('character_grams-5-21', 0.00025010699506998853)
('word_frequencies-37', 0.0002362135581375778)
('word_grams-3-26', 0.0002259132945360321)
('word_frequencies-21', 0.00021997581666699317)
('word_grams-3-48', 0.00021737715701705148)
('character_grams-3-43', 0.00021206237058706896)
('word_grams-3-1', 0.00020727264202754399)
('character_grams-5-31', 0.00020312650719008104)
('character_grams-4-20', 0.00020264775288813749)
('word_grams-3-38', 0.00019157246853729256)
('postag_grams-4-49', 0.00017887186547113022)
('word_grams-3-19', 0.00016862350216220612)
('postag_grams-4-18', 0.00016305876705209136)
('word_frequencies-34', 0.00016171107196500146)
('word_frequencies-9', 0.00015322286526491896)
('word_grams-3-18', 0.00014447302881429069)
('character_grams-5-9', 0.00014244976836888602)
('character_grams-4-46', 0.00013818361547359524)
('word_grams-3-11', 0.00012411090166746278)
('word_grams-3-16', 0.0001167782834449501)
('word_grams-4-7', 0.00011674434665384894)
('postag_grams-5-36', 0.00011086059002725669)
('word_frequencies-15', 0.00010439823293989961)
('postag_grams-4-37', 0.00010351028582303885)
('special_character_grams-2-5', 0.00010039159227015442)
('character_grams-4-49', 0.00010019974037433552)
('word_grams-3-7', 9.0650826446280993e-05)
('word_frequencies-19', 9.010742991835429e-05)
('word_grams-5-27', 8.795095050751159e-05)
('word_grams-4-22', 8.6569837990292545e-05)
('word_grams-4-32', 8.1136952180908234e-05)
('word_grams-3-35', 7.7046035105245649e-05)
('character_grams-4-23', 7.0762570762570776e-05)
('word_grams-4-5', 6.625123274161736e-05)
('word_frequencies-16', 6.3286779208724905e-05)
('word_grams-3-8', 6.2949134199134196e-05)
('word_grams-3-4', 6.112497011535474e-05)
('word_grams-5-1', 6.0188279857397497e-05)
('word_frequencies-45', 5.080809080116561e-05)
('word_grams-3-50', 5.0040849673202607e-05)
('word_grams-3-20', 4.8611111111111122e-05)
('word_grams-5-7', 4.5569414559799172e-05)
('word_grams-2-38', 4.4894499439953981e-05)
('word_grams-4-3', 4.3097527472527473e-05)
('word_grams-2-27', 3.8194444444444437e-05)
('word_grams-3-29', 3.2512626262626261e-05)
('word_grams-4-38', 3.1491384432560906e-05)
('word_grams-3-12', 3.1250000000000001e-05)
('word_grams-4-2', 3.1132768689329765e-05)
('word_grams-4-49', 2.8409090909090909e-05)
('word_grams-3-30', 2.7056277056277056e-05)
('word_grams-5-16', 1.879699248120302e-05)
('word_grams-3-47', 1.4880952380952386e-05)
('character_grams-3-34', 0.0)
('character_grams-4-10', 0.0)
('character_grams-4-50', 0.0)
('word_frequencies-33', 0.0)
('word_frequencies-40', 0.0)
('postag_grams-4-46', 0.0)
('postag_grams-5-24', 0.0)
('word_grams-2-16', 0.0)
('word_grams-2-17', 0.0)
('word_grams-2-20', 0.0)
('word_grams-2-22', 0.0)
('word_grams-2-25', 0.0)
('word_grams-2-35', 0.0)
('word_grams-2-39', 0.0)
('word_grams-2-43', 0.0)
('word_grams-2-44', 0.0)
('word_grams-3-2', 0.0)
('word_grams-3-5', 0.0)
('word_grams-3-6', 0.0)
('word_grams-3-9', 0.0)
('word_grams-3-10', 0.0)
('word_grams-3-13', 0.0)
('word_grams-3-14', 0.0)
('word_grams-3-15', 0.0)
('word_grams-3-21', 0.0)
('word_grams-3-22', 0.0)
('word_grams-3-23', 0.0)
('word_grams-3-28', 0.0)
('word_grams-3-31', 0.0)
('word_grams-3-32', 0.0)
('word_grams-3-33', 0.0)
('word_grams-3-34', 0.0)
('word_grams-3-36', 0.0)
('word_grams-3-37', 0.0)
('word_grams-3-39', 0.0)
('word_grams-3-40', 0.0)
('word_grams-3-41', 0.0)
('word_grams-3-42', 0.0)
('word_grams-3-43', 0.0)
('word_grams-3-44', 0.0)
('word_grams-3-45', 0.0)
('word_grams-3-46', 0.0)
('word_grams-3-49', 0.0)
('word_grams-4-1', 0.0)
('word_grams-4-4', 0.0)
('word_grams-4-6', 0.0)
('word_grams-4-8', 0.0)
('word_grams-4-9', 0.0)
('word_grams-4-10', 0.0)
('word_grams-4-11', 0.0)
('word_grams-4-12', 0.0)
('word_grams-4-13', 0.0)
('word_grams-4-14', 0.0)
('word_grams-4-15', 0.0)
('word_grams-4-16', 0.0)
('word_grams-4-17', 0.0)
('word_grams-4-18', 0.0)
('word_grams-4-19', 0.0)
('word_grams-4-20', 0.0)
('word_grams-4-21', 0.0)
('word_grams-4-23', 0.0)
('word_grams-4-24', 0.0)
('word_grams-4-25', 0.0)
('word_grams-4-26', 0.0)
('word_grams-4-27', 0.0)
('word_grams-4-28', 0.0)
('word_grams-4-29', 0.0)
('word_grams-4-30', 0.0)
('word_grams-4-31', 0.0)
('word_grams-4-33', 0.0)
('word_grams-4-34', 0.0)
('word_grams-4-36', 0.0)
('word_grams-4-37', 0.0)
('word_grams-4-39', 0.0)
('word_grams-4-40', 0.0)
('word_grams-4-41', 0.0)
('word_grams-4-42', 0.0)
('word_grams-4-43', 0.0)
('word_grams-4-44', 0.0)
('word_grams-4-45', 0.0)
('word_grams-4-46', 0.0)
('word_grams-4-47', 0.0)
('word_grams-4-48', 0.0)
('word_grams-4-50', 0.0)
('word_grams-5-2', 0.0)
('word_grams-5-3', 0.0)
('word_grams-5-4', 0.0)
('word_grams-5-5', 0.0)
('word_grams-5-6', 0.0)
('word_grams-5-8', 0.0)
('word_grams-5-9', 0.0)
('word_grams-5-10', 0.0)
('word_grams-5-11', 0.0)
('word_grams-5-12', 0.0)
('word_grams-5-13', 0.0)
('word_grams-5-14', 0.0)
('word_grams-5-15', 0.0)
('word_grams-5-17', 0.0)
('word_grams-5-18', 0.0)
('word_grams-5-19', 0.0)
('word_grams-5-20', 0.0)
('word_grams-5-21', 0.0)
('word_grams-5-22', 0.0)
('word_grams-5-23', 0.0)
('word_grams-5-24', 0.0)
('word_grams-5-25', 0.0)
('word_grams-5-26', 0.0)
('word_grams-5-28', 0.0)
('word_grams-5-29', 0.0)
('word_grams-5-30', 0.0)
('word_grams-5-31', 0.0)
('word_grams-5-32', 0.0)
('word_grams-5-33', 0.0)
('word_grams-5-34', 0.0)
('word_grams-5-35', 0.0)
('word_grams-5-36', 0.0)
('word_grams-5-37', 0.0)
('word_grams-5-38', 0.0)
('word_grams-5-39', 0.0)
('word_grams-5-40', 0.0)
('word_grams-5-41', 0.0)
('word_grams-5-42', 0.0)
('word_grams-5-43', 0.0)
('word_grams-5-44', 0.0)
('word_grams-5-45', 0.0)
('word_grams-5-46', 0.0)
('word_grams-5-47', 0.0)
('word_grams-5-48', 0.0)
('word_grams-5-49', 0.0)
('word_grams-5-50', 0.0)
